<?xml version="1.0" encoding="UTF-8" ?>
<testsuite errors="0" failures="0" hostname="acasado" name="es.ceu.mpII.javaio.copiaBinarios.CopiadorFicherosTest" tests="3" time="33.546" timestamp="2010-12-15T18:49:57">
  <properties>
    <property name="libs.jsp-compiler.javadoc" value="" />
    <property name="netbeans.autoupdate.country" value="ES" />
    <property name="profiler.settings.sort.results.by.thread.cpu.time" value="false" />
    <property name="profiler.info.single.file" value="D:\universidad\EjemplosMPII\test\es\ceu\mpII\javaio\copiaBinarios\CopiadorFicherosTest.java" />
    <property name="javac.test.classpath" value="lib\log4j-1.2.16.jar:build/classes:C:\Archivos de programa\NetBeans 7.0 Beta\platform\modules\ext\junit-4.8.2.jar" />
    <property name="libs.jsf20.maven-pom" value="" />
    <property name="libs.DataBindingME.src" value="C:\Archivos de programa\NetBeans 7.0 Beta\mobility\sources\netbeans_databindingme-src.zip" />
    <property name="libs.j2me_ant_ext.javadoc" value="" />
    <property name="profiler.settings.profiling.type" value="8" />
    <property name="libs.proguard.javadoc" value="" />
    <property name="libs.junit.javadoc" value="C:\Archivos de programa\NetBeans 7.0 Beta\java\docs\junit-3.8.2-api.zip" />
    <property name="profiler.settings.cpu.quick.filterprofiler.simple.filter.value" value="" />
    <property name="javac.includes" value="es/ceu/mpII/javaio/copiaBinarios/CopiadorFicherosTest.java" />
    <property name="libs.nsicom-ant-utils.src" value="" />
    <property name="libs.nokiaS80-ant-utils.javadoc" value="" />
    <property name="ant.core.lib" value="C:\Archivos de programa\NetBeans 7.0 Beta\java\ant\lib\ant.jar" />
    <property name="libs.swing-app-framework.src" value="" />
    <property name="libs.jakarta_slide_ant_webdav.javadoc" value="" />
    <property name="javadoc.windowtitle" value="" />
    <property name="libs.toplink.classpath" value="C:\Archivos de programa\NetBeans 7.0 Beta\java\modules\ext\toplink\toplink-essentials.jar;C:\Archivos de programa\NetBeans 7.0 Beta\java\modules\ext\toplink\toplink-essentials-agent.jar" />
    <property name="libs.jsp-compilation.javadoc" value="" />
    <property name="user.dir" value="D:\universidad\EjemplosMPII" />
    <property name="libs.hibernate-persistence.javadoc" value="" />
    <property name="libs.JMUnit4CLDC10.javadoc" value="C:\Archivos de programa\NetBeans 7.0 Beta\mobility\modules\docs\jmunit-1.2.1-api.zip" />
    <property name="java.vm.version" value="19.0-b09" />
    <property name="libs.DataBindingME.classpath" value="C:\Archivos de programa\NetBeans 7.0 Beta\mobility\modules\ext\netbeans_databindingme.jar" />
    <property name="libs.jstl11.maven-pom" value="" />
    <property name="profiler.settings.sampling.interval" value="10" />
    <property name="profiler.session.port.no" value="5140" />
    <property name="libs.nsicom-ant-utils.classpath" value="C:\Archivos de programa\NetBeans 7.0 Beta\mobility\ant\nblib\org-netbeans-modules-j2me-cdc-project-nsicom.jar" />
    <property name="libs.MySQLDriver.classpath" value="C:\Archivos de programa\NetBeans 7.0 Beta\ide\modules\ext\mysql-connector-java-5.1.13-bin.jar" />
    <property name="libs.eclipselinkmodelgen.src" value="" />
    <property name="libs.jstl11.src" value="" />
    <property name="javadoc.notree" value="false" />
    <property name="netbeans.autoupdate.version" value="1.23" />
    <property name="libs.javaee-web-api-6.0.classpath" value="C:\Archivos de programa\NetBeans 7.0 Beta\enterprise\modules\ext\javaee-web-api-6.0.jar" />
    <property name="libs.DataBindingME-PIM.maven-pom" value="" />
    <property name="libs.hibernate-support.maven-pom" value="" />
    <property name="libs.hibernate-support.javadoc" value="" />
    <property name="libs.NetBeans MIDP Components.maven-pom" value="" />
    <property name="jdk.home" value="C:\Archivos de programa\Java\jdk1.6.0_23" />
    <property name="libs.javac-api.src" value="" />
    <property name="javadoc.noindex" value="false" />
    <property name="sun.os.patch.level" value="Service Pack 3" />
    <property name="do.archive+manifest.available" value="true" />
    <property name="profiler.info.oomeprotection" value="yes" />
    <property name="java.vm.specification.name" value="Java Virtual Machine Specification" />
    <property name="libs.semc-ant-utils.classpath" value="C:\Archivos de programa\NetBeans 7.0 Beta\mobility\modules\ext\org-netbeans-modules-j2me-cdc-project-semc.jar" />
    <property name="nb.show.statistics.ui" value="usageStatisticsEnabled" />
    <property name="libs.nokiadeployment.classpath" value="C:\Archivos de programa\NetBeans 7.0 Beta\mobility\modules\org-netbeans-modules-mobility-deployment-nokia.jar" />
    <property name="netbeans.autoupdate.variant" value="" />
    <property name="have.tests" value="true" />
    <property name="libs.nokiaS80-ant-utils.maven-pom" value="" />
    <property name="org.xml.sax.driver" value="com.sun.org.apache.xerces.internal.jaxp.SAXParserImpl$JAXPSAXParser" />
    <property name="libs.nb_svg_midp_components.src" value="C:\Archivos de programa\NetBeans 7.0 Beta\mobility\sources\nb_svg_midp_components-src.zip" />
    <property name="libs.NetBeans MIDP Components WMA.src" value="C:\Archivos de programa\NetBeans 7.0 Beta\mobility\sources\netbeans_midp_components_wma-src.zip" />
    <property name="libs.javac-api.javadoc" value="" />
    <property name="os.name" value="Windows XP" />
    <property name="libs.beans-binding.classpath" value="C:\Archivos de programa\NetBeans 7.0 Beta\java\modules\ext\beansbinding-1.2.1.jar" />
    <property name="libs.DataBindingME-SVG.javadoc" value="C:\Archivos de programa\NetBeans 7.0 Beta\mobility\modules\docs\netbeans_databindingme_svg-api.zip" />
    <property name="libs.restapi.javadoc" value="C:\Archivos de programa\NetBeans 7.0 Beta\enterprise\docs\jsr311-api-1.1.1-javadoc.zip" />
    <property name="libs.JWSAntTasks.maven-pom" value="" />
    <property name="libs.ojec-ant-utils.src" value="" />
    <property name="libs.spring-webmvc3.0.src" value="" />
    <property name="libs.restapi.classpath" value="C:\Archivos de programa\NetBeans 7.0 Beta\enterprise\modules\ext\rest\jsr311-api-1.1.1.jar" />
    <property name="profiler.info.javaPlatform" value="default_platform" />
    <property name="profiler.settings.profilingpoints.enabled" value="true" />
    <property name="java.vendor.url.bug" value="http://java.sun.com/cgi-bin/bugreport.cgi" />
    <property name="libs.nsicom-ant-utils.javadoc" value="" />
    <property name="profiler.settings.instr.scheme" value="3" />
    <property name="libs.jaxb.maven-pom" value="" />
    <property name="profiler.info.project.dir" value="D:\universidad\EjemplosMPII" />
    <property name="os.arch" value="x86" />
    <property name="libs.eclipselink.src" value="" />
    <property name="user.name" value="acasado" />
    <property name="libs.jsf12.javadoc" value="C:\Archivos de programa\NetBeans 7.0 Beta\enterprise\docs\javaee6-doc-api.zip" />
    <property name="manifest.available+main.class" value="true" />
    <property name="libs.spring-webmvc3.0.maven-pom" value="" />
    <property name="libs.swing-layout.maven-pom" value="" />
    <property name="build.classes.dir" value="build/classes" />
    <property name="netbeans.accept_license_class" value="org.netbeans.license.AcceptLicense" />
    <property name="build.sysclasspath" value="ignore" />
    <property name="ant.file.EjemplosMPII" value="D:\universidad\EjemplosMPII\build.xml" />
    <property name="libs.jaxws21.javadoc" value="C:\Archivos de programa\NetBeans 7.0 Beta\java\docs\jaxws-api-doc.zip" />
    <property name="includes" value="**" />
    <property name="libs.ojec-ant-utils.maven-pom" value="" />
    <property name="user.country" value="ES" />
    <property name="manifest.file" value="manifest.mf" />
    <property name="libs.jstl11.javadoc" value="C:\Archivos de programa\NetBeans 7.0 Beta\enterprise\docs\javaee6-doc-api.zip" />
    <property name="libs.JMUnit4CLDC11.src" value="" />
    <property name="javadoc.encoding" value="UTF-8" />
    <property name="javac.classpath" value="lib\log4j-1.2.16.jar" />
    <property name="debug-transport" value="dt_shmem" />
    <property name="netbeans.home" value="C:\Archivos de programa\NetBeans 7.0 Beta\platform" />
    <property name="build.compiler.emacs" value="true" />
    <property name="org.netbeans.lib.profiler.servletTracking" value="true" />
    <property name="libs.javaee-web-api-6.0.src" value="" />
    <property name="libs.ejb3-persistence.src" value="" />
    <property name="libs.nokiaS80-ant-utils.src" value="" />
    <property name="libs.cdc-pp-awt-layout.javadoc" value="" />
    <property name="libs.j2me_ant_ext.classpath" value="C:\Archivos de programa\NetBeans 7.0 Beta\mobility\modules\org-netbeans-modules-mobility-antext.jar;C:\Archivos de programa\NetBeans 7.0 Beta\java\modules\org-netbeans-modules-classfile.jar" />
    <property name="java.endorsed.dirs" value="C:\Archivos de programa\Java\jdk1.6.0_23\jre\lib\endorsed" />
    <property name="libs.groovy-all.src" value="" />
    <property name="netbeans.dynamic.classpath" value="C:\Archivos de programa\NetBeans 7.0 Beta\platform\core\core.jar;C:\Archivos de programa\NetBeans 7.0 Beta\platform\core\org-openide-filesystems.jar;C:\Archivos de programa\NetBeans 7.0 Beta\platform\core\locale\core_ja.jar;C:\Archivos de programa\NetBeans 7.0 Beta\platform\core\locale\core_pt_BR.jar;C:\Archivos de programa\NetBeans 7.0 Beta\platform\core\locale\core_zh_CN.jar;C:\Archivos de programa\NetBeans 7.0 Beta\platform\core\locale\org-openide-filesystems_ja.jar;C:\Archivos de programa\NetBeans 7.0 Beta\platform\core\locale\org-openide-filesystems_pt_BR.jar;C:\Archivos de programa\NetBeans 7.0 Beta\platform\core\locale\org-openide-filesystems_zh_CN.jar;C:\Archivos de programa\NetBeans 7.0 Beta\nb\core\org-netbeans-upgrader.jar;C:\Archivos de programa\NetBeans 7.0 Beta\nb\core\locale\core_nb.jar;C:\Archivos de programa\NetBeans 7.0 Beta\nb\core\locale\core_nb_ja.jar;C:\Archivos de programa\NetBeans 7.0 Beta\nb\core\locale\core_nb_pt_BR.jar;C:\Archivos de programa\NetBeans 7.0 Beta\nb\core\locale\core_nb_zh_CN.jar;C:\Archivos de programa\NetBeans 7.0 Beta\nb\core\locale\org-netbeans-upgrader_ja.jar;C:\Archivos de programa\NetBeans 7.0 Beta\nb\core\locale\org-netbeans-upgrader_pt_BR.jar;C:\Archivos de programa\NetBeans 7.0 Beta\nb\core\locale\org-netbeans-upgrader_zh_CN.jar" />
    <property name="libs.cdc-agui-swing-layout.maven-pom" value="" />
    <property name="profiler.settings.instrumentation.filter.selectedprofiler.simple.filter.type" value="0" />
    <property name="libs.cdc-pp-awt-layout.src" value="C:\Archivos de programa\NetBeans 7.0 Beta\mobility\sources\cdc-pp-awt-layout-src.zip" />
    <property name="java.vm.specification.version" value="1.0" />
    <property name="libs.jakarta_slide_ant_webdav.src" value="" />
    <property name="libs.primefaces.classpath" value="C:\Archivos de programa\NetBeans 7.0 Beta\enterprise\modules\ext\primefaces\primefaces-2.1.jar" />
    <property name="libs.javaee-api-6.0.classpath" value="C:\Archivos de programa\NetBeans 7.0 Beta\enterprise\modules\ext\javaee-api-6.0.jar" />
    <property name="libs.sjmc-ant-utils.maven-pom" value="" />
    <property name="libs.groovy-all.maven-pom" value="" />
    <property name="libs.JMUnit4CLDC10.maven-pom" value="" />
    <property name="libs.hibernate-persistence.classpath" value="C:\Archivos de programa\NetBeans 7.0 Beta\java\modules\ext\hibernate\antlr-2.7.6.jar;C:\Archivos de programa\NetBeans 7.0 Beta\java\modules\ext\hibernate\asm.jar;C:\Archivos de programa\NetBeans 7.0 Beta\java\modules\ext\hibernate\asm-attrs.jar;C:\Archivos de programa\NetBeans 7.0 Beta\java\modules\ext\hibernate\cglib-2.1.3.jar;C:\Archivos de programa\NetBeans 7.0 Beta\java\modules\ext\hibernate\commons-collections-2.1.1.jar;C:\Archivos de programa\NetBeans 7.0 Beta\ide\modules\ext\commons-logging-1.1.jar;C:\Archivos de programa\NetBeans 7.0 Beta\java\modules\ext\hibernate\dom4j-1.6.1.jar;C:\Archivos de programa\NetBeans 7.0 Beta\java\modules\ext\hibernate\ehcache-1.2.3.jar;C:\Archivos de programa\NetBeans 7.0 Beta\java\modules\ext\hibernate\jdbc2_0-stdext.jar;C:\Archivos de programa\NetBeans 7.0 Beta\java\modules\ext\hibernate\jta.jar;C:\Archivos de programa\NetBeans 7.0 Beta\java\modules\ext\hibernate\hibernate3.jar;C:\Archivos de programa\NetBeans 7.0 Beta\java\modules\ext\hibernate\hibernate-tools.jar;C:\Archivos de programa\NetBeans 7.0 Beta\java\modules\ext\hibernate\hibernate-annotations.jar;C:\Archivos de programa\NetBeans 7.0 Beta\java\modules\ext\hibernate\hibernate-commons-annotations.jar;C:\Archivos de programa\NetBeans 7.0 Beta\java\modules\ext\hibernate\hibernate-entitymanager.jar;C:\Archivos de programa\NetBeans 7.0 Beta\java\modules\ext\hibernate\javassist.jar;C:\Archivos de programa\NetBeans 7.0 Beta\java\modules\ext\hibernate\ejb3-persistence.jar" />
    <property name="libs.jaxws21.src" value="" />
    <property name="do.archive" value="true" />
    <property name="libs.swing-app-framework.classpath" value="C:\Archivos de programa\NetBeans 7.0 Beta\java\modules\ext\appframework-1.0.3.jar;C:\Archivos de programa\NetBeans 7.0 Beta\java\modules\ext\swing-worker-1.1.jar" />
    <property name="netbeans.autoupdate.language" value="es" />
    <property name="libs.jakarta_slide_ant_webdav.classpath" value="C:\Archivos de programa\NetBeans 7.0 Beta\mobility\modules\ext\commons-httpclient-3.0.1.jar;C:\Archivos de programa\NetBeans 7.0 Beta\ide\modules\ext\commons-logging-1.1.jar;C:\Archivos de programa\NetBeans 7.0 Beta\mobility\modules\ext\jdom-1.0.jar;C:\Archivos de programa\NetBeans 7.0 Beta\mobility\modules\ext\jakarta-slide-webdavlib-2.1.jar;C:\Archivos de programa\NetBeans 7.0 Beta\mobility\modules\ext\jakarta-slide-ant-webdav-2.1.jar" />
    <property name="profiler.settings.override.jvm.args" value="" />
    <property name="java.vendor" value="Sun Microsystems Inc." />
    <property name="libs.JMUnit4CLDC10.src" value="" />
    <property name="libs.javaee-api-6.0.javadoc" value="C:\Archivos de programa\NetBeans 7.0 Beta\enterprise\docs\javaee6-doc-api.zip" />
    <property name="jar.index.metainf" value="false" />
    <property name="javac.debug" value="true" />
    <property name="javadoc.splitindex" value="true" />
    <property name="file.separator" value="\" />
    <property name="libs.IdentityAntTasks.src" value="" />
    <property name="javac.includesfile.binary" value="D:\universidad\EjemplosMPII\null472323766" />
    <property name="libs.ActiveSync.classpath" value="C:\Archivos de programa\NetBeans 7.0 Beta\mobility\modules\ext\nbactivesync-5.0.jar" />
    <property name="libs.junit_4.maven-pom" value="" />
    <property name="javac.test.processorpath" value="lib\log4j-1.2.16.jar:build/classes:C:\Archivos de programa\NetBeans 7.0 Beta\platform\modules\ext\junit-4.8.2.jar" />
    <property name="netbeans.buildnumber" value="201011152355" />
    <property name="libs.JWSAntTasks.javadoc" value="" />
    <property name="build.generated.sources.dir" value="build/generated-sources" />
    <property name="user.variant" value="" />
    <property name="libs.eclipselinkmodelgen.classpath" value="C:\Archivos de programa\NetBeans 7.0 Beta\java\modules\ext\eclipselink\eclipselink-jpa-modelgen-2.2.0.jar" />
    <property name="sun.java.launcher" value="SUN_STANDARD" />
    <property name="libs.junit.classpath" value="C:\Archivos de programa\NetBeans 7.0 Beta\java\modules\ext\junit-3.8.2.jar" />
    <property name="profiler.settings.obj.alloc.stack.sampling.interval" value="10" />
    <property name="libs.jaxb.javadoc" value="C:\Archivos de programa\NetBeans 7.0 Beta\ide\docs\jaxb-api-doc.zip" />
    <property name="libs.struts.classpath" value="C:\Archivos de programa\NetBeans 7.0 Beta\enterprise\modules\ext\struts\antlr-2.7.2.jar;C:\Archivos de programa\NetBeans 7.0 Beta\enterprise\modules\ext\struts\bsf-2.3.0.jar;C:\Archivos de programa\NetBeans 7.0 Beta\enterprise\modules\ext\struts\commons-beanutils-1.7.0.jar;C:\Archivos de programa\NetBeans 7.0 Beta\enterprise\modules\ext\struts\commons-chain-1.1.jar;C:\Archivos de programa\NetBeans 7.0 Beta\enterprise\modules\ext\struts\commons-digester-1.8.jar;C:\Archivos de programa\NetBeans 7.0 Beta\enterprise\modules\ext\struts\commons-fileupload-1.1.1.jar;C:\Archivos de programa\NetBeans 7.0 Beta\enterprise\modules\ext\struts\commons-io-1.1.jar;C:\Archivos de programa\NetBeans 7.0 Beta\enterprise\modules\ext\struts\commons-logging-1.0.4.jar;C:\Archivos de programa\NetBeans 7.0 Beta\enterprise\modules\ext\struts\commons-validator-1.3.1.jar;C:\Archivos de programa\NetBeans 7.0 Beta\enterprise\modules\ext\struts\jstl-1.0.2.jar;C:\Archivos de programa\NetBeans 7.0 Beta\enterprise\modules\ext\struts\oro-2.0.8.jar;C:\Archivos de programa\NetBeans 7.0 Beta\enterprise\modules\ext\struts\standard-1.0.2.jar;C:\Archivos de programa\NetBeans 7.0 Beta\enterprise\modules\ext\struts\struts-core-1.3.8.jar;C:\Archivos de programa\NetBeans 7.0 Beta\enterprise\modules\ext\struts\struts-el-1.3.8.jar;C:\Archivos de programa\NetBeans 7.0 Beta\enterprise\modules\ext\struts\struts-extras-1.3.8.jar;C:\Archivos de programa\NetBeans 7.0 Beta\enterprise\modules\ext\struts\struts-faces-1.3.8.jar;C:\Archivos de programa\NetBeans 7.0 Beta\enterprise\modules\ext\struts\struts-mailreader-dao-1.3.8.jar;C:\Archivos de programa\NetBeans 7.0 Beta\enterprise\modules\ext\struts\struts-scripting-1.3.8.jar;C:\Archivos de programa\NetBeans 7.0 Beta\enterprise\modules\ext\struts\struts-taglib-1.3.8.jar;C:\Archivos de programa\NetBeans 7.0 Beta\enterprise\modules\ext\struts\struts-tiles-1.3.8.jar" />
    <property name="profiler.settings.cpu.quick.filterprofiler.filter.type" value="profiler.simple.filter" />
    <property name="javac.includes.binary" value="D:\universidad\EjemplosMPII\build\test\classes\es\ceu\mpII\javaio\copiaBinarios\CopiadorFicherosTest.class" />
    <property name="ant.home" value="C:\Archivos de programa\NetBeans 7.0 Beta\java\ant" />
    <property name="libs.junit_4.src" value="C:\Archivos de programa\NetBeans 7.0 Beta\java\docs\junit-4.8.2-src.jar" />
    <property name="libs.ricoh-ant-utils.maven-pom" value="" />
    <property name="do.archive+manifest.available+main.class+mkdist.available" value="true" />
    <property name="libs.absolutelayout.maven-pom" value="" />
    <property name="ant.java.version" value="1.6" />
    <property name="java.library.path" value="C:\Archivos de programa\Java\jdk1.6.0_23\bin;.;C:\WINDOWS\Sun\Java\bin;C:\WINDOWS\system32;C:\WINDOWS;C:\ARCHIV~1\Borland\CBUILD~1\Bin;C:\ARCHIV~1\Borland\CBUILD~1\Projects\Bpl;C:\WINDOWS\system32;C:\WINDOWS;C:\WINDOWS\System32\Wbem;C:\Archivos de programa\SlikSvn\bin\;C:\Archivos de programa\TortoiseSVN\bin;C:\Archivos de programa\MySQL\MySQL Server 5.1\bin;C:\apache-maven-2.2.1\bin" />
    <property name="javadoc.author" value="false" />
    <property name="libs.metro.maven-pom" value="" />
    <property name="profiler.settings.run.gc.on.get.results.in.memory.profiling" value="true" />
    <property name="libs.IdentityAntTasks.classpath" value="C:\Archivos de programa\NetBeans 7.0 Beta\identity\ant\nblib\org-netbeans-modules-identity-ant.jar;C:\Archivos de programa\NetBeans 7.0 Beta\identity\modules\org-netbeans-modules-identity-profile-api.jar" />
    <property name="java.util.logging.config.class" value="org.netbeans.core.startup.TopLogging" />
    <property name="profiler.settings.instrumentation.filter.selectedprofiler.simple.filter.value" value="" />
    <property name="libs.PostgreSQLDriver.src" value="" />
    <property name="sun.arch.data.model" value="32" />
    <property name="profiler.session.jvm.args" value="" />
    <property name="basedir" value="D:\universidad\EjemplosMPII" />
    <property name="libs.ActiveSync.src" value="" />
    <property name="jar.compress" value="false" />
    <property name="libs.NetBeans MIDP Components PDA.src" value="C:\Archivos de programa\NetBeans 7.0 Beta\mobility\sources\netbeans_midp_components_pda-src.zip" />
    <property name="libs.jstl11.classpath" value="C:\Archivos de programa\NetBeans 7.0 Beta\enterprise\modules\ext\standard.jar;C:\Archivos de programa\NetBeans 7.0 Beta\enterprise\modules\ext\jstl.jar" />
    <property name="path.separator" value=";" />
    <property name="libs.javaee-web-api-6.0.javadoc" value="C:\Archivos de programa\NetBeans 7.0 Beta\enterprise\docs\javaee6-doc-api.zip" />
    <property name="ant.junit.enabletestlistenerevents" value="true" />
    <property name="sun.io.unicode.encoding" value="UnicodeLittle" />
    <property name="libs.semc-ant-utils.javadoc" value="" />
    <property name="libs.jaxws21.classpath" value="C:\Archivos de programa\NetBeans 7.0 Beta\ide\modules\ext\jaxb\jaxb-impl.jar;C:\Archivos de programa\NetBeans 7.0 Beta\ide\modules\ext\jaxb\jaxb-xjc.jar;C:\Archivos de programa\NetBeans 7.0 Beta\java\modules\ext\jaxws22\FastInfoset.jar;C:\Archivos de programa\NetBeans 7.0 Beta\java\modules\ext\jaxws22\gmbal-api-only.jar;C:\Archivos de programa\NetBeans 7.0 Beta\java\modules\ext\jaxws22\http.jar;C:\Archivos de programa\NetBeans 7.0 Beta\java\modules\ext\jaxws22\jaxws-rt.jar;C:\Archivos de programa\NetBeans 7.0 Beta\java\modules\ext\jaxws22\jaxws-tools.jar;C:\Archivos de programa\NetBeans 7.0 Beta\java\modules\ext\jaxws22\management-api.jar;C:\Archivos de programa\NetBeans 7.0 Beta\java\modules\ext\jaxws22\mimepull.jar;C:\Archivos de programa\NetBeans 7.0 Beta\java\modules\ext\jaxws22\policy.jar;C:\Archivos de programa\NetBeans 7.0 Beta\java\modules\ext\jaxws22\saaj-impl.jar;C:\Archivos de programa\NetBeans 7.0 Beta\java\modules\ext\jaxws22\stax-ex.jar;C:\Archivos de programa\NetBeans 7.0 Beta\java\modules\ext\jaxws22\streambuffer.jar;C:\Archivos de programa\NetBeans 7.0 Beta\java\modules\ext\jaxws22\woodstox.jar;C:\Archivos de programa\NetBeans 7.0 Beta\java\modules\ext\jaxws22\api\jaxws-api.jar;C:\Archivos de programa\NetBeans 7.0 Beta\java\modules\ext\jaxws22\api\jsr181-api.jar;C:\Archivos de programa\NetBeans 7.0 Beta\java\modules\ext\jaxws22\api\jsr250-api.jar;C:\Archivos de programa\NetBeans 7.0 Beta\java\modules\ext\jaxws22\api\saaj-api.jar;C:\Archivos de programa\NetBeans 7.0 Beta\ide\modules\ext\jaxb\activation.jar;C:\Archivos de programa\NetBeans 7.0 Beta\ide\modules\ext\jaxb\api\jaxb-api.jar;C:\Archivos de programa\NetBeans 7.0 Beta\ide\modules\ext\jaxb\api\jsr173_api.jar" />
    <property name="libs.struts.src" value="" />
    <property name="apple.awt.graphics.UseQuartz" value="true" />
    <property name="user.language" value="es" />
    <property name="netbeans.indexing.noFileRefresh" value="true" />
    <property name="ant.file.type.-profiler-impl" value="file" />
    <property name="ant.file.type.EjemplosMPII-impl" value="file" />
    <property name="libs.spring-framework.classpath" value="C:\Archivos de programa\NetBeans 7.0 Beta\ide\modules\ext\commons-logging-1.1.jar;C:\Archivos de programa\NetBeans 7.0 Beta\java\modules\ext\cglib-2.2.jar;C:\Archivos de programa\NetBeans 7.0 Beta\java\modules\ext\spring\spring-2.5.6.SEC01.jar" />
    <property name="profiler.settings.instrumentation.filter.selectedprofiler.filter.type" value="profiler.simple.filter" />
    <property name="libs.eclipselink.maven-pom" value="" />
    <property name="profiler.info.oomeprotection.dumppath" value="D:\universidad\EjemplosMPII\nbproject\private\profiler" />
    <property name="profiler.settings.thread.cpu.timer.on" value="false" />
    <property name="manifest.available" value="true" />
    <property name="libs.primefaces.javadoc" value="" />
    <property name="libs.spring-framework300.maven-pom" value="" />
    <property name="run.test.classpath" value="lib\log4j-1.2.16.jar:build/classes:C:\Archivos de programa\NetBeans 7.0 Beta\platform\modules\ext\junit-4.8.2.jar:build/test/classes" />
    <property name="ant.project.invoked-targets" value="profile-test-single" />
    <property name="useJavaUtilZip" value="true" />
    <property name="libs.swing-layout.javadoc" value="C:\Archivos de programa\NetBeans 7.0 Beta\platform\docs\swing-layout-1.0.4-doc.zip" />
    <property name="libs.swing-app-framework.javadoc" value="C:\Archivos de programa\NetBeans 7.0 Beta\java\docs\appframework-1.0.3-doc.zip" />
    <property name="libs.ejb3-persistence.maven-pom" value="" />
    <property name="libs.proguard.classpath" value="C:\Archivos de programa\NetBeans 7.0 Beta\mobility\external\proguard\proguard4.4.jar" />
    <property name="libs.DataBindingME-SVG.classpath" value="C:\Archivos de programa\NetBeans 7.0 Beta\mobility\modules\ext\netbeans_databindingme_svg.jar" />
    <property name="https.nonProxyHosts" value="localhost|127.0.0.1|acasado" />
    <property name="libs.PostgreSQLDriver.maven-pom" value="" />
    <property name="java.class.version" value="50.0" />
    <property name="libs.javaee-endorsed-api-6.0.src" value="" />
    <property name="libs.cdc-ant-utils.classpath" value="C:\Archivos de programa\NetBeans 7.0 Beta\mobility\modules\ext\org-netbeans-modules-j2me-cdc-project.jar" />
    <property name="profiler.settings.instrumentation.root.methods.size" value="1" />
    <property name="netbeans.system_http_proxy" value="DIRECT" />
    <property name="file.reference.log4j-1.2.16.jar" value="lib\log4j-1.2.16.jar" />
    <property name="libs.eclipselink.javadoc" value="" />
    <property name="libs.NetBeans MIDP Components WMA.maven-pom" value="" />
    <property name="libs.jsp-compilation.maven-pom" value="" />
    <property name="user.properties.file" value="C:\Documents and Settings\acasado\.netbeans\7.0beta\build.properties" />
    <property name="profiler.settings.instrumentation.marker.methods.size" value="0" />
    <property name="runtime.encoding" value="UTF-8" />
    <property name="profiler.settings.istrumentation.root.methods-0" value="es.ceu.mpII.javaio.copiaBinarios.CopiadorFicherosTest,&lt;all&gt;," />
    <property name="libs.spring-framework.src" value="" />
    <property name="libs.javac-api.maven-pom" value="" />
    <property name="file.encoding.pkg" value="sun.io" />
    <property name="sun.cpu.endian" value="little" />
    <property name="libs.JWSAntTasks.classpath" value="C:\Archivos de programa\NetBeans 7.0 Beta\java\ant\extra\org-netbeans-modules-javawebstart-anttasks.jar" />
    <property name="libs.spring-framework300.src" value="" />
    <property name="ant.file.EjemplosMPII-impl" value="D:\universidad\EjemplosMPII\nbproject\build-impl.xml" />
    <property name="libs.ant-contrib.classpath" value="C:\Archivos de programa\NetBeans 7.0 Beta\mobility\modules\ext\ant-contrib-1.0b3.jar" />
    <property name="ant.file.type.EjemplosMPII" value="file" />
    <property name="empty.dir" value="D:\universidad\EjemplosMPII\build\empty" />
    <property name="version-output" value="java version &quot;1.6" />
    <property name="javadoc.preview" value="true" />
    <property name="java.home" value="C:\Archivos de programa\Java\jdk1.6.0_23\jre" />
    <property name="libs.ojec-ant-utils.javadoc" value="" />
    <property name="libs.jsp-compilation.src" value="" />
    <property name="libs.ricoh-ant-utils.src" value="" />
    <property name="libs.spring-webmvc.src" value="" />
    <property name="libs.ant-contrib.javadoc" value="" />
    <property name="debug.test.classpath" value="lib\log4j-1.2.16.jar:build/classes:C:\Archivos de programa\NetBeans 7.0 Beta\platform\modules\ext\junit-4.8.2.jar:build/test/classes" />
    <property name="libs.javaee-endorsed-api-6.0.classpath" value="C:\Archivos de programa\NetBeans 7.0 Beta\enterprise\modules\ext\javaee6-endorsed\javax.annotation.jar;C:\Archivos de programa\NetBeans 7.0 Beta\enterprise\modules\ext\javaee6-endorsed\jaxb-api-osgi.jar;C:\Archivos de programa\NetBeans 7.0 Beta\enterprise\modules\ext\javaee6-endorsed\webservices-api-osgi.jar" />
    <property name="libs.javaee-api-6.0.src" value="" />
    <property name="netbeans.importclass" value="org.netbeans.upgrade.AutoUpgrade" />
    <property name="ant.project.default-target" value="default" />
    <property name="annotation.processing.run.all.processors" value="true" />
    <property name="libs.savaje-ant-utils.classpath" value="C:\Archivos de programa\NetBeans 7.0 Beta\mobility\modules\ext\org-netbeans-modules-j2me-cdc-project-savaje.jar" />
    <property name="libs.toplink.maven-pom" value="" />
    <property name="libs.DataBindingME.maven-pom" value="" />
    <property name="libs.PostgreSQLDriver.javadoc" value="" />
    <property name="libs.restlib.classpath" value="C:\Archivos de programa\NetBeans 7.0 Beta\enterprise\modules\ext\rest\asm-3.1.jar;C:\Archivos de programa\NetBeans 7.0 Beta\enterprise\modules\ext\rest\jackson-core-asl-1.1.1.jar;C:\Archivos de programa\NetBeans 7.0 Beta\enterprise\modules\ext\rest\jersey-client-1.3.jar;C:\Archivos de programa\NetBeans 7.0 Beta\enterprise\modules\ext\rest\jersey-core-1.3.jar;C:\Archivos de programa\NetBeans 7.0 Beta\enterprise\modules\ext\rest\jersey-json-1.3.jar;C:\Archivos de programa\NetBeans 7.0 Beta\enterprise\modules\ext\rest\jersey-multipart-1.3.jar;C:\Archivos de programa\NetBeans 7.0 Beta\enterprise\modules\ext\rest\jersey-server-1.3.jar;C:\Archivos de programa\NetBeans 7.0 Beta\enterprise\modules\ext\rest\jersey-spring-1.3.jar;C:\Archivos de programa\NetBeans 7.0 Beta\enterprise\modules\ext\rest\jettison-1.1.jar;C:\Archivos de programa\NetBeans 7.0 Beta\enterprise\modules\ext\rest\mimepull-1.4.jar;C:\Archivos de programa\NetBeans 7.0 Beta\enterprise\modules\ext\rest\oauth-client-1.3.jar;C:\Archivos de programa\NetBeans 7.0 Beta\enterprise\modules\ext\rest\oauth-signature-1.3.jar;C:\Archivos de programa\NetBeans 7.0 Beta\ide\modules\ext\jaxb\activation.jar;C:\Archivos de programa\NetBeans 7.0 Beta\ide\modules\ext\jaxb\api\jaxb-api.jar;C:\Archivos de programa\NetBeans 7.0 Beta\ide\modules\ext\jaxb\api\jsr173_api.jar" />
    <property name="libs.JMUnit4CLDC11.javadoc" value="C:\Archivos de programa\NetBeans 7.0 Beta\mobility\modules\docs\jmunit-1.2.1-api.zip" />
    <property name="profiler.settings.instrumentation.filter.selectedprofiler.simple.filter.name" value="Profile all classes" />
    <property name="libs.nsicom-ant-utils.maven-pom" value="" />
    <property name="libs.MySQLDriver.maven-pom" value="" />
    <property name="libs.savaje-ant-utils.src" value="" />
    <property name="http.nonProxyHosts" value="localhost|127.0.0.1|acasado" />
    <property name="libs.junit_4.javadoc" value="C:\Archivos de programa\NetBeans 7.0 Beta\java\docs\junit-4.8.2-api.zip" />
    <property name="libs.spring-webmvc.javadoc" value="" />
    <property name="libs.toplink.src" value="" />
    <property name="libs.javaee-web-api-6.0.maven-pom" value="" />
    <property name="libs.cdc-pp-awt-layout.classpath" value="C:\Archivos de programa\NetBeans 7.0 Beta\mobility\modules\ext\cdc-pp-awt-layout.jar" />
    <property name="profiler.settigns.ispreset" value="true" />
    <property name="profile.class" value="es.ceu.mpII.javaio.copiaBinarios.CopiadorFicherosTest" />
    <property name="libs.cdc-agui-swing-layout.src" value="C:\Archivos de programa\NetBeans 7.0 Beta\mobility\sources\cdc-agui-swing-layout-src.zip" />
    <property name="run.classpath" value="lib\log4j-1.2.16.jar:build/classes" />
    <property name="libs.hibernate-support.src" value="" />
    <property name="libs.javaee-endorsed-api-6.0.javadoc" value="C:\Archivos de programa\NetBeans 7.0 Beta\enterprise\docs\javaee6-doc-api.zip" />
    <property name="libs.JMUnit4CLDC11.classpath" value="C:\Archivos de programa\NetBeans 7.0 Beta\mobility\modules\ext\jmunit4cldc11-1.2.1.jar" />
    <property name="libs.nb_svg_midp_components.classpath" value="C:\Archivos de programa\NetBeans 7.0 Beta\mobility\modules\ext\nb_svg_midp_components.jar" />
    <property name="profiler.settings.cpu.exclude.wait.time" value="true" />
    <property name="profiler.settings.override" value="false" />
    <property name="libs.spring-webmvc3.0.javadoc" value="" />
    <property name="libs.NetBeans MIDP Components PDA.classpath" value="C:\Archivos de programa\NetBeans 7.0 Beta\mobility\modules\ext\netbeans_midp_components_pda.jar" />
    <property name="libs.semc-ant-utils.maven-pom" value="" />
    <property name="profiler.settings.cpu.quick.filterprofiler.simple.filter.type" value="1" />
    <property name="libs.nokiadeployment.maven-pom" value="" />
    <property name="profiler.session.args" value="" />
    <property name="libs.restapi.src" value="" />
    <property name="libs.NetBeans MIDP Components.javadoc" value="C:\Archivos de programa\NetBeans 7.0 Beta\mobility\modules\docs\netbeans_midp_components_basic-api.zip" />
    <property name="sun.management.compiler" value="HotSpot Client Compiler" />
    <property name="javac.deprecation" value="false" />
    <property name="javadoc.use" value="true" />
    <property name="jna.boot.library.path" value="C:\Documents and Settings\acasado\.netbeans\7.0beta\var\cache\jna" />
    <property name="sun.java2d.noddraw" value="true" />
    <property name="libs.jsp-compiler.classpath" value="C:\Archivos de programa\NetBeans 7.0 Beta\enterprise\ant\extra\jspcompile.jar" />
    <property name="javac.processorpath" value="lib\log4j-1.2.16.jar" />
    <property name="libs.spring-webmvc.classpath" value="C:\Archivos de programa\NetBeans 7.0 Beta\enterprise\modules\ext\spring\spring-webmvc-2.5.6.SEC01.jar" />
    <property name="javac.compilerargs" value="" />
    <property name="ant.file" value="D:\universidad\EjemplosMPII\build.xml" />
    <property name="libs.beans-binding.maven-pom" value="" />
    <property name="libs.jsf12.classpath" value="C:\Archivos de programa\NetBeans 7.0 Beta\enterprise\modules\ext\jsf-1_2\commons-beanutils.jar;C:\Archivos de programa\NetBeans 7.0 Beta\enterprise\modules\ext\jsf-1_2\commons-collections.jar;C:\Archivos de programa\NetBeans 7.0 Beta\enterprise\modules\ext\jsf-1_2\commons-digester.jar;C:\Archivos de programa\NetBeans 7.0 Beta\enterprise\modules\ext\jsf-1_2\commons-logging.jar;C:\Archivos de programa\NetBeans 7.0 Beta\enterprise\modules\ext\jsf-1_2\jsf-api.jar;C:\Archivos de programa\NetBeans 7.0 Beta\enterprise\modules\ext\jsf-1_2\jsf-impl.jar" />
    <property name="sun.awt.exception.handler" value="org.netbeans.core.startup.TopLogging$AWTHandler" />
    <property name="libs.restapi.maven-pom" value="" />
    <property name="libs.beans-binding.src" value="" />
    <property name="libs.NetBeans MIDP Components PDA.javadoc" value="C:\Archivos de programa\NetBeans 7.0 Beta\mobility\modules\docs\netbeans_midp_components_pda-api.zip" />
    <property name="java.vm.specification.vendor" value="Sun Microsystems Inc." />
    <property name="libs.DataBindingME-PIM.javadoc" value="C:\Archivos de programa\NetBeans 7.0 Beta\mobility\modules\docs\netbeans_databindingme_pim-api.zip" />
    <property name="libs.swing-layout.src" value="C:\Archivos de programa\NetBeans 7.0 Beta\platform\docs\swing-layout-1.0.4-src.zip" />
    <property name="libs.j2me_ant_ext.src" value="" />
    <property name="org.openide.major.version" value="IDE/1" />
    <property name="java.vm.name" value="Java HotSpot(TM) Client VM" />
    <property name="netbeans.user" value="C:\Documents and Settings\acasado\.netbeans\7.0beta" />
    <property name="javadoc.additionalparam" value="" />
    <property name="libs.ricoh-ant-utils.classpath" value="C:\Archivos de programa\NetBeans 7.0 Beta\mobility\modules\ext\org-netbeans-modules-j2me-cdc-project-ricoh.jar;C:\Archivos de programa\NetBeans 7.0 Beta\mobility\modules\ext\RicohAntTasks-2.0.jar;C:\Archivos de programa\NetBeans 7.0 Beta\mobility\modules\ext\commons-httpclient-3.0.jar;C:\Archivos de programa\NetBeans 7.0 Beta\ide\modules\ext\commons-logging-1.1.jar;C:\Archivos de programa\NetBeans 7.0 Beta\mobility\modules\ext\commons-codec-1.3.jar" />
    <property name="profiler.session.java.architecture" value="32" />
    <property name="java.vendor.url" value="http://java.sun.com/" />
    <property name="java.io.tmpdir" value="C:\DOCUME~1\acasado\CONFIG~1\Temp\" />
    <property name="endorsed.classpath.cmd.line.arg" value="-Xbootclasspath/p:&apos;D:\universidad\EjemplosMPII\${endorsed.classpath}&apos;" />
    <property name="profiler.settings.instrument.spawned.threads" value="false" />
    <property name="libs.jsp-compiler.src" value="" />
    <property name="have.sources" value="true" />
    <property name="sun.boot.library.path" value="C:\Archivos de programa\Java\jdk1.6.0_23\jre\bin" />
    <property name="debug.classpath" value="lib\log4j-1.2.16.jar:build/classes" />
    <property name="javadoc.private" value="false" />
    <property name="test.src.dir" value="test" />
    <property name="libs.jsf20.classpath" value="C:\Archivos de programa\NetBeans 7.0 Beta\enterprise\modules\ext\jsf-2_0\jsf-api.jar;C:\Archivos de programa\NetBeans 7.0 Beta\enterprise\modules\ext\jsf-2_0\jsf-impl.jar" />
    <property name="meta.inf.dir" value="src/META-INF" />
    <property name="javadoc.encoding.used" value="UTF-8" />
    <property name="libs.DataBindingME-SVG.src" value="C:\Archivos de programa\NetBeans 7.0 Beta\mobility\sources\netbeans_databindingme_svg-src.zip" />
    <property name="dist.jar" value="dist/EjemplosMPII.jar" />
    <property name="profiler.settings.code.region.cpu.res.buf.size" value="1000" />
    <property name="java.runtime.name" value="Java(TM) SE Runtime Environment" />
    <property name="profiler.info.jvmargs" value=" -XX:+HeapDumpOnOutOfMemoryError -XX:HeapDumpPath=D:\universidad\EjemplosMPII\nbproject\private\profiler " />
    <property name="ant.project.name" value="EjemplosMPII" />
    <property name="netbeans.hash.code" value="unique=NB_GROOVY_JAVA_JC_MOB_TOMCAT_WEBEE04d0bdbce-17a0-45f7-a7f7-dcdd46c08b8b_00f73d0a-7e5a-41ee-9299-b5c7c426bf72" />
    <property name="sun.cpu.isalist" value="pentium_pro+mmx pentium_pro pentium+mmx pentium i486 i386 i86" />
    <property name="libs.j2me_ant_ext.maven-pom" value="" />
    <property name="libs.CopyLibs.javadoc" value="" />
    <property name="profiler.settings.n.profiled.threads.limit" value="32" />
    <property name="libs.ActiveSync.javadoc" value="" />
    <property name="org.openide.specification.version" value="6.2" />
    <property name="libs.hibernate-support.classpath" value="C:\Archivos de programa\NetBeans 7.0 Beta\java\modules\ext\hibernate\antlr-2.7.6.jar;C:\Archivos de programa\NetBeans 7.0 Beta\java\modules\ext\hibernate\asm.jar;C:\Archivos de programa\NetBeans 7.0 Beta\java\modules\ext\hibernate\asm-attrs.jar;C:\Archivos de programa\NetBeans 7.0 Beta\java\modules\ext\hibernate\cglib-2.1.3.jar;C:\Archivos de programa\NetBeans 7.0 Beta\java\modules\ext\hibernate\commons-collections-2.1.1.jar;C:\Archivos de programa\NetBeans 7.0 Beta\ide\modules\ext\commons-logging-1.1.jar;C:\Archivos de programa\NetBeans 7.0 Beta\java\modules\ext\hibernate\dom4j-1.6.1.jar;C:\Archivos de programa\NetBeans 7.0 Beta\java\modules\ext\hibernate\ehcache-1.2.3.jar;C:\Archivos de programa\NetBeans 7.0 Beta\java\modules\ext\hibernate\jdbc2_0-stdext.jar;C:\Archivos de programa\NetBeans 7.0 Beta\java\modules\ext\hibernate\jta.jar;C:\Archivos de programa\NetBeans 7.0 Beta\java\modules\ext\hibernate\hibernate3.jar;C:\Archivos de programa\NetBeans 7.0 Beta\java\modules\ext\hibernate\hibernate-tools.jar;C:\Archivos de programa\NetBeans 7.0 Beta\java\modules\ext\hibernate\hibernate-annotations.jar;C:\Archivos de programa\NetBeans 7.0 Beta\java\modules\ext\hibernate\hibernate-commons-annotations.jar;C:\Archivos de programa\NetBeans 7.0 Beta\java\modules\ext\hibernate\hibernate-entitymanager.jar;C:\Archivos de programa\NetBeans 7.0 Beta\java\modules\ext\hibernate\javassist.jar" />
    <property name="libs.DataBindingME-PIM.classpath" value="C:\Archivos de programa\NetBeans 7.0 Beta\mobility\modules\ext\netbeans_databindingme_pim.jar" />
    <property name="user.home" value="C:\Documents and Settings\acasado" />
    <property name="annotation.processing.processors.list" value="" />
    <property name="debug-args-line" value="-Xdebug" />
    <property name="libs.primefaces.maven-pom" value="" />
    <property name="libs.NetBeans MIDP Components.classpath" value="C:\Archivos de programa\NetBeans 7.0 Beta\mobility\modules\ext\netbeans_midp_components_basic.jar" />
    <property name="libs.javaee-api-6.0.maven-pom" value="" />
    <property name="libs.JWSAntTasks.src" value="" />
    <property name="libs.CopyLibs.maven-pom" value="" />
    <property name="jar.index" value="false" />
    <property name="libs.absolutelayout.javadoc" value="" />
    <property name="libs.spring-framework300.javadoc" value="" />
    <property name="libs.hibernate-persistence.maven-pom" value="" />
    <property name="java.specification.name" value="Java Platform API Specification" />
    <property name="guice.disable.misplaced.annotation.check" value="true" />
    <property name="libs.swing-app-framework.maven-pom" value="" />
    <property name="libs.NetBeans MIDP Components WMA.classpath" value="C:\Archivos de programa\NetBeans 7.0 Beta\mobility\modules\ext\netbeans_midp_components_wma.jar" />
    <property name="libs.jakarta_slide_ant_webdav.maven-pom" value="" />
    <property name="profiler.settings.threads.monitoring.enabled" value="false" />
    <property name="libs.sjmc-ant-utils.src" value="" />
    <property name="java.specification.vendor" value="Sun Microsystems Inc." />
    <property name="libs.cdc-agui-swing-layout.javadoc" value="" />
    <property name="libs.javac-api.classpath" value="C:\Archivos de programa\NetBeans 7.0 Beta\java\modules\ext\javac-api-nb-7.0-b07.jar" />
    <property name="java.version" value="1.6.0_23" />
    <property name="libs.nokiaS80-ant-utils.classpath" value="C:\Archivos de programa\NetBeans 7.0 Beta\mobility\modules\ext\org-netbeans-modules-j2me-cdc-project-nokiaS80.jar" />
    <property name="javadoc.version" value="false" />
    <property name="libs.NetBeans MIDP Components WMA.javadoc" value="C:\Archivos de programa\NetBeans 7.0 Beta\mobility\modules\docs\netbeans_midp_components_wma-api.zip" />
    <property name="libs.MySQLDriver.javadoc" value="" />
    <property name="org.openide.version" value="deprecated" />
    <property name="source.encoding" value="UTF-8" />
    <property name="libs.ActiveSync.maven-pom" value="" />
    <property name="ap.cmd.line.internal" value="" />
    <property name="libs.eclipselinkmodelgen.maven-pom" value="" />
    <property name="libs.junit.maven-pom" value="" />
    <property name="libs.eclipselinkmodelgen.javadoc" value="" />
    <property name="libs.metro.javadoc" value="C:\Archivos de programa\NetBeans 7.0 Beta\enterprise\docs\metro-1.4-doc.zip" />
    <property name="libs.struts.maven-pom" value="" />
    <property name="netbeans.home+have.tests" value="true" />
    <property name="profiler.info.jvm" value="C:\Archivos de programa\Java\jdk1.6.0_23\bin\java.exe" />
    <property name="annotation.processing.processor.options" value="" />
    <property name="libs.IdentityAntTasks.maven-pom" value="" />
    <property name="libs.jaxb.src" value="" />
    <property name="work.dir" value="D:\universidad\EjemplosMPII" />
    <property name="libs.cdc-ant-utils.src" value="" />
    <property name="libs.jaxb.classpath" value="C:\Archivos de programa\NetBeans 7.0 Beta\ide\modules\ext\jaxb\jaxb-impl.jar;C:\Archivos de programa\NetBeans 7.0 Beta\ide\modules\ext\jaxb\jaxb-xjc.jar;C:\Archivos de programa\NetBeans 7.0 Beta\ide\modules\ext\jaxb\jaxb1-impl.jar;C:\Archivos de programa\NetBeans 7.0 Beta\ide\modules\ext\jaxb\activation.jar;C:\Archivos de programa\NetBeans 7.0 Beta\ide\modules\ext\jaxb\api\jaxb-api.jar;C:\Archivos de programa\NetBeans 7.0 Beta\ide\modules\ext\jaxb\api\jsr173_api.jar" />
    <property name="do.depend" value="false" />
    <property name="dist.javadoc.dir" value="dist/javadoc" />
    <property name="libs.swing-layout.classpath" value="C:\Archivos de programa\NetBeans 7.0 Beta\platform\modules\ext\swing-layout-1.0.4.jar" />
    <property name="libs.spring-webmvc3.0.classpath" value="C:\Archivos de programa\NetBeans 7.0 Beta\java\modules\ext\spring-3.0\spring-webmvc-3.0.2.RELEASE.jar" />
    <property name="libs.restlib.src" value="" />
    <property name="javac.source" value="1.5" />
    <property name="build.generated.dir" value="build/generated" />
    <property name="profiler.info.dir" value="D:\universidad\EjemplosMPII" />
    <property name="line.separator" value="
" />
    <property name="libs.proguard.src" value="" />
    <property name="libs.hibernate-persistence.src" value="" />
    <property name="profiler.session.working.dir" value="C:\Archivos de programa\NetBeans 7.0 Beta" />
    <property name="java.specification.version" value="1.6" />
    <property name="libs.nb_svg_midp_components.javadoc" value="C:\Archivos de programa\NetBeans 7.0 Beta\mobility\modules\docs\nb_svg_midp_components-api.zip" />
    <property name="profiler.settings.cpu.quick.filterprofiler.simple.filter.name" value="Quick filter..." />
    <property name="java.vm.info" value="mixed mode" />
    <property name="libs.jaxws21.maven-pom" value="" />
    <property name="libs.cdc-ant-utils.javadoc" value="" />
    <property name="netbeans.logger.console" value="true" />
    <property name="libs.ojec-ant-utils.classpath" value="C:\Archivos de programa\NetBeans 7.0 Beta\mobility\modules\ext\org-netbeans-modules-j2me-cdc-project-ojec.jar" />
    <property name="libs.spring-framework.maven-pom" value="" />
    <property name="sun.boot.class.path" value="C:\Archivos de programa\Java\jdk1.6.0_23\jre\lib\resources.jar;C:\Archivos de programa\Java\jdk1.6.0_23\jre\lib\rt.jar;C:\Archivos de programa\Java\jdk1.6.0_23\jre\lib\sunrsasign.jar;C:\Archivos de programa\Java\jdk1.6.0_23\jre\lib\jsse.jar;C:\Archivos de programa\Java\jdk1.6.0_23\jre\lib\jce.jar;C:\Archivos de programa\Java\jdk1.6.0_23\jre\lib\charsets.jar;C:\Archivos de programa\Java\jdk1.6.0_23\jre\lib\modules\jdk.boot.jar;C:\Archivos de programa\Java\jdk1.6.0_23\jre\classes;C:\Archivos de programa\NetBeans 7.0 Beta\profiler\lib/jfluid-server.jar;C:\Archivos de programa\NetBeans 7.0 Beta\profiler\lib/jfluid-server-15.jar" />
    <property name="javac.target" value="1.5" />
    <property name="built-jar.properties" value="D:\universidad\EjemplosMPII\build\built-jar.properties" />
    <property name="build.test.classes.dir" value="build/test/classes" />
    <property name="src.dir" value="src" />
    <property name="libs.IdentityAntTasks.javadoc" value="" />
    <property name="sun.awt.keepWorkingSetOnMinimize" value="true" />
    <property name="annotation.processing.enabled" value="true" />
    <property name="libs.jsf20.src" value="" />
    <property name="libs.proguard.maven-pom" value="" />
    <property name="profiler.settings.instrument.method.invoke" value="true" />
    <property name="libs.DataBindingME-SVG.maven-pom" value="" />
    <property name="libs.jsf12.src" value="" />
    <property name="libs.nokiadeployment.src" value="" />
    <property name="libs.savaje-ant-utils.javadoc" value="" />
    <property name="libs.struts.javadoc" value="C:\Archivos de programa\NetBeans 7.0 Beta\enterprise\docs\struts-1.3.8-javadoc.zip" />
    <property name="jaxbwiz.endorsed.dirs" value="&quot;C:\Archivos de programa\NetBeans 7.0 Beta\platform/../ide12/modules/ext/jaxb/api&quot;" />
    <property name="libs.cdc-ant-utils.maven-pom" value="" />
    <property name="libs.primefaces.src" value="" />
    <property name="profiler.settings.override.working.dir" value="" />
    <property name="libs.cdc-agui-swing-layout.classpath" value="C:\Archivos de programa\NetBeans 7.0 Beta\mobility\modules\ext\cdc-agui-swing-layout.jar" />
    <property name="profiler.settings.istrument.getter.setter.methods" value="false" />
    <property name="dist.dir" value="dist" />
    <property name="libs.groovy-all.javadoc" value="" />
    <property name="do.archive+manifest.available+main.class" value="true" />
    <property name="profiler.session.class.name" value="es.ceu.mpII.cajero.Cajero" />
    <property name="profiler.settings.profile.underlying.framework" value="false" />
    <property name="javac.fork" value="false" />
    <property name="libs.sjmc-ant-utils.classpath" value="C:\Archivos de programa\NetBeans 7.0 Beta\mobility\modules\ext\org-netbeans-modules-j2me-cdc-project-sjmc.jar" />
    <property name="libs.groovy-all.classpath" value="C:\Archivos de programa\NetBeans 7.0 Beta\groovy\modules\ext\groovy-all.jar" />
    <property name="libs.JMUnit4CLDC10.classpath" value="C:\Archivos de programa\NetBeans 7.0 Beta\mobility\modules\ext\jmunit4cldc10-1.2.1.jar" />
    <property name="java.awt.printerjob" value="sun.awt.windows.WPrinterJob" />
    <property name="default.javac.source" value="1.6" />
    <property name="profiler.session.java.version" value="jdk16" />
    <property name="debug-transport-by-os" value="dt_shmem" />
    <property name="sun.jnu.encoding" value="Cp1252" />
    <property name="libs.MySQLDriver.src" value="" />
    <property name="libs.ant-contrib.maven-pom" value="" />
    <property name="profiler.settings.obj.alloc.stack.sampling.depth" value="0" />
    <property name="libs.nokiadeployment.javadoc" value="" />
    <property name="java.runtime.version" value="1.6.0_23-b05" />
    <property name="build.test.results.dir" value="build/test/results" />
    <property name="libs.ejb3-persistence.javadoc" value="" />
    <property name="libs.NetBeans MIDP Components.src" value="C:\Archivos de programa\NetBeans 7.0 Beta\mobility\sources\netbeans_midp_components_basic-src.zip" />
    <property name="manifest.available+main.class+mkdist.available" value="true" />
    <property name="libs.sjmc-ant-utils.javadoc" value="" />
    <property name="profiler.session.class.path" value="lib\log4j-1.2.16.jar:build/classes" />
    <property name="default.javac.target" value="1.6" />
    <property name="libs.junit_4.classpath" value="C:\Archivos de programa\NetBeans 7.0 Beta\platform\modules\ext\junit-4.8.2.jar" />
    <property name="user.timezone" value="Europe/Paris" />
    <property name="libs.ant-contrib.src" value="" />
    <property name="libs.javaee-endorsed-api-6.0.maven-pom" value="" />
    <property name="netbeans.dirs" value="C:\Archivos de programa\NetBeans 7.0 Beta\nb;C:\Archivos de programa\NetBeans 7.0 Beta\ide;C:\Archivos de programa\NetBeans 7.0 Beta\java;C:\Archivos de programa\NetBeans 7.0 Beta\ergonomics;C:\Archivos de programa\NetBeans 7.0 Beta\xml;C:\Archivos de programa\NetBeans 7.0 Beta\apisupport;C:\Archivos de programa\NetBeans 7.0 Beta\webcommon;C:\Archivos de programa\NetBeans 7.0 Beta\websvccommon;C:\Archivos de programa\NetBeans 7.0 Beta\enterprise;C:\Archivos de programa\NetBeans 7.0 Beta\mobility;C:\Archivos de programa\NetBeans 7.0 Beta\profiler;C:\Archivos de programa\NetBeans 7.0 Beta\ruby;C:\Archivos de programa\NetBeans 7.0 Beta\python;C:\Archivos de programa\NetBeans 7.0 Beta\php;C:\Archivos de programa\NetBeans 7.0 Beta\visualweb;C:\Archivos de programa\NetBeans 7.0 Beta\soa;C:\Archivos de programa\NetBeans 7.0 Beta\identity;C:\Archivos de programa\NetBeans 7.0 Beta\uml;C:\Archivos de programa\NetBeans 7.0 Beta\harness;C:\Archivos de programa\NetBeans 7.0 Beta\cnd;C:\Archivos de programa\NetBeans 7.0 Beta\dlight;C:\Archivos de programa\NetBeans 7.0 Beta\groovy;C:\Archivos de programa\NetBeans 7.0 Beta\extra;C:\Archivos de programa\NetBeans 7.0 Beta\javafx;C:\Archivos de programa\NetBeans 7.0 Beta\javacard" />
    <property name="libs.jsf20.javadoc" value="C:\Archivos de programa\NetBeans 7.0 Beta\enterprise\docs\javaee6-doc-api.zip" />
    <property name="java.ext.dirs" value="C:\Archivos de programa\Java\jdk1.6.0_23\jre\lib\ext;C:\WINDOWS\Sun\Java\lib\ext" />
    <property name="libs.metro.src" value="" />
    <property name="libs.savaje-ant-utils.maven-pom" value="" />
    <property name="libs.semc-ant-utils.src" value="" />
    <property name="libs.absolutelayout.classpath" value="C:\Archivos de programa\NetBeans 7.0 Beta\java\modules\ext\AbsoluteLayout.jar" />
    <property name="excludes" value="" />
    <property name="libs.metro.classpath" value="C:\Archivos de programa\NetBeans 7.0 Beta\ide\modules\ext\jaxb\activation.jar;C:\Archivos de programa\NetBeans 7.0 Beta\enterprise\modules\ext\metro\webservices-api.jar;C:\Archivos de programa\NetBeans 7.0 Beta\enterprise\modules\ext\metro\webservices-extra-api.jar;C:\Archivos de programa\NetBeans 7.0 Beta\enterprise\modules\ext\metro\webservices-extra.jar;C:\Archivos de programa\NetBeans 7.0 Beta\enterprise\modules\ext\metro\webservices-rt.jar;C:\Archivos de programa\NetBeans 7.0 Beta\enterprise\modules\ext\metro\webservices-tools.jar" />
    <property name="libs.restlib.maven-pom" value="" />
    <property name="libs.DataBindingME.javadoc" value="C:\Archivos de programa\NetBeans 7.0 Beta\mobility\modules\docs\netbeans_databindingme-api.zip" />
    <property name="java.class.path" value="D:\universidad\EjemplosMPII\lib\log4j-1.2.16.jar;D:\universidad\EjemplosMPII\build\classes;C:\Archivos de programa\NetBeans 7.0 Beta\platform\modules\ext\junit-4.8.2.jar;D:\universidad\EjemplosMPII\build\test\classes;C:\Archivos de programa\NetBeans 7.0 Beta\java\ant\lib\ant-launcher.jar;C:\Archivos de programa\NetBeans 7.0 Beta\java\ant\lib\ant.jar;C:\Archivos de programa\NetBeans 7.0 Beta\java\ant\patches\72080.jar" />
    <property name="apple.laf.useScreenMenuBar" value="true" />
    <property name="do.mkdist" value="true" />
    <property name="libs.absolutelayout.src" value="" />
    <property name="profiler.settings.instrument.empty.methods" value="false" />
    <property name="libs.cdc-pp-awt-layout.maven-pom" value="" />
    <property name="os.version" value="5.1" />
    <property name="application.args" value="" />
    <property name="profiler.settings.threads.sampling.enabled" value="true" />
    <property name="main.class.available" value="true" />
    <property name="profiler.session.java.executable" value="C:\Archivos de programa\Java\jdk1.6.0_23\bin\java.exe" />
    <property name="libs.JMUnit4CLDC11.maven-pom" value="" />
    <property name="libs.toplink.javadoc" value="" />
    <property name="sun.desktop" value="windows" />
    <property name="libs.nb_svg_midp_components.maven-pom" value="" />
    <property name="libs.ricoh-ant-utils.javadoc" value="" />
    <property name="libs.restlib.javadoc" value="C:\Archivos de programa\NetBeans 7.0 Beta\enterprise\docs\jersey-client-1.3-javadoc.zip;C:\Archivos de programa\NetBeans 7.0 Beta\enterprise\docs\jersey-core-1.1.5.1-javadoc.zip;C:\Archivos de programa\NetBeans 7.0 Beta\enterprise\docs\jersey-json-1.3-javadoc.zip;C:\Archivos de programa\NetBeans 7.0 Beta\enterprise\docs\jersey-multipart-1.3-javadoc.zip;C:\Archivos de programa\NetBeans 7.0 Beta\enterprise\docs\jersey-spring-1.3-javadoc.zip;C:\Archivos de programa\NetBeans 7.0 Beta\enterprise\docs\oauth-client-1.3-javadoc.zip;C:\Archivos de programa\NetBeans 7.0 Beta\enterprise\docs\oauth-signature-1.3-javadoc.zip" />
    <property name="libs.NetBeans MIDP Components PDA.maven-pom" value="" />
    <property name="libs.eclipselink.classpath" value="C:\Archivos de programa\NetBeans 7.0 Beta\java\modules\ext\eclipselink\eclipselink-2.2.0.jar;C:\Archivos de programa\NetBeans 7.0 Beta\java\modules\ext\eclipselink\eclipselink-javax.persistence-2.0.jar" />
    <property name="profiler.settings.settings.name" value="Analyze Performance" />
    <property name="java.awt.graphicsenv" value="sun.awt.Win32GraphicsEnvironment" />
    <property name="libs.beans-binding.javadoc" value="C:\Archivos de programa\NetBeans 7.0 Beta\java\docs\beansbinding-1.2.1-doc.zip" />
    <property name="profiler.info.jvmargs.agent" value="-agentpath:C:/Archivos de programa/NetBeans 7.0 Beta/profiler/lib/deployed/jdk16/windows/profilerinterface.dll=C:\Archivos de programa\NetBeans 7.0 Beta\profiler\lib,5140,10" />
    <property name="java.vm.vendor" value="Sun Microsystems Inc." />
    <property name="libs.CopyLibs.classpath" value="C:\Archivos de programa\NetBeans 7.0 Beta\java\ant\extra\org-netbeans-modules-java-j2seproject-copylibstask.jar" />
    <property name="ant.file.-profiler-impl" value="D:\universidad\EjemplosMPII\nbproject\profiler-build-impl.xml" />
    <property name="libs.spring-framework300.classpath" value="C:\Archivos de programa\NetBeans 7.0 Beta\ide\modules\ext\commons-logging-1.1.jar;C:\Archivos de programa\NetBeans 7.0 Beta\java\modules\ext\cglib-2.2.jar;C:\Archivos de programa\NetBeans 7.0 Beta\java\modules\ext\spring-3.0\spring-aop-3.0.2.RELEASE.jar;C:\Archivos de programa\NetBeans 7.0 Beta\java\modules\ext\spring-3.0\spring-asm-3.0.2.RELEASE.jar;C:\Archivos de programa\NetBeans 7.0 Beta\java\modules\ext\spring-3.0\spring-aspects-3.0.2.RELEASE.jar;C:\Archivos de programa\NetBeans 7.0 Beta\java\modules\ext\spring-3.0\spring-beans-3.0.2.RELEASE.jar;C:\Archivos de programa\NetBeans 7.0 Beta\java\modules\ext\spring-3.0\spring-context-3.0.2.RELEASE.jar;C:\Archivos de programa\NetBeans 7.0 Beta\java\modules\ext\spring-3.0\spring-context-support-3.0.2.RELEASE.jar;C:\Archivos de programa\NetBeans 7.0 Beta\java\modules\ext\spring-3.0\spring-core-3.0.2.RELEASE.jar;C:\Archivos de programa\NetBeans 7.0 Beta\java\modules\ext\spring-3.0\spring-expression-3.0.2.RELEASE.jar;C:\Archivos de programa\NetBeans 7.0 Beta\java\modules\ext\spring-3.0\spring-instrument-3.0.2.RELEASE.jar;C:\Archivos de programa\NetBeans 7.0 Beta\java\modules\ext\spring-3.0\spring-instrument-tomcat-3.0.2.RELEASE.jar;C:\Archivos de programa\NetBeans 7.0 Beta\java\modules\ext\spring-3.0\spring-jdbc-3.0.2.RELEASE.jar;C:\Archivos de programa\NetBeans 7.0 Beta\java\modules\ext\spring-3.0\spring-jms-3.0.2.RELEASE.jar;C:\Archivos de programa\NetBeans 7.0 Beta\java\modules\ext\spring-3.0\spring-orm-3.0.2.RELEASE.jar;C:\Archivos de programa\NetBeans 7.0 Beta\java\modules\ext\spring-3.0\spring-oxm-3.0.2.RELEASE.jar;C:\Archivos de programa\NetBeans 7.0 Beta\java\modules\ext\spring-3.0\spring-test-3.0.2.RELEASE.jar;C:\Archivos de programa\NetBeans 7.0 Beta\java\modules\ext\spring-3.0\spring-tx-3.0.2.RELEASE.jar;C:\Archivos de programa\NetBeans 7.0 Beta\java\modules\ext\spring-3.0\spring-web-3.0.2.RELEASE.jar;C:\Archivos de programa\NetBeans 7.0 Beta\java\modules\ext\spring-3.0\spring-webmvc-portlet-3.0.2.RELEASE.jar;C:\Archivos de programa\NetBeans 7.0 Beta\java\modules\ext\spring-3.0\spring-webmvc-3.0.2.RELEASE.jar;C:\Archivos de programa\NetBeans 7.0 Beta\java\modules\ext\spring-3.0\spring-struts-3.0.2.RELEASE.jar" />
    <property name="libs.jsp-compiler.maven-pom" value="" />
    <property name="libs.spring-webmvc.maven-pom" value="" />
    <property name="run.jvmargs" value="" />
    <property name="libs.ejb3-persistence.classpath" value="C:\Archivos de programa\NetBeans 7.0 Beta\java\modules\ext\hibernate\ejb3-persistence.jar" />
    <property name="libs.spring-framework.javadoc" value="" />
    <property name="libs.DataBindingME-PIM.src" value="C:\Archivos de programa\NetBeans 7.0 Beta\mobility\sources\netbeans_databindingme_pim-src.zip" />
    <property name="libs.PostgreSQLDriver.classpath" value="C:\Archivos de programa\NetBeans 7.0 Beta\ide\modules\ext\postgresql-8.3-603.jdbc3.jar" />
    <property name="libs.jsf12.maven-pom" value="" />
    <property name="libs.junit.src" value="" />
    <property name="main.class" value="es.ceu.mpII.cajero.Cajero" />
    <property name="build.dir" value="build" />
    <property name="libs.CopyLibs.src" value="" />
    <property name="libs.jsp-compilation.classpath" value="C:\Archivos de programa\NetBeans 7.0 Beta\java\ant\lib\ant.jar;C:\Archivos de programa\NetBeans 7.0 Beta\enterprise\modules\ext\servlet3.0-jsp2.2-api.jar;C:\Archivos de programa\NetBeans 7.0 Beta\enterprise\modules\ext\glassfish-jspparser-3.0.jar;C:\Archivos de programa\NetBeans 7.0 Beta\enterprise\modules\ext\glassfish-logging-2.0.jar;C:\Archivos de programa\NetBeans 7.0 Beta\ide\modules\ext\commons-logging-1.1.jar;C:\Archivos de programa\NetBeans 7.0 Beta\java\ant\lib\ant-launcher.jar" />
    <property name="ant.version" value="Apache Ant version 1.8.1 compiled on April 30 2010" />
    <property name="build.classes.excludes" value="**/*.java,**/*.form" />
    <property name="file.encoding" value="Cp1252" />
    <property name="javadoc.nonavbar" value="false" />
    <property name="platform.active" value="default_platform" />
    <property name="awt.toolkit" value="sun.awt.windows.WToolkit" />
    <property name="profiler.settings.cpu.profiling.type" value="0" />
  </properties>
  <testcase classname="es.ceu.mpII.javaio.copiaBinarios.CopiadorFicherosTest" name="deberiaPoderCopiarUnFicheroByteAByte" time="17.172" />
  <testcase classname="es.ceu.mpII.javaio.copiaBinarios.CopiadorFicherosTest" name="deberiaPoderCopiarUnFicheroEnBloquesDeBytes" time="0.047" />
  <testcase classname="es.ceu.mpII.javaio.copiaBinarios.CopiadorFicherosTest" name="deberiaPoderCopiarUnFicheroUsandoBuffers" time="15.187" />
  <system-out><![CDATA[]]></system-out>
  <system-err><![CDATA[]]></system-err>
</testsuite>
