<?xml version="1.0" encoding="UTF-8" ?>
<testsuite errors="0" failures="0" hostname="casado" name="es.ceu.mpII.colecciones.bombo.BomboLoteriasTest" tests="1" time="14.235" timestamp="2010-11-11T17:28:47">
  <properties>
    <property name="netbeans.autoupdate.country" value="ES" />
    <property name="profiler.settings.sort.results.by.thread.cpu.time" value="false" />
    <property name="profiler.info.single.file" value="D:\mpII\trunk\EjemplosMPII\test\es\ceu\mpII\colecciones\bombo\BomboLoteriasTest.java" />
    <property name="javac.test.classpath" value="lib\log4j-1.2.16.jar:build/classes:D:\Archivos de programa\NetBeans 6.8\platform11\modules\ext\junit-4.5.jar" />
    <property name="libs.Java-EE-GlassFish-v3-Prelude.wsjwsdp" value="" />
    <property name="libs.jsf20.maven-pom" value="" />
    <property name="org.openide.TopManager.GUI" value="true" />
    <property name="profiler.settings.profiling.type" value="8" />
    <property name="libs.junit.javadoc" value="D:\Archivos de programa\NetBeans 6.8\java3\docs\junit-3.8.2-api.zip" />
    <property name="profiler.settings.cpu.quick.filterprofiler.simple.filter.value" value="" />
    <property name="javac.includes" value="es/ceu/mpII/colecciones/bombo/BomboLoteriasTest.java" />
    <property name="ant.core.lib" value="D:\Archivos de programa\NetBeans 6.8\java3\ant\lib\ant.jar" />
    <property name="libs.swing-app-framework.src" value="" />
    <property name="javadoc.windowtitle" value="" />
    <property name="libs.toplink.classpath" value="D:\Archivos de programa\NetBeans 6.8\java3\modules\ext\toplink\toplink-essentials.jar;D:\Archivos de programa\NetBeans 6.8\java3\modules\ext\toplink\toplink-essentials-agent.jar" />
    <property name="user.dir" value="D:\mpII\trunk\EjemplosMPII" />
    <property name="libs.hibernate-persistence.javadoc" value="" />
    <property name="java.vm.version" value="11.0-b15" />
    <property name="libs.jstl11.maven-pom" value="" />
    <property name="profiler.settings.sampling.interval" value="10" />
    <property name="profiler.session.port.no" value="5140" />
    <property name="libs.MySQLDriver.classpath" value="D:\Archivos de programa\NetBeans 6.8\ide12\modules\ext\mysql-connector-java-5.1.6-bin.jar" />
    <property name="libs.Java-EE-GlassFish-v3-Prelude.wsgenerate" value="" />
    <property name="libs.jstl11.src" value="" />
    <property name="javadoc.notree" value="false" />
    <property name="netbeans.autoupdate.version" value="1.23" />
    <property name="libs.javaee-web-api-6.0.classpath" value="D:\Archivos de programa\NetBeans 6.8\enterprise6\modules\ext\javaee-web-api-6.0.jar" />
    <property name="libs.hibernate-support.maven-pom" value="" />
    <property name="libs.hibernate-support.javadoc" value="" />
    <property name="libs.Java-EE-GlassFish-v3-Prelude.javadoc" value="D:\Archivos de programa\NetBeans 6.8\enterprise6\docs\javaee6-doc-api.zip" />
    <property name="jdk.home" value="C:\Archivos de programa\Java\jdk1.6.0_10" />
    <property name="libs.javac-api.src" value="" />
    <property name="javadoc.noindex" value="false" />
    <property name="sun.os.patch.level" value="Service Pack 3" />
    <property name="libs.Java-EE-GlassFish-v3-Prelude.src" value="" />
    <property name="profiler.info.oomeprotection" value="yes" />
    <property name="java.vm.specification.name" value="Java Virtual Machine Specification" />
    <property name="nb.show.statistics.ui" value="usageStatisticsEnabled" />
    <property name="netbeans.autoupdate.variant" value="" />
    <property name="libs.restlib_gfv3.maven-pom" value="" />
    <property name="have.tests" value="true" />
    <property name="org.xml.sax.driver" value="com.sun.org.apache.xerces.internal.jaxp.SAXParserImpl$JAXPSAXParser" />
    <property name="libs.javac-api.javadoc" value="" />
    <property name="os.name" value="Windows XP" />
    <property name="libs.beans-binding.classpath" value="D:\Archivos de programa\NetBeans 6.8\java3\modules\ext\beansbinding-1.2.1.jar" />
    <property name="org.glassfish.v3ee6.installRoot" value="C:\Archivos de programa\glassfish-v3-prelude" />
    <property name="libs.restapi.javadoc" value="D:\Archivos de programa\NetBeans 6.8\enterprise6\docs\jsr311-api-1.1.1-javadoc.zip" />
    <property name="libs.JWSAntTasks.maven-pom" value="" />
    <property name="libs.restapi.classpath" value="D:\Archivos de programa\NetBeans 6.8\enterprise6\modules\ext\rest\jsr311-api-1.1.1.jar" />
    <property name="libs.EclipseLink-GlassFish-v3-Prelude.src" value="" />
    <property name="profiler.info.javaPlatform" value="default_platform" />
    <property name="profiler.settings.profilingpoints.enabled" value="true" />
    <property name="java.vendor.url.bug" value="http://java.sun.com/cgi-bin/bugreport.cgi" />
    <property name="libs.Comet-GlassFish-V3.classpath" value="C:\Archivos de programa\glassfish-v3-prelude\glassfish\modules\grizzly-module.jar" />
    <property name="profiler.settings.instr.scheme" value="3" />
    <property name="libs.jaxb.maven-pom" value="" />
    <property name="profiler.info.project.dir" value="D:\mpII\trunk\EjemplosMPII" />
    <property name="os.arch" value="x86" />
    <property name="libs.eclipselink.src" value="" />
    <property name="user.name" value="acasado" />
    <property name="libs.jsf12.javadoc" value="D:\Archivos de programa\NetBeans 6.8\enterprise6\docs\javaee6-doc-api.zip" />
    <property name="manifest.available+main.class" value="true" />
    <property name="libs.swing-layout.maven-pom" value="" />
    <property name="build.classes.dir" value="build/classes" />
    <property name="netbeans.accept_license_class" value="org.netbeans.license.AcceptLicense" />
    <property name="build.sysclasspath" value="ignore" />
    <property name="ant.file.EjemplosMPII" value="D:\mpII\trunk\EjemplosMPII\build.xml" />
    <property name="libs.jaxws21.javadoc" value="D:\Archivos de programa\NetBeans 6.8\java3\docs\jaxws-api-doc.zip" />
    <property name="includes" value="**" />
    <property name="user.country" value="ES" />
    <property name="manifest.file" value="manifest.mf" />
    <property name="libs.jstl11.javadoc" value="D:\Archivos de programa\NetBeans 6.8\enterprise6\docs\javaee6-doc-api.zip" />
    <property name="javadoc.encoding" value="UTF-8" />
    <property name="javac.classpath" value="lib\log4j-1.2.16.jar" />
    <property name="libs.JAVADB_DRIVER_LABEL.src" value="" />
    <property name="debug-transport" value="dt_shmem" />
    <property name="netbeans.home" value="D:\Archivos de programa\NetBeans 6.8\platform11" />
    <property name="build.compiler.emacs" value="true" />
    <property name="libs.javaee-web-api-6.0.src" value="" />
    <property name="libs.ejb3-persistence.src" value="" />
    <property name="java.endorsed.dirs" value="C:\Archivos de programa\Java\jdk1.6.0_10\jre\lib\endorsed" />
    <property name="libs.groovy-all.src" value="" />
    <property name="netbeans.dynamic.classpath" value="D:\Archivos de programa\NetBeans 6.8\platform11\core\core.jar;D:\Archivos de programa\NetBeans 6.8\platform11\core\org-openide-filesystems.jar;D:\Archivos de programa\NetBeans 6.8\platform11\core\locale\core_ja.jar;D:\Archivos de programa\NetBeans 6.8\platform11\core\locale\core_pt_BR.jar;D:\Archivos de programa\NetBeans 6.8\platform11\core\locale\core_zh_CN.jar;D:\Archivos de programa\NetBeans 6.8\platform11\core\locale\org-openide-filesystems_ja.jar;D:\Archivos de programa\NetBeans 6.8\platform11\core\locale\org-openide-filesystems_pt_BR.jar;D:\Archivos de programa\NetBeans 6.8\platform11\core\locale\org-openide-filesystems_zh_CN.jar;D:\Archivos de programa\NetBeans 6.8\nb6.8\core\org-netbeans-upgrader.jar;D:\Archivos de programa\NetBeans 6.8\nb6.8\core\locale\core_nb.jar;D:\Archivos de programa\NetBeans 6.8\nb6.8\core\locale\core_nb_ja.jar;D:\Archivos de programa\NetBeans 6.8\nb6.8\core\locale\core_nb_pt_BR.jar;D:\Archivos de programa\NetBeans 6.8\nb6.8\core\locale\core_nb_zh_CN.jar;D:\Archivos de programa\NetBeans 6.8\nb6.8\core\locale\org-netbeans-upgrader_ja.jar;D:\Archivos de programa\NetBeans 6.8\nb6.8\core\locale\org-netbeans-upgrader_pt_BR.jar;D:\Archivos de programa\NetBeans 6.8\nb6.8\core\locale\org-netbeans-upgrader_zh_CN.jar" />
    <property name="profiler.settings.instrumentation.filter.selectedprofiler.simple.filter.type" value="2" />
    <property name="java.vm.specification.version" value="1.0" />
    <property name="libs.Java-EE-GlassFish-v3-Prelude.wsimport" value="" />
    <property name="libs.javaee-api-6.0.classpath" value="D:\Archivos de programa\NetBeans 6.8\enterprise6\modules\ext\javaee-api-6.0.jar" />
    <property name="libs.groovy-all.maven-pom" value="" />
    <property name="libs.hibernate-persistence.classpath" value="D:\Archivos de programa\NetBeans 6.8\java3\modules\ext\hibernate\antlr-2.7.6.jar;D:\Archivos de programa\NetBeans 6.8\java3\modules\ext\hibernate\asm.jar;D:\Archivos de programa\NetBeans 6.8\java3\modules\ext\hibernate\asm-attrs.jar;D:\Archivos de programa\NetBeans 6.8\java3\modules\ext\hibernate\cglib-2.1.3.jar;D:\Archivos de programa\NetBeans 6.8\java3\modules\ext\hibernate\commons-collections-2.1.1.jar;D:\Archivos de programa\NetBeans 6.8\ide12\modules\ext\commons-logging-1.1.jar;D:\Archivos de programa\NetBeans 6.8\java3\modules\ext\hibernate\dom4j-1.6.1.jar;D:\Archivos de programa\NetBeans 6.8\java3\modules\ext\hibernate\ehcache-1.2.3.jar;D:\Archivos de programa\NetBeans 6.8\java3\modules\ext\hibernate\jdbc2_0-stdext.jar;D:\Archivos de programa\NetBeans 6.8\java3\modules\ext\hibernate\jta.jar;D:\Archivos de programa\NetBeans 6.8\java3\modules\ext\hibernate\hibernate3.jar;D:\Archivos de programa\NetBeans 6.8\java3\modules\ext\hibernate\hibernate-tools.jar;D:\Archivos de programa\NetBeans 6.8\java3\modules\ext\hibernate\hibernate-annotations.jar;D:\Archivos de programa\NetBeans 6.8\java3\modules\ext\hibernate\hibernate-commons-annotations.jar;D:\Archivos de programa\NetBeans 6.8\java3\modules\ext\hibernate\hibernate-entitymanager.jar;D:\Archivos de programa\NetBeans 6.8\java3\modules\ext\hibernate\javassist.jar;D:\Archivos de programa\NetBeans 6.8\java3\modules\ext\hibernate\ejb3-persistence.jar" />
    <property name="libs.jaxws21.src" value="" />
    <property name="libs.GWT1.6.4.classpath" value="D:\cursos\ipsa\software\gwt-windows-1.6.4\gwt-user.jar" />
    <property name="libs.swing-app-framework.classpath" value="D:\Archivos de programa\NetBeans 6.8\java3\modules\ext\appframework-1.0.3.jar;D:\Archivos de programa\NetBeans 6.8\java3\modules\ext\swing-worker-1.1.jar" />
    <property name="netbeans.autoupdate.language" value="es" />
    <property name="profiler.settings.override.jvm.args" value="" />
    <property name="java.vendor" value="Sun Microsystems Inc." />
    <property name="libs.javaee-api-6.0.javadoc" value="D:\Archivos de programa\NetBeans 6.8\enterprise6\docs\javaee6-doc-api.zip" />
    <property name="javac.debug" value="true" />
    <property name="javadoc.splitindex" value="true" />
    <property name="file.separator" value="\" />
    <property name="libs.IdentityAntTasks.src" value="" />
    <property name="libs.junit_4.maven-pom" value="" />
    <property name="netbeans.buildnumber" value="200912041610" />
    <property name="libs.JWSAntTasks.javadoc" value="" />
    <property name="build.generated.sources.dir" value="build/generated-sources" />
    <property name="user.variant" value="" />
    <property name="sun.java.launcher" value="SUN_STANDARD" />
    <property name="libs.junit.classpath" value="D:\Archivos de programa\NetBeans 6.8\java3\modules\ext\junit-3.8.2.jar" />
    <property name="profiler.settings.obj.alloc.stack.sampling.interval" value="10" />
    <property name="libs.jaxb.javadoc" value="D:\Archivos de programa\NetBeans 6.8\ide12\docs\jaxb-api-doc.zip" />
    <property name="libs.struts.classpath" value="D:\Archivos de programa\NetBeans 6.8\enterprise6\modules\ext\struts\antlr-2.7.2.jar;D:\Archivos de programa\NetBeans 6.8\enterprise6\modules\ext\struts\bsf-2.3.0.jar;D:\Archivos de programa\NetBeans 6.8\enterprise6\modules\ext\struts\commons-beanutils-1.7.0.jar;D:\Archivos de programa\NetBeans 6.8\enterprise6\modules\ext\struts\commons-chain-1.1.jar;D:\Archivos de programa\NetBeans 6.8\enterprise6\modules\ext\struts\commons-digester-1.8.jar;D:\Archivos de programa\NetBeans 6.8\enterprise6\modules\ext\struts\commons-fileupload-1.1.1.jar;D:\Archivos de programa\NetBeans 6.8\enterprise6\modules\ext\struts\commons-io-1.1.jar;D:\Archivos de programa\NetBeans 6.8\enterprise6\modules\ext\struts\commons-logging-1.0.4.jar;D:\Archivos de programa\NetBeans 6.8\enterprise6\modules\ext\struts\commons-validator-1.3.1.jar;D:\Archivos de programa\NetBeans 6.8\enterprise6\modules\ext\struts\jstl-1.0.2.jar;D:\Archivos de programa\NetBeans 6.8\enterprise6\modules\ext\struts\oro-2.0.8.jar;D:\Archivos de programa\NetBeans 6.8\enterprise6\modules\ext\struts\standard-1.0.2.jar;D:\Archivos de programa\NetBeans 6.8\enterprise6\modules\ext\struts\struts-core-1.3.8.jar;D:\Archivos de programa\NetBeans 6.8\enterprise6\modules\ext\struts\struts-el-1.3.8.jar;D:\Archivos de programa\NetBeans 6.8\enterprise6\modules\ext\struts\struts-extras-1.3.8.jar;D:\Archivos de programa\NetBeans 6.8\enterprise6\modules\ext\struts\struts-faces-1.3.8.jar;D:\Archivos de programa\NetBeans 6.8\enterprise6\modules\ext\struts\struts-mailreader-dao-1.3.8.jar;D:\Archivos de programa\NetBeans 6.8\enterprise6\modules\ext\struts\struts-scripting-1.3.8.jar;D:\Archivos de programa\NetBeans 6.8\enterprise6\modules\ext\struts\struts-taglib-1.3.8.jar;D:\Archivos de programa\NetBeans 6.8\enterprise6\modules\ext\struts\struts-tiles-1.3.8.jar" />
    <property name="profiler.settings.cpu.quick.filterprofiler.filter.type" value="profiler.simple.filter" />
    <property name="javac.includes.binary" value="D:\mpII\trunk\EjemplosMPII\build\test\classes\es\ceu\mpII\colecciones\bombo\BomboLoteriasTest.class" />
    <property name="ant.home" value="D:\Archivos de programa\NetBeans 6.8\java3\ant" />
    <property name="libs.junit_4.src" value="D:\Archivos de programa\NetBeans 6.8\java3\docs\junit-4.5-src.jar" />
    <property name="libs.absolutelayout.maven-pom" value="" />
    <property name="ant.java.version" value="1.6" />
    <property name="java.library.path" value="C:\Archivos de programa\Java\jdk1.6.0_10\bin;.;C:\WINDOWS\Sun\Java\bin;C:\WINDOWS\system32;C:\WINDOWS;D:\oracle\product\10.2.0\client_2\bin;D:\ARCHIV~1\Borland\CBUILD~2\Bin;D:\ARCHIV~1\Borland\CBUILD~2\Projects\Bpl;C:\WINDOWS\system32;C:\WINDOWS;C:\WINDOWS\System32\Wbem;C:\Archivos de programa\TortoiseSVN\bin;C:\Archivos de programa\MySQL\MySQL Server 5.0\bin;D:\Archivos de programa\CollabNet Subversion;&quot;D:\Archivos de programa\glassfish-v2-b58g\bin&quot;;C:\Archivos de programa\IPSA\Digitalizacion Web IPSA\JTwain Certificada\Exe;C:\Archivos de programa\NetBeans 6.7\java2\ant\bin;D:\Archivos de programa\Groovy\Groovy-1.7.1\bin;C:\Archivos de programa\Microsoft SQL Server\90\Tools\binn\;D:\Archivos de programa\CollabNet Subversion;D:\maven\apache-maven-2.2.0\bin\;C:\Archivos de programa\Java\jdk1.5.0_16\bin;C:\Archivos de programa\Java\jdk1.6.0_10\bin" />
    <property name="javadoc.author" value="false" />
    <property name="libs.metro.maven-pom" value="" />
    <property name="profiler.settings.run.gc.on.get.results.in.memory.profiling" value="true" />
    <property name="libs.IdentityAntTasks.classpath" value="D:\Archivos de programa\NetBeans 6.8\identity2\ant\nblib\org-netbeans-modules-identity-ant.jar;D:\Archivos de programa\NetBeans 6.8\identity2\modules\org-netbeans-modules-identity-profile-api.jar" />
    <property name="manifest.available+main.class-mkdist.available" value="true" />
    <property name="java.util.logging.config.class" value="org.netbeans.core.startup.TopLogging" />
    <property name="profiler.settings.instrumentation.filter.selectedprofiler.simple.filter.value" value="es.ceu.mpII.calculodenominas. es.ceu.mpII.logging. es.ceu.mpII.introduccion. es.ceu.mpII.introduccion.herencia. es.ceu.mpII.introduccion.interfaces. es.ceu.mpII.introduccion.ejerciciovideoclub. es.ceu.mpII.introduccion.ejerciciocargatrenes. es.ceu.mpII.javalang. es.ceu.mpII.excepciones. es.ceu.mpII.colecciones.bombo. es.ceu.mpII.polimorfismo.enviodenotas. es.ceu.mpII.transformacioncadenas. es.ceu.mpII.polimorfismo.enviodenotas.repositorio. es.ceu.mpII.polimorfismo.enviodenotas.notificadores." />
    <property name="libs.PostgreSQLDriver.src" value="" />
    <property name="sun.arch.data.model" value="32" />
    <property name="profiler.session.jvm.args" value="" />
    <property name="basedir" value="D:\mpII\trunk\EjemplosMPII" />
    <property name="libs.Java-EE-GlassFish-v3-Prelude.embedabbleejb" value="" />
    <property name="jar.compress" value="false" />
    <property name="libs.jstl11.classpath" value="D:\Archivos de programa\NetBeans 6.8\enterprise6\modules\ext\standard.jar;D:\Archivos de programa\NetBeans 6.8\enterprise6\modules\ext\jstl.jar" />
    <property name="path.separator" value=";" />
    <property name="com.sun.aas.installRoot" value="C:\Archivos de programa\glassfish-v2ur2" />
    <property name="libs.javaee-web-api-6.0.javadoc" value="D:\Archivos de programa\NetBeans 6.8\enterprise6\docs\javaee6-doc-api.zip" />
    <property name="sun.io.unicode.encoding" value="UnicodeLittle" />
    <property name="libs.jaxws21.classpath" value="D:\Archivos de programa\NetBeans 6.8\ide12\modules\ext\jaxb\activation.jar;D:\Archivos de programa\NetBeans 6.8\ide12\modules\ext\jaxb\api\jaxb-api.jar;D:\Archivos de programa\NetBeans 6.8\ide12\modules\ext\jaxb\jaxb-impl.jar;D:\Archivos de programa\NetBeans 6.8\ide12\modules\ext\jaxb\jaxb-xjc.jar;D:\Archivos de programa\NetBeans 6.8\ide12\modules\ext\jaxb\api\jsr173_api.jar;D:\Archivos de programa\NetBeans 6.8\java3\modules\ext\jaxws22\FastInfoset.jar;D:\Archivos de programa\NetBeans 6.8\java3\modules\ext\jaxws22\gmbal-api-only.jar;D:\Archivos de programa\NetBeans 6.8\java3\modules\ext\jaxws22\http.jar;D:\Archivos de programa\NetBeans 6.8\java3\modules\ext\jaxws22\api\jaxws-api.jar;D:\Archivos de programa\NetBeans 6.8\java3\modules\ext\jaxws22\jaxws-rt.jar;D:\Archivos de programa\NetBeans 6.8\java3\modules\ext\jaxws22\jaxws-tools.jar;D:\Archivos de programa\NetBeans 6.8\java3\modules\ext\jaxws22\api\jsr181-api.jar;D:\Archivos de programa\NetBeans 6.8\java3\modules\ext\jaxws22\api\jsr250-api.jar;D:\Archivos de programa\NetBeans 6.8\java3\modules\ext\jaxws22\management-api.jar;D:\Archivos de programa\NetBeans 6.8\java3\modules\ext\jaxws22\mimepull.jar;D:\Archivos de programa\NetBeans 6.8\java3\modules\ext\jaxws22\policy.jar;D:\Archivos de programa\NetBeans 6.8\java3\modules\ext\jaxws22\api\saaj-api.jar;D:\Archivos de programa\NetBeans 6.8\java3\modules\ext\jaxws22\saaj-impl.jar;D:\Archivos de programa\NetBeans 6.8\java3\modules\ext\jaxws22\stax-ex.jar;D:\Archivos de programa\NetBeans 6.8\java3\modules\ext\jaxws22\streambuffer.jar;D:\Archivos de programa\NetBeans 6.8\java3\modules\ext\jaxws22\woodstox.jar" />
    <property name="libs.struts.src" value="" />
    <property name="user.language" value="es" />
    <property name="libs.spring-framework.classpath" value="D:\Archivos de programa\NetBeans 6.8\ide12\modules\ext\commons-logging-1.1.jar;D:\Archivos de programa\NetBeans 6.8\java3\modules\ext\cglib-2.2.jar;D:\Archivos de programa\NetBeans 6.8\java3\modules\ext\spring\spring-2.5.jar" />
    <property name="profiler.settings.instrumentation.filter.selectedprofiler.filter.type" value="profiler.simple.filter" />
    <property name="libs.eclipselink.maven-pom" value="" />
    <property name="profiler.info.oomeprotection.dumppath" value="D:\mpII\trunk\EjemplosMPII\nbproject\private\profiler" />
    <property name="profiler.settings.thread.cpu.timer.on" value="false" />
    <property name="manifest.available" value="true" />
    <property name="run.test.classpath" value="lib\log4j-1.2.16.jar:build/classes:D:\Archivos de programa\NetBeans 6.8\platform11\modules\ext\junit-4.5.jar:build/test/classes" />
    <property name="useJavaUtilZip" value="true" />
    <property name="libs.swing-layout.javadoc" value="D:\Archivos de programa\NetBeans 6.8\platform11\docs\swing-layout-1.0.4-doc.zip" />
    <property name="libs.swing-app-framework.javadoc" value="D:\Archivos de programa\NetBeans 6.8\java3\docs\appframework-1.0.3-doc.zip" />
    <property name="libs.ejb3-persistence.maven-pom" value="" />
    <property name="https.nonProxyHosts" value="localhost|127.0.0.1|casado" />
    <property name="libs.PostgreSQLDriver.maven-pom" value="" />
    <property name="java.class.version" value="50.0" />
    <property name="libs.JAVADB_DRIVER_LABEL.classpath" value="C:\Archivos de programa\glassfish-v2ur2\javadb\lib\derby.jar;C:\Archivos de programa\glassfish-v2ur2\javadb\lib\derbyclient.jar;C:\Archivos de programa\glassfish-v2ur2\javadb\lib\derbynet.jar" />
    <property name="platforms.JDK_1.5.home" value="C:\Archivos de programa\Java\jdk1.5.0_16" />
    <property name="libs.javaee-endorsed-api-6.0.src" value="" />
    <property name="profiler.settings.instrumentation.root.methods.size" value="1" />
    <property name="netbeans.system_http_proxy" value="DIRECT" />
    <property name="file.reference.log4j-1.2.16.jar" value="lib\log4j-1.2.16.jar" />
    <property name="libs.eclipselink.javadoc" value="D:\Archivos de programa\NetBeans 6.8\enterprise6\docs\javaee6-doc-api.zip" />
    <property name="user.properties.file" value="C:\Documents and Settings\acasado\.netbeans\6.8\build.properties" />
    <property name="profiler.settings.instrumentation.marker.methods.size" value="0" />
    <property name="runtime.encoding" value="UTF-8" />
    <property name="profiler.settings.istrumentation.root.methods-0" value="es.ceu.mpII.colecciones.bombo.BomboLoteriasTest,&lt;all&gt;," />
    <property name="libs.EclipseLink-GlassFish-V3.classpath" value="C:\Archivos de programa\glassfish-v3-prelude\glassfish\modules\org.eclipse.persistence.antlr.jar;C:\Archivos de programa\glassfish-v3-prelude\glassfish\modules\org.eclipse.persistence.asm.jar;C:\Archivos de programa\glassfish-v3-prelude\glassfish\modules\org.eclipse.persistence.core.jar;C:\Archivos de programa\glassfish-v3-prelude\glassfish\modules\org.eclipse.persistence.jpa.jar;C:\Archivos de programa\glassfish-v3-prelude\glassfish\modules\org.eclipse.persistence.oracle.jar;C:\Archivos de programa\glassfish-v3-prelude\glassfish\modules\javax.persistence.jar" />
    <property name="libs.spring-framework.src" value="" />
    <property name="libs.javac-api.maven-pom" value="" />
    <property name="file.encoding.pkg" value="sun.io" />
    <property name="sun.cpu.endian" value="little" />
    <property name="libs.JWSAntTasks.classpath" value="D:\Archivos de programa\NetBeans 6.8\java3\ant\extra\org-netbeans-modules-javawebstart-anttasks.jar" />
    <property name="libs.EclipseLink-GlassFish-v3-Prelude.classpath" value="C:\Archivos de programa\glassfish-v3-prelude\glassfish\modules\org.eclipse.persistence.antlr.jar;C:\Archivos de programa\glassfish-v3-prelude\glassfish\modules\org.eclipse.persistence.asm.jar;C:\Archivos de programa\glassfish-v3-prelude\glassfish\modules\org.eclipse.persistence.core.jar;C:\Archivos de programa\glassfish-v3-prelude\glassfish\modules\org.eclipse.persistence.jpa.jar;C:\Archivos de programa\glassfish-v3-prelude\glassfish\modules\org.eclipse.persistence.oracle.jar;C:\Archivos de programa\glassfish-v3-prelude\glassfish\modules\javax.persistence.jar" />
    <property name="ant.file.EjemplosMPII-impl" value="D:\mpII\trunk\EjemplosMPII\nbproject\build-impl.xml" />
    <property name="empty.dir" value="D:\mpII\trunk\EjemplosMPII\build\empty" />
    <property name="version-output" value="java version &quot;1.6" />
    <property name="javadoc.preview" value="true" />
    <property name="nbplatform.default.harness.dir" value="D:\Archivos de programa\NetBeans 6.8/harness" />
    <property name="java.home" value="C:\Archivos de programa\Java\jdk1.6.0_10\jre" />
    <property name="libs.spring-webmvc.src" value="" />
    <property name="libs.Comet-GlassFish-v3-Prelude.classpath" value="C:\Archivos de programa\glassfish-v3-prelude\glassfish\modules\grizzly-module.jar" />
    <property name="debug.test.classpath" value="lib\log4j-1.2.16.jar:build/classes:D:\Archivos de programa\NetBeans 6.8\platform11\modules\ext\junit-4.5.jar:build/test/classes" />
    <property name="libs.javaee-endorsed-api-6.0.classpath" value="D:\Archivos de programa\NetBeans 6.8\enterprise6\modules\ext\javaee6-endorsed\javax.annotation.jar;D:\Archivos de programa\NetBeans 6.8\enterprise6\modules\ext\javaee6-endorsed\jaxb-api-osgi.jar;D:\Archivos de programa\NetBeans 6.8\enterprise6\modules\ext\javaee6-endorsed\webservices-api-osgi.jar" />
    <property name="libs.javaee-api-6.0.src" value="" />
    <property name="netbeans.importclass" value="org.netbeans.upgrade.AutoUpgrade" />
    <property name="org.openide.TopManager" value="org.netbeans.core.NonGui" />
    <property name="libs.toplink.maven-pom" value="" />
    <property name="libs.PostgreSQLDriver.javadoc" value="" />
    <property name="libs.restlib.classpath" value="D:\Archivos de programa\NetBeans 6.8\enterprise6\modules\ext\rest\asm-3.1.jar;D:\Archivos de programa\NetBeans 6.8\enterprise6\modules\ext\rest\jackson-core-asl-1.1.1.jar;D:\Archivos de programa\NetBeans 6.8\enterprise6\modules\ext\rest\jersey-client-1.1.4.jar;D:\Archivos de programa\NetBeans 6.8\enterprise6\modules\ext\rest\jersey-core-1.1.4.jar;D:\Archivos de programa\NetBeans 6.8\enterprise6\modules\ext\rest\jersey-json-1.1.4.jar;D:\Archivos de programa\NetBeans 6.8\enterprise6\modules\ext\rest\jersey-server-1.1.4.jar;D:\Archivos de programa\NetBeans 6.8\enterprise6\modules\ext\rest\jersey-spring-1.1.4.jar;D:\Archivos de programa\NetBeans 6.8\enterprise6\modules\ext\rest\jettison-1.1.jar;D:\Archivos de programa\NetBeans 6.8\ide12\modules\ext\jaxb\activation.jar;D:\Archivos de programa\NetBeans 6.8\ide12\modules\ext\jaxb\api\jaxb-api.jar;D:\Archivos de programa\NetBeans 6.8\ide12\modules\ext\jaxb\jaxb-impl.jar;D:\Archivos de programa\NetBeans 6.8\ide12\modules\ext\jaxb\jaxb-xjc.jar;D:\Archivos de programa\NetBeans 6.8\ide12\modules\ext\jaxb\api\jsr173_api.jar" />
    <property name="profiler.settings.instrumentation.filter.selectedprofiler.simple.filter.name" value="Profile only project classes" />
    <property name="libs.MySQLDriver.maven-pom" value="" />
    <property name="libs.Comet-GlassFish-V3.src" value="" />
    <property name="http.nonProxyHosts" value="localhost|127.0.0.1|casado" />
    <property name="libs.junit_4.javadoc" value="D:\Archivos de programa\NetBeans 6.8\java3\docs\junit-4.5-api.zip" />
    <property name="libs.spring-webmvc.javadoc" value="" />
    <property name="libs.toplink.src" value="" />
    <property name="libs.javaee-web-api-6.0.maven-pom" value="" />
    <property name="profiler.settigns.ispreset" value="true" />
    <property name="profile.class" value="es.ceu.mpII.colecciones.bombo.BomboLoteriasTest" />
    <property name="run.classpath" value="lib\log4j-1.2.16.jar:build/classes" />
    <property name="libs.hibernate-support.src" value="" />
    <property name="libs.javaee-endorsed-api-6.0.javadoc" value="D:\Archivos de programa\NetBeans 6.8\enterprise6\docs\javaee6-doc-api.zip" />
    <property name="profiler.settings.cpu.exclude.wait.time" value="true" />
    <property name="profiler.settings.override" value="false" />
    <property name="profiler.settings.cpu.quick.filterprofiler.simple.filter.type" value="1" />
    <property name="profiler.session.args" value="" />
    <property name="libs.restapi.src" value="" />
    <property name="sun.management.compiler" value="HotSpot Client Compiler" />
    <property name="libs.Comet-GlassFish-v3-Prelude.javadoc" value="" />
    <property name="javac.deprecation" value="false" />
    <property name="javadoc.use" value="true" />
    <property name="jna.boot.library.path" value="C:\Documents and Settings\acasado\.netbeans\6.8\var\cache\jna" />
    <property name="sun.java2d.noddraw" value="true" />
    <property name="maven.mode.standalone" value="true" />
    <property name="libs.spring-webmvc.classpath" value="D:\Archivos de programa\NetBeans 6.8\enterprise6\modules\ext\spring\spring-webmvc-2.5.jar" />
    <property name="javac.compilerargs" value="" />
    <property name="ant.file" value="D:\mpII\trunk\EjemplosMPII\build.xml" />
    <property name="libs.beans-binding.maven-pom" value="" />
    <property name="libs.jsf12.classpath" value="D:\Archivos de programa\NetBeans 6.8\enterprise6\modules\ext\jsf-1_2\commons-beanutils.jar;D:\Archivos de programa\NetBeans 6.8\enterprise6\modules\ext\jsf-1_2\commons-collections.jar;D:\Archivos de programa\NetBeans 6.8\enterprise6\modules\ext\jsf-1_2\commons-digester.jar;D:\Archivos de programa\NetBeans 6.8\enterprise6\modules\ext\jsf-1_2\commons-logging.jar;D:\Archivos de programa\NetBeans 6.8\enterprise6\modules\ext\jsf-1_2\jsf-api.jar;D:\Archivos de programa\NetBeans 6.8\enterprise6\modules\ext\jsf-1_2\jsf-impl.jar" />
    <property name="libs.Java-EE-GlassFish-v3-Prelude.classpath" value="C:\Archivos de programa\glassfish-v3-prelude\glassfish\modules\javax.mail.jar;C:\Archivos de programa\glassfish-v3-prelude\glassfish\modules\javax.resource.jar;C:\Archivos de programa\glassfish-v3-prelude\glassfish\modules\javax.xml.stream.jar;C:\Archivos de programa\glassfish-v3-prelude\glassfish\modules\javax.security.jacc.jar;C:\Archivos de programa\glassfish-v3-prelude\glassfish\modules\javax.security.auth.message.jar;C:\Archivos de programa\glassfish-v3-prelude\glassfish\modules\web\jstl-impl.jar;C:\Archivos de programa\glassfish-v3-prelude\glassfish\modules\javax.persistence.jar;C:\Archivos de programa\glassfish-v3-prelude\glassfish\modules\javax.transaction.jar;C:\Archivos de programa\glassfish-v3-prelude\glassfish\modules\javax.servlet.jar;C:\Archivos de programa\glassfish-v3-prelude\glassfish\modules\javax.servlet.jsp.jar;C:\Archivos de programa\glassfish-v3-prelude\glassfish\modules\jsf-api.jar;C:\Archivos de programa\glassfish-v3-prelude\glassfish\modules\javax.annotation.jar;C:\Archivos de programa\glassfish-v3-prelude\glassfish\modules\web\javax.servlet.jsp.jstl.jar;C:\Archivos de programa\glassfish-v3-prelude\glassfish\modules\web\jsf-impl.jar;C:\Archivos de programa\glassfish-v3-prelude\glassfish\modules\javax.activation.jar;C:\Archivos de programa\glassfish-v3-prelude\glassfish\modules\javax.enterprise.deploy.jar" />
    <property name="sun.awt.exception.handler" value="org.netbeans.core.startup.TopLogging$AWTHandler" />
    <property name="libs.restapi.maven-pom" value="" />
    <property name="libs.beans-binding.src" value="" />
    <property name="libs.Comet-GlassFish-V3.maven-pom" value="" />
    <property name="java.vm.specification.vendor" value="Sun Microsystems Inc." />
    <property name="libs.swing-layout.src" value="D:\Archivos de programa\NetBeans 6.8\platform11\docs\swing-layout-1.0.4-src.zip" />
    <property name="org.openide.major.version" value="IDE/1" />
    <property name="java.vm.name" value="Java HotSpot(TM) Client VM" />
    <property name="netbeans.user" value="C:\Documents and Settings\acasado\.netbeans\6.8" />
    <property name="javadoc.additionalparam" value="" />
    <property name="profiler.session.java.architecture" value="32" />
    <property name="java.io.tmpdir" value="C:\DOCUME~1\acasado\CONFIG~1\Temp\" />
    <property name="java.vendor.url" value="http://java.sun.com/" />
    <property name="endorsed.classpath.cmd.line.arg" value="-Xbootclasspath/p:&apos;D:\mpII\trunk\EjemplosMPII\${endorsed.classpath}&apos;" />
    <property name="profiler.settings.instrument.spawned.threads" value="false" />
    <property name="jspc.classpath" value="D:\Archivos de programa\NetBeans 6.8\java3\ant\lib\ant.jar:D:\Archivos de programa\NetBeans 6.8\enterprise6\modules\ext\servlet2.5-jsp2.1-api.jar:${j2ee.platform.classpath}:D:\Archivos de programa\NetBeans 6.8\enterprise6\modules\ext\glassfish-jspparser-2.0.jar:D:\Archivos de programa\NetBeans 6.8\enterprise6\modules\ext\glassfish-logging-2.0.jar:D:\Archivos de programa\NetBeans 6.8\ide12\modules\ext\commons-logging-1.1.jar:D:\Archivos de programa\NetBeans 6.8\java3\ant\lib\ant-launcher.jar" />
    <property name="sun.boot.library.path" value="C:\Archivos de programa\Java\jdk1.6.0_10\jre\bin" />
    <property name="have.sources" value="true" />
    <property name="debug.classpath" value="lib\log4j-1.2.16.jar:build/classes" />
    <property name="javadoc.private" value="false" />
    <property name="test.src.dir" value="test" />
    <property name="libs.jsf20.classpath" value="D:\Archivos de programa\NetBeans 6.8\enterprise6\modules\ext\jsf-2_0\jsf-api.jar;D:\Archivos de programa\NetBeans 6.8\enterprise6\modules\ext\jsf-2_0\jsf-impl.jar" />
    <property name="libs.Comet-GlassFish-V3.javadoc" value="" />
    <property name="meta.inf.dir" value="src/META-INF" />
    <property name="javadoc.encoding.used" value="UTF-8" />
    <property name="dist.jar" value="dist/EjemplosMPII.jar" />
    <property name="profiler.settings.code.region.cpu.res.buf.size" value="1000" />
    <property name="java.runtime.name" value="Java(TM) SE Runtime Environment" />
    <property name="profiler.info.jvmargs" value=" -XX:+HeapDumpOnOutOfMemoryError -XX:HeapDumpPath=D:\mpII\trunk\EjemplosMPII\nbproject\private\profiler " />
    <property name="ant.project.name" value="EjemplosMPII" />
    <property name="netbeans.hash.code" value="unique=NB_GROOVY_JAVA_WEBEE0aa3e40ed-b79c-4316-bb5f-ac6f51c434da_c150b239-c2b1-492f-a7f5-55f1e3625dd7" />
    <property name="libs.EclipseLink-GlassFish-v3-Prelude.javadoc" value="D:\Archivos de programa\NetBeans 6.8\enterprise6\docs\javaee6-doc-api.zip" />
    <property name="libs.Comet-GlassFish-v3-Prelude.src" value="" />
    <property name="manifest.available-mkdist.available" value="true" />
    <property name="sun.cpu.isalist" value="pentium_pro+mmx pentium_pro pentium+mmx pentium i486 i386 i86" />
    <property name="libs.CopyLibs.javadoc" value="" />
    <property name="profiler.settings.n.profiled.threads.limit" value="32" />
    <property name="org.openide.specification.version" value="6.2" />
    <property name="libs.hibernate-support.classpath" value="D:\Archivos de programa\NetBeans 6.8\java3\modules\ext\hibernate\antlr-2.7.6.jar;D:\Archivos de programa\NetBeans 6.8\java3\modules\ext\hibernate\asm.jar;D:\Archivos de programa\NetBeans 6.8\java3\modules\ext\hibernate\asm-attrs.jar;D:\Archivos de programa\NetBeans 6.8\java3\modules\ext\hibernate\cglib-2.1.3.jar;D:\Archivos de programa\NetBeans 6.8\java3\modules\ext\hibernate\commons-collections-2.1.1.jar;D:\Archivos de programa\NetBeans 6.8\ide12\modules\ext\commons-logging-1.1.jar;D:\Archivos de programa\NetBeans 6.8\java3\modules\ext\hibernate\dom4j-1.6.1.jar;D:\Archivos de programa\NetBeans 6.8\java3\modules\ext\hibernate\ehcache-1.2.3.jar;D:\Archivos de programa\NetBeans 6.8\java3\modules\ext\hibernate\jdbc2_0-stdext.jar;D:\Archivos de programa\NetBeans 6.8\java3\modules\ext\hibernate\jta.jar;D:\Archivos de programa\NetBeans 6.8\java3\modules\ext\hibernate\hibernate3.jar;D:\Archivos de programa\NetBeans 6.8\java3\modules\ext\hibernate\hibernate-tools.jar;D:\Archivos de programa\NetBeans 6.8\java3\modules\ext\hibernate\hibernate-annotations.jar;D:\Archivos de programa\NetBeans 6.8\java3\modules\ext\hibernate\hibernate-commons-annotations.jar;D:\Archivos de programa\NetBeans 6.8\java3\modules\ext\hibernate\hibernate-entitymanager.jar;D:\Archivos de programa\NetBeans 6.8\java3\modules\ext\hibernate\javassist.jar" />
    <property name="user.home" value="C:\Documents and Settings\acasado" />
    <property name="debug-args-line" value="-Xdebug" />
    <property name="libs.javaee-api-6.0.maven-pom" value="" />
    <property name="libs.JWSAntTasks.src" value="" />
    <property name="libs.CopyLibs.maven-pom" value="" />
    <property name="libs.hibernate-persistence.maven-pom" value="" />
    <property name="libs.absolutelayout.javadoc" value="" />
    <property name="java.specification.name" value="Java Platform API Specification" />
    <property name="libs.GWT1.6.4.maven-pom" value="" />
    <property name="libs.swing-app-framework.maven-pom" value="" />
    <property name="libs.EclipseLink-GlassFish-V3.javadoc" value="C:\Archivos de programa\NetBeans 6.5\enterprise5\docs\javaee5-doc-api.zip" />
    <property name="profiler.settings.threads.monitoring.enabled" value="false" />
    <property name="java.specification.vendor" value="Sun Microsystems Inc." />
    <property name="libs.javac-api.classpath" value="D:\Archivos de programa\NetBeans 6.8\java3\modules\ext\javac-api-nb-7.0-b07.jar" />
    <property name="libs.restlib_gfv3.classpath" value="C:\Archivos de programa\glassfish-v3-prelude\glassfish\modules\asm-all-repackaged.jar" />
    <property name="java.version" value="1.6.0_10-rc2" />
    <property name="javadoc.version" value="false" />
    <property name="libs.MySQLDriver.javadoc" value="" />
    <property name="org.openide.version" value="deprecated" />
    <property name="platforms.JDK_1.5.compiler" value="modern" />
    <property name="source.encoding" value="UTF-8" />
    <property name="libs.junit.maven-pom" value="" />
    <property name="libs.metro.javadoc" value="D:\Archivos de programa\NetBeans 6.8\enterprise6\docs\metro-1.4-doc.zip" />
    <property name="libs.struts.maven-pom" value="" />
    <property name="netbeans.home+have.tests" value="true" />
    <property name="profiler.info.jvm" value="C:\Archivos de programa\Java\jdk1.6.0_10\bin\java.exe" />
    <property name="libs.IdentityAntTasks.maven-pom" value="" />
    <property name="libs.jaxb.src" value="" />
    <property name="work.dir" value="D:\mpII\trunk\EjemplosMPII" />
    <property name="libs.jaxb.classpath" value="D:\Archivos de programa\NetBeans 6.8\ide12\modules\ext\jaxb\activation.jar;D:\Archivos de programa\NetBeans 6.8\ide12\modules\ext\jaxb\api\jaxb-api.jar;D:\Archivos de programa\NetBeans 6.8\ide12\modules\ext\jaxb\jaxb-impl.jar;D:\Archivos de programa\NetBeans 6.8\ide12\modules\ext\jaxb\jaxb1-impl.jar;D:\Archivos de programa\NetBeans 6.8\ide12\modules\ext\jaxb\jaxb-xjc.jar;D:\Archivos de programa\NetBeans 6.8\ide12\modules\ext\jaxb\api\jsr173_api.jar" />
    <property name="do.depend" value="false" />
    <property name="dist.javadoc.dir" value="dist/javadoc" />
    <property name="libs.swing-layout.classpath" value="D:\Archivos de programa\NetBeans 6.8\platform11\modules\ext\swing-layout-1.0.4.jar" />
    <property name="libs.restlib_gfv3.src" value="" />
    <property name="libs.restlib.src" value="" />
    <property name="build.generated.dir" value="build/generated" />
    <property name="javac.source" value="1.5" />
    <property name="profiler.info.dir" value="D:\mpII\trunk\EjemplosMPII" />
    <property name="profiler.session.working.dir" value="D:\Archivos de programa\NetBeans 6.8\bin" />
    <property name="line.separator" value="
" />
    <property name="libs.hibernate-persistence.src" value="" />
    <property name="profiler.settings.cpu.quick.filterprofiler.simple.filter.name" value="Quick filter..." />
    <property name="java.specification.version" value="1.6" />
    <property name="libs.restlib_gfv3.javadoc" value="D:\Archivos de programa\NetBeans 6.8\enterprise6\docs\jsr311-api-1.1.1-javadoc.zip;D:\Archivos de programa\NetBeans 6.8\enterprise6\docs\jersey-1.1.4-javadoc.zip" />
    <property name="java.vm.info" value="mixed mode" />
    <property name="libs.jaxws21.maven-pom" value="" />
    <property name="libs.spring-framework.maven-pom" value="" />
    <property name="sun.boot.class.path" value="C:\Archivos de programa\Java\jdk1.6.0_10\jre\lib\resources.jar;C:\Archivos de programa\Java\jdk1.6.0_10\jre\lib\rt.jar;C:\Archivos de programa\Java\jdk1.6.0_10\jre\lib\sunrsasign.jar;C:\Archivos de programa\Java\jdk1.6.0_10\jre\lib\jsse.jar;C:\Archivos de programa\Java\jdk1.6.0_10\jre\lib\jce.jar;C:\Archivos de programa\Java\jdk1.6.0_10\jre\lib\charsets.jar;C:\Archivos de programa\Java\jdk1.6.0_10\jre\classes;D:\Archivos de programa\NetBeans 6.8\profiler3\lib/jfluid-server.jar;D:\Archivos de programa\NetBeans 6.8\profiler3\lib/jfluid-server-15.jar" />
    <property name="javac.target" value="1.5" />
    <property name="built-jar.properties" value="D:\mpII\trunk\EjemplosMPII\build\built-jar.properties" />
    <property name="build.test.classes.dir" value="build/test/classes" />
    <property name="src.dir" value="src" />
    <property name="libs.IdentityAntTasks.javadoc" value="" />
    <property name="sun.awt.keepWorkingSetOnMinimize" value="true" />
    <property name="libs.jsf20.src" value="" />
    <property name="profiler.settings.instrument.method.invoke" value="true" />
    <property name="libs.jsf12.src" value="" />
    <property name="libs.JAVADB_DRIVER_LABEL.maven-pom" value="" />
    <property name="nbplatform.default.netbeans.dest.dir" value="D:\Archivos de programa\NetBeans 6.8" />
    <property name="libs.struts.javadoc" value="D:\Archivos de programa\NetBeans 6.8\enterprise6\docs\struts-1.3.8-javadoc.zip" />
    <property name="jaxbwiz.endorsed.dirs" value="D:\Archivos de programa\NetBeans 6.8\ide12\modules\ext\jaxb\api" />
    <property name="jspctask.classpath" value="D:\Archivos de programa\NetBeans 6.8\enterprise6\ant\extra\jspcompile.jar" />
    <property name="profiler.settings.override.working.dir" value="" />
    <property name="profiler.settings.istrument.getter.setter.methods" value="false" />
    <property name="dist.dir" value="dist" />
    <property name="libs.groovy-all.javadoc" value="" />
    <property name="profiler.session.class.name" value="ejemplosmpii.MiClaseDeEjemplo" />
    <property name="profiler.settings.profile.underlying.framework" value="false" />
    <property name="javac.fork" value="false" />
    <property name="libs.groovy-all.classpath" value="D:\Archivos de programa\NetBeans 6.8\groovy2\modules\ext\groovy-all.jar" />
    <property name="libs.EclipseLink-GlassFish-V3.maven-pom" value="" />
    <property name="java.awt.printerjob" value="sun.awt.windows.WPrinterJob" />
    <property name="default.javac.source" value="1.6" />
    <property name="profiler.session.java.version" value="jdk16" />
    <property name="debug-transport-by-os" value="dt_shmem" />
    <property name="libs.EclipseLink-GlassFish-v3-Prelude.maven-pom" value="" />
    <property name="libs.MySQLDriver.src" value="" />
    <property name="sun.jnu.encoding" value="Cp1252" />
    <property name="profiler.settings.obj.alloc.stack.sampling.depth" value="0" />
    <property name="java.runtime.version" value="1.6.0_10-rc2-b32" />
    <property name="build.test.results.dir" value="build/test/results" />
    <property name="libs.ejb3-persistence.javadoc" value="" />
    <property name="manifest.available+main.class+mkdist.available" value="true" />
    <property name="profiler.session.class.path" value="lib\log4j-1.2.16.jar:build/classes" />
    <property name="libs.EclipseLink-GlassFish-V3.src" value="" />
    <property name="default.javac.target" value="1.6" />
    <property name="libs.junit_4.classpath" value="D:\Archivos de programa\NetBeans 6.8\platform11\modules\ext\junit-4.5.jar" />
    <property name="user.timezone" value="Europe/Paris" />
    <property name="libs.Java-EE-GlassFish-v3-Prelude.wsinterop" value="" />
    <property name="libs.Comet-GlassFish-v3-Prelude.maven-pom" value="" />
    <property name="libs.javaee-endorsed-api-6.0.maven-pom" value="" />
    <property name="libs.JAVADB_DRIVER_LABEL.javadoc" value="" />
    <property name="netbeans.dirs" value="D:\Archivos de programa\NetBeans 6.8\nb6.8;D:\Archivos de programa\NetBeans 6.8\ide12;D:\Archivos de programa\NetBeans 6.8\java3;D:\Archivos de programa\NetBeans 6.8\ergonomics2;D:\Archivos de programa\NetBeans 6.8\xml2;D:\Archivos de programa\NetBeans 6.8\apisupport1;D:\Archivos de programa\NetBeans 6.8\webcommon1;D:\Archivos de programa\NetBeans 6.8\websvccommon1;D:\Archivos de programa\NetBeans 6.8\enterprise6;D:\Archivos de programa\NetBeans 6.8\mobility8;D:\Archivos de programa\NetBeans 6.8\profiler3;D:\Archivos de programa\NetBeans 6.8\ruby2;D:\Archivos de programa\NetBeans 6.8\python1;D:\Archivos de programa\NetBeans 6.8\php1;D:\Archivos de programa\NetBeans 6.8\visualweb2;D:\Archivos de programa\NetBeans 6.8\soa2;D:\Archivos de programa\NetBeans 6.8\identity2;D:\Archivos de programa\NetBeans 6.8\uml6;D:\Archivos de programa\NetBeans 6.8\harness;D:\Archivos de programa\NetBeans 6.8\cnd3;D:\Archivos de programa\NetBeans 6.8\dlight2;D:\Archivos de programa\NetBeans 6.8\groovy2;D:\Archivos de programa\NetBeans 6.8\extra;D:\Archivos de programa\NetBeans 6.8\javafx2;D:\Archivos de programa\NetBeans 6.8\javacard1" />
    <property name="manifest.available+mkdist.available" value="true" />
    <property name="libs.jsf20.javadoc" value="D:\Archivos de programa\NetBeans 6.8\enterprise6\docs\javaee6-doc-api.zip" />
    <property name="java.ext.dirs" value="C:\Archivos de programa\Java\jdk1.6.0_10\jre\lib\ext;C:\WINDOWS\Sun\Java\lib\ext" />
    <property name="libs.metro.src" value="" />
    <property name="libs.absolutelayout.classpath" value="D:\Archivos de programa\NetBeans 6.8\java3\modules\ext\AbsoluteLayout.jar" />
    <property name="excludes" value="" />
    <property name="libs.restlib.maven-pom" value="" />
    <property name="libs.metro.classpath" value="D:\Archivos de programa\NetBeans 6.8\ide12\modules\ext\jaxb\activation.jar;D:\Archivos de programa\NetBeans 6.8\enterprise6\modules\ext\metro\webservices-api.jar;D:\Archivos de programa\NetBeans 6.8\enterprise6\modules\ext\metro\webservices-extra-api.jar;D:\Archivos de programa\NetBeans 6.8\enterprise6\modules\ext\metro\webservices-extra.jar;D:\Archivos de programa\NetBeans 6.8\enterprise6\modules\ext\metro\webservices-rt.jar;D:\Archivos de programa\NetBeans 6.8\enterprise6\modules\ext\metro\webservices-tools.jar" />
    <property name="apple.laf.useScreenMenuBar" value="true" />
    <property name="java.class.path" value="D:\mpII\trunk\EjemplosMPII\lib\log4j-1.2.16.jar;D:\mpII\trunk\EjemplosMPII\build\classes;D:\Archivos de programa\NetBeans 6.8\platform11\modules\ext\junit-4.5.jar;D:\mpII\trunk\EjemplosMPII\build\test\classes;D:\Archivos de programa\NetBeans 6.8\java3\ant\lib\ant-launcher.jar;D:\Archivos de programa\NetBeans 6.8\java3\ant\lib\ant.jar;D:\Archivos de programa\NetBeans 6.8\java3\ant\patches\72080.jar" />
    <property name="libs.Java-EE-GlassFish-v3-Prelude.wscompile" value="" />
    <property name="do.mkdist" value="true" />
    <property name="libs.absolutelayout.src" value="" />
    <property name="profiler.settings.instrument.empty.methods" value="false" />
    <property name="os.version" value="5.1" />
    <property name="application.args" value="" />
    <property name="profiler.session.java.executable" value="C:\Archivos de programa\Java\jdk1.6.0_10\bin\java.exe" />
    <property name="main.class.available" value="true" />
    <property name="libs.toplink.javadoc" value="D:\Archivos de programa\NetBeans 6.8\enterprise6\docs\javaee6-doc-api.zip" />
    <property name="sun.desktop" value="windows" />
    <property name="libs.restlib.javadoc" value="D:\Archivos de programa\NetBeans 6.8\enterprise6\docs\jersey-1.1.4-javadoc.zip" />
    <property name="libs.eclipselink.classpath" value="D:\Archivos de programa\NetBeans 6.8\java3\modules\ext\eclipselink\eclipselink-2.0.0.jar;D:\Archivos de programa\NetBeans 6.8\java3\modules\ext\eclipselink\eclipselink-javax.persistence-2.0.jar" />
    <property name="platforms.JDK_1.5.bootclasspath" value="C:\Archivos de programa\Java\jdk1.5.0_16\jre\lib\rt.jar;C:\Archivos de programa\Java\jdk1.5.0_16\jre\lib\i18n.jar;C:\Archivos de programa\Java\jdk1.5.0_16\jre\lib\sunrsasign.jar;C:\Archivos de programa\Java\jdk1.5.0_16\jre\lib\jsse.jar;C:\Archivos de programa\Java\jdk1.5.0_16\jre\lib\jce.jar;C:\Archivos de programa\Java\jdk1.5.0_16\jre\lib\charsets.jar;C:\Archivos de programa\Java\jdk1.5.0_16\jre\classes;C:\Archivos de programa\Java\jdk1.5.0_16\jre\lib\ext\clibwrapper_jiio.jar;C:\Archivos de programa\Java\jdk1.5.0_16\jre\lib\ext\dnsns.jar;C:\Archivos de programa\Java\jdk1.5.0_16\jre\lib\ext\jai_codec.jar;C:\Archivos de programa\Java\jdk1.5.0_16\jre\lib\ext\jai_core.jar;C:\Archivos de programa\Java\jdk1.5.0_16\jre\lib\ext\jai_imageio.jar;C:\Archivos de programa\Java\jdk1.5.0_16\jre\lib\ext\localedata.jar;C:\Archivos de programa\Java\jdk1.5.0_16\jre\lib\ext\mlibwrapper_jai.jar;C:\Archivos de programa\Java\jdk1.5.0_16\jre\lib\ext\sunjce_provider.jar;C:\Archivos de programa\Java\jdk1.5.0_16\jre\lib\ext\sunpkcs11.jar" />
    <property name="profiler.settings.settings.name" value="Analyze Performance" />
    <property name="java.awt.graphicsenv" value="sun.awt.Win32GraphicsEnvironment" />
    <property name="libs.beans-binding.javadoc" value="D:\Archivos de programa\NetBeans 6.8\java3\docs\beansbinding-1.2.1-doc.zip" />
    <property name="java.vm.vendor" value="Sun Microsystems Inc." />
    <property name="profiler.info.jvmargs.agent" value="-agentpath:D:/Archivos de programa/NetBeans 6.8/profiler3/lib/deployed/jdk16/windows/profilerinterface.dll=D:\Archivos de programa\NetBeans 6.8\profiler3\lib,5140,10" />
    <property name="libs.GWT1.6.4.javadoc" value="D:\cursos\ipsa\software\gwt-windows-1.6.4\doc\javadoc" />
    <property name="libs.CopyLibs.classpath" value="D:\Archivos de programa\NetBeans 6.8\java3\ant\extra\org-netbeans-modules-java-j2seproject-copylibstask.jar" />
    <property name="ant.file.-profiler-impl" value="D:\mpII\trunk\EjemplosMPII\nbproject\profiler-build-impl.xml" />
    <property name="libs.spring-webmvc.maven-pom" value="" />
    <property name="run.jvmargs" value="" />
    <property name="libs.ejb3-persistence.classpath" value="D:\Archivos de programa\NetBeans 6.8\java3\modules\ext\hibernate\ejb3-persistence.jar" />
    <property name="libs.spring-framework.javadoc" value="" />
    <property name="libs.PostgreSQLDriver.classpath" value="D:\Archivos de programa\NetBeans 6.8\ide12\modules\ext\postgresql-8.3-603.jdbc3.jar" />
    <property name="libs.jsf12.maven-pom" value="" />
    <property name="libs.junit.src" value="" />
    <property name="main.class" value="ejemplosmpii.MiClaseDeEjemplo" />
    <property name="build.dir" value="build" />
    <property name="libs.CopyLibs.src" value="" />
    <property name="ant.version" value="Apache Ant version 1.7.1 compiled on June 27 2008" />
    <property name="file.encoding" value="Cp1252" />
    <property name="build.classes.excludes" value="**/*.java,**/*.form" />
    <property name="javadoc.nonavbar" value="false" />
    <property name="platform.active" value="default_platform" />
    <property name="profiler.settings.cpu.profiling.type" value="0" />
    <property name="awt.toolkit" value="sun.awt.windows.WToolkit" />
    <property name="libs.GWT1.6.4.src" value="" />
  </properties>
  <testcase classname="es.ceu.mpII.colecciones.bombo.BomboLoteriasTest" name="LePido3BolasYMeDevuelveSeisDistintas" time="13.282" />
  <system-out><![CDATA[9168
27720
61561
66261
71438
36474
70144
41868
81482
23096
51822
84433
14653
45125
82560
95609
87749
16929
98694
82449
15407
69082
70385
5529
22213
7342
73985
37872
14715
51726
58947
19151
37437
60396
99712
27971
31743
61049
76161
84265
84438
84380
96122
15778
22632
61198
25984
81411
18081
21227
50468
99715
49319
54263
78935
74950
71964
44357
73867
11578
65951
535
81800
21904
10028
39066
52586
73358
9539
9073
55643
38938
59969
48723
48318
39322
46975
54
2294
61977
33988
10595
54100
94991
52565
31685
51579
71941
53134
67852
81547
17229
24714
40240
21072
25244
41809
32682
95021
16291
58021
70290
69414
93972
98304
52178
58795
72573
52473
32669
95281
3502
36032
56816
56264
77787
84642
14671
97709
54558
49862
29388
9084
96683
15164
52297
31038
5413
21978
51066
16461
83528
95554
27141
70672
22041
3939
49254
74545
47212
26978
93799
64596
23298
27024
97762
17899
28721
4319
19166
93635
90559
67178
72177
34759
2829
73519
4571
34746
2564
11424
24279
23241
10938
24391
89218
15784
95691
69960
79420
78321
4930
22989
69085
96525
39055
29131
57348
58490
84684
21974
52309
20343
41178
31500
54508
32974
8854
16876
79574
31057
6221
83375
48007
52313
40931
89194
32061
98503
42537
36378
59501
68643
12081
70255
10751
25959
77612
49247
24744
34997
60869
59232
72860
64943
92663
50753
38719
88750
54844
6648
42299
87510
80444
77751
94592
91418
37868
8908
37176
86338
99739
84322
66571
49355
55284
5927
36988
33324
74617
321
32704
83751
22395
91352
32912
46194
46368
29238
87957
68574
24371
57364
63465
20505
2033
68581
26287
13832
85357
25350
98227
91712
32414
48481
79955
3685
44358
10530
37820
12403
38515
9484
45724
13237
1334
25842
596
31420
2064
57639
8789
88357
5410
5146
26373
76043
52772
76007
70472
7589
60339
86806
91492
21061
29562
4326
18305
2852
71689
45644
497
74446
31070
6107
27897
40846
41049
78893
58628
29904
39466
27342
4483
18814
79441
27280
90878
27323
47910
96376
26835
77449
62116
30812
8893
27990
22224
33280
21104
87827
46331
97680
49280
38974
82627
92529
6451
60554
94373
93226
20632
14580
16271
70640
24380
26858
41811
91616
99044
32495
10110
63351
27877
30902
94427
60251
73085
78458
85070
29796
81833
51917
2432
45293
39991
42094
38243
29754
44788
21057
55955
91592
79149
95013
15515
59010
45863
2987
46487
38542
28275
91549
32718
48888
54872
92501
18646
36448
71172
85782
51285
50876
87210
85926
7454
23712
73992
18707
70987
69076
66263
66412
74389
24075
97085
6046
10346
42850
67669
60196
43695
70626
48042
69509
60232
75249
38997
12516
96222
17825
86163
10784
7663
95323
65385
10957
61623
30996
58756
2599
15184
23913
12821
84192
66038
95263
11628
49627
46853
83829
65286
78879
80821
97576
567
58651
13952
90801
42306
94120
76450
15777
26179
77899
93789
46805
96892
86202
93593
81419
69820
40854
56857
35685
50735
99021
95830
94770
81893
273
1226
4874
98913
10127
23736
1728
97384
80356
96978
3275
69
93803
20953
45485
76159
92310
64288
29145
62720
48243
6559
59067
75237
23532
70879
18913
81464
35886
61721
88380
79567
88955
77976
24344
94653
9033
90421
60668
11591
94637
96310
76490
25979
31799
26849
93267
86009
26286
70811
3555
41522
98682
2944
514
99141
10542
25217
50111
56403
83256
8266
74067
89374
1911
90487
8031
47428
7411
18497
20392
82639
79494
73392
20696
96641
73649
88150
78818
86855
32065
64390
88948
73002
82958
2590
16006
59177
65721
89195
29331
9244
92893
82939
20820
63754
57831
91799
7831
27093
51595
63858
51829
7372
33773
90616
72399
7328
31709
14549
5554
56522
33246
51556
25503
35721
32612
11704
79287
41805
54746
75778
26114
65008
46613
9224
87955
51430
38599
62499
38731
7347
35597
16756
79167
61116
42252
39120
28831
75438
44526
75144
18138
23350
46401
46767
21610
80268
79066
57463
65852
65697
71580
32711
22950
37053
93150
87148
18569
47906
36030
33616
44901
6828
31522
6491
58352
3137
85074
65649
57411
36950
55888
21314
76105
94476
63354
30681
57487
42073
6933
55208
83224
85565
32603
92940
6787
11674
46632
42838
1516
50873
13761
23361
18317
18393
95375
36883
87047
14596
738
3225
50955
2191
52839
39825
12070
39542
2408
87682
99047
87593
58099
98927
71282
63774
16259
97516
96094
40093
65519
43803
22601
68092
60836
44252
32028
61368
92020
90819
87074
31386
35492
39162
62237
41729
52058
74460
69245
65977
1549
42845
74517
13426
67173
47859
61178
38502
41314
3029
62037
6092
66316
61857
87341
1440
83975
51170
75630
50232
68538
62508
51056
54936
25942
22264
31535
3184
81101
37584
57667
6294
14883
35827
6397
72073
85207
1920
99003
80260
16343
38492
30099
56175
74009
97450
73027
20402
51287
60152
7429
41849
48984
23081
76395
83030
82094
26351
72150
22245
30402
61911
22643
70763
20759
46587
8919
33963
82427
74241
43537
48967
96840
36769
20637
21743
93297
55044
71158
61961
81624
50217
68340
20182
6285
4366
5219
18261
10728
93893
11444
86131
80951
97605
58434
4341
19895
94240
75273
77706
64168
82247
43951
47702
74350
24861
43765
73527
63640
32971
11982
61330
66892
95828
7118
73463
22588
54980
515
39131
41956
29610
7387
8763
11909
43652
34710
15328
97931
40593
25966
90210
8796
80853
57486
39487
78015
27351
17531
67160
95022
33432
96847
8452
1532
24340
1338
13423
90097
73710
34068
62167
7623
16693
67596
11979
45356
26888
75924
85814
47032
41409
76128
59714
27295
59739
44757
9768
10261
30105
40774
69959
5708
54289
30578
2713
48938
76908
86789
12000
7812
52587
58665
89160
22906
40928
68938
12129
89071
97397
40876
77374
54070
89050
14851
85606
66155
48671
70118
46503
64983
55428
93479
93696
71995
38963
66833
1729
56573
21032
81417
50178
41810
81033
2630
54282
45855
56610
9464
15106
41571
60035
86920
259
39188
12834
7483
54971
12124
35192
76747
85966
46071
9819
33758
21211
79478
70757
80918
49389
17949
45393
15451
4205
85423
80438
37316
86931
4082
8960
50497
73370
21688
79321
50918
68224
18742
86304
29060
18286
31458
99593
52717
70213
62086
4376
62896
16969
56373
56622
89764
32201
23554
82930
69194
44579
18772
42271
66734
47517
77305
41056
8134
58615
8652
80669
27673
67196
50793
71000
34944
68667
83028
80794
61364
71805
78725
93904
315
67233
8535
99852
91866
30324
76516
12132
30399
27006
42342
16455
41393
51552
68196
96153
57886
79728
9622
45626
13123
43463
36205
73063
21304
93326
22502
51074
40822
99779
69261
37844
22956
90023
27820
83818
22206
39766
14065
57234
10031
45124
61408
95163
27538
57650
75210
62171
69574
5938
68886
45252
92409
45750
8118
65098
78843
97635
92550
65716
91278
90891
59803
70773
36263
89164
7503
30899
90742
18721
87958
21123
43646
39708
39900
90697
15821
21148
58875
76256
34547
78850
45211
79497
40505
86820
47057
44339
38857
49129
65341
29918
12334
21303
35389
91925
85819
46776
54443
83084
82429
13902
37509
68781
69851
98803
52052
63692
29246
46985
34741
78799
17273
94656
31586
43390
94587
16200
99034
24124
27989
58556
70842
5948
77781
18202
41876
57472
26892
36900
73954
24023
3704
28692
65051
71588
16881
83323
60389
51559
79562
38530
47356
83588
12192
82007
56704
34459
53144
67728
76985
27871
86906
45875
97027
62683
38258
94808
61002
46091
7109
59618
94645
21399
51370
39694
63230
20653
12577
63439
92218
79134
46752
15035
82172
82473
42461
46822
3721
97783
75371
2205
48088
82425
8283
63558
93841
24458
1465
1588
13222
47629
84041
86930
11489
60006
42806
39864
55877
63209
5308
90712
62144
77884
40126
29608
50514
68530
33777
39459
92437
65639
96365
56580
83144
55943
63502
74927
23814
92005
9226
65566
1922
26900
12716
32775
39917
82369
98026
33822
54017
41423
44763
77719
70937
30421
87041
18533
47861
58408
43779
83680
38129
75217
26875
256
36130
48126
2606
37712
67502
27176
53792
38558
81022
89527
44809
28084
569
26841
40090
42024
98858
85247
48411
68503
83603
93785
7057
51015
40960
46390
44367
88468
34694
72951
32210
58457
18881
14458
32861
21889
25627
85063
67124
84853
58931
39624
81511
9985
20423
17188
6279
21999
33501
82180
93189
41553
36045
71860
43814
57497
59627
72823
53953
94006
20560
26758
77919
13291
80869
36264
37579
20008
21118
39818
68121
27392
84191
87840
7491
59896
68177
85942
18828
51477
25127
87752
85375
41368
84517
88801
31617
79690
89410
43521
45520
77801
50794
14372
63823
42584
98937
76965
88563
24
31143
43228
81457
57827
94197
86450
42580
67476
55928
4905
69064
87920
37892
68187
40055
35268
21365
88400
85635
8130
47440
65071
61810
35779
78733
17780
95075
4153
486
97936
49590
65751
65688
5108
65875
60503
45186
11380
59273
11496
9984
76652
43848
2462
73327
24027
39844
77679
1954
50452
76673
37528
96895
23273
65356
44019
78580
69386
64159
34348
23561
59144
18515
90918
27541
14295
33206
5637
93410
76570
34135
45119
88975
69075
48384
3622
39532
90624
7492
31115
51207
72107
23750
45240
21700
61714
59892
73160
21197
52854
70681
67320
5234
54208
66710
61034
45237
72483
67378
64395
63751
76666
37981
19470
32676
98934
35383
57169
19301
17475
16667
9833
88490
66429
78474
27279
69507
96707
984
81923
65737
23829
71001
79427
81168
71676
62393
72662
93723
42051
86164
71562
97100
17125
90117
34172
68767
60175
9853
87644
81792
68948
44576
50943
41413
39499
73668
11938
13790
72248
31092
5073
74992
28560
48651
90390
88163
396
9042
28871
4756
52901
61968
8749
67759
92877
35160
47510
13684
79208
49794
65072
30360
35675
56657
60662
81452
11825
30528
54594
37343
22291
22163
29956
57503
57454
63550
90355
65872
25880
96315
13321
58123
98884
93034
78343
95414
48658
23148
98823
33086
8795
27699
16074
91717
16529
88529
12553
97973
50790
91413
91116
18869
5752
15357
57106
449
32530
40676
19615
93989
17578
25634
56800
92311
79087
82990
4676
24162
11654
3433
4369
27525
46592
19100
49749
66999
36320
87875
92096
30126
84737
23021
78751
6063
31563
81840
77018
90629
71279
74622
33372
33923
77399
66997
41579
15868
45828
83203
54670
35149
6773
32700
56935
28406
5367
38309
40152
2707
69711
18816
16405
75379
59418
56581
64240
3834
50861
99749
39083
40804
44926
9109
33540
66592
73259
40080
21188
87064
52726
75241
43148
82663
29166
85270
86659
2847
66907
20250
18935
44562
80287
94479
69772
96906
20843
16810
81402
6459
83885
56036
75634
24694
13984
59861
86098
93458
82493
47168
20248
31172
6039
56077
64008
7367
49335
78563
14299
65939
8043
26936
89361
13407
26145
47302
65834
91323
50905
39798
32737
29929
40220
335
42028
5653
37111
82194
31553
81209
81460
65630
19563
83067
11800
48726
5098
15215
23471
51558
98670
26214
58357
67795
83027
86646
55706
28611
83728
29952
23402
91304
3900
73293
65138
65526
47052
65733
48251
81284
9120
22842
27386
55948
53084
80144
18929
71629
6156
30893
52659
42687
90841
88690
83846
2528
87775
87627
95476
73162
56947
59368
16925
996
49189
76758
97746
74639
43792
65915
11776
65684
64834
29189
69048
44663
83261
93139
61455
36718
64403
46819
80554
11251
63134
76337
62504
53216
73328
50569
26906
22614
55240
52484
29757
12972
87182
83074
5126
51614
46002
19438
21433
40109
8759
8516
55036
54914
65663
12832
76245
52667
58238
35316
42999
65859
11275
55901
73759
44711
21316
44013
70240
33496
6900
37361
91804
96244
49912
13776
4528
76810
9287
29123
64583
90166
42314
95322
48506
74069
4548
10076
26678
37526
16970
97664
65416
8624
77383
54115
64107
15678
3844
99875
91932
26394
23543
59535
54944
45594
84955
59504
60844
87629
12606
67900
96194
40719
55754
69542
9836
50453
44115
64539
98118
18036
30203
8647
99203
25851
16734
70934
81081
9489
87889
30497
68428
76715
60399
60126
852
7144
77328
19698
36990
99919
80353
57039
40836
84386
40631
73711
74599
24597
52101
13917
56854
88197
36780
20910
59483
63270
6694
20361
58770
41111
13502
4633
35919
349
51000
3162
53749
24864
8397
35790
62228
26239
21565
88428
229
37070
69300
36938
60719
42790
10710
40911
55195
54327
47197
35019
37014
2155
69740
26723
90916
45591
66441
3287
58735
57947
54977
72169
1910
93337
2664
88291
96907
16038
41861
5913
72867
74316
9408
89452
17769
99202
99094
89467
77577
97496
45332
72654
30835
47165
99265
25721
31906
24854
86812
87730
55968
14880
26493
53702
84502
67968
11054
75316
42308
49546
68675
45041
50302
40385
83970
3129
71084
44856
97988
34912
85934
79310
50536
87637
18647
45612
56270
23658
92480
84034
15133
33021
4217
102
60824
36122
45789
41686
17558
48046
18570
25044
84626
55104
29272
59503
71541
66071
75215
95568
412
96323
41230
6809
78141
88424
10197
81589
68022
54677
18
8969
42295
74866
22963
43804
68742
30226
8210
65204
71463
13284
12329
46370
35324
84491
79223
16907
53042
8777
81541
54233
89362
40517
65311
38300
61463
34360
32021
64397
71499
92027
4247
39248
4426
9733
63453
86337
45885
53091
90720
3028
24619
71066
2397
94412
67820
1518
97185
3302
83470
48594
42658
22232
68036
99191
35016
12950
36564
59303
67602
16457
95544
63176
91295
15785
9720
45678
61209
59513
23353
87127
91361
41984
64598
248
87180
38310
5203
84521
9341
49709
16359
47678
52943
76665
67170
5933
11693
28419
9101
28203
9155
32006
1875
90065
88777
34095
78695
96657
58761
44251
38306
73605
74045
80034
77606
43262
82942
22661
27120
23788
4079
79245
17369
37518
81167
62970
50513
43745
84652
11237
71517
26249
2722
64545
14358
86274
92374
24709
41271
34290
86321
50975
37284
24353
68842
41483
20441
25573
80932
78404
19864
15256
94917
27870
80957
11660
7999
78214
68875
38453
9557
94715
89881
52999
85215
51209
71187
87466
73608
37008
63835
27961
5022
90746
50440
8301
35738
6776
80921
7401
15630
42671
79551
51377
99801
10886
79555
22429
59807
54770
2066
74022
53226
88520
88562
67005
12580
27728
54166
67950
93350
2229
78393
90225
49871
65987
40857
96243
51719
26871
19389
12120
25545
54615
4135
12189
20811
25207
99433
65723
50815
19173
37270
86469
84937
46584
13865
93999
69291
96651
6310
71972
83156
98296
63020
45266
82490
46541
18777
3998
18344
94079
33001
14357
5363
34558
3802
98967
30012
76687
84556
27722
50342
80099
13380
39468
53972
624
32384
97721
88913
67420
5210
46697
87246
72384
43327
7267
84993
29489
77624
9320
86905
27892
7083
47793
99763
79240
99896
7253
9331
32455
63223
86243
78633
41052
31089
46050
69039
48633
4056
61838
98807
90052
56110
51043
75699
97167
46812
21913
39258
33826
60020
67746
7091
22863
69480
33024
22681
43317
6473
85721
29085
13150
66658
21479
18489
3658
65284
40182
86414
72752
68172
88925
52423
46382
20126
824
97702
27859
24823
1336
8361
55916
58593
71302
81796
36705
9921
29089
74598
97792
38544
35887
40139
18136
75647
99586
50909
69776
97963
49695
12025
99856
46299
8800
13532
53014
51751
65473
56789
7037
37466
98533
81304
91016
37647
97062
96810
91397
21493
73258
43949
40277
22899
78216
14154
90523
24019
3787
76104
11757
64808
23965
97703
82591
62232
25259
56058
87503
14147
16132
51782
79882
87928
68295
61950
83927
84624
2207
10107
40695
6445
38271
72204
82313
91465
11270
93427
98506
16022
46197
73914
28770
46347
61415
8914
56689
66672
33377
41748
99380
56503
59771
94301
64810
58298
94689
55297
96708
55801
99114
97068
54518
33709
46889
34193
41892
41912
78621
21557
85340
82634
27408
92706
8641
81957
65868
63075
45035
81490
34780
9937
67195
53196
84787
15390
1201
96969
88477
21097
8585
7997
78634
92429
88640
65953
21680
94635
57963
61771
18760
76333
41025
84271
39152
98863
59850
34674
14719
5545
51939
85352
61272
430
6123
87740
13220
52302
66308
19091
97379
48951
80273
4254
59441
75240
44349
81216
10460
17709
83382
41870
37332
92837
37907
58245
51728
17501
91306
12668
33847
75969
57113
15100
65123
17762
85022
20374
94341
47991
55017
26535
36556
53898
71015
54528
5402
67135
62204
43322
50359
83633
74756
68836
57475
77472
10313
8071
59593
25914
68233
13151
74969
33828
64996
19255
40881
97145
4704
60850
22829
84872
91153
43484
88279
56024
15800
53801
85054
91722
49924
94644
62378
24076
70607
78264
56825
35854
29914
3086
86224
88565
60104
75372
80831
90024
30130
81737
49441
6815
72631
98240
14656
90513
3986
37104
55315
17829
40768
39663
54638
50157
32209
55083
23425
32563
74530
74657
48439
96493
19632
47042
80021
19647
12133
24037
78889
76421
76717
59381
3333
35163
32896
11018
38863
17835
63883
22591
47143
59556
4283
71807
48374
24985
22801
60832
89781
43222
43477
84988
39737
63682
17681
18379
41944
91875
24036
81360
91130
77161
76409
42733
42814
91768
40260
79082
68665
25211
53683
40371
62509
5109
57521
24738
9107
53617
18142
85263
78394
95408
76615
45688
51469
53122
46089
32332
13383
99095
16655
88395
91872
60274
93222
38425
30153
31492
77502
45139
12739
23667
69622
86988
27059
14479
45991
64380
93249
16995
71231
2213
54377
81058
69176
61752
15978
76199
35547
40111
69967
4859
40000
1727
13515
11598
13747
37925
73645
52472
97142
95056
95845
79434
77712
77767
19783
12486
15513
3110
86176
4035
81129
75575
10618
39408
95978
92844
45197
13470
73035
35469
16367
76432
72651
52331
90226
99121
91681
55858
97658
2810
68557
48600
30333
94005
82338
79470
47988
2602
25195
5466
67127
71271
44909
41941
58206
3492
39727
62867
77263
16579
21394
97908
96873
22664
14697
84494
59225
14561
18315
97690
11073
49684
62429
15422
9094
17831
67451
74560
46848
74915
66676
1356
73466
10424
99891
65652
12819
87394
10968
11436
2128
65403
6286
88036
42972
96118
25024
4329
64742
91732
21809
27465
33585
42924
84830
32282
34992
69633
12109
66293
79146
63709
85919
37543
77292
67823
96781
76873
41547
84278
21315
2824
26917
40917
20369
50249
1476
35784
28564
74377
4556
37156
56992
99325
8774
60581
40010
59363
61674
13737
83171
7236
59472
53157
40720
81855
21274
10171
21890
82086
34852
46103
86543
48608
69325
17871
1850
27745
24309
78197
48043
96763
9090
70963
13590
97717
60794
82067
30244
55540
45814
36843
99945
48534
28543
37988
36232
18107
36618
96529
25949
37375
51230
98303
87888
47684
18350
36998
61920
94966
17398
74048
49866
20418
57253
52628
64228
71323
66392
48196
41037
71804
66554
19853
97079
49138
44201
78004
46475
6762
85415
40718
62281
63661
88159
41645
49174
80395
22619
84063
1822
1223
95744
51676
79072
50117
84850
38077
6280
43047
31947
60345
10703
60993
98988
31463
8133
29587
63316
24499
65082
58251
23195
70509
15351
56399
76061
14464
967
59603
34207
11349
89987
1420
63993
63630
50344
92258
4309
52522
26336
83449
61248
25526
26053
2371
57730
25455
71309
93563
37525
22341
49504
5723
20756
92975
90234
22053
4940
84979
62539
86380
63016
91119
89329
92730
5965
99537
5116
96160
98928
3313
90323
16444
12564
50932
1618
73177
96519
49516
63337
79867
9358
87852
11164
50223
35458
53826
91110
20190
74353
67101
99895
52624
4327
53424
58087
21380
63520
60759
80126
63792
8316
38452
24936
38354
71925
32184
50620
29121
89677
28283
2738
33659
56237
99660
12584
91503
81098
15863
1304
35114
9059
7774
62815
84927
20903
50325
82145
82213
34094
13997
82185
85667
74355
93601
26437
30339
68400
35306
75221
31178
35804
28582
57477
6288
22465
14023
81376
28315
48972
99483
47998
18152
50837
81013
29111
76047
12034
359
82443
31790
37189
61270
88832
71037
83159
53964
59206
24598
84469
10693
53447
44914
3092
76062
26628
85657
65641
93954
71392
78248
73572
57717
21151
63837
70750
72926
82285
51197
47746
24305
28551
36080
42702
93582
78484
55451
60136
71003
67046
82901
57074
73331
21993
64246
15340
78242
30555
51690
32624
25052
48060
34436
91845
61552
16754
16781
56133
44525
86373
80616
66206
29612
27356
3289
32990
34456
77232
15664
9257
19918
2540
23931
7461
52900
12372
1450
83013
6032
81641
77985
64484
39877
54593
71754
79372
29889
17751
94275
3503
20941
31788
46605
28556
11695
34073
64960
61972
40053
19217
34474
83801
71148
32126
61260
74239
68566
64283
30049
79644
10498
53241
4622
50755
23170
9992
60323
80801
56989
6847
38067
7613
92840
70614
12027
18493
42099
18908
47724
77370
19469
7203
37541
10100
32902
15687
33254
43658
96273
64077
8482
41851
65993
70745
71635
1538
34875
65761
7272
23409
8366
11836
65585
51705
12171
56325
66244
41155
24557
58591
75734
16812
96278
96182
60419
24928
78069
35722
41731
63896
9967
14690
52113
78798
12128
21100
85339
31819
79719
11488
53284
78630
88592
91047
15202
9645
46688
21975
24138
64641
55521
51189
57499
99526
33005
17985
38829
27115
80440
40140
91331
92903
26096
8234
42753
43612
40131
30653
11975
42165
8818
27580
31226
32037
21398
47758
2526
1810
4910
68769
34000
27234
51527
66214
90278
479
646
95866
51101
64733
93352
27803
56218
80639
83125
75386
9532
7891
56141
32729
60351
71022
92794
84629
38424
39602
62773
84061
63358
67465
4357
16930
11592
80175
47443
15843
66369
99353
12853
22498
45247
83215
45453
20301
72619
8188
75702
77499
86678
2375
3468
74281
17782
20329
31592
45853
39250
43476
74596
74212
406
20033
12843
69692
46633
19305
54346
61211
7158
27191
89114
17059
31822
57450
20555
89095
10235
69418
12261
26662
22462
90551
75645
72451
12361
40136
2652
33640
38753
44642
24160
11254
34002
21212
79534
57030
96101
79600
24352
28409
33539
96201
27584
35433
91575
65166
33267
79242
795
8904
83035
1834
12076
32482
92669
35096
86351
97907
33624
25912
26073
65441
57476
22166
38723
85583
55207
17685
46852
11258
41124
31594
89304
49658
25647
82993
28157
26597
24681
99132
48814
3003
62687
11495
22735
81076
63405
24183
62469
70599
86780
22699
27130
97392
46711
82767
97696
18810
83483
58618
71152
83435
68952
77113
15522
8364
89130
86594
47219
87006
91498
97398
79148
735
30424
58342
44886
65772
52656
41060
69054
60131
60633
7982
76610
55224
575
19742
95705
61057
28472
4757
41085
95643
49865
81404
72128
14491
40999
54845
43135
7632
75392
39785
64582
11743
39846
67517
44460
74493
83911
67464
81964
91097
47901
62149
65203
82683
47919
92592
19157
65609
79642
57385
92836
53357
13178
33362
9722
98711
65158
48691
53686
28281
33842
60867
76046
8597
90032
2681
4000
90741
93946
14534
10988
4962
99760
11497
69227
89501
98386
7917
88480
67704
96506
1194
6305
39797
27463
63868
98577
46105
5128
17329
10151
41590
29667
44200
52165
80758
59873
21533
2239
38285
7218
213
99989
88966
36861
14330
79673
13884
17603
49165
10761
16365
21098
91658
24816
38491
58729
39050
4382
41985
55784
34976
23389
69368
54881
68705
2814
52467
62918
9092
10508
11193
64858
40248
21944
42830
58098
12947
2467
15272
79235
38771
68290
4384
15586
55294
88912
35416
69086
39928
78445
57012
41418
28489
23924
77031
69732
79502
17351
55009
95701
55891
27558
78344
44704
44377
5428
55001
61160
5284
43581
88527
53620
24642
91890
33581
67189
16448
47817
74258
45221
91387
42966
27249
77191
25696
92787
47707
687
92675
31582
67347
64257
54988
74303
88582
94781
83971
52151
62958
77407
26766
97221
99286
15152
13618
94357
56219
76349
43486
8426
32420
28598
84095
58906
92878
7509
15593
61426
18988
62278
70394
13936
90829
8150
70941
78538
92648
89982
48261
26742
13334
1597
98342
72397
76001
48123
63455
42685
75449
10136
28870
53930
33845
41416
15109
49485
87608
51381
52312
88633
31417
72580
90455
61278
57672
70372
63341
20801
63123
17882
44522
83051
13245
96334
92442
79452
46016
40607
29202
97583
96526
73329
30958
36601
90197
38056
89316
60016
94693
14811
70350
15590
50388
23154
76580
51619
22227
537
92102
54226
44531
54584
91291
65952
27424
28620
92510
8772
66529
16751
22477
73486
87858
68578
46090
10102
24595
69033
37947
8207
66822
99029
40738
55636
67758
48872
27997
47525
68408
10117
20000
78713
74754
40347
53209
22814
15516
36422
89625
10700
54355
61453
8844
89596
55500
43826
75652
99538
44303
97946
60257
61754
39956
69653
69668
67082
49266
68221
73109
41190
37131
87850
26598
42782
44820
58657
72217
7969
70305
98352
50761
10684
96495
11635
46821
99413
55811
78462
63398
27349
21436
49040
21452
10821
52056
98838
28544
55807
47847
75380
91589
48330
28026
85124
15388
39153
15466
2338
43094
17677
29598
33877
93683
11732
18691
73071
23369
9390
20148
87177
4764
69844
35043
67636
4612
45019
45447
56412
66705
84073
95192
16313
91813
19641
21156
99259
51210
11483
21434
14058
64925
19373
52857
3761
26882
81179
48932
11995
97601
27195
41973
88553
36017
88622
72452
33477
89669
68796
49077
52311
3629
35514
44775
52041
93155
84139
74786
31345
60679
74603
58243
33700
21880
96035
6191
66494
65155
61299
26967
78512
54682
9306
20362
48521
36709
91451
28346
26623
87601
73468
91359
90078
94125
29800
37120
3254
65781
67683
28024
18400
62071
22512
99542
5291
92976
35211
87984
1560
19598
60605
34514
1490
134
9231
77669
30914
10306
77098
11174
7622
98162
50390
92802
27181
75296
41129
88556
71386
10362
74696
41524
88854
97589
2985
25234
94241
60078
95869
98218
14142
49473
29725
65623
66407
53870
15480
25364
31576
21664
32932
59422
70575
72386
99819
19901
56872
60964
88465
9191
4520
67819
14658
60651
84793
44437
1761
2403
34749
92664
73178
43155
13309
4814
37427
52474
42725
93207
2975
6818
52057
93898
50294
2932
32154
19464
80160
75572
75903
31871
92972
27501
13103
69891
10757
13643
61404
23855
40573
79755
42875
92938
52027
45786
4208
90871
1973
49800
3792
60231
21307
50891
8068
72324
29855
67372
2680
42995
87434
25832
35650
57196
49168
24409
52319
99639
33401
14369
15685
92593
17851
97863
63959
21059
20257
25655
97275
64450
11417
36440
37208
40502
8277
94339
63292
3113
7863
76943
67392
92441
91855
50549
5018
6948
83038
12627
27628
44244
47235
47172
60885
70717
13788
74981
14639
81434
83743
28350
83251
22504
88243
745
27656
58364
45455
63231
26661
99769
77016
79671
21876
77093
55830
1825
88071
54400
17585
42021
50668
99291
424
90340
3913
67970
64265
45995
35248
67321
63629
35103
19289
71888
6490
24481
16967
2172
2133
66764
77870
95407
63825
75443
95754
77190
77876
6971
95980
7274
2476
86547
91916
39649
55186
20860
74349
95243
51169
29550
30112
14487
91776
3233
43017
71643
2952
30877
19046
72854
50328
57161
69681
27340
26210
34935
58080
26141
92017
22806
5392
72336
30629
83155
43305
86918
22752
63190
26761
24807
99626
83419
42732
26545
38470
31381
14900
20725
67422
53367
79853
81346
47706
45753
42241
87816
3715
31542
72367
17259
49786
19383
23655
2365
17230
41550
7163
60124
95692
24930
17712
82225
83117
95758
2026
97633
27654
97726
56187
32322
36120
50694
4816
43870
15347
53294
17272
47206
60145
34828
64185
21967
54621
75445
35046
43387
50137
71613
84622
8032
26747
34097
16860
21039
67930
736
45519
58372
2879
56531
41622
67879
53068
94172
66629
53092
34528
1247
24292
4745
41464
13687
34371
8664
91680
40302
27884
92507
2214
20562
49343
44078
98241
69885
23456
55126
29381
91778
63428
12297
97551
73911
53900
75841
91150
22448
63278
28605
47773
87260
23719
92119
10218
57811
90764
31812
85169
22508
12325
42510
22123
66347
94720
49679
72429
31043
67572
85749
38399
82393
35009
64363
84913
69747
45153
72059
63528
9374
88165
50885
14436
28123
11423
50824
82592
55548
63606
60611
6131
36667
38315
89736
30998
90287
4645
99345
16056
649
93513
53295
63595
40183
15196
72551
90793
97557
5642
74433
61189
30474
39358
83361
36655
27744
81428
45812
68764
53636
38239
84160
6760
2233
98800
54036
29143
94160
55128
7767
30092
6908
17522
60481
4094
40031
8123
43834
94998
20277
75345
51157
32898
90297
10175
12758
63936
4091
86563
63251
53863
92492
42312
24326
69865
28038
1904
9816
68102
90228
84726
79711
95083
95058
14788
21182
48695
59469
10437
63796
52680
52554
36862
83345
27170
61471
91676
12107
98270
13267
32909
33433
56083
87814
88050
23871
76933
21579
65847
36024
32838
85923
3842
50593
64047
24281
2543
70840
87643
45859
47258
68537
76723
65549
46421
42092
49623
46731
93671
82221
96373
1739
84294
76353
21706
73727
72751
11387
64936
65492
39281
27258
66966
65147
18875
62410
7409
34333
24533
32216
25686
67859
5698
71809
91109
23618
37204
12478
53191
39187
50839
43538
38632
20539
34352
45775
29671
87196
73469
23010
38553
69154
12552
27834
17445
26152
40716
60233
84519
47605
61398
90533
19768
43520
47731
90200
36128
27923
32094
55406
94765
90734
99435
6768
35369
94732
46642
61748
51799
30860
11513
33395
6738
59170
20108
59188
48014
43134
26909
26962
74240
48775
63447
96919
31779
27934
79763
40171
26271
47815
98086
28803
12937
80778
48044
20396
2677
59391
70686
68439
94133
56555
82873
40210
70455
75761
33790
53669
72505
57483
33476
83836
94165
88317
15367
38644
58307
8962
15591
66864
50446
83004
60613
8435
72491
71400
19556
893
93414
39916
20704
52841
56790
26057
1667
23708
33734
74454
61676
52977
76378
95789
69255
28280
19788
49256
456
80128
58799
48513
23863
23964
64763
52018
34170
44859
90474
12040
82737
16114
12363
4895
98437
82690
38378
68289
30168
95894
85746
95513
1921
87401
73656
49181
10036
38589
41540
47864
98206
62312
91534
45202
74256
52575
47406
63246
28040
86694
28039
99241
71681
56129
18639
28668
2388
52394
38900
83616
61707
75105
41798
62701
33667
96960
89074
11852
7916
45296
76525
83917
41963
19338
68352
98394
20596
25413
26760
15893
34082
32239
42780
88096
29067
86837
47496
73507
44006
6888
459
62243
37645
82201
43187
74065
39274
74591
94252
39619
95162
16612
58415
32570
41873
23769
2016
37798
3866
71057
64812
20655
68821
8964
1315
94953
67249
81025
43835
79918
96296
29103
57689
10210
84338
29086
26329
34648
60319
54782
28957
32671
77342
69071
6568
71367
7513
21697
89188
81458
14373
47791
22379
78689
73944
93209
51649
49776
18503
99775
70639
97499
80721
8372
8363
77053
57664
31838
9948
57867
38162
72554
26424
84213
96217
86774
9476
90893
92805
67371
35904
42365
25432
42148
14716
81540
54350
28028
20166
33126
34733
96588
79444
29822
61659
28108
29871
96742
30236
67063
47638
87668
81024
32753
95770
4073
96761
43343
88022
51485
33952
87820
98032
10305
51434
72292
24915
30255
53917
16256
13018
4351
16530
5866
58585
21958
44091
94707
15521
55062
50106
26499
83666
23233
33664
4133
74870
2129
41348
30513
76020
19931
38392
80550
44327
18615
91640
92444
78832
43438
8180
88055
29761
51112
74007
76588
75685
66758
12926
44253
59835
44650
15926
23079
5763
49750
75893
38750
69217
221
64682
6711
13777
56521
71846
65857
35410
92973
86972
29405
71946
82200
44365
33962
84869
87804
88976
82792
57001
75994
1154
33879
10677
80508
25881
74314
98741
47511
24739
94894
21779
67681
2527
55087
54876
28335
36603
41403
42764
12849
83347
73260
20206
16
6499
93994
97248
75875
11446
7243
38928
40672
17486
95667
69824
78221
26460
78436
37280
44198
37628
22761
12697
53366
43948
2227
67999
84958
45712
76939
25378
55470
14626
60129
70897
88630
64057
7201
93572
82372
32423
88266
57426
24938
22365
28389
33938
29663
70121
33218
31285
95040
18870
71801
31029
20884
66151
16853
789
18686
93670
16375
68899
30543
70701
79393
60413
48559
35249
18956
67298
58914
62238
51968
58701
42185
56844
90256
36885
25106
39664
52155
22184
49430
27823
34956
17015
77560
57501
61636
18883
45667
98268
43301
50444
18947
40359
7421
79721
19312
24608
55278
59912
66603
64896
462
85282
84337
90184
28450
46510
15775
22697
39404
27263
99170
63810
3554
96548
38566
78126
17331
37098
20419
6205
38347
23605
99560
40910
45960
68487
47034
86449
95784
80109
58291
61817
30368
81818
23291
78553
51093
15665
19292
12376
45866
66928
85243
93192
3081
36255
47566
79679
91165
77629
51474
23290
75602
43400
91073
23480
61380
60575
64300
69777
63995
54351
87374
79662
49363
6681
85326
81766
86870
82262
40783
64448
15820
50751
81266
11339
22650
90173
62799
59487
24040
24627
59870
47066
67698
68655
23489
23586
89049
75744
10097
21762
89520
12738
80739
77043
40490
52150
51204
45856
40508
53476
99733
66386
3415
56308
27994
65458
28114
25746
54628
2588
56666
79869
88885
83774
40137
68297
11515
85248
35688
25656
52504
33448
12683
32933
10308
74987
51239
15993
26893
55455
99513
6966
23834
89140
74188
27374
2548
85984
9687
51727
89576
67138
36766
2616
70705
63127
81608
66309
31919
50227
68877
7869
20153
76705
68835
34269
62713
62955
35299
43037
84888
49556
89182
98578
88900
95953
27020
91628
59942
11476
11662
5815
94390
78327
15835
57327
60360
34087
41433
49784
58349
66474
36484
6791
42897
87444
32917
79722
71312
45958
15884
8414
66916
71666
91895
71818
4544
5493
23983
35965
59365
47349
84140
85097
25270
90896
54986
75390
92391
31209
41779
70175
95998
37115
20073
9865
99022
17817
9669
66419
51825
19262
24190
27089
19739
13501
89335
19871
13758
54779
12239
57643
63252
70210
63734
29211
55783
2297
29027
55214
68344
53422
55183
70898
59986
22660
51256
29848
95817
55129
90735
62583
4358
32261
67847
46092
37306
55969
58413
10944
98000
91237
40912
94100
61841
1500
47193
25273
57308
12052
14227
52448
48925
59490
50023
57920
36510
11156
93387
71316
84097
55000
54614
91933
54756
60085
8293
35466
51367
10723
24349
53248
62871
24347
16219
46022
82582
5839
87300
34880
63275
31489
82687
16121
3552
83374
26228
48866
93065
37506
32238
78526
2374
48083
70566
4909
18598
66665
11542
18724
77151
26647
43840
67018
7484
27635
30966
54259
26643
70545
52583
60130
70109
97941
72232
88531
7440
80529
57326
46712
77754
55949
28589
41536
74656
73804
14954
83378
30149
78823
99398
95781
26729
80590
41110
36901
88588
34111
40934
38421
47383
61320
93653
90495
32107
7284
45938
23415
90385
38288
29911
75320
80728
22068
5567
51927
74840
913
91268
66143
51294
24195
86140
87423
59478
57027
11783
31708
20647
77591
76368
95300
29422
30413
42903
42827
31277
26934
79296
46167
66229
41480
4992
31347
24752
60667
24984
83997
85940
12008
10606
83542
47803
48907
47306
54506
82570
51408
59784
67653
45271
60169
24534
40656
30659
72193
89602
70220
24798
91537
6640
22935
5180
68027
89539
95371
83339
29768
97243
40181
64055
75500
40901
4010
84324
787
73752
90718
2427
4752
12277
67192
8349
67676
21964
49061
56756
55935
65265
24510
17479
6481
73232
21180
40376
92126
5185
2735
90424
86025
18310
93934
53886
22176
24966
79197
90877
60374
66182
84810
18597
95893
90269
91333
68091
21661
66719
6953
54985
86684
53530
58125
13835
15911
90921
33520
85325
9129
76745
11321
75655
15369
78030
63220
46353
39435
43206
31459
10995
78072
16141
24842
90203
60500
95115
89660
56903
5833
39239
69897
30420
25174
34915
90365
79461
64389
34642
57666
69899
52050
57546
52036
87866
73379
46553
81725
98028
31918
46412
13680
47829
89935
76171
85040
89025
29006
52940
13384
12863
45491
10528
84017
47144
1333
99740
21196
2493
78090
75650
13459
94473
83250
21499
69395
33178
42441
88680
90321
30596
76002
11123
84858
19841
36699
50590
67081
27114
33898
63005
62157
84201
38340
73923
59055
30264
35956
75028
75866
84412
16568
38375
86817
20727
95213
64039
79187
34113
20254
93017
79398
66431
43057
98351
19379
38230
4032
48214
643
40712
46897
16391
51438
26143
55613
96127
11370
21725
66782
95050
74056
91944
40207
70508
84606
50431
62437
98374
46910
276
38075
82628
15182
76863
65019
62174
54766
79698
29139
20909
13783
66560
51284
66141
71512
49337
88569
1172
13650
58988
42147
69995
85520
86965
79950
31509
90804
15579
71225
66994
9049
89948
65268
4328
63646
43141
42596
76155
82047
99031
49060
55996
75851
68432
32951
42538
93667
51530
93082
60656
52792
21948
16892
38207
39132
64176
82380
51150
76550
27746
10679
85449
98555
72558
72168
91786
29857
64681
42253
54210
97323
19188
77531
52595
40406
81305
93900
13252
79257
81026
49774
14511
98238
68126
7269
70516
17516
79506
78663
13992
30980
19407
93786
3232
7534
41457
47104
2973
48200
44673
92432
43906
6507
73322
67445
8731
43355
19400
79078
24923
43684
28992
31834
66956
51290
71078
56352
83456
13655
95940
36105
52987
56041
54918
73642
8434
11055
77795
37010
28801
51448
79191
48965
18512
8629
41577
74758
67724
6034
75174
62941
45140
86292
76268
32182
44419
60160
65021
59095
61596
86218
47828
38577
47668
29594
13301
53017
96966
11005
67840
12183
22370
93680
90075
38941
98171
45610
59161
51661
55090
26796
93711
22217
64074
16938
8469
88751
63958
82692
31666
71627
71703
50511
76132
28666
37759
44812
60038
20370
4063
39390
98731
56329
84744
8081
94542
16787
74983
42388
77922
37339
61458
76604
66692
18384
90964
46546
9900
2678
8274
75408
21551
44768
63843
60992
84329
55102
96110
43216
26740
97628
3918
86695
16506
60017
78451
29810
94360
97631
52507
8533
25347
5415
20738
48378
87802
4955
15898
78969
17493
43227
39606
30733
79871
1931
38967
35294
23770
66405
79170
44242
80575
7930
61021
37516
79633
93990
79238
75687
91945
33917
20135
4054
90279
43249
60348
80300
59226
58928
41138
61656
2410
8376
62153
122
13153
43194
35128
48980
65537
32285
66241
13403
73484
30453
92207
11049
46030
22027
98782
27157
88692
71155
53987
43325
23201
37472
56240
59911
64973
16122
10659
79219
20267
27682
42639
98265
98660
37349
21252
49964
23041
68780
47491
9894
60942
21976
77083
48688
95321
96096
40326
56661
11883
96361
45275
12987
9633
52630
62225
71772
93901
33876
45790
71544
67906
23515
45817
64875
40902
3177
23207
87502
75343
74421
92923
71289
77809
41128
5615
27738
40555
21000
76227
45782
7014
20737
96608
76066
18099
72186
33869
90934
54272
19161
72501
95340
8048
48056
77490
60796
28353
82928
82551
58385
28711
15416
89655
2323
68582
22189
63600
53650
45313
31655
68162
66643
74630
8540
2198
28713
8526
66237
20958
32031
27134
84054
31227
47160
10114
98197
37260
97037
29991
43492
53362
88433
29153
86586
28987
52170
55153
1901
72275
55608
56031
54143
23082
41427
97845
79717
69199
64126
90469
55979
37431
63804
12436
66900
90115
34898
46756
35920
8322
72710
17138
78916
27949
11739
65538
57197
50180
5228
89302
35047
26801
7439
96145
92163
82950
79062
84644
56074
35237
56760
93167
76189
89027
68903
63948
76233
15831
45173
52296
56350
99037
29380
10212
57623
79538
67509
28336
47244
32908
69366
23454
65101
52826
91191
51067
96693
99762
33626
63491
80510
55650
69246
82923
84533
60649
54749
4179
97349
82208
5319
47274
13064
20165
28655
71567
66023
37937
9976
96937
37093
78053
53713
10296
16666
34230
68356
81768
40988
40759
4848
25376
41650
32903
6214
90387
25824
29771
91825
18355
90484
98790
88459
59218
35673
69625
89403
41587
22257
56513
54156
91222
54020
59285
3098
21785
98505
28906
67485
43613
68673
8588
22476
49555
59323
25900
44893
44924
14617
92315
69105
67563
49106
80102
23120
8049
31627
31593
13929
51382
87016
5044
1399
77711
7879
53442
70080
39426
6983
11465
48182
69030
534
62077
2193
55552
31408
95986
56701
58771
72213
73180
18756
47117
39270
2798
85319
66522
32422
78365
31502
79101
86315
38984
6431
39034
91009
1034
95818
4335
92807
83441
27407
61020
72033
1411
50179
71607
2567
36867
13628
72998
43105
31100
88471
26299
33214
48531
72210
98467
66989
15977
30119
21507
42982
95938
79318
40177
78509
41021
41140
24770
54848
36314
40825
325
17988
2114
23380
63484
60863
73755
5848
69344
90994
12766
99669
61035
88661
82254
52679
38046
73682
47446
64344
57996
34359
8228
35078
3731
13442
31532
17550
9347
73064
28407
83103
35422
54434
29874
33965
28137
92124
82917
63085
76765
4014
12344
57436
6076
39185
8250
36873
2872
84332
82801
22668
61994
21936
29270
47392
74133
29229
9440
78359
14073
66621
32318
13471
1184
88716
23139
9623
33494
54814
35139
55953
19485
13174
28950
67925
11865
23878
98565
39180
87413
85893
24459
88329
62353
86709
61115
67836
28743
26663
64603
31241
94109
70917
3713
22192
68405
27986
57278
91231
38193
7779
38189
34787
31015
87054
68382
32851
15213
90086
72490
97146
58320
138
81072
46263
21056
49299
47596
70415
76026
6846
13509
5474
673
62762
25187
35703
79877
26521
21930
33563
47693
55580
57669
10984
12479
29010
95457
45334
21009
65588
14914
82190
12637
27866
61341
24723
99186
83231
70404
54281
93343
2298
17900
76709
28642
92265
11389
75009
37884
25896
20411
14654
19042
85634
73666
51092
21108
78714
86113
16336
36593
99888
2889
56150
1100
72251
99992
63409
82775
47259
70448
83520
62048
12860
36305
7574
96290
66225
51643
13484
51328
68467
19585
42539
87433
95819
96678
23335
75565
66818
22641
21401
77574
72834
1015
69158
32276
28995
89446
77775
51986
47846
77721
71944
78947
17365
22222
19044
58951
75064
39520
54077
23853
66845
55109
1266
28869
47159
85029
1168
39412
12829
84572
38468
61462
18776
26820
37956
54877
84235
87191
88648
16142
62401
81177
13117
31103
13624
86167
45062
35759
94167
27670
81253
25360
14735
28437
71207
95984
9648
15176
63586
11747
49459
58563
46877
64094
65318
13833
87939
18896
63903
17755
7370
72027
66118
33598
96686
14928
77582
51813
15795
51712
31096
72256
83356
56279
38955
69807
1166
18257
49766
76416
73713
94809
64175
16160
83940
11374
80644
58647
95391
81152
36925
15471
87684
49845
78738
1993
26269
12111
79806
26873
69273
35709
76458
7466
27276
41719
83678
59890
35144
32346
8157
85707
18927
30071
62061
85573
74505
74909
19776
56499
48747
71865
13091
64671
69587
11618
7499
94340
5200
12676
68916
18086
9217
33027
67360
4383
87100
89968
43544
25054
48248
2368
49619
22026
66875
16975
70781
69253
21342
33641
14682
97112
96211
73416
57912
82480
65362
2610
22356
70732
22689
10383
32243
36239
49613
68722
6810
84641
16726
22955
55946
38982
51280
374
62787
42184
14150
34150
40541
88390
38919
69259
33859
95688
82866
57532
53982
4582
81385
34972
99142
46804
97716
10393
40572
13068
56317
29234
70454
46922
79511
97904
88098
14815
74798
30184
32472
19467
66913
50962
98558
68807
10811
86490
86850
45097
82090
93648
53578
75256
54934
52553
36011
4514
84156
26590
27590
16353
55120
91765
87496
85607
33555
51698
78065
23596
5784
67947
96569
72768
25671
46203
18293
25284
87996
5225
95811
86675
20109
70598
13710
34911
43532
80366
91562
13932
98579
40531
58178
50907
34294
27236
35639
29813
5024
49801
87708
66086
36504
16971
70637
61628
82818
92284
95844
14486
70258
65546
51299
43675
15077
77321
43522
193
28631
87236
33306
49733
12401
49479
94783
63889
4170
34236
42145
65073
16662
20140
99569
69338
85532
81380
80325
70945
21906
75667
23327
47204
46959
14143
79860
60519
64637
34025
92617
8562
26
44314
94483
92772
57425
73163
79923
51312
17876
67486
20149
94091
40950
83136
19799
92778
21905
74197
75615
22988
35542
43069
93802
61986
85368
4394
53414
81835
36786
37442
31689
13409
81686
66135
13164
32262
80941
42736
61717
90102
84775
19155
38864
25382
25157
73769
59018
41337
60061
94430
58502
38251
56400
5755
94489
84135
46079
19095
4242
53297
1933
85205
64157
38527
82029
50234
43286
84012
69247
224
70492
44161
14627
16657
80622
94276
75418
92236
20318
51475
38540
60620
31762
46603
61129
77910
30479
62860
17971
24026
97684
61155
35181
58184
99651
18843
91346
46930
45232
64525
95005
19152
70253
68864
87913
52
54305
41705
56178
32342
57077
72917
1972
60028
19060
62591
78929
5359
37101
69110
78133
71301
69083
19443
19266
19769
61753
34423
4400
89877
86524
29508
92531
19481
21527
62302
11821
23035
79217
56023
32302
32965
33925
39758
11593
48163
28241
46562
77655
85321
13055
19884
493
42232
1358
10628
54636
19191
1416
64746
45511
17043
32378
54989
40322
55154
70896
84784
94462
6833
25649
86787
35280
8902
1339
990
79708
23989
11210
92780
70756
99110
87737
28965
22791
49877
90662
6740
90724
89283
6455
17147
22354
64110
31760
96754
21351
11908
7828
75012
27053
88964
51341
58064
33715
58611
24605
93009
13965
60714
90786
33956
11603
59953
80899
72630
65339
12791
25552
11035
39392
18166
18609
24422
2692
18877
87451
13362
68978
15527
68683
11999
89394
95390
60358
20864
47123
98172
27067
10193
35118
84243
77012
14469
26529
59142
84634
54428
21073
1035
92092
32724
83908
19638
16857
91443
865
11932
6497
18684
57930
61423
86403
20583
7680
96120
62663
65635
35730
50827
72530
63094
90849
62917
71211
60913
85944
33636
79236
58699
83862
66573
70803
90814
6117
11525
56726
50731
57700
46961
57608
88164
2291
65552
49805
57132
72278
89307
23815
49463
57412
24134
36808
16323
35039
4687
41718
88996
61622
81710
12797
95627
38146
80239
73789
16182
6725
27096
12041
24382
77065
37225
51543
71143
14594
7731
4803
22781
39278
14275
72571
3061
28529
22471
99988
60659
12805
46047
74747
6516
78258
89817
2269
84824
54793
74895
17162
75941
4377
17009
50586
31124
91096
76979
68814
9529
86396
49832
60550
52092
24403
39623
12576
52863
20836
2428
39167
75332
88787
27447
28644
63203
73624
49108
86899
68136
63487
35095
67439
27277
92815
39817
80541
76909
29742
49989
82218
50830
88229
87469
31290
99732
71826
14660
59721
96093
12263
25114
78719
27320
45439
67861
13420
15949
79591
11227
56982
37
96478
85972
28277
13570
85038
28522
38030
60099
3575
57478
8451
37852
98159
23235
91849
58634
15879
87985
27406
7351
60244
47504
39940
10072
90910
32200
39557
97196
28033
34510
79400
42170
94922
31868
34041
42367
72522
71563
58084
99349
48242
57420
39053
22450
59331
53420
80086
56798
1116
60543
43931
49885
98299
46831
54373
54568
91840
73825
48069
9963
98631
80328
32050
35269
76775
35644
53388
796
36826
76108
36943
27016
78424
26991
39713
70040
95988
67510
23530
95168
48224
76793
28679
93586
7560
49352
96262
2423
16565
60921
4009
7529
84464
65712
48766
14734
75019
12457
98940
28954
68997
86141
33931
89890
17816
59788
77432
77988
2532
23388
80776
33813
21209
98380
21083
1142
77293
53176
10638
62465
90292
62042
36384
23973
25089
14724
38522
51951
62891
26968
41006
63610
32995
72973
61114
65787
87787
56819
50460
45012
98571
67017
63263
59048
75280
24449
6036
29534
11801
3817
53550
52681
11121
93692
2624
70388
22964
67300
50499
54275
8214
20294
67191
44250
83175
88178
63826
37182
27769
55023
94986
65315
27828
87109
17155
96735
52948
29807
31512
5349
96836
31867
40254
45348
48788
24280
56049
8636
24911
43619
66740
95195
92059
11166
70504
12788
26010
18712
43049
34398
44297
5380
71920
30567
85455
17333
23282
29845
37236
58019
51795
29474
69941
89907
16901
72434
28532
15966
32734
62124
68701
63849
86919
70377
32324
27399
7361
78812
25805
72513
97470
39042
5198
1288
39157
2137
92527
18510
4098
30606
50986
498
43274
3144
91238
45253
3136
20092
33811
18399
15669
34559
85932
19668
96700
92813
6249
98848
73351
12641
89588
87575
57558
98080
12510
2688
10760
96037
74470
27987
14403
31964
96731
64727
36683
42625
67345
8167
35980
96485
41136
91373
28606
731
14235
31556
16483
48706
80514
68621
64569
9915
53469
43916
28953
52970
14280
75632
8713
70588
4602
20417
46628
99054
85597
31387
91847
53212
93274
51929
2334
55717
60840
8171
72534
49518
98122
1880
19322
67314
87454
31896
63285
58529
29296
70355
63227
90310
29970
75202
38073
94927
13904
63352
80276
71123
73798
46754
29477
98986
32149
73489
14348
71855
30960
43717
27062
72756
37362
82593
55667
34152
26310
492
35592
19588
28936
32445
45373
13698
55558
22901
40351
74194
82813
26718
40295
1855
33983
38
25170
8199
11807
87000
55885
72607
48309
96018
2254
84717
50610
85465
80350
47214
28301
87033
49957
22692
14525
88602
71841
63120
67100
43399
46288
33723
7390
10921
20414
76994
48720
4425
29811
57352
17600
93867
37384
41906
909
66962
89744
35501
69264
93759
70143
48678
5395
66804
21489
18718
54695
72271
31646
56515
79056
37326
31770
88341
83459
42893
39778
83740
65323
7624
35384
56158
70185
30129
5881
86978
66955
91123
26457
11065
9725
82207
75639
33887
58322
87200
78360
82056
18178
16736
53067
68760
61058
69380
4552
51114
81982
44738
66287
97655
88731
78968
35522
42236
47611
65802
30477
25115
72991
64455
90331
20174
42754
83592
17327
42757
13923
18180
46810
80613
39075
34470
31134
97414
37792
98407
77492
16956
7814
52953
94039
55630
76906
3954
53379
71711
61804
2048
67405
85049
36476
16117
44239
82932
88528
71389
37006
11447
34532
10390
32286
28521
15988
56735
4533
90313
13607
47316
56848
51442
58667
83928
1321
858
41889
13500
11590
97418
68358
51025
93044
96414
47799
1027
47036
28717
75479
20160
43483
29613
3625
73772
34257
60782
33133
15211
86282
14951
80201
6766
86051
19805
6456
965
10663
29328
1833
89486
87393
84657
1997
5487
31364
8623
69168
63783
89978
64951
88021
62264
42721
27221
91464
22673
65960
38464
4603
1897
84938
64383
34735
81826
40523
15238
40847
60354
70498
89489
24251
26162
46284
1582
40071
35635
96843
15648
51645
19445
41121
30002
84659
67
75874
64981
54173
36991
14699
15443
47001
38334
27264
94952
84141
91219
67122
50808
9214
50012
30672
26343
76642
60799
82196
63
99314
32592
641
3592
92839
22848
47417
85165
76815
989
58584
34824
65426
35236
51275
69618
33357
33596
88951
5478
17330
78803
19542
37318
42301
52895
24381
87306
47262
41643
91177
83614
24365
62821
66855
96105
32934
29864
56684
74304
69856
83305
37464
61625
75122
68900
90436
42906
22174
65480
5986
41638
33428
26996
86997
10624
36960
67700
65330
24485
37223
88137
86723
27867
87681
27073
84120
41716
7303
3007
19327
93043
7043
48016
48482
8781
25184
75827
3759
33998
93230
26110
47885
17814
17060
77431
31132
98861
14802
92982
10369
31981
77595
79792
5660
62890
24837
52023
80167
60712
78149
73339
21754
31836
54401
21750
36750
88863
93961
92307
9824
6027
55595
46453
81166
50584
75147
49208
46637
61809
60577
48406
85034
73111
82295
6749
89105
74183
89082
58933
99015
38804
19672
65678
67175
94580
62528
14381
73421
63781
91899
26250
85239
87474
84733
35941
10192
22156
58818
4537
16195
60730
18313
68540
82472
50259
20603
41592
45256
95666
20265
7086
13009
85463
25588
34180
14437
55189
24081
84702
53019
31977
99785
85350
39819
40470
41915
99264
2598
53916
60855
29316
95506
19740
89627
44402
46058
72304
11964
39791
91429
16314
95634
56280
17261
50825
63537
78373
9467
70433
34784
18989
3154
70806
24730
91290
18091
13763
51634
6025
96484
37179
17798
49291
7404
15329
85060
96962
12876
96115
14303
21813
54523
4085
64678
22675
13405
55025
44591
31877
59357
6786
18992
62921
78870
25766
23733
24559
63394
6879
96291
54040
37352
93013
69938
62433
72244
15070
14218
65107
90865
44301
77783
83197
91678
65312
34918
25521
35061
33368
17317
34947
18631
18943
34855
42872
39063
2224
18677
95750
49758
61175
18171
32287
70451
56354
5222
3635
23358
1840
33807
8691
20581
59654
66312
49466
79469
18009
77247
10953
75931
65701
96411
33779
71399
59432
77553
2905
26491
73229
7319
23063
61662
85174
64946
9884
6615
47439
92097
47140
22474
37912
64756
98019
36541
79688
46262
69308
46461
19230
91401
68311
7072
57782
91956
67145
60968
57995
83357
98476
60686
24839
50635
948
88290
64775
50101
85031
54622
72685
19447
84268
82408
79359
19068
29140
73899
48727
39359
26220
62151
20938
93019
85820
48006
40852
92933
10842
5672
18860
15081
82337
99780
11797
14555
42900
4189
77024
88367
92638
67769
97301
75660
60960
51505
71398
86495
82118
99092
80027
87515
89395
88843
97625
97090
38104
87842
98981
69042
22615
27056
5579
96702
11009
53010
36260
2909
54689
70741
73147
97815
88446
20373
94918
91516
10695
53679
16777
42305
79975
62562
59836
90317
7148
32870
52808
39888
69556
84584
14953
5873
94235
60764
51243
80937
40787
97968
72179
25391
84599
49961
5513
65381
9612
87758
80908
38848
60132
34696
10403
56583
57496
32169
26267
73839
71063
70243
94009
68404
97399
16165
30328
59647
73928
39936
56927
64930
95876
11727
35454
10057
11604
59385
91739
5434
7548
20902
53968
8534
84963
69911
18719
52136
58815
87800
43184
74869
85289
76431
30147
917
42664
94990
21628
60805
77169
30042
69539
89780
22693
43911
8225
19285
89749
4734
57066
48082
61250
92897
35295
53621
70659
36871
28557
27976
44803
36033
21838
36247
60260
44866
28661
88659
19956
83582
52153
54206
78433
25477
22934
29332
24779
43703
29402
92190
9187
82358
71684
26805
81153
8656
82453
82788
40562
12718
37984
57711
34158
30217
17540
82253
95577
40730
28091
67924
65055
44429
97535
88915
35509
14496
51684
85818
79841
23293
24142
62893
40935
74318
97598
20451
61059
12764
82398
74207
40424
57310
77280
29816
72218
68476
39715
1671
73053
26998
69741
95200
71989
73383
86035
2340
41568
9922
16768
57552
294
72771
80930
78419
49905
1564
14095
79798
52209
39553
2446
36001
98636
30068
64220
49083
24813
73134
48350
5603
55076
68272
75578
44049
59884
82662
25398
94158
60333
46543
67958
26385
62132
56301
32763
15752
35368
67336
1314
56813
44003
9714
98487
48853
72670
78842
49219
57176
46238
53240
99126
23893
42707
18560
76051
23122
8256
20803
60425
49605
35996
27567
27736
35707
19392
64947
64617
5088
44585
21536
71188
40796
71934
19514
29201
6212
62931
35829
7031
23976
70474
5939
89201
29446
11963
21912
63240
92556
32958
95176
14273
72826
94603
83532
57195
2524
2637
12642
96664
37081
57818
72479
84992
99090
92019
30920
89955
89487
5636
46765
67713
33521
75658
66838
61128
10046
29015
52859
9098
73476
40407
54037
44934
72415
82159
50501
9878
8611
46086
28358
48337
31333
15275
17612
19205
4136
23603
70905
14514
29147
52045
40016
70218
34970
39333
6461
46272
14579
49839
32809
64517
63907
61019
34031
9196
99825
72720
17027
51379
12207
37916
19418
10862
15022
37036
73526
52881
21691
93436
15186
56963
31864
49456
74101
64001
76475
6533
91053
9085
45704
72351
37164
41366
87249
24187
2565
61479
70532
66765
93092
80100
28196
5186
33123
33605
67642
25213
7078
80704
50626
55434
20639
71330
36929
64451
68513
6546
41132
24885
70507
20848
60886
94481
59458
83423
66048
71816
30030
68758
3882
56676
8439
73800
74561
8025
18478
31264
86331
43132
1292
17519
33927
95806
73304
46053
88837
62723
8608
28665
63777
40464
80402
81931
98540
37300
5876
23430
35049
42907
41995
87987
74663
20541
32164
35556
42297
93727
62599
97213
30114
65905
86640
17120
59211
43653
13951
41616
33444
47137
84172
47843
16676
25002
62051
52769
37197
67656
65233
78647
41842
4277
86367
38171
5440
66568
56926
32128
18731
94639
20269
47571
14737
53515
64700
2974
95331
58475
25214
88797
79295
44633
68590
90400
16143
65281
93843
14453
30554
16417
27973
15456
43140
77030
36269
40669
73970
16177
55210
72576
55750
74843
99378
51592
45092
76204
76900
69573
13724
63779
58677
98548
66286
91600
50630
51526
78933
6298
92718
54821
6978
8603
8026
11576
25793
90680
25617
9805
60125
64967
68989
60828
35911
99665
41158
67469
70124
26773
45845
19249
88447
37129
51807
85991
98647
44681
37685
15779
22294
60388
9293
36494
27410
63163
17248
73813
19963
39525
15085
91125
25303
60470
3965
91673
27159
76330
22207
22385
77886
40688
58646
76841
14363
85702
1930
91547
46735
43829
75607
24998
28474
18254
81536
10248
46761
98627
22472
44007
41193
29492
49930
24427
85798
19730
26583
16861
51725
35116
92339
83297
96710
801
24833
86326
84707
87622
58557
18649
46457
34266
38534
5847
74740
80065
1536
40149
61516
30423
17528
55174
73001
71068
34051
71052
68648
3328
46084
53725
95179
41771
59461
15177
2805
84789
87630
59263
22036
29651
50542
78928
73658
87934
89521
59294
11064
84757
26238
63331
83240
52503
28304
47296
59635
75493
91448
3072
51186
65431
58343
73337
49160
22410
31574
44767
35580
82311
66857
30207
85521
93245
88590
19518
125
81572
97123
49309
61327
20217
48944
37259
25456
32642
61523
19029
15708
20618
7316
33155
1703
3692
43782
26649
15142
29137
9315
63547
52471
45714
24236
34501
82273
70373
62946
25256
10034
45897
24863
33430
51943
77258
92740
44473
26721
92063
53311
44407
68051
17001
9259
35676
40898
39428
98107
56846
2504
16306
37218
63179
80286
53395
24900
26472
84966
58601
32788
58323
13281
69290
76467
95925
17023
67201
19577
65261
40077
37220
77881
76554
97935
76347
52262
49390
31086
43813
85266
85477
65828
63522
79961
95832
21658
73906
63914
89436
75001
23747
33041
39135
17969
50727
14604
160
53013
37313
49440
55431
14641
37194
42958
68285
3393
52094
56205
38568
66731
96869
96507
20952
14890
72328
18807
60502
66076
23678
15538
36034
65202
50051
31892
80026
5909
71134
86884
44492
33217
93416
31064
14266
14581
76772
20922
41678
40601
81003
48379
41752
75538
56066
49433
82057
17402
47013
36651
15151
68330
3767
42217
49981
62109
4480
91263
31135
11285
62593
50331
34040
36897
66661
66538
6585
75164
96209
65740
83574
16495
66492
97416
44038
36944
39303
71845
52860
85654
59120
29586
88388
49033
49526
64463
71700
63691
39921
2001
87788
78619
41204
46193
82012
87763
45259
91405
53416
71877
39755
50659
66365
98911
20996
36197
94371
8404
14859
64117
34631
37231
4902
22445
40318
5366
13062
25023
8511
88712
70324
55562
34686
85393
69010
36787
49428
53202
37930
96406
50247
74236
30414
48627
86030
71074
10065
2744
35226
85832
57277
71656
24186
53850
62595
24987
50064
27019
89633
77478
86415
2643
38403
19179
72335
83523
28294
79118
62405
87592
90579
1540
33961
13796
65744
31080
16094
82019
79218
73672
26648
16112
56143
53211
80660
14845
79847
92994
2470
68202
71242
11539
52905
95659
68669
12827
21632
15452
1091
68932
18537
15198
73662
57350
46596
76133
27624
57738
57177
78985
67688
93287
85738
45466
82851
29711
25068
81281
64461
45943
51332
73537
35187
8224
35979
92662
40236
3480
16628
76551
29486
937
71746
63396
20010
28980
98756
26442
44920
58558
76926
45451
56578
75349
58050
370
76317
63723
95514
25490
65730
82648
28862
46722
60144
99043
62435
1417
71620
99810
39780
11050
89991
10812
36600
16590
61347
42110
13448
40201
9758
11855
41671
57155
23921
90227
61770
73301
90476
84407
51666
41949
75116
80376
38921
16536
83432
26039
79770
69652
54410
71663
76293
37994
10837
92989
1362
38648
721
54784
34863
47290
65309
48288
18282
89207
15041
74319
43457
92763
12793
50698
82749
87712
21324
53540
87161
7407
96808
72393
83379
32605
63295
39093
53096
71686
75152
84814
85695
18829
13230
4492
15080
47
31148
71306
35415
56050
32855
50649
7320
39112
38186
89723
69401
90670
73990
70949
45147
90777
74645
18689
52375
58984
74220
79315
91831
37026
87656
70924
50127
86636
57144
92751
86599
13742
46141
13172
14523
8237
91630
29873
72136
89485
34971
15055
36318
36711
6326
84595
91035
62127
90567
75532
22208
72778
10464
19971
24924
42734
74296
78890
80285
84385
84009
63727
80226
35310
62673
536
67375
45464
43570
52847
43790
83830
12163
18193
76912
33360
99543
76548
64530
68078
81884
37559
38292
18652
24666
32444
96015
6411
33139
69145
59464
27672
79272
86178
79720
91906
30013
43401
51123
364
95041
31044
71721
37433
61896
21620
23177
56746
26664
40349
95237
67986
59800
5713
6544
76152
84870
72323
18133
53270
65191
55156
31749
68028
70796
70807
93824
52442
30044
25188
58960
32939
99676
7422
90444
39527
4336
76052
76441
85927
82470
21371
67571
23598
85303
28998
2841
28874
96449
95422
21284
14927
25309
90142
7584
73043
6842
12725
70718
88714
10989
64587
19323
32919
51483
24855
58540
79800
34663
44829
58621
59520
53041
79723
63383
10827
36067
7577
1748
57845
68850
63059
34032
12256
16596
12620
72835
68088
56345
72797
74124
86714
48172
76251
40641
51274
87556
15847
25830
58620
59352
16886
64859
18012
85685
57877
51127
64515
828
62496
82550
83410
71308
42373
96744
25876
4229
18659
74837
45969
38294
40340
43336
36955
55571
77506
29421
24046
57585
50520
19208
45518
5136
62952
84843
25250
69289
69540
72022
83009
76016
5733
80534
59523
94963
4180
42279
9198
74295
58921
11688
60973
41600
4086
18204
58074
11605
44374
66806
63972
19599
28416
94068
23024
56535
5249
264
50496
76996
9751
39234
91731
21131
91986
16955
18486
41745
98784
98223
60294
59176
89277
44012
50757
43157
3771
42045
87267
58235
68217
94286
6704
22363
93756
37601
27944
51309
94601
56253
81917
73152
23390
49908
13736
68524
48319
78156
66574
70594
19056
73345
87830
46343
25030
13709
47108
52694
83519
1002
82202
7733
57504
6043
54378
12963
25742
37934
82044
18658
84651
80793
11414
94921
51363
10314
68721
52163
55051
63053
27700
86302
24562
7138
39971
81413
53694
27623
58452
67239
39395
6680
80507
89311
70923
37638
6142
2023
46174
36751
89196
69215
84163
89447
24862
5566
96987
85334
32562
50888
80892
35222
6678
21604
35740
22454
94981
11658
29152
12285
23034
60744
97708
50307
80527
40728
85253
82580
26377
74205
81115
7025
26471
59121
72546
46476
72550
92280
11902
98601
20955
51137
42390
95067
86716
20213
26654
26665
13847
72241
61554
39781
54371
42473
20828
60395
9919
23600
36518
63082
21106
78679
11771
86362
23578
32572
72205
18664
1185
56300
1773
88352
22263
93105
83496
50847
1663
29076
50077
58645
28943
51844
41710
99207
27710
21484
77339
36582
48144
31356
83565
50920
63848
83872
47844
89506
32058
84658
46790
55277
84628
96080
63009
25636
97852
80580
79457
84575
69514
5935
36765
92620
72568
5338
29400
13873
88363
88269
36545
90548
80427
99955
71756
23558
83976
43552
91699
36637
46996
17757
80282
10765
49421
94472
93567
65290
16436
67793
58971
32410
98015
7799
88339
81082
46506
4130
2903
19241
11360
8975
37287
50222
94027
47437
45457
51594
36485
54743
32264
18794
63164
79049
50089
74938
28778
92703
66283
32091
18531
73174
51796
9095
58509
84743
72967
56711
55295
23043
70790
46240
29625
99680
82945
81778
59174
17350
4864
85299
85305
21446
67709
11630
81545
70861
35614
54301
88500
82008
50068
60654
74275
31841
48110
70083
90043
1268
61565
10353
46778
27571
24576
37588
8370
24504
57861
53230
95772
48285
38575
43785
31184
55805
94097
70204
53876
78525
62252
45563
65005
15159
67734
86576
16438
11114
11274
57901
92831
2148
77249
95592
78268
51242
64779
6576
2369
76114
11941
65201
28854
8480
77085
80820
50094
37788
21859
89233
40175
38102
61354
8662
74083
3250
32439
33512
87721
18112
48654
30472
16981
21922
67266
21004
40927
20258
38727
78009
76907
15854
56554
39659
40509
33854
39101
37409
99443
86355
55399
82608
77333
25961
91540
57655
46330
53110
31970
74202
75962
93497
85331
51788
84736
52389
95452
29843
43921
84395
66623
96953
54222
6226
43166
36953
88608
35997
59832
78340
62613
65864
44789
30463
84826
95589
50183
49084
62398
5224
62090
84197
94099
82838
12251
49603
62864
31481
20974
80783
68178
24932
8179
14475
78244
43791
99952
54042
98114
15647
60486
70746
32059
34999
98252
74608
49142
88701
86727
94812
39202
2290
9180
50450
93782
29279
1138
45641
81102
54948
42310
26222
49030
21435
64114
94738
45033
55510
50819
17536
87663
19340
43296
94623
14323
8849
3344
11147
71494
55965
71238
48460
18230
60241
64570
27851
27798
62748
98290
62034
63201
54908
52706
69115
51254
49925
8716
39317
87667
77034
43915
26568
91826
17185
48961
36859
60761
60888
83000
16321
20116
98324
76961
82899
20897
91698
24430
57542
37838
70549
38796
11031
57949
19366
24845
53307
37550
87815
97024
13399
32655
18265
57545
45736
74312
22792
72801
98060
79275
21646
44141
87545
70621
60598
52894
89809
28845
17874
25472
56642
13109
56208
81193
49638
20700
71729
73098
445
39693
5045
73652
53278
98338
97176
79178
1652
85384
36832
52823
23349
83914
73851
18183
3513
37025
81258
90790
29051
99293
26979
15121
61008
14974
34695
27876
20916
60623
32424
36116
28240
81944
45478
57939
57952
91696
35112
1890
90224
20572
21043
98640
89098
37708
46192
72260
59703
36083
81205
99849
7338
10901
92047
28733
38734
83696
71223
9159
34463
25975
55293
41321
9939
24201
2037
83977
30780
51180
3315
25435
9994
6723
83989
59343
47588
59356
4325
57309
1170
77684
11594
67821
81483
56123
43326
73209
99946
73348
80854
76310
69859
33436
25394
17613
41904
96748
52281
57838
18754
67062
48470
28584
15899
32258
94640
55632
99405
99179
29945
74553
3094
92298
54560
14061
96594
51899
46974
88429
62194
44280
2507
64293
36563
13850
95014
55155
8760
10796
58370
1830
53760
35810
92322
5820
78055
12884
99467
63795
50544
12492
49298
8474
89800
30957
17222
40903
62338
36634
84445
90806
94529
69520
50426
30537
78193
26660
95548
70603
12001
94032
35725
72608
82583
19167
68605
95604
5549
51091
60777
88514
36838
63536
25327
44810
85056
10648
43762
97532
92194
27819
31159
66258
55514
68967
86809
8957
85948
97737
65608
36531
32626
39193
20313
92769
71212
47914
10280
25191
26136
76513
86363
6012
48207
17210
77936
17412
1824
97054
47482
54551
42344
23066
59640
65263
36741
4593
66299
80330
89357
41122
51750
89870
81845
75163
90599
85427
57978
30214
28542
72986
75446
97018
24876
83634
51490
35777
42529
85547
28322
52779
34005
81577
68902
98672
52720
94630
5648
59930
15680
34666
3189
42981
83465
64972
97319
85356
26786
53118
81344
86730
2240
55483
90289
45261
44203
61595
22960
31943
29080
96972
99508
37751
23017
14905
78808
32471
51523
3785
83875
85088
79126
87967
88441
16757
86185
65245
52728
85150
62993
53998
25075
53021
5941
53310
95887
59074
87982
59935
50304
34980
67664
79230
74762
32160
11059
31811
31905
99296
1287
62329
49837
3186
90066
40869
8954
85598
47584
81597
38416
67308
6421
22656
48603
23064
76095
33748
87275
54085
887
5110
24376
64019
30964
22417
56045
5060
64821
52737
98232
83007
30111
5208
78978
86014
13814
3270
32739
28144
45977
75986
21797
59570
64585
21102
78399
10325
39416
32569
89016
13182
54183
1439
11269
4701
3800
96827
39418
62989
96308
84422
43068
72173
7732
55412
58397
2372
37555
1927
72148
13318
23759
86151
7885
66358
97324
92758
80371
35005
24330
84592
33564
21361
57612
91788
85046
14375
90973
33694
64346
82454
24569
74225
7635
23238
35263
91076
22583
42064
62810
37772
15090
65902
97232
69294
16073
91967
59796
2940
33810
4395
93640
39994
87491
18088
79166
76410
78140
60618
9412
55771
42292
59289
68180
38985
51873
78223
37465
94561
25531
44322
13713
29048
91507
55744
53709
93915
21247
81119
33414
30875
12949
84695
68676
35381
57598
26015
93534
18957
2867
23155
71817
14422
2461
55435
17153
58226
23191
8342
94831
65544
82460
61469
57941
23095
55197
41635
30000
70177
59987
32292
44638
59789
70086
45622
86217
40991
52750
88300
2592
86857
29542
64158
73886
15954
56328
70173
62537
3976
42008
28388
82673
3166
45238
75199
66218
97851
72712
83605
89642
56394
97339
96592
54465
46383
24058
86125
983
46644
15972
57690
51798
49701
34388
73480
82897
48693
87947
60629
22605
26130
57249
71483
77837
27304
79611
80496
52508
22757
3365
43919
33997
91772
77400
87718
47643
68763
60716
8660
33801
96932
44625
9082
30001
79464
99834
71356
65806
94369
46403
99199
48008
87620
48702
59281
50816
13058
97659
25879
88723
3196
52403
47339
53608
80998
82650
99969
48221
10224
72601
37273
33342
83308
96317
9103
59811
31850
77050
63566
66489
57955
73779
16392
76011
99511
84334
48684
33916
74187
53482
9061
36946
8069
37038
98127
42215
64339
32895
2292
10452
92738
73793
23888
1071
19040
73372
64895
16786
23696
2161
68689
54601
32783
51636
88227
72982
39177
59988
69417
4812
69601
38847
84249
68953
41560
65222
83906
53162
1038
48132
6707
26296
35724
42746
64887
94785
5991
57165
31473
22457
57092
2725
66090
18463
56360
49101
80999
13568
40335
70147
11778
91526
74711
96716
24561
3482
63960
68830
57761
5977
19257
61444
88564
32925
2102
16543
9338
75818
44205
2891
69122
14941
73988
36265
50311
5732
17007
19861
9586
14777
50581
40256
93660
65949
48620
41766
4601
94727
12317
10797
45143
18407
34506
54141
95099
23036
76653
38053
53874
72447
49593
61191
8792
11228
83160
67962
16099
3990
9036
70591
35637
58336
46148
63348
56598
98534
16427
36042
6181
55078
28602
18420
71376
3936
5888
63356
51894
45948
17975
20794
66867
87075
82017
9988
43828
44017
16151
52315
47389
98888
44330
77826
92533
79880
67505
41057
53095
59729
8206
43205
85264
30415
79664
24257
82498
64079
35964
20002
50295
86095
6422
4499
28171
67971
84180
57227
64917
66893
6010
11950
78961
47642
43073
115
85235
93775
31394
39979
54823
30645
26912
77477
73409
95837
52193
32727
65729
32214
91207
91064
64751
20489
82287
72629
96878
83089
90797
33996
34846
44641
6901
11399
14575
3473
16131
95038
16499
9891
83710
78766
53256
50136
41979
62128
62012
26078
66370
88206
18191
47690
9434
55779
9995
4968
9378
12425
61184
48752
94924
89202
67921
81237
81708
58417
98567
58932
40003
14826
57677
59445
17926
33643
13972
71536
9404
40588
97108
31380
49642
83100
14584
80048
34092
26750
99389
38772
29758
42088
83021
36046
66466
20364
51404
36086
53508
69870
95768
64613
65410
97300
25246
73883
72791
92252
8668
59904
34884
20106
26974
94179
76024
80925
27512
31622
75996
39396
65393
45178
39227
57588
33152
54598
12036
20397
70367
22662
57980
76162
44491
62565
14533
15822
5604
13412
49007
62160
53375
41189
93944
27546
76533
59369
62333
36081
98092
8586
87554
10599
18711
54674
55740
78278
60208
46344
83033
78164
68710
27049
74331
66487
18635
44758
52447
46837
45273
30464
54321
53689
75758
99058
56596
65316
66400
79188
24289
46659
36887
48629
20199
45761
46395
37206
57046
85688
74527
85676
76511
18331
91261
49826
11866
18454
52374
89115
5682
44870
4604
12018
98134
29641
34137
50266
28880
64910
3046
57329
38083
20041
38820
19859
86022
23274
14110
89442
17932
29387
35747
94144
25672
83583
18413
74040
10392
68862
33806
78688
66284
91136
40425
87154
75943
74588
97611
58132
44529
15934
79483
39678
16347
6168
63733
71467
27788
41508
78129
25037
55870
73340
45912
53074
55602
45182
35982
19250
8551
34256
25514
72076
89818
65085
13149
8051
39068
52777
14528
70993
28414
14747
42063
46580
89974
41833
82050
39879
28215
7897
90992
9870
90044
97602
44560
55629
8033
1592
61743
40888
13812
25014
35962
48659
93091
19386
40023
48152
39897
99060
32057
28168
21067
30657
41506
16230
83729
88411
84065
93141
61266
6588
7065
21909
72476
22016
86641
57139
59335
98791
78524
99527
11675
84107
23641
6677
7266
44980
1977
57897
91844
74917
74590
73634
16470
16123
53877
821
13343
44918
20751
16915
62372
24522
6746
12289
87884
53946
62444
24995
19461
18287
51839
39501
77498
21935
19567
60721
82700
46833
56020
58726
9892
34358
95630
48212
82877
46784
99450
60621
95884
73381
98184
73879
72053
17944
11297
4194
92150
29525
38061
56285
66220
18038
53510
87951
74966
30811
65367
46898
9664
40303
77319
67816
88343
82166
30785
82288
46763
35838
73522
33215
23026
21692
75789
58999
31334
93571
61830
91287
59680
67366
92364
30725
95500
43198
84022
15455
50810
79926
84316
46694
55847
96283
50886
61749
16174
60272
10720
98378
26714
810
14068
87237
89715
91171
2579
39795
20433
31818
79132
42700
46963
22029
35865
4937
36358
51310
60450
96131
73080
93264
52991
55672
25882
44731
84522
65249
49092
3870
68559
13348
46792
70027
47650
35209
56765
32560
83889
25498
81694
30889
69319
48969
93003
89197
70738
58843
61043
64520
51742
4678
12616
43143
46900
33179
92575
80688
59676
34647
18788
91684
64933
99713
52323
99181
47590
10333
5688
61602
60051
26048
61456
78018
27058
53642
40357
33922
12567
68707
47928
30550
42735
87998
43029
82556
54794
50283
38894
48467
83190
2933
64362
30283
4606
41750
83817
11970
51621
92681
21560
51973
50874
28600
94311
4084
39263
79034
46465
37819
31451
87431
86352
18521
17752
83900
71983
22298
67809
33933
94074
15568
21843
5537
32941
19165
40885
55622
66831
83816
86166
46530
17364
75932
73729
61862
43805
76320
77284
5369
66721
12587
19865
50069
28150
27715
33210
94677
40994
26817
65278
24593
95612
45752
81146
26219
51616
29352
88457
6806
51394
69545
36825
60313
26200
20476
77991
92337
34588
5020
87584
16713
68881
58451
33499
34
54235
26673
79707
13524
81371
21466
47308
33198
68664
55967
52495
20019
26354
82773
2367
20646
87559
68076
10048
10634
73245
24033
83049
37028
9742
29124
74920
76038
29990
23283
10074
11579
1096
87217
63772
89158
9274
56527
90267
73022
48552
85590
66843
43133
45006
20987
54047
14884
12582
99789
92082
76237
28616
64013
89438
34007
42587
7862
37614
7381
44563
44989
19789
84887
94797
65642
70888
88475
65461
61719
85907
84164
74313
65665
78662
2953
3972
33725
31654
79413
25508
79350
27540
55612
20407
2821
73760
45336
38961
85803
1971
81692
68333
66302
49170
72960
53918
99912
82327
50093
42578
1108
18792
17080
87855
31407
47533
84971
11472
39375
35914
20420
30814
65620
45508
8757
77840
65428
19505
96086
61168
48034
94641
95094
90658
87918
9307
99319
98075
56837
43953
98297
76182
93467
30990
58119
28382
55887
87457
94255
49004
32964
46967
60547
40334
56014
21865
26818
26397
94547
4386
44528
59857
35158
68751
38889
16652
42023
67030
67548
73377
94631
72789
8986
68367
93196
1820
52042
57238
9987
99420
68803
5504
88660
51682
64879
37839
60713
11758
37682
20548
34374
96793
25061
66616
94444
55311
47628
95219
19654
35165
24243
11071
28735
85344
90815
39809
82874
98308
51777
87829
35575
17012
23734
60194
88118
74057
46313
21429
94451
42072
44930
65673
61946
78864
36598
64253
9348
99082
96570
31091
5396
12450
11036
94526
22322
17050
97190
83285
28298
54544
76109
50664
87395
84825
6176
40353
87675
33461
93748
78936
85341
55607
2164
68260
75777
3214
48426
30828
43402
37125
44764
72937
79742
8147
21802
5475
935
99440
55458
65192
8082
89750
26481
13460
85560
56398
76286
80270
50022
7919
96805
1249
83770
70793
97286
31182
34570
54885
17337
56998
34057
9502
33970
83537
16251
60356
97563
75794
83176
12284
56788
79302
97492
47208
63881
87528
96356
79412
14148
19398
13960
10803
14354
22323
60705
47234
83367
99700
97533
49329
90794
59537
54000
92254
71427
24986
47382
40958
27662
22376
61056
49190
21965
45176
77518
69324
21140
17215
65028
39046
97151
41624
42636
86407
93792
47908
69651
19025
46223
23412
44718
19976
81842
19582
72809
93121
35883
61971
63259
74602
37931
82465
83511
48399
49276
27625
28574
27390
13344
50488
12413
31373
37942
38274
90887
34975
68837
46448
45009
71575
22763
33858
29038
87771
59476
25529
21939
9609
33224
1860
4
46940
17973
25265
16828
80064
41706
5099
68775
1745
40552
47411
33194
76595
29493
60817
86409
79518
61577
15157
20046
54672
85743
66777
15930
6367
99403
13971
3032
83784
49860
65378
87247
74201
61878
79499
83639
59117
16109
49572
44741
89759
26824
16018
79339
35761
7945
90496
27900
4241
13411
71194
49026
69015
61657
98051
64619
73422
73742
24806
57918
58371
51470
8992
42220
20636
76433
8663
45366
24699
93536
31428
10871
57005
8473
88694
25539
7141
54172
53521
50371
50835
35590
16019
11122
24832
71354
68147
75857
75780
89068
43624
47932
17960
37356
89886
83283
91613
9611
12115
54317
80577
36583
41031
72861
19231
65484
16224
32518
65083
70601
3719
85543
64987
20591
58851
25415
94366
93271
41865
71201
22981
69057
22627
31853
3135
28235
73089
78370
46179
58289
44874
68220
2465
57740
96626
23556
15136
58035
80845
42869
21054
38676
51816
79395
20328
1152
29814
61866
49581
91478
42955
12477
37864
24308
26304
36959
1545
74613
98210
16845
11206
28488
64635
18508
72090
59786
74991
44359
17812
15975
8062
8599
43060
10188
29777
76316
62850
9354
21642
30434
16933
6177
14254
67771
4243
30851
31498
6994
76097
51878
40549
11762
49136
37200
99723
41516
56996
57290
43268
73374
60409
83562
33522
43340
89476
42840
12679
55157
7875
48803
27359
60856
61232
65765
46982
68506
86148
34838
72346
5300
17192
74583
73758
6008
33905
38516
99927
17984
12426
27929
87448
81958
83199
10018
21519
49102
93997
27484
55819
87230
43950
83329
31578
30615
70468
87538
30599
37848
19882
42489
76242
85396
12380
2373
58100
26994
62287
44864
97531
77165
6299
17388
74916
96715
35102
41990
62503
48295
1566
50843
26487
45475
52915
17872
72421
50120
85231
87315
89380
98093
92816
72133
65486
78855
54215
63719
16103
39309
67033
14744
57306
56291
41217
84989
99017
48560
35546
96750
24106
81904
71273
91037
89155
72875
49342
41326
49887
56560
60077
66110
54858
76846
91677
97230
79572
30579
70951
57378
80664
16654
18250
7749
8685
49582
15890
19741
6206
64153
53697
92122
19545
57594
50164
76999
93817
34810
31412
37032
77512
82359
69463
22070
61132
15829
88252
32177
7641
87004
86036
45880
52360
87520
99195
68770
74708
66599
11405
90514
41439
53502
96619
63235
27562
88487
69805
4733
34751
15575
42549
92074
10125
89795
85559
23881
44610
46939
7424
75415
92655
70128
79668
42663
92992
94956
72462
23438
85490
17386
8630
4266
9538
79386
35821
63306
92520
4668
3754
1968
86122
75454
29218
54300
14107
86361
41019
25794
91460
59242
46883
30357
66399
7701
52804
25031
69337
1913
68244
56213
26091
79261
14714
64518
63635
43892
35775
36096
77351
566
71042
87706
12976
81164
4963
30343
91607
17733
97898
96631
96504
6293
8221
64188
60763
61143
5667
79040
63651
62797
67267
99200
42612
3705
66924
54852
77250
99843
53631
23377
41786
55111
87119
96649
58113
47894
33341
59971
90155
60071
46151
35304
70815
87226
98809
5730
21144
3512
27554
97686
21624
29116
2099
25482
88109
27239
41228
7580
46758
17883
241
62585
56995
91940
9888
84942
64046
68848
55296
76802
10752
27364
9229
52634
94288
53038
52222
54424
33892
21373
11340
90781
8011
97548
602
5352
30391
57125
76605
66428
77060
88195
49339
84613
63631
8292
73824
3504
1859
48329
73251
60315
65179
98301
80324
72119
84518
98119
29340
12916
88902
28408
34985
8929
52677
48551
82984
80227
64091
16090
4312
12354
57484
51128
39699
98215
12734
97172
47284
98983
37982
21512
3793
88765
88216
11265
78555
74572
36156
35240
48437
267
44197
71446
56146
43758
31452
14519
34763
73935
15797
30617
77463
5664
53588
5450
68662
56843
56767
6926
25287
17286
53543
45166
71226
57657
42642
50619
96042
48909
26196
31278
3649
4175
10143
11929
73396
73592
27627
71907
81648
21385
60110
87198
77700
3553
13987
40004
7013
99541
97848
65477
84747
65976
35134
47624
53155
79307
67116
61230
8470
47055
94322
94555
20253
92323
291
15169
13861
26274
17109
77468
22577
54813
35425
25266
75102
47112
28116
86179
47473
26522
80601
77786
77820
61256
37769
26931
29412
73697
42748
61535
76230
6228
6443
88499
27856
34788
36630
1548
92257
91723
10463
23488
78540
33755
21146
70055
83649
9453
59923
33035
79778
3085
50046
61167
15180
36258
30516
54938
34462
57112
72643
5236
50019
81484
91580
92305
44752
85867
50970
63657
41920
84980
91798
28659
11001
16588
99381
12941
74777
48349
89127
66914
90991
7142
49467
84411
23424
3450
2591
44793
73235
14297
63282
64331
5465
50309
66271
95573
42701
58079
23433
24632
96638
50401
5762
18029
60314
50478
97789
65741
65181
56274
66049
53950
7938
75172
93947
22590
11669
65470
82642
86808
47102
74633
75631
27168
73105
71251
97976
45029
46291
14118
78328
77408
13553
31411
50383
48066
82371
22133
28748
15096
75993
21842
95009
71041
29747
34469
75732
13899
47322
55290
65128
18137
42699
97685
43414
84536
94531
17212
15880
96676
28795
89323
63985
69683
59975
70475
91217
80139
438
70653
23401
39762
98566
72374
20280
38768
74686
36536
71993
30901
64748
27816
63440
19943
23620
61507
77693
73934
78816
18613
20638
57656
6589
85596
87425
5990
75737
98777
64561
22047
5700
3210
59320
30530
11250
68012
49998
78900
48508
84924
44655
56552
11104
19911
61448
71352
70631
21271
72060
92373
23519
89674
92788
60526
59700
47808
37041
53225
36441
9080
1264
93545
93836
79249
32911
34477
52959
74822
70351
50124
81735
8955
81582
61621
46989
19222
1843
91370
32748
50653
53086
11905
53682
341
38834
45473
8890
33995
66158
62804
70535
10246
47812
45378
55302
45330
60217
24010
26251
71693
47785
64659
73552
44458
88580
77979
99051
6750
17328
85487
46845
3894
59425
72705
57433
12035
31715
65038
32030
4641
27641
47552
18849
27707
29383
43607
77578
36459
82410
48849
39061
89898
423
12029
87172
17535
89432
11682
77206
25898
16671
49367
69881
34797
25299
36967
53519
92178
55599
14008
44595
81100
10729
22390
55110
94716
89116
56137
81823
50587
2925
96650
15233
71654
49085
9333
58460
28101
92609
68471
86043
36424
93860
53929
93633
54228
20693
98285
19005
31293
94463
56668
7167
65764
66763
50275
96257
52875
92251
90040
36195
60460
23485
53773
26619
17288
6583
76710
95228
50424
73660
80179
81744
73521
61786
15597
94899
66311
96996
54943
88056
29230
1447
23849
38427
59874
23306
24926
44640
5689
51754
25072
64206
55692
86921
16434
85051
51819
7326
25334
76177
55633
29146
64701
80871
28628
38091
6500
23867
40471
76852
29144
69262
70362
52785
49435
49591
85812
60052
71434
84257
68157
90221
52192
42127
30356
37535
71065
82771
78655
13223
38567
48773
44140
68266
79360
34836
26272
82871
33299
87826
58904
30600
63008
44369
79736
89047
35545
80599
22751
23721
26999
42424
78256
51296
85087
79705
26034
8973
20763
60743
33565
16262
71959
43996
66422
10262
89468
92955
87719
88085
25753
53052
63541
49373
29236
66414
90350
90220
63105
1060
10372
29256
16783
33128
87965
10830
94253
13085
51851
97991
34287
11754
29892
55267
35845
27801
15108
59085
23756
63365
47133
9771
80405
15571
73082
18263
22987
92958
5741
25038
35742
16243
21914
27207
87696
75648
31860
95110
82839
78731
83509
90627
72811
37503
353
8802
7688
49053
43372
8507
13491
10177
80199
11462
19421
21282
52964
94189
45010
71764
39891
40948
37829
39982
31004
57315
91289
78027
56019
78777
22073
63546
16685
27500
95098
23652
30642
57694
51920
41357
30269
76472
9515
74802
3148
27530
79193
92567
36377
49703
51663
80569
55050
19459
86882
62692
43610
24660
78215
60377
34293
84909
76786
22880
58090
25676
34130
3858
41663
38472
63303
22617
77141
5322
62201
47671
50360
56690
76457
78894
19296
2442
64755
92113
59033
22098
36631
56010
23466
44370
98367
59989
36163
83019
61504
45053
55312
30609
82170
26047
7966
26391
99857
34316
32113
6968
41543
99704
42555
98154
63006
82250
21090
38630
4068
65930
75057
35951
5285
63477
26266
45482
47851
47170
84375
6159
24880
58374
28650
2603
62459
60762
30338
51144
93971
24525
33113
99112
5614
4986
84230
87410
91472
19452
66748
26977
23875
82638
75537
6291
60906
63593
28201
68412
79782
1517
67211
5489
27726
19604
41839
85448
35495
37279
18925
26035
19755
65375
23223
5151
98745
35536
70457
49921
51316
22279
10501
63976
81903
93361
25242
63531
85002
79084
44824
44046
87709
34223
21219
31343
66439
26074
89961
420
11151
93846
14648
49258
30183
49607
55402
70308
23915
33528
58016
64799
91989
67707
42280
45556
37205
73203
96063
8208
55368
60948
87527
18621
2546
32594
89253
54430
78507
59686
25651
67802
41662
91990
93806
3775
24768
73843
84040
46126
54919
37272
30704
25989
47279
51391
57871
97049
87063
72016
59831
85068
82732
78270
37047
78180
33971
35927
77021
59727
13530
76823
8275
51260
9017
54438
34584
86662
41681
60226
47158
97736
69590
76477
39367
47497
90511
30770
65925
46112
70263
28449
13727
83595
58833
64597
53990
90538
22787
37425
97011
57351
95311
57673
44908
12274
21891
4221
78194
16581
38133
85153
57220
51478
31434
2103
48500
87504
37677
12673
81858
67136
49856
34507
2482
51618
84716
66366
390
64673
28383
94350
4093
25678
7522
96459
28731
48558
59922
65033
9770
31217
8619
88408
83463
21348
56804
59599
9897
71243
15029
18358
41558
40006
51417
13160
90524
15454
62536
90816
11287
89213
68427
49158
27975
32001
80515
92490
26960
69166
17311
73796
25040
29469
6393
81114
71171
99397
18113
70768
20895
8403
10252
67363
79157
48387
30981
39297
12428
75730
42477
23302
89622
98589
59253
85434
93931
80891
17266
8618
18878
37836
73739
17110
76984
86766
15991
82509
81593
10421
80690
53102
33014
19071
76987
61064
60943
48029
42235
79043
74900
528
30433
41549
72781
56712
17517
44159
15373
70887
91727
27837
559
48584
3474
70402
45498
30039
24069
87130
6091
72445
15935
42156
49967
42213
22640
73510
66417
36693
9053
95090
95337
90909
25202
41916
64698
19683
61959
20490
32866
50207
35233
65335
59489
60324
53663
67518
47300
1148
66683
9986
61834
74787
17964
24822
55586
14850
90739
29841
4199
64503
82944
10613
77576
40448
52830
71336
86754
78124
86040
51076
18377
14704
82457
44705
91923
9314
14037
56384
84165
99877
33200
39569
97191
22747
18791
93974
34791
93894
48395
75168
97617
32555
59189
92689
87114
88973
78494
28367
73386
32180
95222
15614
72370
14177
3726
36214
37635
76962
60227
75242
79200
31955
90434
41109
98910
14305
37110
33464
10499
96563
98644
15299
24725
48749
76101
20236
50561
18893
33290
51033
13644
22491
37604
70776
7166
5905
29212
79325
61890
65666
36610
61545
43574
17662
21736
29576
21597
94834
91213
74537
11377
31244
32818
42282
66901
39720
52035
94249
4892
58927
53119
70067
63406
74923
47621
97967
87942
98489
77166
87409
52731
77784
34379
76089
43371
38948
50851
92523
62352
55756
35932
19891
85504
20390
92674
56845
41659
77120
35923
2856
77073
19328
92553
97472
40299
99931
23774
76225
56172
7244
4774
27716
25643
81824
17852
77388
80114
38819
39932
83184
17995
25967
93423
15429
1256
4240
42518
54243
8654
44826
13547
12820
10427
79530
11543
91931
70198
97945
30858
46729
95731
10053
14601
1916
61813
77262
14578
71437
83791
44482
10448
44490
40659
9458
54796
18416
94724
83824
75458
75733
44169
24385
30069
19409
7413
76983
31455
48655
20113
58436
2520
6458
28284
62754
10740
15570
65705
47250
82464
93687
68736
19733
45255
6307
9798
18655
48094
18836
21025
59672
10537
26111
1697
20169
38803
33125
5071
43208
10601
53385
5598
78773
8680
10698
87521
79309
97118
564
57149
86731
32090
19164
81045
96483
85121
90860
34377
73325
78697
76749
13981
34261
31272
85656
55375
92803
28305
21019
36208
92191
70611
17579
34340
37863
81553
16665
39308
33023
49571
28777
54405
40914
3695
55742
3538
28783
50543
89214
64477
70671
77608
91564
73733
35446
10327
29110
44084
57455
60530
51201
80771
72979
32989
25899
3223
39650
35
27467
55246
20427
51994
3840
56235
98583
81645
35340
81580
51640
61638
15901
99709
39305
58229
89170
14517
35636
23993
54248
52459
48498
99079
83794
40178
28634
62466
38699
64361
13738
89435
1984
88298
36212
3801
18252
73460
43696
39581
95965
72858
40345
73420
31049
23297
79152
71662
10040
49152
13186
7910
35799
3248
91742
91713
65727
86177
56645
31638
87971
29791
14701
73477
82249
76784
73455
4464
88668
78683
95955
25109
62351
27620
41469
15382
35070
67977
70856
12991
21703
63243
22836
96687
23592
53089
77276
5658
81486
74943
1767
45780
80309
87702
53054
93371
5992
48676
91330
86724
62006
73977
38478
37843
49959
77054
96765
93470
73955
77440
47676
81538
77949
1685
90316
71551
63512
50098
31104
91887
35902
73451
68841
18035
80896
12790
43087
83505
30273
21774
61767
34303
45876
6302
7042
45331
12763
93219
64453
40534
44055
57624
1058
9698
13725
85663
67618
21113
22608
35437
78471
92289
82385
86797
47029
23647
85210
96630
23807
11208
95839
19263
44409
24104
16098
56943
11188
65890
63436
18714
71269
99636
7315
3366
95217
75182
52589
43008
64171
68271
47275
24395
55615
29254
31295
163
58002
84149
4368
5506
51694
89790
45868
30202
6951
74641
15361
740
42865
23133
47738
80565
22658
34990
83754
22582
84110
38026
93496
98735
34518
78341
20412
93514
8440
80242
96915
90180
92843
40176
99708
85114
26233
25010
95432
47225
63034
99023
6689
42631
71645
41790
96515
78329
1975
60975
92103
12296
5807
1615
52100
72545
77378
72192
36682
53267
3462
28037
4694
90995
76568
75906
98975
91341
10543
14035
77519
79935
37691
53841
13949
50256
47452
21163
50362
11062
68309
80058
2241
92167
9914
38868
67221
61907
4790
20985
98519
5091
63116
88943
38072
64544
70059
6614
22703
83001
98016
96203
15284
87796
6344
82321
14757
29684
44946
24044
47051
52117
3747
67954
82378
35922
33208
11256
69138
68818
99696
17657
78884
67307
85857
47831
72961
24079
698
10425
77115
84505
64130
36127
25293
61639
39238
89697
30299
46264
42105
18412
99799
58712
77713
93439
13466
978
31631
36557
90672
33388
46884
69143
53591
88743
6526
49438
74008
30227
43856
57815
72869
94104
12761
51617
55011
21042
99473
11607
50867
52591
97465
80596
684
37137
45550
3669
39242
88534
91247
64908
71377
96330
84516
11136
40984
76612
4546
63911
633
14973
62710
54926
79965
31447
89075
39645
79385
23296
2169
15279
7352
68849
72038
17998
3588
82515
12672
87261
30221
31074
49023
39169
59224
81760
47239
47888
56655
55876
51388
61314
67354
29553
66017
92400
58943
80355
63820
4651
90122
31651
49833
85931
27691
43530
33358
97358
96756
5374
34821
74650
30123
5626
1589
47201
47359
99950
68109
48539
8177
75879
62526
95132
34467
13239
1553
49427
74154
56979
86175
60057
21728
49700
12794
94764
53448
44778
13580
51593
72974
80348
91582
11189
87500
69391
68303
25833
37000
47742
99471
23246
11103
28213
83752
85555
83104
33689
36855
23683
1863
4237
81278
67865
55716
6268
45359
23236
84604
67648
57349
96472
29342
73902
84722
16979
58783
1230
59533
1317
61586
14539
85176
15344
69584
73361
69152
42479
15462
27574
74963
69751
86021
19066
35684
43469
92806
49402
43440
82685
8411
92931
86897
34946
68968
14727
47085
48897
88032
42861
72404
82391
74371
8538
28864
86502
80338
76299
11533
13637
74286
42031
18819
77657
94122
43584
69896
27468
3657
10823
44974
32236
51600
2349
55610
69840
3243
41059
73740
5788
50532
44295
43452
19693
8537
54631
10824
28802
87751
40429
1962
27127
65794
5805
44993
28647
84486
4450
27095
34349
26877
7496
63654
18462
38716
90233
42680
74398
58337
77067
73748
50684
81640
95931
82421
35552
96303
6662
26706
20322
34808
58167
63070
30405
25027
90093
6947
91122
32358
10049
66411
55440
40689
1878
91632
41850
6817
82204
68081
44770
61335
25586
5121
58402
87703
47705
98078
19530
1039
87318
86945
28431
29574
62358
97250
85790
70065
61286
64695
56715
62629
533
63840
67478
3888
53653
90678
15314
32800
24957
40952
6649
96410
52873
51401
22517
36187
51583
31063
29181
75808
47505
75436
9744
15305
86298
97160
72425
89472
52346
67454
73079
43329
78920
98849
91987
63902
45220
37814
92365
7209
85320
61268
26840
21946
60372
18375
97060
39951
46329
40076
17309
74047
44093
25977
66645
48240
72009
94073
42463
92613
20732
23462
37917
66903
4144
62833
36379
55447
33549
78046
24994
62648
72966
91447
51820
57037
13015
4529
67615
95358
64928
45973
52596
87980
97646
80791
29522
90140
49073
23065
11435
83713
65273
99457
4539
30706
49173
22813
54525
81005
38619
94237
85254
5629
45648
22777
72539
65106
78166
97811
70760
23362
99806
75843
1978
67944
45589
10258
99688
64720
78210
64549
11499
66372
37911
28625
85684
78997
7002
4087
92768
89364
88988
56294
69857
99014
63043
53356
18219
88413
36586
37626
7769
2700
7900
33506
18283
66490
71186
1234
6764
36550
56928
64829
34102
11994
32115
32966
51949
68329
30229
59871
25096
90632
7722
62029
55063
732
19072
55621
11737
34363
50812
83228
40039
25929
54634
87090
69424
6727
33389
41435
19770
72820
66909
85574
33228
85075
87273
14628
96404
78351
85343
23284
59738
39522
40532
14209
55761
67612
43375
63592
73399
95035
77106
47698
83617
97652
68640
47138
58157
92868
4409
31449
61229
96598
27598
1928
44293
23861
56185
54499
69806
46999
73347
66493
44892
14995
58613
76430
98655
28295
7444
98837
53706
14005
57842
79735
63805
56
95100
15472
33721
38295
28481
22324
43932
13308
21629
66965
29557
12057
33681
99991
33621
90980
8510
23738
87610
15961
39960
88818
48301
77066
68847
78175
45984
74592
58703
78637
59842
19925
16608
67473
39609
39072
76497
20522
55037
64734
94313
59623
60401
22403
53400
39336
8606
85163
60239
51572
7888
98124
87266
27079
14057
26479
76224
68103
44477
211
30744
72172
49942
48503
39316
38195
57332
71151
40394
91926
25383
95728
12980
63322
24119
51952
38692
13372
46120
63457
26480
27023
84911
75905
32015
29664
2518
34745
62856
41738
78236
70039
96428
2425
48645
43830
26101
85045
79030
14182
18532
33061
52227
51464
50017
49665
74444
7893
9452
77092
58912
5851
58373
9788
6336
94484
37064
26602
79367
33929
7652
76012
74419
91560
41153
76485
14042
67992
34628
71837
5253
63952
2275
67022
55245
8368
76650
21337
57100
71410
9860
88307
84715
86013
1495
14116
69481
15292
48976
55288
3985
45677
54067
22738
48841
65464
46612
44556
59864
17383
30301
79391
59344
71557
75604
80074
67286
83399
67044
58101
55200
27444
89008
50627
26640
19842
95134
22412
20069
41620
41419
1664
10526
59983
60040
71767
95102
76407
69903
11831
2769
90486
47951
12939
29801
91509
41776
49110
91832
40546
18616
14760
87138
3229
88740
29926
22887
84751
43089
6375
86400
4947
7242
95338
72039
47554
38224
64743
9756
68504
20187
2095
52928
79512
83218
62858
46340
80753
50629
56939
1768
13304
69861
81459
71585
38665
12518
46808
75944
23276
69579
65586
32893
61262
69924
63729
855
74872
96022
57792
49896
24743
39504
88223
59403
88644
99423
1803
1746
66542
64571
14765
13604
22838
33313
57427
97201
70864
27479
49825
27926
64316
37215
1550
34639
25642
18052
62286
52224
16523
23553
96912
55589
54705
31294
45729
12244
90953
47881
16170
79010
47766
35264
56486
62420
97651
8194
62377
30475
67726
46744
25108
25363
32155
54209
5972
4006
807
99387
41546
96862
41821
86581
99650
34769
556
59781
60027
69543
65709
98300
48874
16865
68215
65874
92497
48556
14813
53419
96999
35497
80902
24568
96897
59193
11633
77419
76847
24888
64578
12071
9766
70824
5439
22154
83079
21069
5627
29494
24673
68360
17699
42393
87176
81191
78477
28310
85379
16855
85249
41363
46242
34091
63927
66974
60733
23538
96964
92601
64314
67949
52167
2750
27739
69500
30919
74626
19325
33833
31355
89298
64696
45888
87089
15183
62975
97827
75441
42659
61635
30529
36075
37015
88749
10401
57993
883
10287
47328
90341
91508
53718
42216
53934
55425
36844
68699
39276
24061
26557
26910
76790
22942
1608
11480
98457
36968
79603
57964
4655
74405
9527
64414
85441
66251
43373
35010
80589
23684
94351
54737
93385
36059
33236
57789
75017
49226
41618
17821
38792
53503
98557
81932
85089
48028
26326
18729
57885
12951
15794
7313
38835
58719
1763
40727
79754
98553
33816
26184
69801
47825
3337
74156
80832
85370
41565
10149
66547
62373
95490
90150
70238
65377
62550
23715
23447
17056
12291
59089
61205
15737
95617
97571
80719
64468
82423
13752
98373
32816
59694
40468
83926
31728
13465
7675
1272
99486
32830
45698
92037
44248
13247
5535
62102
29113
96540
12084
90845
89064
35718
52506
45693
92382
12912
52718
96558
34789
30139
6419
63828
3582
88151
78612
97662
13268
27138
58811
15360
55255
13363
82887
13335
31454
71675
46009
49620
64899
4317
25512
78132
43663
95051
8257
42921
33808
33097
83170
46462
61797
82946
87621
31474
32426
92324
56468
12707
31862
67553
96255
76905
82794
80861
46903
22921
59016
35004
21038
66223
28056
683
52787
93341
73788
76372
86928
17332
42048
31589
4820
72261
89110
59221
38115
99087
62324
32765
3157
87455
27122
8833
45105
23604
2939
77999
58538
33733
77744
46891
82598
41863
94223
58832
89441
39014
13979
59078
31321
66236
25580
8873
2390
25901
46764
90509
20198
46575
79548
61527
80312
71259
8172
41301
26366
68326
98718
40802
48438
20855
52544
19276
48058
89524
29372
35880
26317
22533
2078
57398
44425
36493
20768
96286
28878
63283
67551
59927
24745
45170
6386
65139
99990
38576
16936
77405
80283
3617
97599
82010
47310
28785
39391
22273
43496
62968
65691
3357
33550
40158
23720
95385
71630
50010
54261
96301
83085
72182
23974
4149
89327
9709
19880
14027
64241
17818
7709
67832
31657
96819
47492
7197
19446
91281
99106
7196
68641
49950
6464
30947
46860
62572
20804
89043
56473
10140
57473
86522
64911
64263
87085
13928
65582
16091
99758
24941
26788
21769
98726
28456
42126
88764
81601
74255
42482
73880
7106
34229
69233
58419
4856
61812
59575
76379
52299
87760
21517
43169
68368
40943
32610
80341
11331
64088
68124
26810
81224
5922
29851
21963
40020
69782
20943
70596
33169
80476
83884
12191
5531
72355
48451
63115
66874
80256
12280
32359
10538
63885
67508
37397
1650
55258
80880
60918
26189
10326
96421
14240
82476
87001
6854
86369
10680
88283
40654
18617
8410
24465
41721
18738
42003
26453
48486
85982
72701
68717
83457
57393
13184
35750
68446
70239
37281
89107
48282
86701
45906
89260
3892
4141
69983
94456
8807
95943
58868
8475
76840
87489
91488
49025
39035
47519
7252
87720
47853
29196
6133
64631
46142
88276
52869
346
94182
85030
95396
47246
89479
75543
95743
13603
3978
60862
43026
40495
41896
53390
6535
48827
9352
9906
54479
94876
25867
26225
48055
90787
81951
9800
64828
14686
95315
25301
94082
71475
88903
50807
75805
28386
56243
27361
9327
4472
96685
59394
69629
13395
73562
23945
76179
34550
22391
87367
80748
37935
8324
38084
73807
77047
14001
21676
57440
92084
31527
20185
31310
71614
87470
67085
24715
19775
87220
93884
40699
870
81313
52250
13882
79581
38228
2608
22706
19204
79135
36190
30612
84946
56654
93073
6349
1080
87482
72847
61833
58616
16986
15530
6094
35067
86987
33788
62021
67960
28135
56217
885
43298
92860
97159
66081
10611
25489
23313
27830
68068
94047
38824
85619
25596
38975
38299
63726
50485
60742
94423
4143
35325
32254
74513
46332
39722
68906
51695
93504
52353
10165
75263
44515
17885
6811
7865
66922
13107
82629
5252
85864
60687
73167
12986
34680
56679
55187
36229
75037
14692
53314
3181
21845
87430
90048
82731
29707
30296
10731
61356
52633
1959
69898
64537
17927
87652
59510
71939
38005
40389
6410
60098
55731
77111
70975
3266
29968
81499
41813
9112
71679
2804
13306
62192
76770
11394
547
55257
73960
94950
98526
67838
55862
25957
50910
76883
16700
34033
29249
91810
25367
317
59151
30117
35714
85827
23257
74037
72528
93430
40561
29133
81156
33660
60694
7090
43742
32052
75348
8525
39179
8352
95739
16674
18543
36286
87597
2455
93903
38087
86873
78899
76338
64790
22652
76592
13453
66098
3654
88993
44669
8922
76163
32692
45135
99352
9522
68319
77975
34124
54007
93032
30170
68529
38305
8804
66001
8453
46056
91208
2998
29646
23802
67966
6065
59749
83069
8925
52729
89868
79677
40521
9827
57654
38220
52527
48265
8891
48781
57179
89146
29155
53645
73848
39125
57397
60601
95289
69939
87564
20587
70304
33172
34737
15370
21789
15396
90500
72770
7542
81393
718
73821
59106
28930
60857
58821
76708
7820
99648
37612
50312
98976
68946
32192
38854
64029
73206
7793
15405
997
46230
39584
66527
11466
34062
97459
82752
86183
35035
65012
83138
14562
51902
22799
83158
12073
46983
74379
25423
9814
24206
16390
45335
4578
36129
56978
10429
5182
36433
36374
85146
525
46307
2386
70577
95328
11742
51206
50490
83798
98149
17126
87933
75062
72364
31008
9594
75420
57720
91461
69431
75127
15677
91808
78609
7480
61693
63670
95135
84076
6188
27634
50976
81422
36219
35765
30446
77967
34381
88012
61421
73194
49447
15998
14178
64689
16403
8813
76540
39633
30944
10373
14206
9237
12928
45287
59637
51018
89748
10915
81300
41960
62032
84795
34195
7281
11467
837
90985
95198
17393
71424
69350
69976
48929
51970
40412
30263
57649
7151
5774
87044
99934
75422
6347
3217
51288
94372
94193
74738
9934
14484
42509
65034
11379
17231
65383
3874
19429
59380
88754
15078
74280
14638
35259
55598
71771
46111
18817
4952
52158
93968
96350
22654
69211
86911
78106
59101
64649
90837
39918
10833
63534
19362
18803
40884
64861
86786
17466
4827
10331
78641
21969
86545
23749
30113
78901
59765
48025
89179
16566
99570
98365
41567
62610
45865
54583
39591
9342
74573
94938
50032
63702
25599
32598
61294
27161
13228
31787
31059
30750
22558
29403
7175
42027
44527
34835
90938
76165
3766
32300
10301
31612
42439
76414
34184
12847
35257
93689
80075
53236
54121
66730
11408
54880
26334
34687
26780
37686
9123
10678
58096
79051
36338
96140
10545
17891
32268
29850
12319
83326
30022
68497
79843
84931
56481
15286
2032
79139
79376
40740
65332
36658
96567
774
69170
49505
2431
59821
80581
29649
15083
69286
42228
49947
79990
21195
45747
59978
92387
88020
36164
44319
37953
59622
45163
82973
70892
65466
839
55229
84895
94910
41837
20096
88314
81669
60347
75881
8524
32799
93922
51235
19574
1245
7920
56136
56974
7842
40751
9223
21357
51590
28132
1815
65349
67442
47466
99911
61202
85099
85561
96652
53000
86738
50449
62532
73217
22136
89392
94766
84472
41347
23804
36931
48605
80624
89892
66891
96795
82440
92205
52392
53640
10896
800
6874
80656
58141
30764
48375
98770
26174
42283
58804
65067
58504
83220
7265
70009
53043
24057
33130
12389
63052
92384
20434
84591
48765
93415
6441
55593
78807
57363
3052
68063
26173
15787
18330
45872
24438
46569
1040
94203
66150
29127
47075
64816
80593
22023
37165
6197
9004
76197
43361
33897
78902
15181
10196
5023
38841
81888
196
65923
63662
57554
49529
4840
38161
18526
60221
31604
68544
99290
36487
78664
10551
10103
4417
63152
956
813
89675
77745
1951
24414
61074
14051
75646
84723
15412
42102
34117
25930
12337
51843
62224
51886
48307
43126
3475
28341
55534
99842
19013
43310
28633
41365
50216
72711
46447
54655
73671
62981
7101
81172
57340
40553
78588
9656
33233
32613
56333
87672
25288
8346
93967
65240
32473
15067
78001
54798
88199
29615
60752
68505
55279
90834
21133
3389
9067
95089
55472
80379
78183
74881
43784
76679
39631
64065
76380
34206
69107
92728
49316
82066
22904
15099
30449
10293
20796
14265
28323
73618
62233
60573
43106
7137
13549
53276
81311
69174
74578
65239
42768
50643
76880
21730
11860
85999
54151
74701
59719
22537
26026
74580
82018
85519
35754
20139
61238
15009
82344
53571
41316
86346
18417
82042
72083
29954
38247
68264
60189
22093
76756
54788
99215
11386
51867
18451
90840
98222
31308
28829
69240
48339
60739
74511
84935
69050
16345
48358
75154
35813
63935
65415
37367
56693
94599
88817
58154
10681
9514
77394
35377
77413
28787
78146
73560
90084
39251
28077
25093
81696
55873
66697
42863
84851
22301
41697
52257
98904
98315
17473
35373
55339
94705
10272
63771
39262
7818
67952
47091
93928
31352
52445
21430
22270
49482
98811
3908
17036
92500
13021
11663
6793
29020
74619
62193
27667
36277
89492
17389
16276
51810
76697
11460
55617
4664
89092
27594
58514
63549
19394
10500
41161
17359
999
45914
27896
6251
96945
57579
89076
55951
75801
63897
21726
8291
69230
22158
55212
38872
15827
65255
12139
39443
47238
16226
34273
55971
70076
49815
23271
19883
63307
1957
69819
75998
85324
54412
60626
92600
2134
90661
87567
73015
4034
50594
74707
76861
40979
40085
24792
46468
17669
62653
4739
27827
77520
3448
5232
52289
1167
97261
69646
60087
33068
6447
2259
61624
207
47218
30383
62732
65366
6643
6069
77269
1778
47084
86922
28078
42225
31422
93030
52332
6239
53973
88028
48643
76543
929
15767
34059
76314
4543
24662
64519
48578
59707
59015
49000
25349
352
18633
22623
15544
2890
12598
75452
80833
16303
89017
80732
36530
83157
95683
77084
26542
1099
39265
11246
55163
70432
96530
28455
91962
958
27308
63195
50639
19449
64737
22972
44235
24649
3576
74750
17593
63706
55463
45535
5162
24080
32771
43319
82030
16377
87588
97992
7696
57101
77872
20657
51982
8076
39661
85462
24291
28209
58523
1556
50552
87713
55030
52343
9406
39370
73181
69179
12749
52443
78904
45926
86637
30724
9141
74960
37342
425
40550
72361
95052
82865
40391
44668
36249
63561
37173
91579
36451
64924
91664
9739
75470
2289
69664
96887
59261
82272
44466
45154
9034
47224
31530
7726
30230
75412
42167
18073
78937
6449
6904
18582
53726
97661
74337
5192
71520
14698
18872
11148
98892
86734
68801
88560
45950
58128
71048
34022
88904
93950
3142
12686
46205
41164
62316
86564
79175
46094
38782
87894
69672
54239
78746
54968
39567
91381
83514
34555
33000
77097
84272
34601
42799
31925
29227
23336
26939
33158
7089
37692
26834
35320
51165
73959
20297
98493
62621
16575
18764
8934
46239
81361
20436
92852
75715
53319
99711
37186
56447
60698
20773
37045
78350
24193
15632
11774
88719
79774
96772
15473
40021
63775
83566
82161
39882
44174
60416
95113
96043
94537
99101
88986
78979
81230
30457
37728
9924
2948
29209
57768
6813
77248
52074
37648
21541
19135
23917
72203
28411
79268
8809
36803
87256
20452
84048
30922
1874
55970
54709
45528
48540
97877
38140
53597
22676
26676
74644
32310
63913
77441
92505
11884
78702
93911
49304
42485
9077
83831
5370
76060
29890
41939
52972
73003
50252
37024
16602
29719
5985
87701
60487
39027
75490
46039
30983
4683
18550
55042
1770
66687
41533
98076
97924
62408
94914
23760
54446
17221
13333
66125
33424
90656
23907
92474
12006
13436
28546
15401
57779
14502
24296
9947
53213
48858
65148
98896
11192
2274
16400
60439
73920
91236
90103
63380
99445
50612
27684
8974
44016
69279
45549
56702
53007
71497
1989
88019
62226
96395
65569
67355
51062
6950
81065
25406
4785
58257
10507
74584
58083
40047
12984
3031
22432
13605
50378
57533
89815
4944
11899
21278
83421
86682
26208
50911
86127
52883
87881
8725
44807
65226
10116
9702
68961
26526
51323
19337
4949
1678
22624
31353
41544
50528
45821
12565
48545
39834
55105
6504
41043
11337
32888
25012
81372
36684
72975
52528
14249
8938
39945
41754
59330
35234
88143
95948
85429
5083
16203
1900
52871
68426
97603
99949
34194
86612
93216
53893
61153
49643
9029
77193
52145
45242
34235
12735
52121
45627
76207
79241
4323
8756
85010
73513
4275
58145
57251
6381
82404
40034
81907
86388
60939
64199
90831
28467
73962
45661
18461
22383
34715
41120
26911
34323
44516
84442
1217
52010
23372
37454
56934
84539
30848
77212
59518
52365
77960
15828
88495
5092
96885
69905
20502
27117
96993
2488
51174
32871
20485
74825
8314
13422
42813
162
24143
58708
50983
59404
80367
29150
81987
75041
11236
48231
39861
44691
75865
76579
26629
4899
21451
45735
7085
71069
77181
58122
65520
71366
11487
59711
40153
33578
86408
45305
24246
863
11109
9911
74899
48570
41711
25005
21544
84643
87841
59082
34187
93674
35687
59910
82926
45107
16773
94063
12410
65371
28236
92237
69954
19009
45935
15021
8037
9973
10841
19047
61831
38318
31658
15104
8573
35954
90141
18188
83174
10979
68816
11849
55082
54329
55254
86985
74390
69023
955
77953
92181
92157
38786
36147
9204
71521
84200
27648
9483
55851
15796
95451
61253
20783
89897
26937
96719
48219
47779
81671
58626
39579
63107
35628
20605
29317
24179
53273
92820
9964
49500
21421
9902
36290
35774
90655
74415
75021
35352
25644
25893
88535
64400
87812
60991
39711
40969
18593
22161
74449
60253
87573
49240
94175
40600
38838
42534
70145
38685
60449
9598
10471
33658
10111
7019
99828
10503
61072
75094
10172
13472
41934
1150
75586
40617
12911
65624
88394
91530
31884
67357
1849
83516
699
75226
62008
87402
37403
63047
67414
93293
28804
81267
2611
29718
84203
32189
17647
73676
39967
69667
29527
94790
8739
20371
58768
88384
35081
76205
58548
7405
81546
43759
97919
25141
5072
83173
5304
8736
2529
69318
71628
3563
51950
31859
96199
1401
94996
30992
15610
1695
60095
89624
27517
47639
16095
87723
40068
5305
80519
49538
10494
84309
49616
70113
50554
9233
35366
1936
44025
11540
28050
80835
1023
64489
36427
3006
9975
98163
37714
15433
4462
58137
67611
34817
64295
40827
54991
48057
67235
94224
963
77273
33245
70676
37805
96293
77424
60843
15102
83080
30172
45904
36335
90063
47936
84052
95571
67317
99212
1047
16521
36892
16809
64945
31992
69359
70439
13351
90506
47404
27035
22117
10603
14474
31472
434
79987
65483
34181
89983
96450
11500
45001
63057
20224
24335
93538
8247
59815
59742
74857
76683
34341
89671
79962
32980
58911
35720
55817
52435
6472
21869
89499
15970
42229
43451
26659
1353
3770
62587
93523
72617
2839
94435
83189
8867
59288
80055
71956
45493
85020
37871
8064
90847
61225
74000
7050
66144
36747
44725
4106
41133
33328
41791
69871
36226
70956
52256
91442
40540
1947
81343
15694
2871
91672
326
1873
57973
70430
57803
30771
52330
67663
61643
54345
65436
33227
36910
53405
85322
92184
48230
77839
94590
81133
6960
70830
64605
68013
51135
14792
81453
17489
54578
49875
24066
64656
86935
18608
37467
93112
1437
8386
21255
72740
89279
62458
44792
85467
84500
55601
92140
11699
50608
40663
70105
65296
68563
62290
18575
56387
73129
47565
95970
22707
6322
33470
5273
44278
88361
6991
36706
82046
85496
80349
85551
40225
99846
25452
66290
11158
57336
47523
3178
92901
16537
89980
84982
1419
64543
75038
9559
88756
58765
61614
84618
45268
64787
36635
12573
84863
52134
85159
44254
34103
51359
25652
47069
10455
37893
71071
40202
5267
65774
90919
5306
94147
56048
135
56393
48757
84055
46536
82095
73577
98817
80220
33583
50972
82164
48635
43858
33729
66013
45024
24960
21775
10642
19957
95608
29148
4195
7967
95076
32844
90990
72641
22783
44149
5859
26372
54783
22720
54760
1297
67293
59075
2848
61283
11238
58288
92314
45486
59199
69345
43493
30955
40634
83734
76752
4186
269
63444
65936
65017
85810
14316
89351
41248
28048
40122
64607
11504
45430
52146
91316
32227
25808
58165
23027
27977
39835
44964
33186
22713
61778
48922
15378
23754
22856
53969
36639
16613
62769
6045
34422
30403
68267
98094
83112
68601
40286
55910
90380
52530
98999
18443
95077
14790
1187
48768
79458
6592
45284
43541
24325
5344
2600
74725
34847
10014
13959
68839
61357
86520
54803
60454
63744
72644
7625
7493
44436
64528
80141
29314
3822
94821
16679
70585
21378
59785
8318
69493
84696
10899
65644
1019
87596
47892
60729
34668
33479
73237
28052
92225
70399
51300
53565
85399
68745
12215
4045
47736
44423
98167
27692
5033
34407
89225
22251
78429
80977
90515
65423
99956
34058
63146
56664
28774
76184
44107
11644
80693
47543
32341
87181
12502
87878
44400
23882
21722
89572
36547
82539
55848
4127
79330
81756
32232
37719
81889
46308
27868
16278
70021
85218
14643
71560
65132
10924
77662
42193
40151
97210
45527
36512
59775
21117
86425
55407
61825
91908
17560
89019
86893
28004
6850
4563
50193
74618
8169
15289
3127
78876
69130
46153
44991
76827
63901
61960
555
55838
93956
92913
83164
57660
75547
77597
18037
1711
96360
46582
67489
85064
58246
29305
86475
19878
66646
78627
68785
60205
31996
17385
19766
69709
31678
26252
38785
18428
93649
95145
21309
30552
85209
41324
40701
47416
36893
7991
27063
51685
56803
38329
24131
7802
29721
38708
18898
15488
59814
70289
84085
61350
56824
85234
58144
9682
20659
23874
8110
28790
84382
2885
86670
14857
82353
89977
20968
41276
74669
95663
85660
13565
93809
73907
31465
20057
85478
27579
50603
96745
43860
4138
95858
72044
93905
47777
20306
29059
58547
6054
3618
88813
47826
67677
34178
80635
91598
17907
95504
15888
9411
99774
23979
95823
75461
40409
23280
65018
20042
44532
44963
41143
46565
35969
44120
21075
79375
3084
70523
20861
17838
58944
62716
91886
2583
69058
90504
56313
32493
39346
67403
12423
25861
44766
6660
44706
72049
5712
43579
92993
83075
76853
84841
22990
99144
28194
64652
98686
58763
19814
77184
68987
77204
83043
46102
71734
79007
20063
96926
80828
82349
99281
32716
9550
49439
60636
4402
40930
29961
87532
45835
62421
40781
3697
28562
13185
57745
12028
15134
86215
62381
79968
92713
68438
78123
26630
27078
97622
17639
14674
80259
41137
64931
77559
38379
22669
9661
24211
62679
9726
72731
27210
31090
417
32436
51724
19606
35204
95610
23801
61302
67171
72255
38514
2728
50881
25254
92859
53232
76953
75507
58124
37603
98684
44804
24765
11656
48598
27478
3453
54444
24110
4398
62992
41288
15027
38529
98188
23582
3717
35388
64325
77425
79364
14647
78224
88775
64655
39840
37290
65918
69518
61919
23135
78757
28883
78550
78378
41456
190
23748
34246
86671
20458
5011
88585
5912
90382
99743
9186
86345
55542
64573
12622
23811
1253
13525
95890
29343
75786
85173
84571
53377
1081
47860
73764
43984
23032
95820
85674
12470
27439
10646
84662
58902
72699
39350
33987
14923
65287
40542
16987
41473
29872
21034
38689
32520
85197
14183
35217
60792
16952
92106
83291
18856
89418
23194
37512
54700
37217
8437
18809
77022
12936
87163
65120
67934
62103
45353
84954
81820
41340
62680
82508
18800
39909
18728
19639
55746
7398
96605
32706
43614
14038
21878
77834
25298
4365
41054
53185
95885
6485
11998
57396
78992
86244
14497
48529
42914
18867
8331
22701
35085
70958
23455
72326
19306
21860
81683
11729
9561
67546
34571
24939
60839
74699
30192
6719
85757
75331
72309
83363
14784
19194
43466
43257
70368
17005
20872
60491
5202
23862
6563
28071
48107
46133
48937
84625
85894
72291
33007
83937
86794
64784
99458
52132
73622
35908
92055
15601
14029
15141
54775
85788
38150
65679
15849
36091
44165
40504
82259
27959
31941
72872
91917
76973
27372
72334
3633
81381
614
56003
17274
38444
71182
39329
29491
21599
61680
91392
94470
45597
4100
91259
69977
32864
93432
58794
25760
49241
11626
82320
84889
10620
18725
13589
58505
28173
42352
94200
74911
72409
10589
92954
24992
75826
53066
19144
61562
47965
88187
15938
94695
6929
95164
15226
19663
17306
2908
96613
21863
60355
35485
41467
74144
72042
42627
1307
55053
65539
74072
36417
84827
5898
68500
43238
14821
82248
51574
99767
40050
67436
94080
68799
76616
20344
51957
44852
19605
87031
91044
67619
59710
58968
68898
43152
44925
6423
12290
55172
41942
4378
97567
83131
4744
27438
6913
74247
53306
81449
63892
17082
53235
54536
87748
66877
70724
14869
34965
95895
38617
30429
26147
91709
17633
51427
38603
78234
63519
74481
38039
90461
55680
86174
9928
15940
41897
25944
89882
38307
8643
82957
34848
28750
24113
99999
21787
8107
14231
77281
12278
69869
19143
73227
27190
40143
12367
22293
64145
68047
26537
7061
97303
70733
8267
22868
8136
81810
73280
52171
61837
72165
44580
13631
14465
47347
25240
20143
77896
65142
85592
72856
2938
77174
28021
64150
3235
22772
38353
6187
51613
55275
64961
21128
83274
80456
68046
73860
57819
48501
41476
88117
48769
65785
9968
14343
98399
93765
97797
99818
11755
9343
70618
11271
26746
86802
61499
99453
32546
24950
89956
29452
68393
15303
94216
68120
85454
46066
5610
89582
44311
69572
18858
99868
31758
56396
41484
53309
92278
31323
84167
31077
47937
95939
64447
51308
71481
21870
81445
84975
41263
90088
8371
16250
81424
48321
75475
89061
96574
96566
59642
97257
66559
93923
85828
81137
25910
34226
92247
12529
26131
68259
66898
44238
66562
75476
20409
58300
99190
26620
16540
54907
49656
48415
94763
53654
98708
51992
92909
85240
815
22199
42357
81444
25239
35860
64086
28961
79641
5089
42876
81679
97889
6550
54131
51769
82981
40125
82232
64776
2422
76297
60521
45664
10233
41612
38674
46863
58700
44834
48363
70110
56460
55492
83232
77209
2244
3879
67592
44027
81117
7528
11329
36117
9519
98997
66936
89254
10347
19903
28002
14121
29817
95079
80298
20969
47080
16624
88573
80563
37655
81384
11263
84558
86443
88278
11673
26948
17595
67318
28087
40161
48
69670
92797
70347
19682
63982
98361
14435
24713
88545
51659
48891
17044
17909
57634
52337
32152
34406
61243
69738
35566
64274
83141
33977
34529
79733
81564
79654
76419
94881
97413
51760
693
48226
6634
54496
15408
86515
96797
31391
48661
47088
67072
82115
71872
58899
75709
40997
44255
13156
8598
60168
4017
52981
28111
49626
6695
46625
75977
21742
94792
69837
36544
58048
96791
85457
85404
47386
47283
90554
95795
75300
45390
494
88432
81319
30855
68218
86497
23918
77807
78110
54769
3567
20256
6668
66742
56060
25744
13731
67521
69554
32167
26970
23104
75157
99035
93356
27721
19767
22797
90170
70358
76659
54627
17758
5677
63756
31144
57969
6840
11367
81976
107
23426
78700
63621
37986
33416
96859
3241
18830
36754
36551
63722
59112
71784
45571
70371
92711
7388
62089
97256
27294
5190
3807
11714
92161
38940
6121
75299
83923
34271
18101
74774
65601
4972
7260
95707
42623
65129
99815
53602
35587
28042
50080
67242
68851
49205
46021
88652
13567
33174
59349
3298
6348
79050
55028
85979
52306
36899
66430
1784
79587
49175
43183
91444
57757
13227
37269
30519
17382
26973
43345
19003
74232
13820
27041
16355
97292
39672
66611
6763
93874
95394
83902
58792
71419
48946
50710
6558
19073
50547
55242
70658
56708
17726
81354
83249
32288
59576
99201
76945
9283
56808
50200
32228
65150
69450
57322
81784
46472
50085
60701
21681
29985
30850
47021
49726
58718
68976
44032
66065
88615
30574
23221
85866
23500
93079
2069
58268
31933
59777
43357
76583
68525
34988
44426
10617
82477
27601
24817
76729
58764
26083
57115
59509
24030
292
35558
40906
6009
44686
24781
83445
54478
94609
54862
28065
85753
83956
15953
31701
4346
64862
37199
50613
47972
91301
87541
76466
84962
43910
41220
50855
62207
30542
28676
86994
78138
12384
7787
41951
63103
41787
16782
64646
76121
15876
69477
26002
5527
71611
53779
57607
95765
39735
23518
2022
25730
90091
43786
19962
14839
54729
75598
99920
77057
39642
80445
19355
47449
23902
52765
87339
63186
3964
70617
82278
91662
50181
49104
63088
83702
17419
51607
55256
86198
13078
86591
12177
25132
7412
37980
52200
79892
18799
90591
62319
47494
68962
67607
69788
39812
53581
10364
77930
10497
98103
10759
93959
81621
17159
18396
77846
14779
44124
52162
776
81043
12460
30223
74845
58579
14093
35359
56886
61159
98311
2152
64856
51947
22340
95427
96974
47135
34018
19848
65357
61726
68114
54066
72992
217
70950
22726
86413
79650
63482
17824
2854
36293
71370
14960
9885
18595
86938
32060
35105
50772
22438
91456
46349
84011
1354
68873
96298
41777
19504
505
35398
49422
35483
57429
15145
74362
35066
61142
58695
27015
34964
85536
93735
72199
96931
41142
34326
12857
66757
37582
34596
95182
68016
88440
78677
29756
53495
94539
33384
62494
89558
34175
93712
58543
69459
36640
70734
18206
29389
39555
78116
43420
98725
18999
55867
18249
12272
6272
80432
7070
55404
64785
43671
3391
51212
63611
32921
94016
20045
54309
85566
3641
2937
69637
79905
39881
57273
372
43246
16556
98643
23383
45787
60732
64766
8505
32234
22275
4245
9386
94202
15989
73142
60279
45617
44750
11469
47514
64198
66973
26734
30499
28958
82744
53541
40539
67423
21767
49725
65253
74173
39600
65959
82433
43626
32321
38137
91205
13161
6602
23125
63144
20501
78282
68979
98584
21862
14028
84523
58886
72575
42641
82397
73912
69315
57958
76076
23941
53031
96475
75907
51674
12015
39223
84458
13236
76845
52675
25660
96266
21514
98615
46118
12659
60800
15709
23094
12119
2304
66888
19381
8166
33301
64595
38461
47715
33883
83014
63869
26302
21121
38226
12421
8600
23859
23464
31234
41824
13320
94858
89567
9498
85277
72180
7895
15430
71674
70005
72729
67149
15936
68064
32758
33093
65225
47207
12300
11547
41796
91454
90299
54008
2320
50430
68463
70450
25843
13373
37209
66552
31438
84252
32185
97748
36137
24967
53539
55925
10168
12085
43580
81762
43822
59560
30320
19265
18975
2782
63494
32245
80545
50000
33968
66770
36267
36647
64830
98178
71545
86888
65088
50226
38827
81185
835
76757
20124
38002
21651
7541
59601
17512
65413
76322
11430
45351
87896
29538
85346
38693
90752
4616
31048
74958
63509
11314
5704
1513
5592
53961
86116
85881
77402
34306
2822
87590
75731
53802
5021
36672
31342
28700
75886
51774
55232
76809
22495
24474
73000
52236
82169
99640
37758
44808
86966
61923
89249
6428
53872
94282
78620
3372
82107
20098
22953
50854
21269
35607
45452
38209
10745
58499
26185
56315
26079
67993
26878
55792
43685
22065
75815
53492
50895
19829
80125
21244
113
15705
219
5633
21423
54979
44061
5183
35891
65451
97152
25883
31018
53766
74292
16920
91425
84934
12037
57900
12158
26822
18903
93152
80950
58762
1113
22866
33460
50397
39561
20972
68026
70202
15423
19368
98088
4831
83142
8066
85212
78465
40576
2076
18327
16354
96280
72852
64122
19987
30533
97972
52160
29509
39256
7929
17571
50113
78364
46529
81188
51151
91697
24577
56908
9962
30388
99452
98113
96468
55581
14705
12295
73294
31780
76270
11744
17170
90377
27131
70231
81429
92137
58236
18643
10400
84403
5934
53794
96642
91757
3611
34861
85395
99069
44481
25088
85513
64819
40779
36266
2487
78502
25784
74700
99076
67295
72134
12439
36282
86083
96200
5594
29670
26635
75846
16509
39217
86585
4372
62063
83430
27082
85198
56595
16261
40231
43395
44657
15188
3456
47709
51883
54542
63613
73699
46512
79186
90892
45346
66778
30151
63313
32275
418
39521
1409
18632
68587
6518
49425
26013
47487
97757
47146
33102
75984
63974
36025
60281
51831
6110
75244
5095
20233
28007
68556
5206
96571
52929
74159
28964
8679
90376
12909
9215
37536
13619
24120
46269
42395
38420
83327
5720
30086
72753
60088
19425
7573
27510
74882
64764
16411
38394
49537
28169
77486
21795
2088
54463
27647
93520
59274
79583
15801
12054
39831
17661
29503
25786
75291
8948
70710
27008
41900
24442
49334
85974
3027
90440
45146
90563
50182
28398
55439
25557
83316
3394
56067
82707
10560
70552
82619
58836
78691
29724
53146
40621
21329
76671
53583
24207
39442
95125
38801
1357
82716
73081
13975
14374
82027
95223
10225
93621
49675
81368
69516
26646
22456
379
97699
65324
66510
24118
43050
53618
79147
3025
61928
13743
91978
28533
53817
55165
12021
58024
90522
3378
46590
9377
61257
4699
12674
71096
40823
97729
2767
9703
69645
90999
38432
94935
40954
55781
26301
40492
62511
40551
93879
44648
26478
12731
11914
83635
11600
77167
19624
66102
29699
74497
72468
35957
87102
9007
38682
69697
6564
7456
18568
93475
20569
63873
61700
80825
41862
8129
18182
65003
3833
92461
68399
20204
78271
14433
80116
37408
31076
5441
63904
89330
38663
79014
18793
67796
37461
6179
63503
5798
8715
95374
58705
63370
65632
86107
1461
70314
62728
14344
8689
51360
56608
72170
76672
78564
36161
90248
54857
84762
37327
84512
27978
83737
83746
29888
8014
30366
55644
71462
39470
30714
76264
15257
21531
68653
89189
19786
98244
78371
62472
21918
16179
47541
62902
63357
33118
8550
35643
56390
19341
10148
55693
13520
89408
42602
90420
85751
72077
17496
47867
84323
54819
5299
42209
70044
96423
32235
24588
69592
81690
2636
45932
53727
69334
55880
81934
46191
24850
95981
55825
21109
76575
15088
68247
5926
56002
3572
587
14007
30182
28849
91687
70921
40524
49937
44689
46113
20799
83655
88785
13410
94272
40188
87473
78981
47810
59982
27681
4139
86880
5054
99162
5728
55513
37707
42180
4151
16824
76685
50086
44806
37323
99008
4041
38244
39975
86465
4311
20514
86589
28907
30937
56013
14485
75754
61491
37161
17424
53466
87640
55726
9828
62035
72552
57776
4707
39789
85206
60265
25150
61744
25939
48810
85155
29924
50523
59459
92159
81970
48759
29989
43583
20027
7801
65029
96527
27957
70927
27754
88220
95698
83507
25304
10870
42783
57773
49361
11283
60931
43878
90699
51399
14282
54234
767
60809
97287
45389
36868
65524
5008
37324
74912
22320
30669
4782
95474
28044
50665
55972
8009
61570
22823
68671
45028
16664
44386
61935
78310
66549
78569
50546
3630
31094
80474
36216
74806
62688
26448
32428
21336
92752
86550
64589
12547
51134
26567
24542
79
26295
24013
51738
49920
75555
5140
96870
16623
65456
73747
670
53729
57060
53339
44692
86011
90272
9575
81619
62845
93769
66899
43836
45766
64384
61790
97415
23845
70825
66196
33197
34050
75005
97692
93466
81584
55260
37706
37621
18561
14152
23916
3550
69607
14200
95161
20192
77027
36543
62524
26504
81752
24159
52433
98836
87013
15830
72392
86276
56562
43780
15731
64111
66448
49162
46101
22215
25925
10490
68144
67533
69275
54623
97751
96487
92729
71726
55794
26151
96104
24496
87359
99584
43508
63462
93937
65109
44558
72880
86626
61144
30400
12210
59605
93791
15686
53406
82308
73060
4260
71147
97663
25629
51862
50406
82604
12292
90207
49154
34921
30551
39205
63847
31630
35706
20838
37160
12170
20005
16086
86091
79727
57602
13815
3663
92677
54118
696
49503
31796
30191
38549
53768
91086
70063
90161
23324
22594
94878
91477
11453
73566
97070
72668
78957
875
80043
95484
65827
70983
61026
24412
46924
12856
62189
62156
53312
5706
98460
36830
52922
60223
98377
85922
71812
36009
53545
70000
69793
14625
19677
63850
92166
17444
61017
89171
97042
64653
79382
35726
93940
11786
94148
12621
19915
18241
56257
87404
1124
54807
79026
95383
58552
52652
4345
74016
78325
94404
78179
52104
129
74597
35358
6424
98254
83179
19374
34833
97810
11571
89947
88829
51131
98703
7214
35579
32223
84545
78459
17204
3464
43739
35017
31876
91513
89287
64134
93133
94851
35322
97423
65452
68747
672
24342
31123
87587
51833
68017
32915
70405
45531
82336
3741
61703
50676
63961
54194
35432
43874
12378
21184
16793
87727
10035
80307
83468
37631
12150
38406
41886
65777
79125
39304
99052
29877
19758
51734
69363
32338
37480
47564
26003
31865
42061
87959
54800
64164
83991
86411
63417
91479
59135
57592
80327
92292
45257
59574
25399
73532
68207
79231
13600
2745
46519
14213
30410
85262
30571
28732
16137
9568
9859
49910
65235
75637
26534
45454
3983
59038
59054
41832
97837
32099
38264
72390
37207
17314
11060
15354
9058
9718
18528
64242
54878
45651
9482
67818
78728
14983
35989
45601
93159
4876
70036
25733
31693
57236
37211
38933
72511
22630
14252
77071
227
41425
8709
2009
80697
93636
16993
89810
98280
19795
8950
39456
64062
94498
63130
47187
8644
73192
13097
43377
90766
83604
84893
72542
61509
74085
16761
38060
65795
27694
50330
77213
83912
3602
45438
13746
81906
84769
78372
49128
70437
10735
10440
64277
85538
16398
28083
32935
31118
5971
24661
86559
73324
25120
44498
78735
72411
18378
32217
74873
81180
26696
77736
5331
88539
20508
84119
19214
67292
48100
78091
94874
43692
63663
10854
35496
44150
39345
62574
44052
89026
53693
1382
74972
9336
19079
81719
43147
2266
12604
34702
79329
72829
78847
4935
34614
42565
79286
34344
18469
50145
2683
95650
43272
21846
66495
56327
22790
93673
89580
94467
47741
74344
48382
29247
27331
35442
98055
21648
42046
72437
66330
11125
86872
54426
48362
80423
24996
66792
41804
70551
40015
19115
21204
5429
54270
13711
27132
40895
35948
43573
32325
77453
5806
29174
4737
61819
75413
34542
38401
54693
59350
92630
81034
6263
79938
50919
13457
97654
44596
42406
58568
5903
27826
75381
99979
10491
4869
226
7886
11190
82492
56012
34950
93042
57645
87307
35171
79952
32843
82760
59138
45605
5297
32746
45656
21485
46295
89344
57754
27599
13387
35327
77157
36920
61762
50073
38625
85041
39637
39545
8489
38624
56721
22511
84
14490
16656
25313
72517
56878
51063
10422
39792
29203
92077
17075
47883
44026
15115
84706
33193
40392
75681
32931
15049
28292
2499
60033
80185
71060
82462
26617
26756
30801
29735
54604
772
49121
54022
92012
76664
20735
90138
44172
69084
34419
11610
32681
43444
92154
37151
99365
67162
2163
4825
82579
38739
83521
30847
86233
65358
67955
45708
11022
6521
2411
71862
12201
7394
32617
78346
9424
65527
12979
67169
44273
19465
65217
97677
59843
98369
32456
7251
19127
60692
35007
67229
3192
16159
31507
60952
20214
53205
72916
53016
53818
95531
61727
14833
61687
23753
40097
97943
71136
97095
41801
70578
33387
73591
67323
41009
95979
79439
22851
44813
20378
28866
77660
91159
45405
65780
91027
175
20937
89212
76590
97091
3246
61136
34129
89829
31851
90776
86510
12357
63290
97788
12333
10398
81908
50255
80219
71704
5142
36053
52673
48403
25547
91797
12955
17225
12016
70130
13701
82005
11498
75054
63510
23267
14552
71164
20487
19562
52478
38923
68579
15060
18057
2907
63626
26677
48142
10467
28223
18205
92869
15323
58401
16984
69146
94154
94191
65637
53331
21616
46865
96541
24808
37378
5652
31929
74034
10387
14558
77593
5351
12180
37388
77444
1898
39425
74628
67827
82720
57701
99396
71203
30267
44667
49892
91069
48195
40667
35867
9640
26827
54284
89925
59215
18960
10635
97099
87919
83005
78862
40805
16304
34713
15634
33836
62107
10630
78533
59282
39155
82219
59830
74276
35939
67909
35247
31595
28575
93771
1524
58348
8820
19415
58089
65961
44411
66332
66786
66138
85485
46241
57414
73832
87950
46160
55533
60641
75557
32732
39563
20630
59766
65941
51183
25869
92965
59695
86632
68748
10312
95972
24734
46702
84207
78026
13118
5418
94673
85432
4505
13087
94951
3143
10884
67550
46303
38191
71322
47774
21377
25478
92827
55803
7348
42516
44228
32027
52000
85887
48755
51564
51604
15222
43367
78002
48764
89065
98916
1547
19358
6864
99805
15892
98207
2924
83994
47849
2759
66790
21339
90082
81724
67159
97642
95725
69753
37112
54834
75724
24491
24981
78549
98471
27045
7660
12330
58179
92602
18175
64280
28476
49406
75978
40434
30169
50562
96573
55596
22004
53812
89038
72160
85616
33248
89434
98688
10510
73873
27833
25572
33275
90784
56953
84389
56202
7156
52891
61877
33899
51214
93669
34397
62578
43471
81461
19656
15635
70526
36581
12441
24089
18963
87092
59616
75079
75472
35051
62622
27688
72363
88053
40450
32749
75078
49931
90098
26492
67512
70991
171
32190
14775
74369
46489
40253
18852
29242
24021
26441
18699
38826
52413
46495
37624
20544
84051
10357
95800
18763
33108
68362
87408
94774
19106
97580
12351
82411
53370
39190
36654
79073
10754
48589
77704
21818
66704
94980
26778
89259
74210
72572
13795
80204
26349
85505
97175
41341
67319
22778
98532
89683
99666
64551
84573
43774
86957
29530
93908
83744
81222
14855
53489
29779
15546
59449
29658
40297
94108
85747
45400
87426
50826
88793
84246
35036
68006
94343
27668
69925
2522
71980
53606
76489
1845
99673
54704
54221
97573
16315
37091
78625
36047
61412
2901
78539
99953
55865
94208
40975
76240
83864
73952
20795
34874
70547
84288
81032
98043
84031
77146
80045
65230
72532
72563
15947
42476
27948
50003
92002
52197
96788
36444
90175
76386
51149
6483
30024
21827
21236
55661
99410
73018
13070
94
51755
6388
9334
49269
1442
13256
86977
78692
30904
6338
11455
69065
60383
83055
46944
95209
98473
11153
36749
46678
50828
26307
30386
40908
87655
24778
23911
5040
84511
22479
26128
71657
91101
51171
28360
50777
94315
77785
17283
12199
86252
30019
46394
62862
86118
58274
98618
30392
85473
38069
64863
92720
59964
8029
16593
88742
63126
49014
29566
8972
57358
58303
6961
33073
33823
13573
52428
13226
9189
25421
98704
13155
53264
10521
46851
66976
39007
88262
33095
358
64473
9931
43321
80836
49550
1443
38637
65081
37432
60786
66388
32873
66711
57451
25034
49823
33871
41856
63102
63400
11879
24149
1400
32017
87750
47597
86128
42908
13922
82848
69149
62397
35312
85910
16069
10238
13535
26957
26844
72269
53350
46392
71436
30878
3703
54104
30802
55287
14589
85989
67382
46114
30707
90602
50061
46243
2968
94458
7096
2106
90108
76842
41505
32376
79737
5462
3070
47547
80967
59769
81062
58120
13654
36761
69735
63485
86693
25954
70769
36869
27701
87650
50968
83711
7730
88420
88385
72639
73868
82304
79099
89388
42114
49130
97278
32970
34376
27458
82840
13257
10410
48998
17361
32660
60956
99982
57082
36390
22155
849
48433
46826
36088
92595
36191
20594
26763
83365
24907
68108
49635
99156
30498
56525
46768
97065
74152
52446
30447
79000
36455
94088
69219
56230
89591
87854
80562
20613
78972
85556
33051
91055
12825
40545
99623
34428
50079
68562
21249
2988
88544
25321
47509
28973
64104
85630
48930
13102
82355
576
69623
8044
992
77509
70656
49771
69600
95951
86811
79649
13073
42743
56088
36405
36369
44759
93182
32172
12752
72874
46130
29585
23123
92614
61483
67531
23851
23376
15980
2296
46371
62271
88525
42026
27290
56870
79885
56937
77218
42025
85109
34093
68030
74982
6264
91964
53088
54917
17476
15682
705
85194
18176
20658
72702
76216
59000
91083
46591
91001
43247
60506
88057
25739
59311
61394
9501
4680
61795
61215
99823
64378
66587
22878
17483
98205
35090
22745
45998
31999
33888
49072
11586
40571
26316
27497
19498
26488
36014
14385
54755
81104
25852
53824
31403
67498
81277
43190
43391
58600
43962
65881
20984
81875
12775
2127
17123
28861
77933
32246
34001
29884
11809
94879
9309
34962
23590
44378
31488
70889
58060
86076
59339
44082
32434
33684
38409
65671
97764
14167
38031
22426
56768
21078
21635
60488
98977
12550
74283
96979
55486
54691
7298
22755
75790
70488
90001
67985
32265
20025
6358
67901
99561
32542
62121
69910
47448
14807
72507
72046
2387
40597
18579
93383
45050
10039
37373
84905
96908
37411
87513
67687
83369
42465
37438
85725
32960
94222
13094
38291
45488
32876
16598
16582
83646
85084
56476
66969
16669
99567
36015
16586
86261
17292
76562
54645
77330
64667
20332
48416
32405
82110
58525
15
92746
49112
30282
44688
3395
44790
18787
72745
76512
14966
16976
44179
26560
40483
73225
17652
61944
7986
62785
41157
58453
15185
54653
55942
82329
20993
61826
9357
24425
98282
23441
19272
24038
63739
99968
72154
33042
56847
78684
86713
79897
19644
44929
73032
93658
53758
43727
32793
77072
4584
100000
73553
58121
78639
54481
66320
85863
38035
82960
31545
56915
33881
10176
99735
75686
92171
15485
76872
53570
3219
79337
96578
71653
38092
47646
65434
51670
15661
90448
26846
61122
73201
1793
5595
88344
68913
93476
84115
21916
5855
96647
40156
65754
43740
4595
56714
88745
37446
10279
28063
72118
41527
88035
18890
26651
26851
23994
9212
72667
76643
26157
92884
78418
3988
93107
51741
26402
36976
40107
48586
52318
71005
26255
43565
4712
53315
64639
48968
56115
7594
71794
95378
26637
8141
39983
97474
88133
22712
36301
75321
58311
50004
58831
5029
40128
75129
23101
69752
6413
3183
62247
76628
37058
4818
20586
93027
87353
17071
44064
43889
25864
40485
77222
28233
20778
21491
94051
36401
83877
4640
36625
36903
22733
83587
54365
42895
62884
57038
97220
58202
41447
43499
22262
21404
61070
66602
33192
49495
42116
67540
55415
51336
95070
14677
32331
63381
29408
57621
5430
28905
94025
3624
64043
18238
2631
21587
21366
49670
21224
24208
26106
58468
10309
83242
35488
69243
49139
55334
27222
41187
61641
88510
55013
80390
16817
9606
52562
75817
98156
30798
42749
65557
85451
59743
95411
27137
11588
14166
2312
17433
78794
69609
97824
63493
24278
82949
45094
27849
63681
34366
472
23042
29217
57283
37790
31487
78603
70839
51628
61967
30844
90480
16497
82913
88711
98749
42637
17589
96001
31515
60285
18588
51061
25787
72908
83247
41352
34533
34329
10343
59334
96852
92083
22402
2344
48869
54644
30331
15652
54974
21729
67501
48125
6217
91149
96698
82130
32918
46624
81507
96004
95073
17864
56916
44842
86986
76854
47090
56650
35088
82496
92618
95740
67483
68227
42040
48890
83700
95883
64497
51918
34968
82557
4339
54306
25511
31027
54485
26138
44940
34452
63986
35367
67558
35970
70609
69250
15627
58687
46059
45861
9488
39385
83169
89912
69842
22430
60925
69566
75281
80336
18319
90370
95
74231
66097
5908
82857
61284
12283
25434
93548
1499
17447
87441
66541
51969
33270
66277
70810
72767
55088
3483
15851
41855
86480
84650
24415
54565
49779
75189
56222
3919
14092
36302
8406
79932
13261
58422
20222
79951
36110
9022
93174
218
67463
95804
32250
1519
69614
20635
56612
82252
92051
91250
54708
74431
58869
22409
88730
58279
17606
59713
2572
94174
5547
36913
49991
79474
96886
84904
5748
35427
48064
30703
2820
30294
58232
11343
70400
52187
11802
39573
93728
57241
47278
70874
24688
14003
32811
18269
94551
22580
31833
7906
31067
14838
51449
10600
56251
78306
41302
20574
17551
67339
18866
53752
85601
94692
2330
44240
8967
90607
47191
84574
77224
23568
35677
28364
93973
83340
30037
90071
65799
66243
51166
88293
59467
29893
66477
14026
16002
29182
90475
17847
42133
94238
6875
36298
65099
40062
33805
80995
82667
63791
74614
85652
46734
25226
67146
35641
80657
72882
32651
7936
5101
31907
68550
52417
91638
26389
15625
82929
88959
80441
28197
77230
75755
72761
6341
7556
76587
30985
89490
42050
17399
83147
84209
45635
99596
90038
9108
74889
91671
38781
88918
82235
34801
36594
72035
83596
49661
84484
8498
49724
99384
87671
13376
63497
40267
6889
1137
9564
35689
53353
66839
88081
11668
47061
79319
90759
70862
55587
99928
7000
2245
50427
50585
41360
91543
922
22311
48758
53277
24846
23491
61828
95341
39899
5949
34556
22140
26463
35326
63222
41289
4470
70688
60308
34441
5159
2895
36066
8381
56495
6911
21990
13856
25562
70960
43239
96364
2942
39685
30745
93693
24521
1705
9960
61031
48940
47305
42493
22325
29379
61736
15927
18990
43504
962
55745
63395
55422
18224
56577
91254
3202
86799
9579
19175
60671
78861
54843
33343
93395
38787
3920
70574
96833
63511
87739
97914
60505
97375
18349
57531
69063
59793
29565
64685
43778
33417
18668
87789
59233
58147
77194
66819
8028
10318
18701
86231
84466
68486
52925
16083
49648
82091
91339
1117
76073
3449
22496
3496
62819
76289
80161
45145
77123
36542
39031
9694
15944
30325
50767
21504
37364
22568
73438
39421
9695
15582
3242
69889
36554
47113
65575
30500
95220
2877
77966
35584
71776
50981
29739
95706
50728
55618
98617
38196
42122
37583
63970
97430
50504
19548
39926
13708
27600
50114
53006
14984
1139
43356
70502
28329
49807
23900
17845
2800
95796
5152
5523
71981
74769
5480
60778
84087
73683
30872
38517
92697
18117
48807
89654
74343
64927
24443
39473
20578
73958
19712
94418
55659
89522
93301
50285
10219
15247
76506
59546
18622
90204
22137
55441
91656
42350
57539
45592
94591
39675
94807
40199
56697
75695
50747
4793
14801
94811
63393
5601
10321
96180
7744
45184
76336
62154
1048
86690
2221
24782
66534
6227
25973
59687
96159
90709
42837
38925
35551
35202
79833
69936
59621
30790
36411
22331
31538
21301
52725
2727
70293
41374
65760
16766
43543
97892
45326
29169
19472
43679
19858
61377
82239
900
41216
50153
96417
72673
622
58793
84261
84327
53457
19298
21251
59455
98187
55325
56914
85691
25137
44880
86428
69445
14172
33454
51462
42771
61084
43564
92423
53330
70799
95778
64413
42205
31340
93083
43266
96041
60660
27756
78607
1458
80472
92671
37386
38250
5842
83990
36941
76079
64918
69980
56951
57753
72709
67139
5143
33824
56709
52144
93165
48639
58972
13235
68766
30133
43987
91218
58798
63454
47433
74672
99838
59722
65395
98524
10070
45067
87314
5290
97106
13119
14184
59737
84242
95011
18267
53382
45171
42925
93758
74137
97317
15000
85885
8060
37018
15206
54685
69821
35682
17291
38279
7803
59474
14753
19687
653
11082
84672
59751
42525
34495
82377
74874
37975
79278
42644
51162
11993
5063
12203
47802
29543
31911
49647
8374
71126
95564
67753
53562
65468
39597
41566
8034
9179
11977
14161
66319
65075
4964
40863
61501
31181
58351
92557
99046
39452
95648
99544
20477
87203
471
95236
14393
43864
35836
55775
16739
75213
92407
55125
80481
6733
76361
99972
17530
28238
75710
92271
1861
48215
6581
32884
52267
88806
39111
18675
6851
10926
60959
20672
26008
1688
86297
74038
59313
47989
7773
89832
25070
81130
71250
66880
36562
5575
14268
3073
43202
11595
55625
66352
10654
51561
74809
9477
28285
35292
25818
76448
29280
9429
21270
7181
14526
1462
91897
71246
51028
12904
9317
63745
40865
89199
38678
35238
64165
70521
39885
60142
49824
13572
6759
38934
41061
66650
19302
73302
64214
99553
27112
5862
32790
41329
73044
99187
55356
47897
71879
79396
3324
75065
66657
96432
11642
78383
71864
94024
87911
94110
60435
1045
79038
10956
3255
44392
6598
21051
43468
46100
95465
10064
7164
19718
18475
90352
81206
59071
77136
85408
2619
19827
99935
7497
57510
51975
77493
35931
19509
80373
78922
38979
30894
82504
64014
45189
31249
13347
21465
41840
53783
91720
7277
34991
63274
65272
35882
25943
69127
80177
3049
75798
28652
75803
59077
94321
97782
68553
93143
45683
34020
36690
86493
77349
37813
8628
31632
67778
82116
47264
6780
78878
54451
77332
59668
53527
7036
14129
8501
67733
83260
51544
94033
872
55597
72696
15282
35859
39966
49677
26847
24112
86836
61012
90410
80451
87805
98139
1527
15073
54477
87009
9313
67761
19791
68163
79025
568
11226
34156
67591
54792
79129
26562
83707
63900
93978
76456
85445
36688
71153
1300
72515
88355
55878
21553
75554
59914
41047
49370
21983
62724
83063
16322
29790
70680
34734
21899
93936
6881
44202
8448
66847
980
49245
89328
42789
75270
91601
14543
58199
28920
24277
23985
16292
49185
16130
62209
59203
40305
97831
88876
25319
30243
87743
79695
41380
53991
30692
74237
97012
16932
94997
7741
13326
59123
63612
61315
27071
95351
43557
76517
13828
235
8761
70354
89042
29226
36221
34549
35519
31189
61916
97749
25666
35712
27813
3249
38096
91971
28219
14808
86205
16944
76141
92605
69504
392
97139
22440
55950
33459
70326
6362
13175
65454
29128
2187
44001
74705
2979
9767
8822
54359
24105
39094
15402
64623
43642
18727
99064
34688
60053
78135
20865
87095
32664
23927
70974
29112
49853
96940
83621
75824
31706
76049
53598
98049
37674
14754
59475
35769
21231
35568
78198
50382
22586
60466
19202
16014
82676
65157
66607
41812
85501
27795
62371
79746
4984
54357
96276
89072
48208
18959
8627
20466
8568
41089
78511
50368
86535
48391
36918
40234
95269
87201
99036
20324
68808
75633
30242
38423
57646
19671
28120
6229
82568
58742
24794
55518
36963
31765
49333
25488
65183
46258
78200
36624
23609
38412
7133
84554
68249
56273
31156
55218
46571
46832
75353
66468
73161
59247
15566
36461
65955
72799
41688
11365
56534
64789
36284
73709
32022
81217
16333
27793
44505
49822
73441
47203
36948
21036
1621
62081
38304
48262
16192
21682
76465
71892
96704
82
41208
25622
63898
31969
65419
57786
21183
24724
43271
63073
63160
71639
47656
47139
34849
61634
15468
25395
5793
70217
98343
22589
80156
42613
70030
60166
52233
40064
57798
2130
95373
60953
50392
12838
73428
27074
14181
67281
34752
68452
20469
76015
79790
15001
27158
5467
6586
73184
88076
36599
92606
53347
64982
45239
25838
50877
40324
52230
22233
14406
78104
45763
80251
31450
87146
29119
50481
11815
83949
44851
37826
70918
64320
29692
72708
98909
73933
99605
43587
97656
66550
75430
68155
48233
10216
85682
88770
81639
46714
78326
57
79226
57764
43898
5539
12792
43081
46320
12404
68950
22604
86939
42954
85936
48168
77302
51225
14797
37328
33609
55171
38964
12162
22827
11296
79813
49038
98340
92375
43415
17338
43850
87007
45575
74925
89217
13066
19067
84178
53837
36364
78568
12767
18365
4285
45126
42013
89193
81804
52906
3064
44337
35782
524
92565
95595
35228
53648
64826
78263
58778
38505
82768
34035
18218
45177
87756
64711
57121
39869
91871
96400
84142
18167
20016
58780
80672
68107
20011
4594
4012
48596
6274
16744
2450
70410
76524
87677
78668
42200
92263
27466
67657
59602
45243
51990
14975
19197
68061
43512
15963
4833
38852
75011
70135
6149
3101
6928
58582
29023
51494
37908
49644
12242
29909
85288
87945
47757
77005
25704
37678
11115
93764
29778
19489
86057
96351
97666
62834
95532
16462
21402
93211
66691
43946
20682
46044
50633
80713
95397
34399
91842
34689
24338
20272
73841
49879
79766
50248
85742
32529
40527
29029
70208
47126
8995
98864
15759
98602
36641
16171
18444
53304
48516
61671
36827
39497
34534
54336
42577
23953
95590
14743
87062
79401
51906
34643
27118
15383
45936
6992
84892
73394
8574
26923
83963
1576
88761
60378
78187
48707
46771
17770
73836
23192
65842
18801
69561
90630
16870
81789
2046
10747
24319
78503
49471
18894
52025
11260
21626
46527
88208
78314
42422
19703
83134
83371
99306
87463
29444
73581
70511
77422
19410
48884
491
68845
55903
69749
12230
77755
41532
37859
50305
58032
18477
30057
92232
74706
4183
70996
83319
61497
10818
94943
48117
90354
31667
66134
79868
32327
17586
93963
40511
52498
22679
22246
9043
83106
5952
62038
28457
30523
29569
89976
44472
98168
62028
78596
18846
11882
35658
85464
86181
24691
35412
72036
88033
31374
58751
72093
38159
35752
89757
53459
22718
68071
34356
18820
23248
51875
6885
38217
41038
12811
92115
62967
27998
93333
36784
36674
27536
25224
32813
99150
37666
34943
60625
7822
66890
77317
70028
63895
45099
65933
24358
9294
81333
37704
92133
35058
55671
48351
53868
707
55748
87784
90160
46161
55251
28054
39530
25565
93556
52833
92328
19802
42208
78834
4750
59929
3382
15285
60461
85220
30233
33057
95316
27809
27709
37473
77532
64565
48254
32996
58031
49712
86804
81877
84546
91372
6373
65364
74742
87149
93110
81892
18548
30483
52626
92394
65372
30376
17566
50914
44264
69598
28558
87081
4330
52791
47096
71469
94362
712
6011
72717
38922
48441
32219
50454
32831
9136
4838
74356
178
90159
5298
7844
22449
11141
834
68483
66677
6371
7448
95047
16843
84056
61901
73113
72365
44662
53796
2833
92714
71408
68646
76193
41727
44111
96003
98531
465
51584
13958
40992
19090
43150
61146
37303
96419
89322
97507
29766
48270
88238
69374
69156
44566
7848
78430
96363
32036
71743
14793
35698
18730
32653
14961
81836
18459
50938
20376
50404
89401
81655
7853
43732
36070
75593
16409
46684
25373
6484
56037
80131
65797
88997
64897
24663
32492
27271
92344
22382
64975
59165
18297
25615
56967
98276
56118
4222
55313
48206
55432
28672
31416
77836
64011
51124
69702
24956
79768
45738
51270
92650
5544
81807
3757
30577
2030
60738
99081
18938
65002
28051
78926
94683
75003
5747
12002
15262
39724
45091
5827
55236
60747
43737
51486
21354
31794
56890
99204
68201
40484
83346
74908
62924
208
65056
40579
54153
32509
51268
22381
39384
18586
71026
12039
36874
75188
42528
99391
46314
44355
27839
8246
52516
64692
4698
29306
64336
36764
10713
84220
41859
25018
18940
90590
66476
70417
24155
93022
61909
11182
73574
94574
99808
39953
52234
29637
5552
60834
34813
82542
38475
10705
60556
58595
61210
35477
79479
83096
71842
90908
92336
14804
87658
21268
82426
27450
1173
7878
4089
37943
65892
92760
58260
46780
67891
94906
81715
5886
65090
7784
95146
61668
19978
99357
78600
94688
64749
9917
76058
60236
54448
63247
55938
69479
5242
5826
46045
13051
99336
81332
31921
68983
93266
98996
15337
47814
26070
68170
52573
40216
49097
34899
84391
72089
19128
6772
81247
25871
93507
21221
36213
11736
78050
55961
86726
12511
11653
46802
15446
13336
74004
56272
22287
28690
8327
75351
34212
33737
86721
91003
77912
73281
54692
1392
66769
99845
70101
40608
31243
55896
97066
13005
84859
17914
84239
26955
62450
49773
61669
92151
7335
63560
6914
47780
83271
66274
75039
57814
65891
1190
81956
60434
32427
88599
2632
30428
9297
17933
51678
55676
38652
15427
55987
86241
22795
80893
47999
79138
45417
39788
62113
750
19874
77401
41935
11176
8149
55080
99382
56338
44218
55209
83277
8112
46384
6744
37608
96445
77032
99870
36287
55007
14136
93698
23255
63732
45982
36144
63957
44171
31842
78795
17679
87746
40978
23178
98082
49131
43967
14759
82264
32012
90769
31583
16729
87173
58025
53126
44043
76773
61777
92393
45986
81443
72322
18084
96314
22393
40662
68855
24612
58471
38009
72151
37075
82186
77260
60928
28751
28471
74861
72156
43529
43434
73200
51797
25983
55609
76393
22172
71550
7046
5494
14691
79539
99529
6296
80028
96455
68232
33022
13382
87134
62932
9208
21408
64243
22256
771
38066
36223
54828
55654
71249
8375
16834
50583
36686
65578
32722
90318
45200
2183
45784
57409
58142
51901
38949
11672
72338
13508
80271
16519
83714
3598
32695
38843
24145
39010
13740
80687
83510
23252
89945
62326
27357
84685
59024
25122
97828
94471
38012
5891
53076
34714
86065
42598
59222
61384
49502
80972
61958
99844
37732
91615
50221
81057
3115
57883
91246
30015
97295
89173
31848
55770
70583
21275
14293
73496
33934
53572
64567
20172
58000
55519
43528
50998
32553
2071
91954
18604
96147
362
87116
35441
52806
62261
24904
63514
82651
48857
51699
28421
5608
54375
69902
56748
5409
3288
5900
93054
43924
97228
14999
25662
74134
60579
9024
67803
36106
53736
32438
47260
6797
99507
62416
29755
32188
84471
49747
70459
82059
95721
26005
59718
52813
99668
73677
87193
89009
22817
87223
71977
55038
10004
873
31113
66181
90165
29510
59166
31675
52285
11631
24231
26093
53866
31621
21092
95494
47549
49082
92573
47471
91619
70422
69613
7445
3170
70306
63637
34085
10970
49321
19521
98317
41246
95788
37817
13610
20930
58
78145
26705
58722
59125
51153
32072
67912
34951
41036
89036
76169
35091
26687
49117
43862
90019
27352
44139
24899
54420
11577
36668
73352
31196
21598
14756
7357
48471
80897
54945
15714
37989
28119
63446
45740
33170
1721
12717
44948
45611
95566
20947
65525
85140
36881
55169
91965
77497
79366
32539
80629
23348
86319
85975
25351
53575
63324
43602
36714
6843
10718
40453
51714
30406
82842
18325
67261
50466
73846
87435
44823
76571
13942
72345
50897
16042
48541
57905
26874
53
55444
93957
34653
65136
49003
74947
89523
68680
20043
93662
41265
46067
44968
51269
56852
71198
83191
87105
72906
97629
75882
49380
94928
53674
31231
90383
44229
55387
37858
65865
20931
7230
80098
95440
44277
11184
86133
18215
84039
40460
78573
85903
89265
43433
3501
97903
80457
63178
25577
71885
3691
6892
5901
28480
51456
52348
76282
25722
48821
54061
93381
14493
55289
83726
80168
25343
98130
44671
40217
27265
29173
86377
13165
40515
18383
12721
94959
69222
16248
47488
60498
36174
35317
26541
51259
82203
59147
40982
42719
74867
87397
36974
3314
95303
72737
83944
86418
33678
25209
64745
7064
54114
95582
74480
92953
17671
89081
4770
29052
27434
10734
40680
36113
79124
52038
32362
88704
87416
29878
63966
44559
15943
9312
69920
89288
41735
54976
5801
28571
75306
8649
33030
4946
10918
9330
92524
70369
29635
2474
38268
71351
25506
88842
17856
49517
68735
65186
72226
854
94426
88409
75516
68401
9905
72481
7593
43525
76860
43605
54456
42190
92379
16284
62126
31990
87037
23368
98690
68819
54432
35976
93699
63799
69106
80477
14488
60632
41042
43030
43585
5301
40703
25845
80818
7543
20102
57316
96780
64948
81650
70154
54057
52395
16058
68096
11356
15386
57294
43175
98712
36376
79604
818
90810
91220
43801
8156
86661
45381
73508
33119
96380
81806
97858
44547
45175
87769
7728
83255
78354
70035
25156
84081
6005
5964
5705
5902
83395
32521
88504
24150
95917
17403
46760
93347
92421
66668
47459
97265
39398
41520
15942
4437
46531
65988
28066
83776
23564
44152
22413
13722
1179
73927
8940
91332
9546
7123
55669
38501
41526
63069
79767
63700
27198
35335
75487
63210
83088
52968
39018
6977
12243
76483
62091
78919
29589
9288
80525
31711
16627
54894
1238
60746
69041
61416
40310
3914
45445
34669
41996
69191
68489
81935
56961
80730
10774
15675
30761
92069
57372
85433
62636
43467
21044
70478
74262
94771
31552
58890
12427
7672
65432
70886
38793
499
55736
13586
57180
33986
17708
13285
65353
28307
48096
12318
37538
45769
42983
32079
6390
77511
67814
44541
58479
19228
56290
48003
38751
16298
26652
92846
6715
112
2957
25770
38761
39919
2702
54937
39872
78286
54145
94691
74250
77710
24841
77895
36076
51228
94535
22044
68255
56823
89526
16031
56563
5218
83512
7627
38350
85734
83957
1290
97140
28290
42366
15107
20055
4662
69795
39064
95829
41282
89830
84188
34858
73573
7364
69306
51846
66591
40855
10329
16340
84861
71659
13626
13946
63121
99027
92198
21426
74178
70539
88326
22809
4513
51108
59669
52561
96699
21727
50846
62580
47364
91851
40036
75427
97897
27812
1998
29931
10033
25779
58146
22869
82535
2202
34373
40486
68098
42421
46082
44772
7098
14713
29950
1088
14730
73326
72844
3941
48461
95662
26582
32231
15217
68226
60977
66854
35781
73517
76158
61978
39432
65495
37233
72561
47856
75143
27395
91210
8445
8705
13991
52444
30832
44868
91329
13148
52491
3510
42404
27213
72396
11915
87021
39721
70755
69421
77522
8278
71011
92591
6551
92916
74358
9194
14503
27334
51096
64872
60652
28448
83180
17197
79306
36989
10722
15014
52099
86264
67495
69461
38405
36936
79222
44872
15589
40117
48278
74425
45420
89271
91631
94155
82381
71697
53936
83522
61004
23903
93659
48828
84998
68936
35439
96559
34920
99151
24790
27193
29983
36994
35828
91183
1802
98289
71963
93877
79776
70699
85186
61336
21406
67959
39808
62756
39074
66039
63269
44294
19923
36566
65833
49965
16918
64986
97896
45862
56861
96917
78008
31938
20210
42551
86216
44990
86089
70236
75145
58111
960
94443
49484
53223
14959
5858
54764
7829
7855
95409
31398
27437
3037
99276
35929
69472
38194
11354
62582
64962
94142
89305
11255
17474
3452
96614
46283
80634
31570
30422
36330
53690
84092
32516
57243
90601
86876
62294
12257
97320
80946
31012
9499
82914
75131
85851
71578
23860
10123
99266
73948
38237
76766
89959
20488
27912
56762
48892
11829
42418
49455
83494
4473
86124
54909
63080
23171
7282
56958
41602
30948
34154
88807
87872
70024
94776
25443
86829
53109
21311
58465
21540
20266
14302
87143
70822
901
10895
36089
86474
53808
71840
31023
9156
40567
53036
13481
15845
81421
34314
77295
98065
8697
32574
23208
97171
57888
88125
76704
40875
22924
77130
2464
53247
3293
97388
91154
51554
21379
35193
17115
44226
40704
24389
12932
98543
53667
71986
43766
50673
3470
81966
49628
12260
90571
6412
85229
86384
71305
75184
5889
7567
95783
94225
20018
27760
75812
11671
13158
43957
27192
26645
49164
40487
58808
63329
38339
71937
49531
95672
63929
95849
53742
90147
97178
28817
26404
4988
21574
99655
56770
17237
6509
79528
31195
3272
60663
60873
20597
61267
58339
34568
88729
12905
57628
89796
9402
12713
78290
65844
51773
64913
71416
7082
97097
20353
2888
54103
65776
15817
28458
47925
32595
74077
81562
31415
40770
27163
37051
72648
52253
2506
36652
94501
55802
42319
86283
47943
15379
33909
91049
66634
35405
19590
35857
56720
56946
66397
50707
69611
5127
21713
94103
39296
87276
85990
65584
49678
48973
79185
58524
55828
5619
36842
23013
29978
85232
66572
43004
98481
73506
73207
25400
94977
72238
94454
3614
16999
86825
64855
66789
195
37304
84768
20530
63022
96722
58893
38130
81298
25755
1056
36670
59032
36722
75987
53428
97313
52719
47073
84699
75153
76739
49929
97494
47535
23809
61581
24889
62479
98768
51159
86007
31211
54310
43832
51117
62394
72129
72825
55668
34756
82624
18232
36429
26061
83524
31335
23245
91209
53719
97978
83527
82193
67896
26244
46528
71596
32926
90879
34869
48223
95326
55512
32204
85748
4716
28129
37178
1109
49377
90812
52888
76306
21462
16723
10573
45157
69131
15757
78315
9879
89964
78142
75638
25924
86027
21852
21471
41215
21611
72863
45568
13635
62662
21259
35947
23507
13838
47865
44033
680
59752
3481
59712
57866
67640
56139
79878
58748
14396
55640
57641
9686
58033
5077
17049
16796
87029
95174
47879
89504
65592
19223
78291
69103
45341
93391
39331
87022
32145
4632
12259
67738
57826
10488
62047
97463
48825
38601
6346
40229
80540
2980
57605
65831
26556
93089
212
43019
14540
31013
85167
36789
36520
11010
68431
40745
67457
93339
75310
76302
23511
93272
71495
89649
20355
22149
17920
68624
11962
62331
90146
8745
72877
92724
61303
43117
38754
41494
33359
28685
45934
17529
24528
80536
67001
6139
65954
14122
46850
81767
60868
41667
6607
60637
18912
84468
47644
37048
23307
2894
95857
26146
59070
9211
82758
47101
53813
20669
7428
33226
88982
92472
66016
11838
35161
14684
1021
81270
79100
30372
28632
20159
21460
80411
79739
48997
33868
60247
85795
75048
69231
95354
75198
34616
85077
82379
90087
75518
35054
18251
25154
35207
17956
72303
90000
52568
79353
63855
76535
36882
7815
52984
35420
55904
89471
30050
88410
66041
38149
50408
16992
82456
97695
84199
88627
40821
73969
70111
88911
77142
37971
13418
25903
54051
52381
63978
29390
94448
42119
83518
28318
87537
32510
98810
99894
39807
10323
75512
74025
2059
17667
29338
66678
25453
27612
7923
40446
29819
45191
80162
9337
99862
60806
3490
8943
54021
47064
78391
1016
67453
2035
16372
94586
47576
99348
90589
80551
59196
94166
94847
66633
96297
2706
34757
77824
41879
94398
88079
10055
15308
94796
31218
85570
81078
10161
56900
62944
76164
47365
38523
34461
43575
65329
95606
40649
72793
32972
4636
39310
89034
22635
75149
56224
72902
83599
36740
96138
37416
81704
60870
97038
48779
62431
77421
74503
63523
54403
60060
97047
54414
36243
51882
90989
51582
33786
72450
41778
62205
95117
59043
7762
97672
96758
22850
33149
84250
74945
24070
46168
54363
43656
61915
32025
73715
23161
18720
40094
40610
37381
24785
94840
86521
72140
31746
22177
12147
30220
47099
59683
27873
65382
61572
56851
1752
9589
87288
59597
79408
22358
65825
60570
8961
377
51601
20048
8518
69342
76167
48310
21492
98795
13683
68421
53160
39889
87777
36415
50289
65938
56647
68972
7961
54952
67226
42311
27251
83839
54025
70313
63945
55912
43424
62999
75148
30791
94615
62624
87214
64648
59582
81730
74471
99370
93678
53369
56043
97596
78931
61921
69872
9731
58710
71669
2743
56168
17238
347
43379
92279
8152
31499
7416
89261
55806
48308
86060
18939
78467
67359
38267
20215
7363
44565
82294
17505
91695
59853
15531
37094
33202
70203
7692
21149
80011
50350
97587
98050
981
83804
28164
64364
79471
96812
81473
45596
18888
28049
65980
12172
28397
30072
74002
32998
30674
21358
83003
31735
85879
73296
96848
98752
82522
23745
31350
17471
14247
59299
3413
48101
907
31330
13385
77474
84507
37755
31016
73806
14004
50376
47425
69320
58353
63919
45816
51083
29526
70168
17499
78852
43556
81510
62730
75975
72946
14852
81075
10658
7760
33241
24372
51772
92139
84224
51276
30152
30503
9143
14473
51190
34108
76371
94944
7723
1961
10582
35881
94304
89662
50555
1797
63475
52512
38040
62044
11989
54630
49777
1257
74053
28671
29762
78581
34391
1248
66140
39087
1870
86566
91781
94078
75471
67730
84461
74826
54861
34321
34754
45017
51806
52477
67979
67805
58046
57785
96783
59961
36820
973
59265
20066
8190
25493
87336
14338
32096
7359
11458
42062
44416
61046
97357
95992
74164
30364
98450
93128
26401
74558
71091
84908
26135
10580
78089
46540
15214
257
66830
45639
20699
17130
90703
12301
1196
11468
89251
85418
55977
87569
5426
54958
77029
93539
45429
60034
5808
78829
91647
22007
66130
61984
4131
78699
85537
18078
66570
40213
763
11720
814
47805
16820
5431
93163
76724
17996
15264
56561
42125
15743
4491
52258
99367
41962
69113
61177
48389
24585
45095
27326
70088
7907
77748
11324
72664
38765
41376
60848
10727
79557
86207
1680
67301
58863
86892
40648
5281
66620
35535
91305
80493
72301
45172
30989
5350
61544
77845
47792
83750
58640
87961
68773
5320
15844
16144
44751
58961
10972
24563
80746
30999
6417
39259
33120
12113
31659
11734
74317
58901
9163
48049
76611
10887
92378
7903
67804
56490
35523
61936
34011
56766
61533
50800
12924
85945
11388
72427
7458
21388
62155
39373
50493
78202
7115
56177
55400
64997
51306
83401
3067
69722
87715
12449
79356
59108
829
52716
89365
17463
73780
5966
64425
23803
9801
90707
78748
24931
82524
44495
29480
88828
88396
39483
47837
54808
37334
74804
76006
94528
13446
63556
83473
53083
98034
17877
16217
20858
77286
50423
90872
90913
76214
5617
59194
99694
96939
51517
75083
69043
17149
95937
57828
84976
86946
34228
94511
29894
20050
28214
86196
76172
34522
52801
27607
28190
82934
4845
25165
43119
74682
83762
98279
99987
97960
81763
3966
36734
65983
98348
69906
76631
10340
53611
92642
43288
66613
94970
12165
10708
28373
85119
87910
62114
11257
24526
19187
46849
48512
9157
39362
51925
68067
89740
34482
15339
65220
37004
65599
61811
42128
62569
88179
21615
59733
49682
73360
50292
64279
52924
47266
39969
25996
32787
61137
70139
2823
61373
65280
38988
67383
21239
55569
45822
36879
96435
16045
86069
35907
51654
57380
37787
91319
46306
79656
28506
58105
74098
66345
95502
24049
31466
80343
67593
41871
81745
64952
31194
11501
60417
81132
15045
87264
39634
89894
14075
89248
18239
13575
13793
16494
83609
41676
31878
24136
47655
9505
5510
49468
90585
18190
8880
26175
76899
2065
76009
50284
37331
25128
4656
85372
74498
94239
81337
61982
98083
42456
94699
50277
3967
98047
50491
56062
74486
85670
1171
52421
73790
60284
18006
44163
72665
95854
45988
93224
92756
29507
57604
44656
54517
68833
18465
25267
79455
96786
25976
29410
7308
24582
64976
29344
55992
8045
78301
79835
67202
78892
71765
24993
10473
18048
11619
37400
56888
85865
88362
98313
93816
19727
53098
39267
14805
522
27086
51641
37517
46668
61815
85401
99269
73730
38818
50657
74875
92209
8422
88725
25305
88422
97154
1643
40278
14443
83748
62256
38013
6890
58361
57737
16487
94560
81251
19110
44092
18103
75523
38289
69617
71579
66224
87002
2531
23214
4841
20395
25325
55381
36373
92094
48112
14573
91152
80104
11196
98095
38158
15581
8442
39191
91338
28892
14239
37232
32670
40817
37481
48408
9182
82612
16274
31673
43990
54112
34063
78012
23631
23668
78464
56817
43376
84772
47255
51187
63641
63673
87279
35943
60376
94480
92306
47420
31220
70687
94499
89236
25205
88519
9122
9396
63501
11346
6406
93172
92481
38164
329
96171
98497
20400
18131
32272
10805
5221
66882
22303
97670
58946
49999
23794
59666
64399
64359
73269
52486
33559
76787
62736
99897
80724
2962
72807
87242
34527
49262
66653
29346
3322
27490
74070
35906
55993
81561
21882
37031
20346
27535
89437
58093
22994
15681
50365
56533
93452
67931
73631
19552
31351
89849
45023
23545
53516
90922
18891
42337
57557
1530
95086
84070
44687
87653
48476
18039
98480
11294
74694
29005
19054
16049
35826
15460
85889
67539
26950
52993
15268
25405
86154
53556
36012
39930
29780
45055
29752
80068
32429
55813
85196
80228
73429
21172
96914
80187
9247
96431
46080
831
47458
49031
88316
34638
32368
5874
86834
75800
91859
96477
95907
770
92685
30923
80775
59172
58952
48905
67102
75822
8799
71985
24594
98138
44187
79802
62182
2186
59508
53885
20731
70393
87785
6240
81465
25997
77403
22127
37590
37020
78416
35220
80033
10081
99804
29100
53546
46629
78276
2666
50956
12418
8484
5681
85805
11191
27639
67331
10027
66381
28757
69932
90257
62525
37954
68890
68495
25826
27752
73580
51849
83859
35125
69794
61881
48602
78143
39417
35265
59447
43138
5384
75286
82171
62873
18220
86577
48901
80421
46001
1672
85530
1203
35751
64476
87208
16514
39369
85898
29832
27416
14319
8253
17106
16009
67137
52168
92351
41381
72553
11068
86973
19818
94094
28900
59532
31640
40792
32298
89676
25590
36799
45941
86385
20232
78952
43215
98185
48035
41888
5910
86970
83615
78333
68223
18952
14599
81163
6353
28763
11015
36752
76360
37936
12042
20867
39519
42855
89266
80849
96233
14320
20747
83942
83921
55927
65810
78025
5348
25909
26828
18614
36876
11437
93642
93690
99073
72865
49431
38520
71522
1162
3132
73257
83716
21638
35372
72121
3535
20553
9068
85712
87612
31041
10511
22414
7160
68656
93168
97890
20317
37633
48061
83526
54995
74018
95870
40941
46601
45621
16138
83354
41519
75107
87335
59692
82721
47436
37447
63672
93434
50762
82698
62255
35133
81456
10714
64632
71651
46733
63811
32479
69271
80881
3706
81993
32805
2174
21570
19973
11401
11223
16358
40990
21886
45788
85318
3805
72360
7433
24897
69310
53139
89888
83607
24480
6198
47151
8558
85225
99803
29053
81717
49409
8827
76449
88285
4815
57128
9015
44059
9970
67665
46478
55583
62803
150
50257
43051
77763
36840
95248
48893
12320
7756
8951
91189
92952
73961
37659
2458
38867
28746
67882
78480
65914
67141
21050
76731
53750
85801
34699
55875
33804
1987
71092
21596
96320
80382
25657
52371
21096
92120
52707
95416
46749
6595
67340
13978
24035
78819
77255
53692
99630
16472
2523
21746
4923
11478
74147
65163
31456
19372
64890
14548
14314
90679
13482
21299
37888
72810
6697
6044
43723
65603
55790
61461
35516
43548
17199
16244
50651
70794
65438
35888
14333
23857
41135
39065
96305
33756
42812
53275
23381
56605
45344
39620
62798
71503
38094
96711
48475
11130
17061
7937
73866
81414
72111
24374
46874
99716
64674
78117
57390
81846
67070
89701
63449
71672
38550
64642
25124
21956
74557
88182
86501
96442
62112
73313
94211
81941
57443
32770
18028
69792
59614
60344
78342
44500
20550
78305
30540
80676
5548
31149
22750
93320
95982
97115
77417
69354
46115
44523
32317
87056
83570
13597
45022
46484
51088
44085
56691
54868
92781
92943
38365
88757
14613
4422
59223
12737
95615
9657
20645
3139
30921
77125
67564
82705
95786
45038
91769
50787
76546
60892
41954
30121
96556
17735
47626
35057
53511
56550
58341
89583
12594
76776
69660
51818
19830
49927
16702
19480
21141
46548
32615
56191
98751
22606
25417
77927
39759
46919
84232
98899
21138
14113
79554
66482
25915
15512
63197
44802
57065
47581
82055
51768
9815
76259
41679
2120
3008
87969
93417
68996
99717
35001
42076
46951
31830
8707
4177
2626
16908
76341
13661
38631
62457
97206
52767
76990
85813
34573
98424
58433
68298
2793
99470
62784
49721
31375
63516
81246
74274
80335
51713
76022
20629
50899
728
74166
32597
66594
11426
67982
50458
99315
39993
23437
26916
52452
13498
3446
9946
47531
91193
29988
69014
46777
90051
90626
42878
8344
87030
71286
16917
69593
76283
16904
97121
5622
89183
30951
61964
61442
3402
35946
3093
26639
56065
55665
97231
12618
7358
90470
39478
76725
41965
99080
39380
63464
19919
7800
31682
57341
88438
22674
91529
14210
65886
37754
82622
13016
42247
65046
71792
58846
47129
49835
22247
79052
44884
76307
72581
46386
27368
66684
11649
84551
61383
40723
58328
94265
94872
1655
1969
15869
67277
42149
86890
83685
14287
81891
66942
6949
8102
82853
7026
72171
73402
58481
34916
87832
86394
92739
48287
26149
33002
25563
9996
48465
37966
66233
64089
12385
9071
57181
45538
29536
55252
80504
20455
95833
57985
56509
95360
6070
32013
62222
87471
23569
49652
53125
16518
93454
45541
9940
24793
65670
48443
54697
33590
68033
36617
61009
39754
64324
24249
48652
60965
88442
53643
33628
80184
62729
99363
516
8832
36343
19803
57461
39019
16201
72611
23015
81232
93821
66481
91879
65984
56807
62788
59550
40762
76280
54929
37158
78277
68014
21217
78696
83341
54717
55932
79881
65004
87153
26388
40430
50109
44605
10045
88383
29438
16554
3665
37948
43495
38869
91853
91174
44685
36073
54913
18804
12522
3379
63385
56416
11777
11186
5118
44380
56109
19580
36038
53224
9093
71738
55856
74046
83475
8514
92308
4134
82396
54774
8605
81916
69322
62365
51547
404
34635
73651
71566
43942
85137
57347
44083
82494
69081
64460
6258
32889
84247
26928
83221
75726
45106
18435
20188
38643
74937
43636
5449
17559
70943
6712
51437
21370
68925
48982
36233
45424
89460
343
78019
27731
13621
40142
96084
60900
3160
34632
52011
60827
94036
36774
67752
97819
42946
95539
2788
47866
34909
58966
93431
99534
7638
55841
98309
68349
26695
1823
65967
2443
12316
56925
63014
16774
50736
84134
35629
33017
87639
70920
45234
88122
87485
29858
33885
52802
14894
52590
88306
82844
12609
72652
99734
75781
58103
28468
69780
58151
56962
60364
67106
52412
74475
75871
6262
11609
74126
5879
22754
69642
57491
79346
77818
28492
72784
56557
52536
88613
38232
80133
92985
33764
19816
92785
88666
18530
81144
14849
77134
11393
57095
13692
7162
98109
43042
45437
16594
38816
51416
26439
20695
90042
90428
6324
75036
50081
76304
22268
27689
13712
34753
50644
12651
94932
60896
84767
93850
68762
26981
74492
82506
9083
72281
34282
43093
9086
50741
57191
31636
90684
72583
5082
75358
81525
67433
70973
38880
87670
46410
18314
73311
10583
52398
59921
78237
6902
97469
35794
28374
72742
4695
96713
52485
27411
47205
40304
33803
61508
56462
67632
12968
36135
93071
15548
36584
62696
87005
52091
56966
6789
52907
83390
77772
88203
55341
89718
97866
4096
79805
57716
21768
12471
33258
12121
77201
98936
13246
98562
6398
63284
60574
4235
43980
77316
45403
67041
53472
84771
97325
82739
21782
38265
17299
52004
69677
49889
62721
65285
14233
43859
12116
28645
41959
28859
21580
89102
68532
18620
1433
78293
50655
83246
33856
97075
10788
12807
35825
84351
48158
47210
13398
88226
98027
87144
97306
41523
22717
72956
76423
70584
63818
69210
26533
37523
52215
22762
6401
36251
95489
80988
57589
78199
17994
46278
61556
98483
52181
48414
24260
21002
33895
37505
41185
87015
49100
42169
15161
52636
73479
99128
55627
21872
92882
26199
34227
23162
96277
22218
25710
32494
2140
7804
57375
71185
21884
93598
76396
42270
95471
65742
66972
92369
35499
38482
76674
11070
76014
25019
11581
89255
14322
88237
95458
73938
8561
60589
92372
7005
13819
96746
29291
75991
85407
19913
61300
44434
69128
26728
18663
45613
84496
95206
14878
77044
61457
7007
85980
88472
64064
61446
80850
17287
26358
25253
48244
37840
73196
35833
90039
67828
44447
39901
38697
59552
123
51907
71485
46538
70272
9696
10228
87755
51240
3505
63346
39348
18750
35811
30491
65076
9641
91100
23547
75061
53665
39012
78232
90392
58253
4431
28267
16280
53116
82231
61022
67449
29593
98805
2399
13379
55920
86757
62552
26197
73077
23779
6231
83254
59362
44467
35275
72007
55905
98947
40843
53976
88247
19486
69658
22203
38174
65509
70401
36966
98972
38651
77739
44514
61094
31893
15325
8895
65884
2716
48971
79423
27393
39176
58058
20663
37252
18625
63617
99491
30316
24169
21084
89783
44703
91129
33753
5294
7191
14967
97906
21892
33771
39514
42387
67131
788
55810
59730
1003
58962
18798
78367
89658
68779
47082
30627
8496
98220
16040
80345
32952
75118
50291
51940
24916
63830
92302
88481
70043
86767
15887
19212
54587
87944
16420
91754
53741
16775
84136
97438
18857
86894
91983
29423
58852
60176
62806
46439
79889
20281
98427
70340
90214
74674
28348
51638
40189
78413
95529
31413
17211
63815
23325
48956
32874
56865
43923
66403
26150
50206
61953
78715
35697
25337
98307
15156
60248
39003
79933
28018
91297
54125
86020
13288
96393
11178
22091
31300
42354
50381
5275
67978
57852
29959
97291
8433
6489
95061
65491
12913
54316
19701
87207
34517
47000
17002
1098
94793
47969
53012
1503
35734
48024
65212
48457
48818
7764
28260
8249
29465
78983
9615
82517
19724
3769
69161
2634
68209
7450
68960
16816
47973
11279
62950
81011
36949
93583
83727
90867
29947
16833
62227
66294
17404
23722
28378
98249
11345
14066
67788
77485
70359
75410
79160
64137
83499
21349
86257
58159
31359
57904
62842
14612
98479
93561
5217
76077
69196
56128
98742
81607
41468
25667
19450
80518
58691
27457
49673
79840
34602
13374
97217
96071
22289
28423
37044
13258
94289
31951
77696
59103
13634
84082
66799
83474
23584
64216
92142
56001
90795
34805
81095
77843
22855
99373
65594
81254
46342
65117
65089
30060
53708
20517
87693
80645
67834
63024
45190
5181
97753
26273
24300
605
62658
70928
33634
66954
69475
28951
62341
22741
22488
55158
97340
44206
2006
19243
46607
11746
34540
57215
71166
94419
32929
88543
79663
16397
37095
20127
843
54260
56488
21029
57203
91432
6089
12611
43710
17922
86719
46581
11531
51832
37212
80416
84176
52547
19564
84729
99152
36410
75659
94841
33872
14132
77523
50601
21980
22695
65406
46424
9821
26509
89117
54273
38946
6081
61
2084
67559
4331
15307
62213
66889
40024
6363
18268
13361
9625
18047
12868
7126
44645
44317
1579
25785
52352
99548
90501
65221
57232
50263
38308
60551
43406
54269
2660
38124
56374
56425
65100
61756
7771
74087
10879
7810
51220
96612
16770
12268
78120
91854
79657
1638
70380
71680
17485
45213
1352
82261
34125
47905
95946
3644
76181
98746
16198
17696
75169
21649
59851
11741
14139
50817
3338
98366
37163
82533
72502
93093
67729
77797
26581
94428
10836
54975
67028
83237
58394
74054
91822
88236
56026
22548
51372
27366
50337
76086
10085
94748
52950
34837
71896
31814
98441
74940
72541
76916
2704
52298
9581
39764
69712
99250
76989
87319
72127
36200
76470
25310
47977
92451
87301
27382
822
3290
99040
73606
85939
68137
69151
47341
77592
72620
67582
35602
54288
23630
94600
28852
4943
27394
47152
71595
66532
41441
23234
38578
46450
53755
51591
49001
43392
5731
12458
47809
57550
42194
71059
8900
44468
45459
10802
80837
92757
67725
42540
6737
48311
3191
31698
91199
44390
54512
18672
73584
66364
43258
42242
96674
83779
68798
93144
38541
95359
46334
24680
98561
73833
61441
4613
28550
90124
74062
83772
45436
1611
88328
58858
59220
74704
40469
46441
65414
81626
60237
1468
30881
25555
49918
62219
94820
7259
92149
52482
71258
20034
23746
93069
65571
67342
23773
82904
63165
93895
7819
1390
72095
77205
76428
86634
73982
19059
82671
18821
94562
86433
33147
61924
14717
83387
32812
40362
995
84728
78407
29484
87204
20320
61158
1826
92624
67438
57036
75713
33588
90949
71592
70646
12269
64219
14668
34311
61322
40255
77278
51351
53537
88377
63480
23009
69549
2167
70323
70041
59133
62445
85920
99346
54296
70425
54152
21459
80044
18840
48145
70616
8351
14708
23937
25152
63788
28719
92886
73309
25700
18342
49564
88816
53757
17524
27252
58992
65610
99122
14420
36166
65467
64427
78659
75287
606
54198
89281
87859
11290
35208
72918
56685
7140
44118
55933
19227
11511
78579
21386
19253
40932
63965
56858
72369
72526
75629
19159
7011
56310
72931
10541
87076
27064
87806
34637
99519
84671
58439
13012
5329
9349
8780
58896
69003
67577
121
7231
46294
72097
86100
81406
25223
93270
12771
61868
19836
33308
4681
77288
4778
4436
74946
41789
58513
86111
86722
52053
20766
95252
95862
74121
2302
96832
11200
3948
17305
89875
5436
79144
36413
53955
972
23640
68253
48713
3632
6954
64271
48277
19033
22478
88303
3304
40530
77666
63693
30323
15160
21824
70565
79212
72519
50588
8613
52817
24622
77241
58519
62517
16030
49614
80155
61642
33385
40104
56856
62615
77987
41770
38680
71196
83998
75257
27786
40675
54437
42945
35830
15331
34612
4554
41350
26411
89954
89713
339
48562
2812
36238
78255
71606
85446
31276
27669
35309
21932
72237
20598
41411
53452
14733
53823
7193
9786
49761
5460
69061
86037
91982
77369
16364
1809
62775
49775
48854
45150
11680
22150
2165
90940
41563
66064
95732
55033
8441
97316
24565
93429
29942
80740
84356
10189
37895
60075
4759
54791
98412
49437
48729
99388
77663
34361
12009
34840
31256
1847
79232
98719
31283
48576
20748
73795
66325
89180
99303
1291
70867
42095
90305
75032
27285
99554
52105
5630
70194
53451
31634
88870
30438
47912
43349
89376
58534
77384
50469
47501
27384
54423
22985
62863
44405
55872
63713
2324
52494
73979
47679
58800
78856
56207
44156
86750
13001
75582
89883
72106
40454
73116
21178
41753
28053
37591
93364
67387
91406
90765
85512
29
52724
53988
33568
29475
59162
5769
31965
98234
70527
30686
55282
51466
13887
11020
40292
73165
96616
56198
20948
35072
32469
22225
92771
33740
77091
45674
51665
30051
54688
1220
14741
85896
8734
47807
51531
99776
48689
39948
7729
45108
62024
61966
14524
21525
80513
47038
51857
43189
57381
65638
62685
63801
65153
67831
59001
77074
63224
53828
54815
11984
43240
64458
22796
89821
50990
30559
12654
71955
60420
42266
27013
87166
12615
93358
29820
73155
80928
46956
36268
47577
18574
98783
95437
1644
90369
38647
93896
24520
96185
54417
37298
19021
85104
28345
93308
2715
17880
72268
37435
39347
35940
70436
2225
6672
278
8744
80810
91245
52663
32097
38977
54999
41240
54752
84808
13010
32963
82296
18812
17325
66637
49790
82211
8117
82734
77173
94651
21552
73120
29461
51944
82757
81235
67460
37630
95376
46474
94985
31934
98063
87014
45198
55143
90131
48975
65720
29547
60442
59431
35909
29047
1657
42250
7287
62380
88052
58102
76891
57134
51330
31971
94659
95343
90631
89971
1434
17887
25732
51655
28568
57279
30416
24132
38044
55995
78196
41051
67927
85891
49169
63752
20898
90983
46708
53883
1483
74138
33958
68286
46077
89895
26009
9513
39839
93869
17208
86948
35657
71589
1568
23277
38831
16605
83918
69508
48147
89812
76608
38597
64076
64801
63768
42386
15203
86574
90743
37824
35565
53848
76354
9558
34343
40017
74799
44024
10093
34312
6603
17177
5362
56073
67114
17
63802
5356
90433
85531
82439
62994
38507
63886
82770
34609
32565
67621
93408
95618
39654
72482
95536
72567
940
94896
57509
45813
50374
50322
54933
8909
85300
98371
63872
26320
80680
16212
98614
78059
30910
60220
87900
78650
82160
41028
79901
32092
3534
78444
89132
37242
82346
64662
11506
76859
60871
2456
15492
96226
87396
65786
34905
24513
42340
3581
55788
97052
58376
6060
47340
3735
9846
98778
1126
36385
69528
16714
52510
74668
53147
70456
61999
85901
20907
34796
57894
40247
31346
62714
99495
70679
15223
81348
14190
50031
16740
39229
45088
80186
35936
15254
4503
25937
55206
37851
65981
17674
34420
95973
29784
33666
12157
96181
27903
90412
26417
20064
58892
76798
63244
42177
17597
82610
2265
28724
552
33427
41646
24979
76211
45264
46032
1766
20509
74068
16748
87447
25210
99048
26644
53403
73536
34523
82907
98877
42067
95318
50271
81276
9131
72054
99317
27835
25085
72816
6269
70554
73610
8942
53108
11299
27831
69229
19532
58690
10363
46920
82540
80135
50589
86193
86739
62940
41331
65344
39548
20040
26520
7323
70787
90061
24032
85905
2332
28630
96893
92599
14971
36770
11859
95253
73252
51371
78950
20022
89507
82810
95924
9003
38058
44972
59256
22925
63863
28097
81560
33747
62664
58176
42454
10215
45643
79702
65274
62080
37738
33397
34414
93411
12663
41082
69383
25874
30626
90273
1914
30963
74793
15902
49159
71430
1651
77658
66104
87350
47095
31817
94871
47120
49722
93067
37816
95332
3318
33034
84640
13485
16844
78395
19621
78037
91618
87245
51354
81203
3638
13233
33890
80365
79775
53336
40367
60655
43827
82876
25734
34030
25181
70925
3796
4362
46630
13845
32280
54529
33484
12049
76936
4822
49634
34237
94318
34026
82835
5878
11978
81596
73117
46497
86005
42593
21757
30
58346
67766
37662
84763
14063
29939
90593
30058
87778
44449
8699
20873
83553
56282
14989
4849
53195
42399
36650
2813
69376
33580
47372
40782
55093
73239
17800
14397
83676
89995
28110
73628
47680
10086
97592
46572
20255
57775
11535
65257
4731
9749
57972
13591
76857
38951
99366
22240
67702
58130
86300
34222
71229
52609
6254
17565
95405
700
17018
73457
82112
11701
11813
78873
34424
80172
95755
11262
94735
29797
8747
19807
76135
4961
89784
54295
59359
62406
59598
92405
81928
78644
72727
90767
4232
98191
41005
45716
14929
51266
24018
49058
91744
27537
29262
48811
47198
57679
2327
72520
93409
9263
87849
98281
72910
35627
57837
19137
13879
30234
19974
94509
98260
46509
85417
83811
7575
80943
41221
27087
44432
36003
86578
50980
90307
94646
57944
50367
3601
90437
97326
114
6728
50691
1031
65160
7911
15990
28041
28673
11854
51319
93262
32283
81585
94532
58586
99514
71947
42857
22765
33766
46669
78475
68789
49596
73728
94185
66841
14353
4403
84646
10633
74609
38179
16293
60340
49286
17564
41284
81785
69965
9520
20191
78492
38822
32398
89919
98200
96045
89023
61600
42904
39015
91181
94669
78466
17656
19034
93761
85953
88301
36813
2341
67290
10409
7006
57229
7292
37022
59098
88888
14982
97468
96193
17101
91704
34067
65122
52410
19235
73500
17736
52237
29432
42420
18411
63557
53085
29760
62005
47950
83856
43032
23689
17495
19889
47824
97249
27637
25302
40618
17542
33798
43937
25111
69913
59527
87990
55052
3131
85359
31688
57298
29994
73814
55894
69721
68772
2720
87722
22835
45915
21302
20929
29462
46426
32442
97209
90508
65304
42098
92812
16742
54726
11320
77659
5785
89294
21966
60149
58338
82988
16351
33288
23819
27422
64880
95218
96212
97813
34619
71900
37757
57110
75979
93127
98042
6002
87338
38059
91173
64154
96476
71077
40370
34877
41389
58819
85024
39779
12772
79006
81008
34405
52175
24221
97111
72627
16814
14978
77602
66029
38074
42541
85585
87072
14325
63769
87613
68079
43378
53544
53173
26543
96721
69503
57723
49669
41020
4971
42583
58919
4071
7988
54162
56546
58856
39811
323
6219
81520
66037
62069
7612
39389
11245
81420
51181
98132
68265
47954
69181
25168
23176
73408
38214
25888
28507
3559
84690
94000
33453
45290
22443
77406
93823
54046
4802
77245
72247
61199
7341
64786
65307
22371
29090
84193
50722
17947
5471
89393
48731
88007
43163
35438
14347
66367
38860
15974
99340
75089
10892
79092
51357
37057
13275
5590
42505
75151
27261
81614
68860
61077
56180
86245
22609
32975
82212
67272
65508
23396
77717
29473
22037
68158
16047
17605
24758
58604
60818
48697
74284
60876
87725
74801
25427
4854
71633
53136
11135
63376
22380
88138
13370
92853
13927
69620
11397
32823
90493
48864
62117
57658
34660
51730
31020
38235
23217
19178
812
27933
24164
2215
147
87312
40807
42668
85211
12454
82242
8191
64591
71094
81838
38574
18657
79823
31384
88803
61564
16822
61670
33906
78119
94521
904
88653
8183
47269
14341
7419
1876
34690
68568
98978
34003
90584
304
68569
39920
35870
4067
73787
62284
44890
23772
3071
1687
71542
41693
41918
39
55199
79449
57781
84377
75541
54635
89604
2070
39985
55759
90281
46872
88566
61151
73193
11077
40606
81509
23329
80796
55773
71714
40570
22447
64290
7279
52127
2904
68718
67055
92579
89981
84734
27561
86821
73569
69685
7750
75840
27262
22598
21021
54955
84970
9773
91878
9779
60302
42431
15172
67193
66279
95037
39307
46064
60342
23164
22369
17940
59985
92130
60261
63214
33525
22020
90807
48139
57384
7373
31107
74478
22933
75663
69195
41236
80192
34147
37311
67059
87186
71632
52218
95334
98828
99552
62363
83309
25372
17345
34004
86981
54091
64066
54338
37560
28206
79349
32135
84008
55376
71406
35022
6038
80223
88462
58692
11482
23087
41656
27671
93982
75601
60310
20577
15112
97528
68371
67631
13550
8700
70338
1386
93120
72144
32766
55410
50739
96806
55419
25381
88479
75431
71484
2329
90438
8794
53321
77534
61213
9468
12910
1772
44995
89831
69162
9359
71590
31085
52468
76621
18833
92582
15221
28124
63845
33407
47048
8305
18914
31199
88200
87599
28739
83799
2190
92117
33967
21784
49418
83344
63264
4720
91689
79803
43558
40272
30926
24394
59822
25771
53788
90112
51198
4907
95914
67011
26069
26237
21739
71828
33098
10592
68424
35812
19534
32867
91270
90576
68449
60927
71973
60703
28513
4538
96375
44388
73878
17665
83721
20122
67750
44448
49275
25153
4700
33036
74496
30935
51175
13944
92206
71076
80134
88255
12112
58599
78965
91052
35809
51915
46336
98062
15517
41294
87600
2898
30487
61558
72246
75503
3281
78082
63157
15170
61492
20518
4625
52686
88450
33003
71938
42016
93578
39313
54169
33524
70228
71835
8154
46695
52139
61321
31332
39668
30953
70443
86130
12696
40739
77163
97905
30239
45896
93524
95749
40942
60397
80953
69388
5683
40271
75285
50121
10371
61390
18529
46505
77081
5479
77851
16352
69100
61349
58355
12985
86741
61699
65771
5444
99930
20552
60950
27379
86976
27066
41792
66451
99270
50071
20013
26270
24847
41274
36069
28609
58940
51227
36629
58030
23679
4269
48527
4023
51740
12575
59185
86434
52571
61452
42124
71034
10546
11244
58107
63686
89363
38113
86875
15122
43154
62295
14160
67043
13717
18170
49267
38528
27362
96830
25870
93708
92775
8783
59595
71641
27185
83016
32679
56591
39658
83550
37731
5039
22219
92996
7426
75399
72669
59976
96007
46369
38904
15558
44544
45087
1275
78213
56417
65047
19278
59677
84117
5761
81036
99234
11464
79609
86539
29785
50872
94676
1736
61393
38756
37130
7552
82407
47729
3493
75847
48789
21669
46862
84381
35683
96891
49978
40920
798
54323
15857
94352
88578
8659
81280
98651
20713
13543
43604
77078
23889
46397
42036
32999
2247
66306
59214
19319
48819
49450
41617
81522
12635
43760
91835
65999
68334
75930
27338
52903
18122
46844
42417
84548
63151
16863
85646
46657
13162
33652
14622
35456
62297
81015
68462
21194
363
43088
44383
8956
56053
76403
70205
76345
31690
29424
59216
29355
46554
41410
80216
85572
40957
92244
69248
37825
10533
80954
14541
48450
7706
49598
84457
77938
67172
48293
26125
47520
33914
26613
63955
13302
84295
43719
9266
33274
46136
56652
23317
37155
83321
93368
66393
76696
44110
67605
87311
76889
49666
30179
58649
75029
35392
74865
23038
32767
88406
58302
93307
4989
22000
98687
77452
60683
19094
73350
97057
45357
47002
84350
74285
70227
96697
16383
33685
10810
51472
916
49764
3421
78949
90270
32829
76897
25723
46270
23445
49141
44632
13035
46393
10237
79397
84042
81492
24173
75447
5871
38098
42888
59611
44334
82908
70650
86006
29575
27652
8295
93206
82847
13803
58344
24479
46511
82461
94232
30437
55918
17822
55330
85858
4225
3835
21732
68586
36483
90526
89431
27857
62236
32211
5668
92035
39366
5777
24550
88717
10109
21792
29415
14192
88593
81563
52537
62681
83265
240
69428
60673
21659
6278
71701
89377
12751
40645
65542
20234
84077
21334
78487
61133
75691
94523
97059
72635
98692
85935
70006
25401
99579
94431
61381
80914
45711
13394
42832
97544
50209
20697
73287
38413
98464
30250
99300
39828
46620
11066
42751
52279
23512
22599
6444
14663
87486
97179
10278
85604
28919
36347
5240
76515
63590
46013
686
23607
74871
90113
97072
78247
9590
1988
9162
2581
9381
11717
93819
52164
76495
51455
5115
63296
25848
78708
73829
83854
97779
78840
1572
48926
68633
63215
51011
17341
82920
46663
62535
69256
91002
30928
43944
4452
79832
41744
3087
53024
96767
26622
69847
52838
41184
54928
6969
9356
74785
96178
26922
28979
24887
85238
85160
75101
76647
36588
10715
19844
45791
81047
16410
80751
94508
34879
70564
39138
37410
66506
23625
2385
59012
63258
69775
43712
8405
81849
60197
25729
41205
92408
40130
94624
32693
12647
33675
47361
80097
69410
21478
33706
39196
29293
11634
99706
60879
88015
42917
36788
91198
48001
96367
95748
4781
55338
23116
77680
30915
67051
730
97934
63122
7455
84745
12746
92735
95285
56234
85409
61941
22337
86155
84941
37235
38579
84891
44957
66967
72622
27587
43458
67916
94734
43263
71363
63431
21500
68341
99372
96703
76887
26352
27109
36439
57581
25727
59659
48167
18067
26166
32372
4415
21345
98595
33657
4433
44816
19273
59773
18106
98447
22651
40832
44274
19939
27417
20558
87351
24073
72428
13827
36359
22743
23887
47418
81620
98157
4985
35662
12451
31444
21811
3752
80606
95112
89696
92145
19594
17502
99434
4709
57338
48895
92957
51042
97609
83850
20431
41736
57710
44664
48653
322
56297
96473
48423
87768
28963
3720
97509
82609
44754
3080
38099
7781
42829
41518
5414
19550
76239
22033
83738
38434
45021
87729
31358
83876
63204
24937
6742
77004
88000
36095
25292
55923
19952
87563
29176
86688
40344
54713
78848
15470
63411
28579
19541
11239
35839
99822
8888
55827
96163
72161
86389
81038
86660
1319
11861
33250
39371
65478
27741
80233
84727
48317
60726
97448
40559
40632
31339
12593
18630
14454
1614
50235
51441
25241
96670
79445
1327
94762
11826
98173
91692
83720
19728
96965
40058
84417
85829
36987
52429
77308
1160
64268
28256
66521
14423
88312
89411
94007
21953
25835
30484
56283
53301
35370
83397
24172
1505
804
31291
31282
64391
32720
31337
69490
62759
72311
71345
3593
14899
46691
21618
31312
44341
48103
74679
67152
69563
56587
97008
86220
24896
20389
42261
70216
73013
93624
86339
4003
88215
24103
62300
35444
55489
87887
70990
53254
69471
84689
85515
32123
23209
74259
40338
28142
16277
21521
59538
89106
91749
15832
2019
51608
18880
94627
33844
34385
50395
93694
79629
56784
99208
19216
7055
21853
1214
75049
38703
88810
98840
22349
46
61030
28664
28623
28098
84957
882
53124
6665
12010
56215
39249
87558
49655
48878
29457
27969
99219
30468
37771
9842
12899
92920
26976
48105
12711
66436
96095
17772
87764
4549
16429
93541
66227
16789
59219
56336
86344
59463
78398
9803
93332
43734
92733
14620
81942
57913
1868
79011
25993
34446
58297
49851
1432
6301
37198
29823
22484
50570
903
5693
19855
82277
15612
38231
32806
71021
22433
60451
15986
55271
61689
10043
90494
34214
31526
80787
36262
75205
71761
11108
13037
61005
92517
57536
4555
36307
48921
24067
49300
65125
45590
72245
56112
90253
37423
18542
16084
1285
85666
99004
38151
86565
62507
14508
24445
33945
27697
53553
89145
84154
29865
92959
4044
64127
47371
74043
81734
83163
42146
44805
9629
77443
40081
15550
83606
49052
57021
53349
65355
34260
32240
93529
3915
62337
69080
25604
60853
27459
8554
53158
77219
97334
2765
30381
89670
70852
55306
98217
89751
45685
16184
93231
20331
85127
83268
91383
17615
69576
79480
47920
53786
17778
299
37121
32841
18033
95430
48005
29266
5323
88315
84352
91242
12626
14409
48165
64247
13519
65427
47148
24895
50038
3528
16286
23552
127
85846
31151
62954
32969
79924
81712
27862
77794
87199
35789
28822
41463
69241
91587
10024
88852
25131
85090
64429
81330
95799
99518
17422
57482
79161
51400
40812
44227
94576
59008
54441
76778
40067
65141
98021
2258
19313
40432
52492
26741
89863
87970
38245
88931
41065
35098
71058
45615
95742
39862
87915
16407
95724
8682
85833
47336
8701
35868
20831
56787
15981
19745
89229
20226
6260
42411
72656
5295
51482
52026
4349
48535
27610
83525
75581
9184
86347
88239
1884
57997
10249
84693
38132
27133
36326
22742
52280
14615
923
48487
65238
3430
93729
20444
68343
88018
75442
14882
7417
11168
52068
54735
7609
10987
88217
37455
607
76796
67561
58737
24560
6942
74957
59615
82483
59465
70713
36771
13111
56529
88017
93540
44288
84183
7922
66865
53604
52865
37866
85398
61228
95904
18452
12599
15859
56727
53222
19705
37412
13289
11167
63036
87174
24821
65645
15819
3898
31940
47432
42131
83712
84758
48666
9769
80686
50006
15097
16615
40417
73502
37192
33535
44486
12640
87019
96462
64123
8220
75531
22926
48502
87964
71050
42121
16508
19571
47804
75880
11096
9654
6863
71692
87542
49797
18058
82302
28012
72449
69789
76127
98039
28319
24392
50357
67773
47840
12543
57989
19679
45803
5391
39851
99863
23365
62523
98418
96954
7859
12185
43554
70711
26886
58135
63437
46878
82552
41336
42561
28261
32430
32645
68375
93296
68041
96
55318
20017
46407
93072
79348
22521
26290
42212
86519
59716
30515
76248
12090
17619
40582
23218
22138
73967
22204
3531
38206
76606
74198
44363
7514
66060
32586
18656
90937
84072
6180
59471
89367
55299
13314
82468
92085
50233
50409
75059
59852
77077
73104
89999
70275
18638
67119
36837
29464
67220
81433
63061
86307
68365
18145
91865
60414
65553
29191
52603
46104
87738
19496
54904
9371
97965
7765
77676
22307
86290
83868
29058
58874
41988
37216
38481
70112
53514
72518
50297
86902
36534
53056
47767
32320
6997
5411
66785
28894
58309
45504
51781
31460
25797
64857
41828
53342
781
23039
74795
16456
7470
33676
36853
72175
93544
15298
51392
40528
68195
34640
60767
28722
75469
72029
93199
10066
50934
91437
53234
60891
31062
71744
14841
76514
83996
81986
46276
14199
88934
73964
77063
21170
8388
65643
66775
31652
75361
68019
20156
77569
86865
67006
89985
15875
36558
77788
61244
14505
24512
35487
85914
64535
50539
13910
80605
62402
69657
16578
95919
27950
42069
93885
48491
64299
99192
14963
77762
27606
61525
83531
63421
67720
55002
67525
41406
16404
31724
61118
45847
69548
12206
13340
88169
3282
84166
28737
32777
50119
81210
56406
98097
87415
74484
89620
20662
18184
67969
80320
64851
41024
32353
97850
17577
37670
354
25474
56507
71220
93340
69964
99406
52990
34995
31727
18094
77888
96032
95382
81733
36793
60407
3537
55864
92072
61296
52853
90676
85260
38469
92476
90334
59017
59039
39343
67411
97508
24633
19810
7172
88175
81565
60408
80909
44051
60108
71609
68074
96511
96343
94842
24648
87757
81351
34925
44636
97579
580
86247
57218
30874
46446
58608
42504
43711
59061
32175
36056
30565
19804
88233
3557
90541
29021
37779
72675
93223
13753
73247
36407
60143
80257
31695
93949
96146
67148
21977
73286
70458
33552
89553
67402
37782
22803
74214
97302
6525
60890
12017
46175
80362
98619
57094
58897
82605
55623
4350
90077
83980
51545
13214
73106
38049
26599
70081
15208
78915
306
81248
66015
50913
31742
79164
35561
43101
99879
65940
1425
89581
54298
97773
34084
23459
26689
14342
32501
16422
30377
50398
24461
87641
72202
67367
88935
92152
16204
14389
89609
8101
28904
86329
13846
71728
30407
72523
77730
45628
28314
3661
23339
87429
1090
10813
8555
74652
11640
94750
87238
54136
14683
28300
24139
49667
47938
59951
17865
64445
25963
90531
83733
13606
33620
33253
72618
85569
47662
62317
74404
9936
62642
95525
88127
48037
12345
16037
61880
53681
64483
66849
88752
46861
98592
24140
25765
85750
61522
69904
85605
74665
29685
83903
96792
39574
21543
53975
64592
46847
59723
37689
71762
43616
33551
27383
89503
84915
96985
96128
42389
12864
17688
37945
86325
5719
41173
50186
32936
68032
95541
74528
22024
80865
21673
29487
73088
3808
9536
25396
61067
65907
33558
94636
77681
91874
77364
27778
92248
35223
33500
76623
90854
91051
28911
17209
89112
17034
25315
14877
83140
40842
26515
7826
1494
9627
48352
43303
50760
71
18945
45701
26815
22411
15679
371
50519
33544
47215
488
94865
64668
16687
78454
47637
68430
70097
36675
57821
19527
21445
70723
44119
38314
81469
8981
4220
90686
68135
93191
3850
96505
95936
3267
70117
97031
14059
81379
99872
73516
21799
18536
41430
42547
99707
51303
40230
60326
74568
78284
84585
18813
77607
40665
84320
63973
88172
69164
42533
26105
17599
13769
37485
95208
72459
30396
29583
7379
58136
92968
33653
13651
18519
82459
446
9729
54873
68975
76532
42313
76937
54245
12127
65763
96433
47635
10622
50977
4061
87762
54896
35463
80864
76217
50860
16827
1686
96533
16125
80419
57114
71924
20195
82859
45089
51155
88451
32759
20881
87552
56570
89360
43936
56190
2079
56672
13609
17465
31357
77806
40442
59902
12630
1309
82125
23141
66784
41923
9572
42843
37850
88350
32349
39734
23319
85760
75294
40554
15381
21006
33635
19089
22244
95674
39438
80381
43533
84582
38467
37243
12801
56504
32450
7951
41470
12264
75266
32587
1183
47833
54771
94795
69604
40577
78022
11896
69341
25777
10267
92414
16788
21951
51317
75086
45368
79463
78987
69252
90260
81243
38374
42575
37679
60225
27735
86758
56999
30132
69355
16745
46466
29701
95150
37879
74655
31725
78669
2126
34629
55263
53832
14644
65205
10470
48564
43144
32828
82331
89910
39911
20358
30906
49253
80689
36288
43464
62309
86798
3506
14418
77277
21060
64307
96060
42759
41330
35129
69104
51375
96849
90778
34380
54983
55114
7285
65271
62439
62597
53104
81530
83481
10207
75261
26698
71016
4711
23624
53943
48799
86526
57893
46772
42333
12785
65156
14818
32768
85302
76561
4474
88603
98192
85233
53242
78338
86029
36101
63859
93800
50159
95128
4637
35805
50732
46279
91160
58736
88399
9542
32916
78844
96762
78054
30740
4510
1816
37927
18027
16637
26449
8720
86744
26943
34649
489
87357
69373
63604
21263
34994
38888
56348
34045
14489
29081
41474
78577
4659
63983
71346
99338
3416
21120
32296
69991
45369
12358
88971
2421
12196
41831
60153
6143
88484
59974
16746
20308
30859
42730
92774
94105
63650
10447
36242
89414
5797
76812
97731
14661
9881
78693
84010
49847
90194
50505
8996
67105
20223
4354
85713
9228
64625
75227
84999
39279
36973
34908
61611
99062
24440
31889
10665
3929
27832
25285
99523
9655
83922
94209
3310
69288
28460
16866
85316
69284
87583
1952
10138
23897
77551
25566
76110
94714
76119
15101
19628
9249
1302
25204
66667
15091
87251
84237
2779
28221
70140
77070
61900
21298
98699
47994
34834
96547
98956
40087
83041
27219
2705
76928
55371
30305
58698
25635
67165
17768
20710
20201
83360
85106
92050
67305
81813
57942
9632
76844
81989
53730
56411
77160
10943
14659
78020
42679
72897
81772
928
89177
66488
37585
30616
34853
21530
37434
90625
32412
87147
70262
13973
76695
88748
13629
56017
85719
30786
35550
42400
62745
27818
73038
57896
25001
92546
72785
77832
29341
42444
4416
67689
68731
59150
85081
37609
97857
32820
43515
74660
23341
41929
64628
16760
85535
62986
4449
95377
79505
31653
33238
3773
58720
15713
63113
87420
24384
82120
79694
78809
50509
27235
46936
29286
85071
84943
66483
51937
98491
20481
26570
54541
85091
50538
53327
29104
59004
64566
74094
18425
3783
15166
60930
73534
52721
7608
61293
67374
65159
61172
3947
54521
71083
77140
15815
16711
97710
9896
29795
18871
43067
30231
88349
1542
83128
29431
53522
70449
74646
50405
61127
49282
80651
99839
5724
13545
64371
4855
71737
36828
37776
20242
51055
16394
81225
49201
93154
1276
33132
26204
69798
61863
63971
76221
55462
4050
94242
71502
41091
30077
69008
23055
7369
92710
52264
62925
28865
12308
10250
35993
24086
19994
39490
81487
12931
94916
44199
8215
62145
87120
48571
26577
91474
80531
43125
67303
73844
88624
21189
52204
83699
89165
27012
84665
17693
54580
2799
88908
88023
4251
4244
62083
15659
55642
30776
5276
1001
22522
60359
6736
57693
60559
21721
5621
44611
42081
29368
23934
35195
47755
80158
83094
26107
32526
94067
59204
27101
12095
7676
8821
87464
19940
26483
28545
92483
86209
2277
72417
71905
48013
88733
9613
7485
46024
80042
13188
61788
93106
96116
9491
55388
60898
39431
73277
31088
69517
5899
53494
19169
76982
44506
55022
85608
15840
37548
24478
71429
6014
58714
35271
3944
92320
307
82326
54397
97412
16926
65556
68670
55829
19087
19303
16622
55537
59960
48590
60213
95675
90595
63248
95563
46341
58987
72055
91889
2090
54204
39998
91356
8002
87924
47211
6016
71053
14897
18198
18538
32181
37439
41312
22418
4572
24545
44270
82275
94115
85690
36863
58673
57795
57300
36866
32688
5528
21222
32462
60614
72849
83955
23114
47379
58292
89639
41162
26594
13823
4338
35258
74131
84116
43867
38759
87079
31030
56124
32348
3856
59234
97989
83950
61073
97032
25151
79552
60607
80722
88031
39300
22557
3209
12816
12159
49945
49183
5715
20970
99811
35029
91951
22108
44542
65532
62030
70984
18513
86858
39325
409
52248
39335
83145
72496
52488
87853
91195
89600
28103
93749
82961
70884
2511
40786
17992
39139
39850
12303
2869
82082
11221
42174
42298
7603
49971
27544
32194
61637
36502
77307
28728
39134
48612
26374
49200
33165
31082
45609
57130
34903
31950
846
41818
34693
85287
36819
19393
74998
89372
53613
52441
50789
83943
96062
49783
89923
44054
31741
62930
38844
25182
53280
42197
47926
40452
73122
31839
1595
78567
94743
59202
80070
89312
61738
86776
88814
36479
1938
11957
27955
50809
55966
59376
62111
95491
17413
17997
25595
37073
11665
26755
43417
43615
44680
62413
93617
74653
73657
93766
40691
60708
1835
40642
82495
2960
73075
3388
19378
41139
44071
40290
8911
206
96799
8755
15353
53809
96155
69523
80197
79068
95227
21173
17494
64824
41242
48786
98816
61169
57620
93577
46687
83608
23752
42012
94556
88260
62987
24411
65512
15878
25928
86238
34098
20791
67675
73423
85042
96669
80743
50560
57783
49346
71932
24814
37830
56090
67253
2424
57105
98641
90855
36349
35525
38613
99960
19456
57898
21186
16804
87370
16764
13593
95865
50577
81552
2238
93547
8193
1531
35148
34939
48141
63060
90219
84920
39691
92427
71576
88779
72285
84379
41881
83834
11095
35632
38942
28334
30074
45314
11215
98625
63350
45385
78656
89167
1364
22969
37103
74892
12315
63981
91398
41672
51863
37993
81602
26201
56254
27513
3742
77984
78925
90688
582
57050
68846
81207
99545
73086
64012
29333
5643
4059
3370
39175
45208
3175
9887
29782
16424
49492
75297
39081
84349
47358
15929
48528
75677
92695
11160
68389
228
22810
10934
2115
3955
36061
71859
30954
82230
5586
63584
51850
4567
54369
51119
85354
24954
68208
18328
46088
96998
92635
50313
39429
19721
61040
3594
40765
93425
92108
95082
76023
80879
50648
70481
27491
4113
39319
71431
80806
55366
55837
28999
95997
39583
75067
55804
89556
4161
4004
91551
86108
73166
22416
7985
31039
38696
62939
59200
78654
1945
36999
51953
38645
14531
5588
96718
43005
69961
97294
5760
84667
46576
46911
55413
52704
74026
62659
93455
27683
9035
20020
99517
61584
96935
6618
31672
21420
51686
72495
53670
88999
2663
55139
10191
4564
61326
45931
86590
39607
24008
33584
8694
27353
52844
98395
19513
54707
59691
27679
29856
48131
11541
49351
48394
83670
78463
96261
13142
16126
76050
31183
29783
13842
16899
2914
97245
1346
53993
84091
60146
30056
25006
74128
32098
44430
40602
66387
96804
26227
87045
30451
82015
5133
41625
94243
45923
5844
14670
36058
68679
35918
30594
61686
17627
99756
74055
75654
76260
83389
6771
70122
34367
28886
73135
50175
22056
95313
83370
99900
22694
17415
60406
1131
39744
2000
94329
98387
41298
45629
99408
53810
40027
24151
48478
29243
18948
61568
14608
30608
93494
99750
70534
91005
18895
91396
79911
51840
33234
21474
26257
65401
82365
15707
33554
66275
86942
92071
17861
32377
37955
95030
15532
76235
34627
21614
19539
99961
71608
78468
78251
28451
74021
6023
32614
38898
79563
51095
16851
26171
2073
56585
35699
91243
75942
28162
54081
93913
22455
59996
32291
43601
3309
16238
33361
51623
16328
45506
69007
60432
20823
30257
68623
54440
8174
57307
41277
75411
23967
96518
93060
20386
20546
55220
20447
1216
24972
17251
76356
11947
98598
10412
87512
69800
75070
26802
56759
54080
94588
81786
34335
16490
12671
65037
69379
1123
52469
93055
8203
57681
53688
22634
43551
34231
39479
32053
18248
92024
6654
78410
45073
68373
31566
90606
64732
95599
80996
27431
58862
65551
7679
8053
62391
70026
12091
58304
63242
66930
74703
69382
19511
4360
9126
30907
54888
50705
25692
7807
55688
39203
7015
15858
37030
60013
90391
13205
74509
93600
64782
21957
32085
25035
31757
51993
68002
85603
947
86399
76460
82129
91284
48291
9238
98438
4379
45755
69935
84874
88991
38725
23225
66423
69180
6967
53346
59005
48737
40457
66824
19653
73840
87388
78112
57313
23966
72418
87057
35120
7721
72848
21699
92001
63559
71298
48023
9282
85861
87274
60980
16214
85928
87731
24692
31273
14483
76125
90954
94199
35511
10050
38410
95874
60185
53485
52152
48192
61981
42535
51896
31986
44366
69429
48686
51718
6379
98482
85799
32033
31121
15896
46704
99140
48644
23326
67186
43359
33326
33268
16958
88318
99777
41206
49055
73541
29418
1883
18231
25278
38297
44715
5778
87428
76308
90379
86240
39570
54427
15371
13893
53443
71402
73984
42103
69299
14371
17808
89546
16187
18834
2346
37344
29834
51642
11856
81850
90580
28890
19935
92511
87992
691
81261
19444
26682
42199
50600
62263
80396
45837
15534
82484
10536
74834
87577
12435
98007
9239
69671
49076
69908
37667
66105
19819
61346
63087
4920
54205
7931
60271
63276
45903
86416
18046
92128
69433
17189
15889
95909
96000
82061
80490
55362
60266
12504
37652
53574
7432
73901
95574
74839
7389
19736
24129
88654
24741
39225
58185
14366
48372
3121
75627
23240
27967
17928
71422
66578
4585
46259
60737
18065
15543
27487
32151
69854
11328
74831
27160
74654
32259
93810
90772
39332
61089
49079
69266
78192
32257
17171
63072
73588
71031
92552
23144
21443
28154
18855
10030
77461
56779
47526
64926
46841
44507
69453
24379
40800
44606
62385
1155
68876
71740
69498
69167
50379
84479
89551
73061
10939
79145
72321
92093
9852
7472
65937
30582
40273
10559
49281
44442
31296
69267
52796
11587
20712
45435
64349
43291
80051
60727
9055
62033
19030
44431
98213
66471
42042
14544
52920
79856
25811
72538
1373
51086
13690
24460
41700
50130
19203
52882
90106
96628
51672
64010
38895
64905
60157
77862
55322
83993
32504
21961
6261
8742
91953
20493
37693
24623
56794
25219
99061
52314
4990
13082
57259
21028
98521
29416
83429
26245
41207
92226
70792
95426
93485
13811
26686
25569
31845
7748
13499
15419
72953
30419
53731
80935
82373
10213
99400
94711
47632
90932
57439
53984
72638
56501
73810
33523
36889
99611
14563
23159
17335
91703
93805
8499
91531
18455
28693
53436
6621
87833
52781
64774
20097
89903
10300
30081
9512
98667
2694
78249
72935
2012
6368
81316
84884
82291
79818
35901
68527
84018
57274
85164
34202
97266
41958
54686
51841
10466
75248
96980
1077
27534
68466
1895
99531
83979
23050
67163
45251
43278
37544
87040
91701
20385
27402
41460
66455
86823
30891
42692
49968
40179
57217
60019
9176
93323
70608
78583
66063
16818
85444
23798
56744
42514
84564
19572
96090
6923
28495
71725
92833
75247
70015
40640
54379
98903
37970
72764
14542
50596
28146
18733
44325
70919
35981
20967
55561
40683
47721
70153
10552
9831
62635
6517
95143
20568
1348
92814
15962
66940
61780
83053
18745
55019
57272
79189
7758
6098
37996
72005
59322
90030
3798
56700
92484
35818
71449
82994
48710
19310
93405
92454
40270
55962
16205
38794
5665
98920
13730
67471
85364
64184
30854
44678
38913
33668
95889
46542
29551
34827
61075
6658
45799
67176
90698
51571
46274
54683
95859
99621
27470
10610
50241
58605
50687
76120
26797
67768
82802
87106
47337
33196
97777
76874
15461
41490
15120
34173
74261
54533
76938
31804
45496
68459
22099
49662
60878
29691
58221
20031
9008
79718
3673
97195
26855
97005
39201
77585
15596
83672
29449
151
43079
59136
5328
20415
33079
46646
1673
47167
31010
18780
98403
83590
66516
61847
11997
30991
30268
41694
30098
55476
61849
63253
95106
9480
80486
21528
83687
11638
51358
79626
40518
39145
38343
70127
24368
37703
36708
71719
12969
50989
32499
96591
51376
84444
57498
64944
91991
43368
42084
2284
70664
89827
2661
94513
89725
84812
791
92360
3260
4399
73197
66519
51203
59430
92009
86936
15335
89445
13325
44861
31759
43034
54870
58104
64143
51770
22682
79665
86269
81764
23659
12252
72194
8836
36043
57810
41399
66780
72857
73268
55884
67843
15327
6297
21903
526
21205
28095
56879
75666
689
25428
76537
87390
63461
4615
5310
14355
64735
39677
42913
79182
57702
84485
78068
94393
55739
1832
89934
52180
98106
76
59530
90046
15629
59130
1061
64284
1265
86971
10079
38859
12702
58474
5810
69815
46856
45942
24314
33071
5828
87692
8075
27186
80633
12086
88650
1391
16023
87798
1448
55868
94958
15617
34634
30640
57301
40499
68536
72626
82665
6017
46623
58643
2958
14664
13416
25589
78532
96577
97893
41734
46643
32105
14848
45848
38720
46419
82400
71514
93697
44604
88397
89273
17650
75023
84361
96992
28225
70875
1127
48637
81791
99501
62839
37928
7222
17315
2964
46955
12658
6100
8881
85775
20723
96730
84143
27605
69571
92590
45231
48974
48548
86266
78421
99802
47909
67537
5149
95065
93725
82900
59398
86455
38114
39696
28978
60447
63051
23265
51587
44446
93359
66842
37017
77603
22832
55285
78999
46427
70017
59519
82903
28001
26508
54662
62208
92696
70753
1982
49659
43207
24222
81314
72889
73382
27964
82688
78443
16441
38201
67863
94752
43314
38780
81658
26703
5368
2184
22798
64590
33913
72645
91829
89096
59693
96696
95286
85290
21400
1032
66156
62620
57151
23691
8222
79485
98868
24544
47233
90149
78806
92420
76618
76005
28060
88691
16750
86793
9736
50903
95309
66449
65757
41972
45440
28229
55940
42826
54559
14729
20849
17400
47451
38668
87235
48051
98164
94490
63953
85351
96188
83742
2519
29398
17116
55662
92348
12590
10468
76746
95816
25300
90550
18520
4789
56941
50636
39079
90096
57193
82886
5825
14710
72359
50573
9199
65607
28898
83278
51393
43572
65856
70376
9974
99603
70505
50574
3943
12900
78764
12877
6245
97615
31429
12063
72500
23253
87123
41050
25252
11477
62004
45561
40725
44454
44189
53957
38064
88846
97613
91868
53523
53060
73030
86530
40401
17839
45269
17434
4048
15641
40944
92032
36139
55321
70223
54758
57421
55239
23446
67232
45726
3299
32256
81571
46811
16535
88799
99967
33235
88507
69562
67045
6596
19989
84418
47243
15417
38357
538
5335
76558
90621
62711
39108
14126
85579
10644
26064
18076
35642
29899
70800
6684
91685
57525
12855
65510
16386
41926
87303
78186
57075
43252
47018
75831
98754
89083
27405
95344
4248
8702
66503
80982
3401
55861
26133
55789
23168
35900
41251
51802
3670
30710
22351
23935
63199
54302
35021
14934
22784
45207
28439
13822
7928
82053
94380
42077
61331
80437
35758
57743
52089
3797
75402
49087
3533
12961
71996
56369
67234
8355
3343
8341
4792
52710
11518
62753
42773
8762
73567
66925
93747
81006
19674
17132
31432
57028
43545
12140
58935
28076
91843
96884
1037
23397
10354
84544
83941
92234
17834
17285
83549
76468
12662
13469
38691
28833
40586
9363
60949
20496
26762
31928
20262
13614
70325
31246
48483
26097
12757
23103
41383
87916
77997
47182
16316
94891
13428
14212
81771
62898
47873
2171
26699
49470
40918
51562
62660
49177
90010
94186
62414
15148
52076
63458
77227
4600
75561
31692
74797
70137
58431
85276
86161
75460
12875
49606
99577
61156
14965
46866
15171
80218
67538
19236
83223
76190
93502
501
50492
24712
1660
23955
59175
94860
84735
8754
97212
34513
65069
37606
62016
21897
31360
29024
47327
87914
10142
29253
66746
67670
48356
29360
35255
42160
27935
51036
5419
52936
39058
15475
10382
11559
51403
46867
9443
3500
93830
38367
66043
57846
85730
75806
24015
18882
34221
63521
34107
2731
67552
62625
93460
86254
90457
70196
93755
77510
18958
87893
12064
32764
86881
82776
50595
14102
54912
26793
40307
53580
50147
32652
41834
53656
27418
17063
68181
64797
75008
69779
26627
40873
694
44338
14416
83501
67915
79111
10254
85358
35735
63100
84580
93889
78909
18403
78184
53281
67984
76720
51557
8391
13864
89128
23051
81961
86548
92566
29433
90564
21376
54283
29883
98953
38414
89292
16939
93312
90647
21708
76977
1804
6
74716
9587
59745
45342
91707
7258
19685
66147
27029
3615
69733
48322
51099
23516
50451
6927
48201
33092
2151
43588
78417
91724
64957
34078
84363
89176
202
30200
23783
62146
56377
46052
54150
51884
33882
92644
79256
24444
11002
17321
75369
69093
29440
96069
43103
41249
91927
69630
35167
4828
30100
45236
57474
61802
57019
98685
7742
62249
74184
23637
145
64343
76400
38609
22105
96562
78604
57102
96857
61309
55391
61429
66385
42847
67087
50646
7536
38323
92623
6938
83172
68134
86170
95864
95369
34430
85517
99053
899
15602
88857
63963
13867
47209
95759
97844
5214
2533
41064
88189
24617
74574
61288
62460
53338
64472
9585
32879
42711
55762
3339
4370
71112
25749
78348
24452
45655
66173
13945
36746
98943
94503
58190
42451
21088
39774
87707
5288
74364
82405
71540
61712
60690
11808
86472
23467
9190
29271
99516
16330
33571
54640
54690
93933
61082
34926
49434
77365
16632
4413
20694
78825
39550
32431
10266
41555
77970
71685
52131
65213
14164
18285
53192
79335
44586
19866
5663
4197
58204
84660
77200
80377
27097
38106
17846
91459
81508
11268
72559
93023
91495
80206
27293
56212
55211
64213
5841
29282
28884
68831
24420
42507
77391
65505
68418
67811
59813
89836
18767
93932
58812
7868
56211
76735
21145
74162
48981
49444
28989
29600
28293
8430
52837
56192
11706
5263
389
34986
70489
7318
84759
2690
12135
52978
54277
80815
23502
99478
56314
28704
97719
61708
34933
5969
75045
54515
5961
47462
29644
83054
98855
51293
37054
83185
52102
5702
58065
52670
73221
57812
24210
33884
41297
44707
96073
26076
58784
56130
88093
89719
37055
77404
9701
87259
42690
68724
85955
9943
44614
23642
39070
87646
24174
158
70714
32991
5216
97273
44551
92563
31791
36173
95493
82741
47268
62065
80781
50712
65901
76151
73872
57361
15437
47743
48606
73852
41867
24091
57945
82852
20878
89093
77865
92293
47121
93203
87348
47727
62129
42760
55041
70370
13588
18845
9277
84342
99222
26908
53408
45051
44475
61889
933
53896
14672
16524
99510
45595
65036
98180
27174
77062
44114
9099
74122
11925
72485
88824
47444
21089
28923
45507
18080
2549
94388
63427
55103
84883
80799
40072
63063
27328
20030
37299
54824
20549
91511
51515
78817
67604
45620
6068
66726
83083
40661
62637
64869
70809
67337
29910
22534
6574
74848
26113
44220
81198
47923
89426
51182
27051
1306
42415
99783
52629
47725
25858
30187
95087
91441
7441
14149
30359
75550
60983
12948
76070
38463
84537
34284
42868
91034
66975
7337
23675
39540
45916
80267
20136
3404
59383
64084
19043
7673
60337
84956
32000
44249
45974
4843
38437
64754
62229
62399
76601
74413
21532
29264
37078
48581
18468
86391
4760
31662
89792
8456
16846
41756
24894
62449
87361
87387
69119
97578
30628
3786
14077
73784
44564
85265
87051
21169
38047
45449
49948
50725
40775
89141
72043
4679
42178
53259
44309
34383
73448
58161
70979
64250
75696
25342
62325
91121
49013
60031
44029
98870
78182
75852
87662
53909
99123
47293
22064
281
54920
11843
78513
72065
81798
85130
11716
58598
68702
37763
56047
39481
65521
14924
91482
74064
25990
88970
33896
56895
45245
48861
77838
88091
11942
71247
6907
31501
84169
82064
94106
89450
81644
77434
6383
31731
89037
7302
68793
36602
70869
421
33508
81794
63212
16794
89921
62231
65846
10206
13594
25938
27425
63803
69372
96252
50095
74341
37153
97640
10231
38184
3199
65685
55073
59336
12411
95715
41803
94622
21027
64026
628
29765
3847
65236
83267
87736
79119
99055
17492
84447
23373
51081
49594
86173
64912
96755
41023
53332
69074
91920
24410
3122
12468
70089
66435
94741
21593
7136
81145
10814
89149
52909
17228
66415
66088
27729
26428
10359
37366
9057
9789
10965
60120
9125
57209
78052
30116
75940
14870
38906
67886
72853
25788
77931
30784
6317
67983
99307
57802
24464
87927
27281
67269
84567
21994
26420
50662
1151
36498
4298
64878
89988
85422
16572
49831
92835
60403
54513
70312
33266
31174
36489
84597
1601
90528
76030
42956
40801
86796
30266
31782
42469
76010
21874
71458
12833
90135
13754
13332
29572
42630
22333
45250
22343
70423
77362
26914
50614
30808
70398
9014
51054
84423
19195
60553
5105
48824
72416
444
3374
59825
26178
36568
89443
9951
79501
60362
66776
85480
56430
22475
94361
73478
88820
61149
91919
87863
70836
81996
58883
41436
33632
18157
44412
96988
17913
81151
67825
96134
66111
6501
98924
74724
64675
50892
42233
60102
97240
68754
14513
86378
31885
63471
81938
34685
96789
65404
19462
78107
23978
49489
72312
13007
38763
90114
96238
88037
56438
66937
24586
86866
23585
52357
12126
76970
96253
90598
91617
88526
89542
56871
55657
24851
7366
16985
13913
28996
50386
11361
70972
22319
44243
80885
1428
26707
16077
80535
76287
15057
14296
30595
66600
86608
63563
22195
65244
44002
50578
2670
48435
7051
69674
41397
65303
1629
14270
27617
40791
92267
99674
19627
76780
54572
26066
81441
38103
18504
73626
99194
75166
36909
91256
82479
17066
99479
43118
95233
45193
38107
93221
70261
20601
98938
35874
71661
30240
15364
76334
93596
24084
52271
50656
97336
15950
48146
24843
45118
21453
36416
93677
83281
27495
86039
61195
60941
90695
76734
20137
31377
97236
72747
25496
11323
42737
61633
63615
33911
3405
10496
93927
4811
65305
49527
23196
28057
8912
98410
83853
12246
15457
83304
37371
58782
60066
49268
61613
54562
13907
4776
96586
81558
67418
58295
43590
40382
55660
66752
65050
4998
25991
65254
99331
47681
28800
89246
76835
37973
13966
83934
27426
22764
7004
99622
66558
90163
83689
41948
87941
53501
72230
27941
68456
39836
61220
31072
82360
56559
73145
86458
32715
2981
22452
41458
86901
46766
22074
88882
67407
70099
27187
93568
89859
36104
35710
36755
99690
35571
59023
73777
24539
2947
88707
37390
38495
29840
33419
17092
65485
92288
56921
38366
65788
7280
75156
60350
42452
36961
73881
99257
72086
69260
32010
2868
45011
35776
96521
66950
48949
97937
28187
14062
45676
22406
44975
96014
63997
5849
15653
29980
23580
68034
86579
48133
27339
52622
75440
10173
74768
85779
79787
49793
98883
8665
908
38281
38269
1195
15310
75292
12703
32329
73158
74373
38679
82679
79381
69678
19773
60582
19782
57467
56730
7841
93330
24001
58559
47667
24761
2667
54762
38773
48536
76917
51696
17468
11038
48154
91408
55701
22048
52927
1648
69716
16312
8227
9516
37854
56601
58823
9389
89419
8385
87165
73524
28483
5157
10651
64061
61098
33441
84995
94261
61396
17793
78272
74119
29655
74400
59824
64921
69855
5678
82392
34720
8884
41086
21857
34798
23112
62515
7617
34410
80243
38519
80755
66252
42708
87851
68031
72348
73633
72082
34301
66986
89513
24050
2004
93227
93162
88256
57034
4786
6059
82165
3873
12878
861
8320
50558
14703
8339
92917
65568
37268
25272
44899
87141
96248
78886
80238
14652
35757
99227
45039
73503
5541
78130
99632
90638
40714
29640
7708
74300
75772
60249
67215
4775
81699
88449
92273
38562
49699
4570
17070
68519
83472
42834
45060
30779
3926
15020
16466
75327
85237
28585
52401
74474
5375
7987
75467
69829
24087
63226
25752
7597
33260
80612
60985
96281
16558
64963
54325
81127
80926
66452
53269
8042
69251
37644
5722
15317
32686
13716
97742
82054
67584
52039
83533
53410
59348
42853
19150
58510
84443
89979
4634
77325
71131
34146
99926
87678
72841
41998
80148
76761
66349
38024
66844
37258
5942
2866
48063
63125
15906
70997
986
69173
70660
35272
3149
93597
17064
89909
12080
2279
46843
33642
25591
18627
57136
42527
88066
15932
59213
43872
32357
24818
28705
17807
49414
81925
86350
86342
58829
61898
39241
73335
60280
58506
65402
21607
29913
10607
83880
63414
22338
22621
38117
42238
31021
17258
27583
18087
1570
64376
70241
15132
41292
16871
28312
23366
20312
53413
40777
77389
68175
91975
66664
60289
34876
78707
87099
42647
10668
42453
10579
22220
4753
16772
82640
56357
77046
645
12736
40078
14315
9076
27702
13784
48555
61938
35115
80512
65547
67990
7436
62556
84404
56881
84394
6988
12055
90016
4788
91162
62
73607
5736
89333
98780
66814
63564
95775
27644
10816
55259
62356
34188
66699
20302
79922
74739
25314
30389
59529
88469
6084
65111
98306
56898
12038
17275
64401
73811
38537
97956
82821
3899
21010
93362
51753
63758
4565
45776
7724
58052
62198
69882
34345
55403
25215
95553
75383
41525
85946
75177
95186
89350
75594
38732
15768
12817
76385
80050
65313
98186
14642
20998
6918
88158
40374
67639
62942
38717
43582
15192
86359
51736
28960
27549
43981
71169
4060
54663
25227
6394
82922
18827
67346
85626
33365
84124
18147
40512
51473
52369
58088
95043
78392
12097
95007
90429
90691
74066
88064
42632
18808
86511
2620
24731
51835
75966
17094
45308
46155
17833
29206
31898
44310
55656
91023
90947
28891
74548
59747
67142
91094
51553
76922
12974
12347
51418
92239
86998
24447
21997
17250
73863
35655
93909
86439
82798
23740
66209
3578
91801
25221
82113
61201
39549
57331
92658
45773
47827
57515
71184
78671
7578
90503
45174
9209
57280
6432
50389
23854
33294
13518
66442
15309
33327
13592
30796
39089
61974
37940
88606
88635
23629
378
943
95266
20284
32295
77907
27782
44745
17114
99595
19565
78938
83065
47468
66566
61983
95549
24844
92023
8396
27018
37581
32415
18135
32847
65971
45075
6171
72579
37683
89940
59414
57457
66659
54921
88762
56922
92155
91481
28682
91385
58458
15384
74170
40147
88860
11450
96436
22710
4801
99010
49353
71338
19697
90482
51516
67183
59735
41293
39970
43701
14140
91276
90372
47285
21665
22584
9677
12255
18623
64684
20829
17959
31815
50202
76507
50713
70260
89341
20193
66127
76956
194
73467
75317
2786
31427
22221
13554
41084
7465
34989
9500
31212
48991
67158
91230
49312
19738
69419
23167
2282
98046
63785
3140
64196
64718
36580
17453
4226
74734
24262
14405
91693
79709
70666
80887
57899
68203
44415
45804
74252
76557
68480
95967
51999
26915
7060
66520
58721
62749
94525
7851
89514
96399
45586
97409
50729
53178
73802
54684
47320
38764
45483
54887
89950
53684
21033
17284
9566
25952
90277
79269
1684
9929
44631
50099
11326
61181
52708
55398
99848
32112
12841
22241
10971
1033
64340
44734
31279
45707
41015
71008
99261
10130
94507
36121
25575
35478
61287
17304
97096
16460
84724
87649
39902
61366
64953
85241
67894
46998
3407
38418
56483
10955
51347
53488
1807
69698
35065
74956
51891
2445
7467
91389
37263
17313
78562
90870
94455
14749
64554
21024
78435
49792
95735
78029
59493
5357
6936
17990
8687
92659
6022
49385
44670
83446
57836
68429
54981
19546
527
97560
67049
76913
38273
6686
8916
96172
93422
25229
77340
81844
18736
63425
96601
29151
62531
85957
55516
57365
62704
47054
98278
45079
59109
10990
80394
57035
7262
33625
7113
47469
43606
23121
13824
29694
49576
83899
16805
82368
42651
44594
98951
38845
75220
82148
55557
43113
33334
35135
68183
72649
85963
7232
22145
77008
64871
86944
50281
37573
90411
66172
435
75700
26303
98431
5811
75823
50734
80923
20450
39511
63416
35087
67432
40252
64630
14100
97467
72470
61551
53594
31511
85125
80360
92622
54632
8272
8125
91369
72832
12314
37828
49399
99028
83381
68473
768
39878
15764
58066
99016
91357
65686
41877
4456
7630
761
47985
16465
81890
3816
3872
64239
38395
62470
67529
92776
67458
84878
88702
12995
4732
57178
49984
29443
93492
84234
57013
38986
99246
97882
29036
23292
42712
68082
97109
25142
89917
10982
38910
61112
45721
69933
15727
98574
19529
20824
41784
90822
81099
31886
22945
48718
12701
88819
78837
38016
10190
12595
94323
16269
5255
75643
8450
43200
65097
95996
94401
68551
99165
38587
79917
60561
21071
14828
30155
31221
74648
97556
9463
30465
80931
62011
14264
92715
85612
20711
29511
21760
1479
15415
22125
48213
50742
35973
8830
22231
87776
90958
4218
517
21340
94753
6079
96720
55747
32673
59099
58864
83393
18741
29198
59302
48867
26268
53780
10067
4736
2471
35354
87901
8923
9272
41773
26338
2657
29577
9387
41168
35382
13108
30987
82909
28463
17145
38747
55634
75279
764
60117
12400
86422
92418
23611
2887
19720
53649
23231
25987
42307
95302
99892
13898
34253
62057
76075
80193
58549
14099
51687
53995
75245
99981
34186
9727
40427
15639
26715
8876
10180
94701
59629
43255
14087
35053
89069
81837
75933
37184
85722
73017
77377
98573
30210
25616
91421
27983
53560
61439
17407
23790
1612
58210
29240
31050
54187
78274
18168
20661
41586
5607
79493
88058
39924
28604
4428
83795
87280
75853
12646
39875
33394
65015
64540
91614
38970
6577
22940
84661
45537
16705
25533
71280
33305
37856
83708
51502
16273
12498
65396
39799
89256
85723
74193
75873
14009
93542
85808
65702
44849
29861
71341
13617
51598
67205
72143
64717
50650
46163
53977
51733
73639
11945
13295
79822
97809
36779
54778
35291
86712
4948
50901
52980
98554
17695
67516
21130
1814
83873
95346
67304
32937
62727
70295
87809
77626
84392
40819
16678
39171
49246
69778
18061
14091
29083
19849
67780
96749
56193
54415
84951
19949
52436
1429
42150
6647
44598
42571
10428
27346
52135
33601
95324
23987
75714
92413
48425
24404
66106
89358
10764
89992
89509
57266
94213
49509
34654
58006
29275
81160
98549
69982
93891
63865
46156
16539
58638
41203
32019
34055
17547
80532
36097
49069
69926
90064
83129
65908
85092
46610
84477
18290
16275
40794
47019
53647
44372
53285
64837
24893
49491
27666
34851
43461
74821
64977
23626
23743
45573
56734
79666
81310
59304
28786
30610
8348
42665
26116
56095
15319
24838
42574
17951
30312
94769
78299
22229
80650
54511
75534
33497
31331
90664
52328
34917
64979
51263
59424
56466
51035
45338
31694
10395
91525
46830
46055
58612
23250
43306
37271
18739
41802
25251
85838
11715
61589
36743
15039
72674
95591
47071
57416
90565
17484
91141
93136
86077
22607
87159
85148
57850
65714
93744
25117
54195
26399
49404
18624
43730
3280
32040
96019
43546
31229
35286
35186
98225
12719
73474
79370
52691
12934
68205
32538
54555
8878
81598
41156
12273
1020
84799
30825
67080
43902
74049
54425
97725
72456
84792
58662
49817
20271
20607
38480
70445
10008
14170
33081
47768
78415
45228
94437
93335
1555
69643
12823
78265
55085
86225
88923
27919
47713
76867
38509
54168
58127
94416
6591
71417
93939
18695
46814
17967
77290
57853
74111
86698
72923
73723
6935
12455
42391
94867
28941
52363
13461
93532
82020
12977
88284
43055
5254
18096
30489
60923
90081
37593
35530
98131
81121
24399
88978
8196
58581
11524
68214
48675
5442
44732
26155
37002
23991
85118
40115
90002
56229
23645
68370
72448
67182
44060
71735
45426
14992
28535
17954
40650
14972
1022
62434
6350
20314
9142
98845
43817
57471
75788
28015
31590
87847
53775
33711
51461
35329
89247
27283
10561
3960
72064
85424
11906
7112
73188
4427
98764
71062
56699
72722
61036
38675
18722
51533
94257
84421
69218
4036
7659
32656
72957
16034
34897
4322
11973
23399
43123
30404
29459
84586
29367
13305
83978
24618
6909
86445
67520
99386
32393
87791
77728
1477
89618
87591
67419
38004
80986
16716
59572
28494
66597
21806
14134
38634
61106
89349
82435
38112
42935
64412
97842
78582
77611
72533
14783
97479
62702
80608
88144
40011
91013
9475
20891
47569
46182
3150
39192
7093
99041
271
2858
41478
28917
1085
69974
39439
75230
35201
78420
3118
58250
73680
85082
45947
44608
34755
59810
30995
70910
77101
88871
26518
26447
30666
9236
55074
78208
10882
77002
34692
43841
90120
72769
54972
60837
80004
36742
88840
47400
41214
28536
30699
37374
82574
93363
41200
99794
24784
44485
62165
60277
41747
48509
81400
88741
52715
41479
57966
83984
53480
59827
16164
81783
61194
5164
25703
50385
35419
62855
72212
68600
72243
74634
75528
64712
54519
14676
37642
65338
96554
96764
92966
33032
2645
2123
94971
23707
92732
57556
9268
95704
24266
88796
32922
23925
61895
60332
654
97279
7973
1496
51885
47970
7095
45718
47890
62305
67943
6418
96814
39855
37646
16905
41739
87366
93346
28061
52678
56821
68037
30011
90427
16501
96877
96166
79046
90395
93562
44518
60275
78476
50230
8423
51301
110
28392
68609
40066
31954
35073
95410
56751
16589
3722
85269
68926
30979
36403
27039
62514
2623
40397
6964
16943
10809
71909
191
94613
14921
47850
25112
19630
56755
91227
90911
99807
13571
34878
65011
88368
25659
59191
24600
69808
37475
95431
21848
4706
29976
9254
42667
4469
87779
3804
14214
6055
96579
79131
78589
63787
3762
4915
79789
43958
65390
35719
11510
25485
17378
17783
70935
64217
90041
55753
55467
28626
93987
56558
89704
28366
890
52578
93348
91423
10977
2992
95671
55049
50795
22833
52780
48453
20862
59916
22097
57048
68392
94491
10094
35376
57292
2542
82111
40007
26727
56498
61481
66713
14980
9662
67857
11651
84698
30196
35180
53378
7024
284
7845
14917
21427
76951
47489
28915
44323
50436
54676
5914
27103
86848
13802
98354
33586
68528
8990
90368
97505
50766
46799
15271
33282
7045
43746
57907
23475
42934
83031
64365
88746
30732
97688
84547
61387
80522
96538
99859
37500
43729
74339
43039
93584
18761
32733
59327
5445
16916
41653
20841
10350
38650
43362
74222
29638
35649
21657
70095
18394
6426
23899
49278
69605
84287
13954
66800
44623
77687
29213
17651
72730
1178
46588
54285
71291
75115
14694
37060
33084
12614
49228
69907
40092
21634
44246
32440
44739
67837
25825
57271
51542
92855
21645
75878
10556
39738
71747
44286
78288
95860
88453
17567
1742
59345
63822
14635
64713
44601
50654
20671
57829
70548
36023
76807
86788
21962
99273
32668
34144
84918
25190
50618
88947
43800
42619
76272
30286
47603
2795
34435
94486
7180
60475
83317
88844
26800
79828
70490
47409
4746
72424
86227
18492
74157
12148
71165
20240
59208
93334
91914
17886
85599
13780
205
56179
57076
59837
103
6537
24014
25426
59159
45792
71344
97534
67902
82809
55741
34711
52190
31235
17232
62334
1084
64527
11548
68322
27094
46781
85859
19834
67871
98024
1271
65218
72249
19238
36308
11864
60750
47286
8142
33759
21395
84171
5080
65400
89952
88128
49496
81878
35820
93386
24532
35879
25926
86534
59251
40995
76476
35529
61051
74948
47037
91512
26458
10514
75917
48917
19377
8870
3444
52807
30755
40959
55493
26242
75234
53948
21621
6515
87870
56780
48036
38152
12077
89573
43460
96056
70094
82967
73284
75559
40809
98914
65929
10834
15519
14605
36431
811
98224
15322
51565
21856
58532
31490
99333
62786
67161
64915
80347
95003
88407
75277
92911
64768
78441
60889
81555
92539
68756
72037
78537
68805
54367
8675
80948
86838
26836
67649
31406
28823
71604
54299
49056
88376
77994
85389
83869
74406
36671
68611
51428
76013
73490
77883
28510
86280
52946
72444
27825
59254
84436
27886
75665
12505
38020
38057
86293
47560
42971
43773
82819
63109
856
37422
66368
38810
27111
44328
40323
32375
78384
76777
40433
66247
45675
36341
54207
57387
63741
36271
94768
4580
82708
53865
35400
23957
67440
44724
34161
88924
88625
83353
47550
43598
35701
34864
74586
36092
19784
68199
24868
37201
79324
89315
87797
13324
10322
6609
52834
48312
42068
56259
98771
65718
69527
33452
86032
6267
90978
97933
68895
73644
62829
74667
73637
2325
42891
92676
76122
11392
45048
32815
3934
50749
90853
72912
77998
44148
80591
82324
22877
61601
14304
37894
11812
55714
91691
28155
30511
73751
95356
66617
70677
81418
26932
12530
20826
27687
61150
48097
73533
5869
5686
11811
79635
96858
67174
50001
86496
30495
46933
12237
73558
74226
47711
31470
27582
95477
71829
83442
46724
92817
73132
98998
12032
43318
2146
46928
85037
94575
93217
93145
2503
10339
1717
86153
1418
7312
87557
57936
59581
47620
65501
98826
86119
80101
33396
32905
58546
11955
92542
14742
33848
27162
80385
67311
34395
24209
33211
56324
43491
37734
11183
33921
81822
45577
99310
90126
12224
49371
94904
61291
98393
44399
58766
57325
50875
84965
24515
88254
7833
54435
85338
26765
46904
51508
33577
37468
78846
84151
92744
34444
20408
98452
10629
16366
2494
9510
52172
22327
98949
18703
68897
49094
3107
48405
85873
82390
6788
1492
65503
4867
46775
39463
39099
70891
49799
99145
64259
29967
51540
54993
2200
65979
23490
67791
42309
26726
60513
66212
57245
92515
71329
98153
32347
73636
24303
27275
44857
25623
55446
53836
93739
57373
39341
88607
49212
4591
10384
34652
99784
9170
77951
45127
75134
15816
31783
40681
60123
19996
61745
2703
42074
8463
69560
59972
58440
68649
57173
32345
44549
97962
32691
3211
2842
33891
47710
54714
63099
2737
14481
91779
95505
13259
19103
6389
65969
6200
32978
34676
64553
21286
68533
85219
53853
87107
12689
50161
85699
23463
29072
89552
87414
48191
531
56850
9802
27902
35895
77542
84608
9839
51524
23673
3591
22001
56688
13728
78674
28014
20889
33901
19583
17391
19186
86149
42864
75668
76394
33937
81044
692
27841
56221
19763
3367
85697
52623
66948
841
283
59808
72855
99613
13919
10856
64333
14799
25846
28754
42230
179
93228
66249
54127
32161
75142
7955
13200
6243
17200
85486
97193
97105
58996
40398
50507
64373
14049
61548
60063
99646
42304
90418
63891
85256
6067
232
75066
16607
47748
35733
90263
8436
33993
60909
88224
34197
4851
33712
96028
35807
70396
56154
81470
80420
99138
69326
95081
89198
3838
87509
19614
56626
31274
26319
11044
71822
53985
47180
21740
94279
26393
48039
22439
87038
61107
69006
92967
5655
44976
9437
38100
38590
28396
95329
38101
20077
77110
18590
4534
30777
14010
4708
26332
18949
78031
4540
55711
68703
95419
25083
28714
93198
70020
93783
70623
46208
4763
43866
73986
22915
96680
35875
52223
22266
12014
19593
3652
18000
13013
79537
24955
96216
95771
44721
47323
88916
99874
39865
26731
84896
97754
54647
84277
12383
21291
9980
38545
92377
73334
753
21095
62502
95499
69077
1431
19487
3494
33597
50310
30684
73446
63326
88403
18775
81106
79077
58848
54927
2996
45996
32121
28177
9302
4404
2818
62108
90929
13714
46606
33127
52789
62767
68739
84677
24473
55357
74677
40224
73241
46622
22005
56716
56157
34949
8065
60235
26735
56429
16701
29733
63786
8122
12700
4434
17172
92666
92435
55691
69347
78994
40421
76056
35656
11137
5170
554
63582
20602
86710
53418
43956
32087
98793
37557
3457
17989
76138
54825
2040
17245
5213
55347
836
96154
56972
78613
12501
52617
88722
96597
70604
16032
71647
46261
10435
90900
16935
33861
18111
20357
80484
55604
1602
59583
37653
32313
243
27154
37241
88906
32804
72214
3868
81335
99263
94112
90396
94464
47166
36914
27734
4077
41392
96916
40461
59823
32003
4611
61451
44217
5042
11580
97224
30605
3306
482
97356
26831
12750
50173
54090
30673
15560
41841
58573
45391
89996
88919
65622
88677
21606
31681
33757
58786
75614
83137
18576
35157
3679
28160
29642
94492
9830
35216
44835
79159
64194
99747
80767
75187
89623
80329
50041
8413
66993
29136
61001
52225
18835
83046
42653
25238
91415
55481
61521
71072
51398
99182
95712
46046
31810
29528
92046
2113
41093
23093
64781
71623
70540
30473
27321
57956
5555
83182
55853
47374
35254
64044
62886
10894
80129
51811
66268
6202
91746
6616
13739
48186
49869
35074
58644
96070
46359
77211
38172
49062
28019
47477
43182
26430
97923
52043
18654
86110
67048
18981
22546
51745
21748
69512
69743
58045
60585
42520
21094
89406
93489
56363
19270
69309
75787
98517
5049
74815
83092
32833
17797
59792
28982
30512
10245
48238
6351
98331
52408
29488
65613
85043
51085
50420
75551
18321
16883
21273
1237
94652
49408
49870
30195
93393
14916
60455
49397
53846
29442
25231
46435
94384
96500
86600
26610
69973
75463
55225
54254
41584
94407
36250
97876
10980
84919
3257
2414
77217
2521
88713
85323
31116
49359
394
10509
66033
25549
94833
82597
41838
56225
71396
15311
96047
5718
18476
89563
60976
98798
45771
76732
94018
81629
15103
62547
78499
48679
20890
54719
86546
22811
58857
72279
91635
14382
57857
60101
9563
20327
35479
8155
53266
57830
64443
48275
10307
77300
57933
98384
64022
96392
4882
78405
75024
65651
69190
8728
41822
72556
53399
45638
61033
54620
33404
3730
27375
30665
82832
25708
86568
31313
65118
47408
95578
71420
34123
20753
22852
51014
91775
87493
24977
55193
15937
39062
34938
12605
37643
92388
65469
6987
20761
3030
62106
678
29838
92922
49415
94299
7898
47083
16798
73763
54491
97888
50667
4562
71742
47360
10087
69398
53658
9403
29799
64992
25063
65298
78614
45754
82666
10002
45928
1445
24313
73596
75679
45192
55253
11834
39893
92398
34339
74643
35100
99720
84144
87442
96463
72830
67989
74779
57513
51648
54509
68089
36253
34843
31101
53593
79198
44318
1415
33825
10857
35934
7129
47142
89843
44762
67113
84498
60770
62838
94594
62253
45827
53099
75785
39628
51865
26668
42643
45059
41032
84339
57843
97506
32599
63206
50714
10891
99484
55874
67386
20954
26771
17890
81868
3320
49941
77296
67770
18900
29458
87561
61755
7791
9018
37781
81628
714
31608
84996
68366
20078
43320
85474
9636
83177
48690
28081
94124
27224
88634
72149
83543
44730
13022
94439
49782
75892
72815
66061
78100
13341
62686
49633
89282
85073
87289
6838
87150
69510
38641
54469
66501
51858
20728
28657
75444
894
80163
22859
82544
66624
23567
19806
54827
80450
58139
4380
99438
1379
27182
37964
78761
3580
35436
55127
38344
34451
99745
57204
92977
59651
19722
76574
92588
71177
71507
13213
6498
17870
70589
6858
80617
79075
13352
4903
66266
6468
46968
73390
27932
99881
29069
53381
73905
80012
50107
52760
22541
81579
76098
12954
49674
50218
36421
75138
37969
77068
13735
9927
92182
92690
32340
35473
22193
90143
90642
55723
96100
2293
92116
57468
40965
49143
24918
31292
79541
85925
19002
44607
75792
23817
89691
64780
1558
32883
80018
10632
78324
16350
12287
30481
75760
65058
3596
68965
87331
63191
16189
16348
83630
8241
7975
25049
62340
22918
49420
70365
59308
89745
18098
37726
13877
86990
24115
58550
13048
87328
77819
54723
47249
77586
38902
60242
18516
90817
44710
68985
55522
60558
4074
97812
12728
64238
21368
54460
92363
11383
98330
80354
69460
59453
30351
28503
85756
44271
26603
74139
41175
95537
43065
80006
34159
69676
16458
53996
51126
562
77147
47716
53592
56263
67238
83715
85706
24189
57022
44164
69411
82602
96038
62894
23663
61875
92534
76572
49893
46198
91409
89967
47040
76824
84049
41287
29665
1857
95196
99506
96451
1764
79779
53668
42223
57153
1636
39676
10344
35727
30095
18222
89286
2819
14226
66944
55147
33466
58715
68342
44185
32496
85918
95902
6495
84475
90389
81286
21636
44978
57143
57632
79358
7924
74620
86956
53214
67494
32505
93169
30895
62980
45807
67353
44489
69467
17117
37664
60858
32399
94013
68714
91161
97046
97860
99401
81646
80278
16974
10263
93462
87907
40889
80805
87460
68394
5448
26019
60478
23844
53455
76813
24656
27298
11252
68004
12862
845
29687
33687
17506
22401
23072
42379
36193
40223
35012
50212
48040
77929
32803
94856
68774
45748
69790
98772
30736
76148
95118
88682
56799
34996
83253
96329
25104
77162
22110
30879
27367
21450
34415
88907
57959
26920
28274
51252
14261
50568
89415
41280
94730
82587
92583
157
16680
55749
18200
95314
65178
84305
83022
4204
68931
63860
74301
71876
2762
97552
25067
55646
77614
86509
7707
33592
58871
94979
89423
99663
58188
99394
95569
36124
64643
44533
11983
80463
83988
45131
67447
32993
84538
64990
87666
43509
59338
9863
2013
17895
26946
62979
39539
45386
43667
51677
45737
76829
82686
23782
86421
56975
28947
90301
61425
82617
33472
27081
47351
22853
60678
94759
81945
15385
18950
36145
49697
58727
29875
66927
20015
9296
25206
95702
75336
97283
37952
53833
5081
83318
55743
38054
12852
2449
17690
78060
79700
26260
2977
17318
67745
65536
71880
38173
92709
57684
7077
14364
24840
86934
41820
67549
5438
57216
38438
73528
44234
93731
71867
66170
97627
74934
11431
78666
65134
82985
52773
44004
14657
22714
51380
21695
34998
92416
58301
50746
68929
71358
49508
67775
32290
57244
71051
6256
34545
34804
32311
79781
65676
93938
66638
26531
10942
68073
52822
93357
86583
36177
54546
6720
60665
31599
56068
20874
89617
8233
62268
2261
45850
56940
67528
73126
71882
76402
21522
11409
71582
9708
57636
81229
2691
59512
55614
12493
94037
4223
60674
39052
71055
93328
32390
13141
61242
31606
54332
69955
78883
12249
79947
68380
32266
25639
18706
49306
99239
4629
10855
58872
6420
98214
53131
64666
62064
42449
98101
89641
15349
87323
95454
71175
60700
7830
87940
37353
50437
35858
39299
30553
86639
42998
99681
95929
26289
77830
9245
63967
30087
66230
62279
83217
76594
19350
47904
84525
81994
52217
30222
82267
10860
32361
16825
26969
58630
14168
10519
16240
88753
98183
87648
86573
26203
18370
68274
74824
39394
72071
74559
72266
69062
88067
25999
35603
67682
89080
13694
41069
17938
65515
58140
64237
3417
44129
83797
51481
86423
76325
98802
7324
62298
48320
91625
4246
66680
76520
67699
24348
4979
95509
10465
29260
49477
37622
62027
50894
78013
42293
45291
16139
19602
97987
88045
82177
61582
16228
64317
47442
5670
82696
64454
54063
54392
23084
80413
91344
27675
76825
85230
85553
53261
5468
67014
7168
50343
436
39576
37724
14186
73138
63495
74506
68413
51633
6135
70003
18244
70125
69198
32703
36854
66706
48583
29549
89379
13807
75330
94254
10032
9045
70453
48499
6932
86553
95287
25203
63679
37276
76408
72003
65803
76249
99913
97520
4201
42472
59709
89191
52194
3860
10733
51384
88503
19692
15766
38311
98319
9712
98432
93531
56976
35756
18397
6831
21744
1641
68820
42019
508
71759
37234
81054
11286
22211
577
37424
6552
56346
46467
84796
89409
43242
74096
82581
81998
16801
74440
1211
73965
70537
29677
21431
6896
6659
22596
44923
12795
99937
94337
28577
6685
74853
3238
8855
40574
85373
73497
83020
80901
48149
77442
10609
35695
6136
9675
79894
73485
90132
47294
9913
87229
50949
66674
5709
52293
3011
44882
47593
56517
5332
97421
60736
83557
78833
46186
41974
34460
37902
84823
50672
66139
84815
91253
13116
31718
82131
57502
88805
82102
57881
6989
94375
72190
16813
77395
49510
39103
35164
12106
38815
41894
69213
63638
22260
98456
20995
88822
17379
5179
81046
39976
97335
40635
39272
20939
66628
34682
80240
6590
75913
34394
23442
27651
42339
16516
12693
16673
27312
17720
85390
24671
45650
68159
44827
83061
79837
1842
44417
52831
82620
18823
24074
24235
27522
36726
53153
66826
75076
12923
61249
63397
29479
30079
80543
82765
51468
61514
14045
33402
86828
74129
61065
2917
57090
70100
64950
9600
99791
23469
6754
71569
50268
89797
68084
91992
59374
64423
24232
47852
99679
83909
59757
15923
96572
5398
5656
12927
28058
89397
33974
55247
79250
34126
18971
88957
57519
15017
59460
42589
67635
51689
13042
28337
49821
40921
31924
62690
24740
86663
14868
47941
80001
65219
40300
10274
60715
47092
66733
14636
45461
92138
90133
76792
47763
82530
87
93881
49029
74023
27178
48454
52143
3026
84182
58569
60457
76146
23501
57874
75355
43080
10721
97568
11597
29108
74967
34560
22106
79115
55040
19004
21696
40317
54391
41730
12326
20091
43435
79254
87810
35243
86152
51956
48419
96951
10234
33213
82715
36087
97804
83809
95952
81056
56121
92779
6542
59466
91789
48728
31916
7234
34176
81396
99831
85675
22687
28726
89097
17122
85032
59970
61071
25133
44776
58853
48041
57880
99730
8601
652
64085
39298
84721
85059
11874
14994
60924
29630
10226
70187
63489
73342
52138
59296
85679
29062
41011
17936
86223
38570
7763
6172
24333
82513
11521
66089
50476
66120
71847
59268
51001
9755
80654
91716
92825
4605
35608
43108
51158
77885
51496
81403
81236
14871
62929
44959
19860
96787
96344
56576
38496
55677
38222
57362
94164
61666
74338
40830
27519
9537
76890
68332
9982
88914
53774
3164
61970
12420
7683
45539
36423
81451
75816
83585
96902
58149
81037
74348
8775
30093
15965
26719
27469
6033
44814
34703
8791
46797
42334
20268
27319
14822
74978
77969
98948
42556
67503
92040
36595
47062
99642
15255
48885
14079
28141
62796
62791
48517
12915
54409
37414
25062
53481
8383
26681
61852
46442
14964
52133
16431
60590
51344
34814
71785
45634
34881
41648
42883
15075
75314
46234
39376
37575
25330
2361
43970
35537
19699
37238
93871
20053
77208
47011
98656
67556
6155
74204
81028
81221
55921
76315
63765
36528
17784
73696
21233
7809
61722
25950
95239
33082
61646
19099
66848
68539
88004
9305
64392
17786
83355
23363
89314
99902
66949
4286
31239
11853
25971
30636
92066
44190
78704
11128
60745
68951
22818
2929
87824
3347
53154
57225
62088
50141
12733
31370
40698
33688
23789
53915
7397
55162
19917
59491
50902
27531
63824
33607
1718
99867
24254
53815
4120
61237
53851
97901
38707
51568
4465
26409
47764
30374
62851
25412
10220
2484
14030
84555
31816
68044
279
22923
70559
91612
4352
99685
83376
80277
37195
63035
88202
51264
29073
1720
65978
58822
87930
64909
7921
63432
8642
78057
92487
24581
95782
82781
66363
84133
7041
27930
49147
83322
37889
24548
39212
17921
17449
52746
75626
3909
46146
77379
67936
75374
43562
15207
73617
11847
46249
68871
95497
79516
22996
65384
49191
46907
84186
16156
76469
12166
32869
81721
63183
67895
37052
29895
52024
98724
26860
40653
20068
84108
512
19669
90545
83758
792
17343
56126
70201
34509
42776
57577
37124
81876
7139
84526
9031
92000
98669
73640
86284
53622
81186
97758
87544
83766
57596
95899
18629
90282
43700
83841
22157
33873
84530
70134
52643
7430
98090
8688
49124
15903
29835
32413
71790
19942
80153
47884
68083
75483
61541
19642
23174
37320
25055
48269
87003
25773
68403
94300
66943
20196
81952
86668
6800
38500
29788
76017
36952
90809
84148
97280
58909
46483
89574
27268
16207
46507
51432
97722
26795
3083
6706
24454
34239
71581
38120
27910
94552
59774
34099
75945
86889
78442
42039
1413
77170
77584
75776
17584
60431
76966
9745
56548
28842
85009
81866
30397
3583
14263
25335
74760
66337
2236
73320
93175
69717
23077
92180
61345
92172
34608
70801
17207
13192
85226
58571
54612
43974
20071
73187
13538
48245
98264
9957
45662
94338
18612
75664
13779
91378
71373
45810
26221
58420
69101
84990
96802
26961
10352
79123
57015
9407
45100
1750
62230
71736
56678
24322
73130
77412
9319
79686
65591
59029
76589
51779
61893
7588
54865
24991
83086
49873
12043
83498
26192
91909
14223
64894
62908
46876
44095
82529
79428
78718
26774
27461
43350
33726
6000
2835
70412
27322
46615
96165
37387
63633
21885
99456
61187
39214
5482
95091
23045
40987
86703
73797
26292
7238
5970
76142
48052
14123
52387
15481
17653
4103
35475
98175
1014
79884
17303
9135
79601
43735
40581
39990
27429
76993
96076
77564
74359
12369
7634
99721
28234
79747
67095
7535
58293
11664
51161
86031
4967
79291
82151
77216
62705
79251
24196
18784
32600
51199
80757
70165
48601
45956
80344
53279
22407
1599
63832
61460
35037
77423
86705
57626
82855
35429
40924
28390
42210
35610
12881
87326
95057
29521
58316
14414
87531
98968
26341
63180
49565
55866
66382
80315
70378
10205
80093
12047
35194
77627
65224
71770
36325
84088
711
1716
77568
61883
29323
17187
6201
15356
68132
78570
73164
69016
25624
68784
8458
38994
72909
92945
31197
10163
28784
86736
67125
79795
65711
9920
12453
77556
94230
72254
5354
16559
72663
97241
55346
39339
35567
95240
63472
44883
11709
83653
35175
54361
22595
25163
77471
35595
57505
31280
5956
40043
11505
80418
34803
40238
49547
56424
4488
1111
42961
37592
88162
66497
92309
83202
57951
30789
20515
12579
80671
34272
23404
9574
36254
70648
56923
93738
89739
73346
95399
74032
8087
5336
2483
54043
95498
27378
44701
80400
87185
98486
80900
46129
34081
54140
97886
31248
64098
11021
64906
41160
35014
66536
80878
53888
96339
29847
8609
82595
59480
87371
92699
56589
70828
46980
28115
15332
68354
63372
79588
96523
32666
91766
94188
31705
44180
65811
89040
61126
65350
54242
75117
34466
72264
14867
25140
80944
15189
87112
29581
24072
25854
61353
36261
45746
59370
82863
5353
15804
5326
94668
65299
88348
66933
60385
74745
22095
67961
67620
88641
13791
64474
79667
81097
88612
19968
94772
19801
3111
39096
17128
99837
19900
25228
16270
93279
6105
47136
31393
34503
80302
45130
4273
96798
12591
96121
86234
56899
76352
52251
30166
27602
28677
71556
40537
21702
48022
51002
25927
81759
66553
49685
18032
15441
83594
49780
59746
57849
94982
39277
52070
18559
84007
54006
30589
59658
48217
4255
88848
14681
52109
26812
41537
90574
44896
56372
41426
44903
47216
16485
58845
92652
75216
98722
84611
76200
58175
23840
44268
40627
57255
23701
88890
53263
1446
48880
69570
46557
60643
36375
40560
16653
54088
58576
6364
25171
78161
46522
47229
94452
57906
13445
58566
33289
61063
53061
62250
57289
19512
20822
45194
61579
42617
77354
20812
97982
12232
32284
77833
90176
28660
42244
49946
37312
51923
57431
20789
39612
79247
74856
56636
29603
99664
8991
79632
32631
57392
35963
18965
2796
23672
59758
1398
27960
77774
99167
70720
17235
53568
50316
79730
96068
70391
4209
43750
60916
61940
57078
85965
43978
34110
69375
80180
13299
12096
1694
62020
30313
48533
40162
14219
77844
10799
79142
7626
99254
77124
18014
64031
56797
12311
79986
25859
9261
66707
99764
8485
89272
93666
64796
2017
15274
76627
36299
50641
58861
12304
2286
22396
82712
56022
3830
82882
62301
17935
14624
49395
96809
38019
45467
25289
12992
17999
84347
21756
16799
51425
61730
8906
71558
99466
53290
57940
19077
90715
97361
17859
59300
77867
17376
79619
52126
96057
68346
506
8939
43046
95317
37671
50470
56402
1140
18146
2729
87160
24054
71895
48111
4497
7839
9926
98245
86144
59756
10208
78888
7591
3412
95614
82389
63696
27441
31740
47026
66754
74944
52613
77697
23541
83493
60115
45407
59755
50917
52933
63083
1642
59845
51905
96112
56152
5791
63065
82049
88960
55249
68592
95930
61316
51893
94406
84654
20249
8240
72892
71591
38486
4028
39292
96204
9144
92052
35287
91065
71921
6876
34390
24830
40120
95364
10548
27920
81497
16730
45384
32108
86199
48842
90827
74841
28218
47607
44155
84364
17025
6878
11081
85403
25476
95185
48793
70329
90363
5239
54268
60188
79960
58358
15539
83785
95903
70999
631
10270
78905
85655
79426
62430
43297
42546
27314
7775
98321
75521
41913
62498
9066
69606
75403
3133
601
65583
92303
70441
46165
45421
87228
29385
37539
70345
41267
87349
23179
75136
86075
59706
98295
81765
95443
22031
93888
88402
74071
43394
32904
58554
73725
28034
76238
93380
55234
89462
79783
67194
94227
73896
97124
76136
55997
26889
12607
31808
77410
95059
39206
28226
88347
85623
8941
67103
57801
72457
57988
12907
9230
86398
49044
56990
61432
77481
76603
41758
7174
8306
52347
71409
2673
38896
42572
97170
27092
53233
94495
56649
93552
6474
5714
62131
84366
99159
59230
27330
48812
53926
58313
2537
50039
18566
37308
77587
81112
11700
75315
49137
20520
12136
66011
52932
23126
59761
90706
70851
19390
38653
128
37995
80947
47402
54818
34924
66077
15051
41481
31554
97471
53829
46568
60363
81689
87724
31966
66339
388
68716
35418
14587
18471
28814
70576
25688
13006
44230
97483
79712
75368
98433
68502
65708
91388
98195
57862
53704
4762
87329
59406
69577
31882
57755
17223
431
29161
96215
78682
66026
86484
94231
3174
42804
61226
75060
85067
93338
24127
78228
98715
67002
51767
87956
13653
11144
88688
7438
8661
82417
96820
53614
99821
90935
1777
74074
80506
48610
79229
11544
41434
31261
99322
13112
65052
79890
34324
55137
12250
47529
30795
32044
35210
48077
15747
31414
13798
32196
81775
92761
76896
56754
86169
29235
89673
17713
59715
71210
84543
58269
55389
14188
63573
18578
3748
52818
35731
47695
63054
65699
19964
86349
69249
342
61219
59272
76186
8012
37660
43623
68146
42526
8994
94090
23143
53453
4081
9981
53857
31674
77103
9818
35069
43033
83234
44147
68316
11804
34283
57097
17142
70873
76808
7702
93657
20869
55144
23764
13322
94926
23539
71640
66980
21641
75952
90820
18928
84542
73070
26362
12710
83718
12078
45315
55175
25515
29364
92737
54339
76124
86669
9138
19953
56442
19146
72735
52931
46988
20665
16129
50474
69682
80082
44104
51111
15866
53590
34661
95896
74744
13316
18156
80582
21454
43722
7176
50087
1365
98873
23550
43736
53171
35013
66741
82178
34066
29223
36470
26584
98842
29505
52712
51226
36850
56380
85142
80299
88366
6530
82875
56446
30836
83881
8462
76008
37498
49798
79542
87468
80296
69434
18901
94061
46358
38090
40753
43676
40028
84950
29084
26539
94181
38021
57914
16481
32351
64557
77847
13818
18126
22045
68999
2420
83572
49272
44913
99361
47682
99155
75457
82452
52775
39814
27985
41732
42765
51910
23762
64063
43003
70142
45325
6343
91241
52546
69714
11733
62376
68327
90824
78469
38596
17608
12137
95913
55963
68878
50864
83999
70046
28761
26324
64531
61223
73076
58037
21844
82577
99588
14067
51651
11952
27223
177
75165
14816
20994
11362
56440
52917
18258
51606
94533
14245
55141
71296
9850
65435
46514
159
53148
68481
31998
22368
10806
45989
79264
72983
41581
37193
76461
91022
9637
84944
1227
89390
68658
5812
36198
57661
4411
63071
52992
42325
42186
45927
25668
42706
39154
99463
46316
3946
92875
69188
75770
22171
62650
43808
73047
64342
62604
84396
99231
62003
25953
67651
34074
31957
66187
76718
99908
75265
23848
20388
874
16153
20383
50203
69202
4532
26653
59262
86310
24643
24645
62879
83966
77902
53487
27291
28118
89755
39986
74091
76648
30587
92969
9700
14048
87053
13789
18944
59624
60400
7664
14632
29311
19088
62411
17348
78885
83807
68677
3772
57305
65177
19061
90650
88586
31506
73861
91588
78158
89644
60349
7681
41275
21672
44996
93012
12831
29222
36248
78872
23452
71824
55150
96174
22788
82644
20623
33437
23947
84947
24417
25263
26350
51221
15788
42562
80752
53716
37529
92216
4929
1735
39136
5819
61879
53429
93652
45631
24242
25724
40308
31299
55382
94195
45057
60635
70684
76839
70431
88669
21053
47645
75181
16569
33099
7145
11857
62616
10374
32303
78021
3723
90343
51368
45844
75208
83380
85385
30412
68872
56692
30622
63827
15042
44256
40622
97473
53845
91045
19125
41238
55641
3609
8319
95875
19413
10
97732
93160
35246
52362
63110
16639
95306
11509
54170
1573
82723
59104
48836
95922
93591
88784
99975
69437
25282
29746
22593
56609
29195
17966
54157
62965
99441
40913
43365
3733
75492
67199
8200
5600
21147
26902
10641
66766
25450
83827
95561
67579
4941
10201
37470
72453
74846
10203
27175
69990
11987
63878
65913
57873
76800
76434
35464
86447
88954
79225
87618
42605
36567
94661
11355
20622
24171
92224
32403
4389
93837
7418
56984
40082
69012
3853
23260
57987
95268
5754
4926
43021
16646
19646
6244
38008
62441
76143
43294
96639
8658
34249
21387
66465
15541
96412
16335
98511
79758
69639
83769
92636
16614
81301
2625
4660
15494
95184
6756
24077
60269
13231
98211
18951
3953
46301
9286
47171
34887
79691
28082
82322
50123
9456
164
30439
30524
69298
9588
46206
41936
49019
12945
85759
7746
31363
1221
60327
25465
34233
97707
54773
94814
57108
2846
76373
9394
52176
65734
37487
92628
37170
60825
51311
26159
1156
29827
81972
34673
54390
37672
84686
70784
11520
1690
65758
18010
53623
82334
15508
55192
953
72812
29419
50393
85906
9626
46885
25886
58263
64904
86561
70172
76910
68622
93655
9438
16696
52730
60366
57186
47422
70606
9848
80790
58545
88414
61559
12906
61933
55201
87427
89936
93447
73882
37906
67807
93111
35772
5050
76424
43011
25650
89593
81859
2405
85297
50443
56637
57872
61048
60022
55059
94136
66188
40803
12509
29179
48748
44634
26217
94086
37598
93085
19124
99360
64541
89184
22845
38447
30797
29348
78760
38715
68891
56838
66353
1892
33203
18868
30469
24007
64761
91830
8313
1805
8889
6141
77643
33503
40743
42609
437
4215
31157
12195
60859
69321
84487
79487
29519
79323
90467
62141
42600
66360
4723
35646
60472
81803
55573
8457
90251
77793
35048
65445
71710
93344
85016
48488
57379
75558
97310
54129
36896
6126
9999
52079
23821
21020
30107
55906
55611
87487
77928
40864
18255
25995
84680
32798
68229
91819
31036
31206
45709
67786
82992
68140
72686
11433
52955
67737
98674
68787
45063
91088
53901
45751
34448
28380
83802
15578
30253
16549
89239
26501
23536
32449
96973
47326
79716
30143
69148
93883
39295
22684
77753
94040
23548
58321
29818
75891
54967
64118
57377
50498
25855
18979
26554
16640
93313
25422
98364
53059
26081
99284
37861
41170
17202
12729
14969
64832
58347
51985
30043
24161
41690
22400
88274
83154
45642
52493
84877
50211
28570
80788
5013
95521
10795
82834
59245
95129
6208
14307
27861
29868
96333
59577
73750
26843
81799
45705
72419
74629
75364
61120
72430
7192
65300
30845
74061
88695
27496
87979
9762
86728
26361
67910
75835
84834
97597
11532
10379
56710
6757
30455
28
2477
25196
95905
21765
45121
52149
1426
25475
33053
31611
81505
2354
93647
31895
20119
16360
78720
22771
49895
76523
80039
41640
14404
96085
3542
88985
97030
73127
57565
43112
78782
39051
96823
50930
37556
47759
47253
66082
21076
54757
88515
54494
65689
25384
55855
59701
98165
40623
22469
35261
8837
81953
50373
6894
66291
68324
25648
3437
25628
79211
52739
37329
55301
41278
30822
73738
13813
97833
94084
57611
41102
94152
84211
35337
13667
78724
59856
11023
73450
83530
82162
92134
59736
37990
60587
92146
51498
87897
47891
74084
2629
7747
59767
2439
99327
14556
15167
64269
43201
33232
46185
58757
71515
27693
34592
99224
24811
22576
12473
41795
76865
8584
87170
16694
40227
84118
5887
53483
56725
82918
67356
72932
81653
39158
65870
95958
74309
60069
91111
16210
50889
33507
88191
51748
71918
77925
22278
62133
83440
16229
92939
67996
53106
92026
96357
66195
68337
578
9608
9889
90136
39071
3871
44618
64328
1935
5995
99936
65397
48662
79380
14039
87340
20084
99617
60321
79181
84785
32118
72021
11870
16046
93498
53585
79854
82089
957
44503
38187
6440
40420
13656
44183
10619
92854
74951
86505
88287
5147
77361
79646
7720
24650
12484
45000
9160
70019
32511
87481
80030
68411
61912
23852
91561
55857
88325
78845
39482
42785
38007
45066
43620
71379
72632
27273
32425
87113
4758
55638
68436
7479
33283
73028
94682
20835
28955
85484
64092
64722
14892
40121
65627
85337
77924
52762
53534
73461
27229
67939
67940
9845
58685
62096
92367
46184
66870
12005
93859
99032
41259
8098
86200
94754
15486
2712
29602
85294
57240
86452
48911
70106
45654
27711
88068
12324
15358
9172
47077
67129
2117
90119
87358
44583
83230
10701
13132
26862
83082
59661
14060
15128
82525
31963
84260
94113
30716
934
12169
411
53661
9652
27030
87093
50688
19570
55474
45777
14173
57977
9220
5144
5107
58588
53287
43062
42984
10880
64287
46626
43959
50340
53564
89001
8812
71848
47020
20982
13280
4674
92300
44661
20171
75304
94070
36418
80761
61449
50857
97839
54353
2836
29319
3004
78402
14948
90756
34331
40772
45114
68637
71554
59183
36438
17279
52711
2223
24754
65628
10567
47518
638
35390
4823
52370
96088
34725
97296
26784
49982
71293
64119
93486
89613
73214
88926
58998
12495
45065
10584
716
31326
83168
32637
66871
99301
98939
91750
75682
49558
95572
54029
86371
2480
4677
46946
21243
73388
70418
20724
55795
86843
93318
57337
63011
12865
33321
66079
88710
68263
71252
56615
15242
49354
15079
60240
65854
33491
77358
1075
34479
34219
99253
56904
2562
17510
62828
9052
72018
76976
12818
816
22655
19141
52890
12520
18165
35728
78083
34086
45582
57162
9040
16039
25796
68118
41197
22492
20734
64139
82783
2378
64396
1821
77435
77055
92793
61371
64351
8472
2008
71709
72671
82701
15199
74393
22427
32635
14128
67351
92473
72795
79773
83554
42831
33486
43887
89530
2262
19592
13057
52614
59859
54556
91649
47886
24831
81190
30952
46737
22042
86047
14731
71307
65766
33780
30767
7847
19636
41116
39393
39955
41701
50429
38944
77652
67330
34357
52119
82062
8829
20660
77112
3585
42517
48514
72331
76040
11694
56536
23230
77171
43293
18121
24290
70661
90199
13430
89772
1293
39002
17785
39148
94305
93260
32845
65728
15834
28433
13583
51537
10025
3852
69994
33447
24215
16421
2063
61435
71548
63757
82791
58256
63162
39934
38011
65009
94777
88513
85376
68106
79963
62682
51805
63740
96606
43423
468
1658
47921
25445
16555
97439
19870
20492
31238
69551
28716
23391
68000
27951
9743
38767
56528
34034
53439
17217
44572
21031
97166
56859
41167
45846
47756
48369
86001
41741
40133
97805
69005
62409
14356
71831
33600
78643
32137
45608
88431
82777
62870
77177
38595
99444
56148
35297
38487
19052
89178
67128
82198
28939
78940
3356
51364
65030
65796
41780
53461
19655
19561
5316
80414
43985
27829
67757
13577
79617
48297
99102
70517
69175
15674
7992
98974
49067
85268
59312
28465
27890
29808
37133
71085
19872
74013
43772
17178
61174
24772
33722
62067
46524
53881
30805
57199
25480
20876
93382
60379
79507
31541
84765
85394
63877
24469
28473
4888
76499
94618
72636
58631
97498
76969
33442
32014
40319
47247
89209
33346
70612
44413
6713
6335
13315
9145
68143
8527
56568
75100
40747
25050
19206
10260
26674
37379
75302
87244
98121
46577
29927
2389
68379
54802
65488
35623
81977
88833
88647
50224
13704
6460
52797
49250
9258
223
31068
63171
93132
2328
69661
87278
78311
21879
9584
64204
42710
93521
21934
30648
81703
27992
93247
85475
78438
48979
50062
1041
18848
77650
88664
15912
21631
57796
50048
48772
63221
94131
12068
22086
520
82260
24812
4846
99918
98585
6199
35431
24437
15500
72274
56101
9583
25471
36389
72586
14634
38135
65789
45937
55461
58652
50176
70189
53880
50472
89005
30508
90802
18993
95605
87407
56287
3360
37495
78449
42673
47784
97417
4924
19008
14854
72319
53559
17334
54380
17372
2256
85578
37175
17035
43880
59854
77983
63142
74165
11919
28237
87565
9164
28175
4743
70942
4486
81573
71267
39269
88110
91795
26852
59088
70383
30430
13985
282
41461
71781
93776
46995
16942
41387
44944
85615
71108
27173
35622
57024
21735
71255
45086
62246
71447
30815
10685
57464
75393
95579
5846
13110
37620
98915
68910
35251
81435
49368
76754
48963
16747
90803
92698
65049
91175
93461
22034
51491
40386
7766
77635
12373
72006
76493
69172
16709
82912
6807
53923
11267
27179
50609
73525
88319
26408
23711
74709
78763
5165
84420
476
55117
57104
19364
76932
62874
35130
98449
44593
80173
44815
92736
53218
71012
57263
7717
54177
6378
79544
56985
97165
87012
53680
89860
29324
53449
19576
16134
84223
89035
89621
83954
36908
92297
22885
58192
43121
94800
58664
18185
97174
47542
54271
11051
76384
72936
89384
61386
87221
98681
18195
72813
27509
55408
50171
36975
47472
20464
71303
75896
71919
24629
17828
27446
34289
95843
63571
43015
1623
73540
63140
89920
21864
85981
17676
33972
54679
67575
91006
70542
31128
8523
30064
43586
16211
10336
39598
73737
57844
72276
89867
30749
81968
6001
58043
94517
1733
61235
29061
27927
27889
41631
52322
86683
2253
71454
63004
89688
31187
58796
46640
90869
70342
88010
23256
61899
54442
64572
61782
54618
92570
24116
68052
23761
67888
11886
18546
29162
33080
23757
3667
11029
36969
87324
29165
98322
73820
79390
44241
51757
27194
2158
34205
59865
77799
76265
99220
62513
81340
89769
92317
2144
13860
58603
63731
95280
6866
29428
53710
9866
1533
23025
6328
33784
28747
12429
37084
40497
70276
1335
65654
2983
53753
88790
90705
73871
12684
95767
36702
4150
4174
19826
78243
84678
88070
3002
47319
10983
43879
38032
2969
5994
5796
68914
59036
63867
73090
99744
5463
12526
53911
89186
96901
89104
47961
12982
23828
39365
76967
86969
82672
36715
44044
21161
30873
89342
96863
15054
5012
79807
58222
82503
71113
79653
27152
16102
96316
70245
66590
29289
11302
12572
20442
4407
19970
49364
75391
90033
36004
90017
80544
30216
52355
87926
68508
58530
81992
45743
33686
69901
18923
49453
79647
28512
75417
72666
2578
91446
86645
4516
47661
79862
44005
83624
40859
18522
11353
30971
21595
27076
31425
65646
75196
43058
35518
36701
69928
97244
54408
73024
58237
55685
54175
5053
85111
21165
18789
32277
68541
17118
17298
28333
77535
95776
80426
78722
24628
35513
49109
76093
37616
18974
95538
43342
34543
42963
7655
91974
98908
2644
12531
50768
25862
83299
84816
85693
50303
67184
61447
99005
82243
68018
99565
60148
75620
78122
38050
79368
39688
57453
93834
6071
3732
34291
8710
56226
96880
81568
1737
89709
53547
33353
30307
96359
57417
38688
70902
24708
35679
95785
18422
94402
54240
28504
25481
37128
39069
5372
26211
52916
79202
54731
12714
44535
61340
66018
74519
62982
20200
63216
11726
19704
78151
82499
30909
25602
13187
57839
81609
23295
57442
26161
57633
73571
99612
38034
95507
92486
30863
35983
77589
84019
64464
7117
10974
31649
61585
2747
75799
14448
28651
66652
13391
5416
64505
15200
10366
83723
76530
89495
80734
34044
24508
18696
5485
93835
48305
920
99683
45008
66416
52383
42065
51869
1105
44192
23254
86751
62277
4117
330
84219
31626
25536
27596
29545
30974
69020
48161
60564
30317
18386
58682
5075
65334
73565
88095
2882
18506
62722
33212
70871
66682
88044
20303
33410
51100
71006
1635
97453
88205
81912
68620
91884
13766
3791
6072
79279
82955
91176
5911
45502
33572
78519
58077
78332
53705
64267
19601
23690
76763
83958
4714
21831
97522
32525
42376
78173
21510
72094
75855
70257
79453
53720
40760
10914
92326
1251
69187
11876
88992
64024
80766
90987
16661
50916
77007
4442
82105
62368
71598
89258
93195
56339
8898
56410
49442
52378
47072
57399
18581
8160
35793
3812
80770
37748
1158
19086
50674
11461
69703
22415
90669
67873
29891
93218
64616
45734
10137
43232
99282
52867
31869
60335
50805
65879
92402
52517
83403
13773
73650
22820
41670
90779
46550
25280
54096
41872
38358
79032
24914
4062
10902
71435
28249
81040
53994
27435
84778
53322
99757
90406
48705
85284
87799
60105
54421
26958
23540
39871
97653
30337
17858
24432
35288
52937
72864
53738
71869
35966
45842
74918
38476
91080
32940
58085
54768
49460
9844
11222
53473
99820
33513
82033
70907
78159
55379
21937
63603
51847
82543
3001
74464
73041
89693
16301
40275
8776
55576
42442
4858
66779
91137
78358
4258
68141
85692
22951
13439
56085
16619
79928
88135
90285
27014
46738
97808
47617
80884
79522
27069
73736
26224
42648
33316
27307
39377
40750
40780
32394
24552
57328
57210
49457
539
9812
48618
52344
5048
3040
39477
7502
64686
72964
63086
91950
67009
74702
48780
80942
3399
41253
35651
75499
44384
69216
17737
59399
32260
71033
49878
58398
1145
29531
46028
84275
14559
51410
43035
92039
81324
8309
97741
85471
68608
65898
75640
39616
8520
98833
41562
72866
21793
42446
66413
47578
23573
19483
51938
14450
60041
86482
17515
53486
99464
286
92478
50579
82999
42714
78169
99189
2808
90899
84732
78246
25584
48004
66535
61013
44173
75510
94855
52019
2945
73885
34047
45920
90861
45770
20482
18161
26327
74340
92731
44070
54964
27462
2150
43982
16253
38694
41772
81548
93261
97864
97350
48756
34743
73744
9826
74015
5589
31361
27508
99288
96775
93444
95204
43018
32894
24022
46828
39043
88809
80005
53732
62611
33589
52515
56574
29969
7290
68225
74926
38086
4291
65496
71625
5968
8771
52157
69072
25940
87101
14301
98611
65633
68130
76918
39314
89483
65626
20666
49045
21155
64661
81049
17614
70407
57760
24114
37360
84805
94782
23044
26456
12440
95495
27569
9241
7925
39538
14238
22519
38681
32726
39518
53478
31255
84190
72008
83040
55549
50484
43788
23165
16108
76949
80293
77001
13839
37527
92928
12465
66923
45905
69432
95294
80380
98697
84441
28981
91099
66876
69381
74209
14844
68720
31305
28684
58013
74977
16741
93256
53894
45054
99865
29680
36201
71064
46815
86541
11145
66885
23922
92849
64602
98942
58828
62733
12538
76714
41096
36153
12840
78991
61765
21562
19112
21230
76479
61264
1381
80037
35285
305
80765
50696
95481
20211
18434
29936
70212
50771
83597
9137
3737
16889
67628
90923
12557
59488
8593
76607
94303
77133
40285
86404
29074
73550
91019
60156
54459
88945
84227
88961
60905
59118
52278
51350
45702
3045
92156
24626
58755
13970
22160
74174
67718
502
50148
15537
80221
33985
26752
37946
63154
29476
8590
15750
13855
19845
7689
91105
9345
96348
87343
58267
31550
85618
57824
72700
42011
54212
19431
88872
89230
66920
65769
29125
68698
68730
9147
41937
97258
10259
28435
64971
52764
20144
72591
7854
49216
35985
32976
74052
868
71476
24109
58995
50301
33719
71349
6450
39929
40476
22018
10000
36721
85708
71162
16220
31691
47796
94494
72196
11924
8308
66340
24306
53566
45120
36524
85745
77416
33529
57160
74308
71904
33654
95726
6548
85327
20287
57729
84714
22345
39593
42923
11967
95853
22486
83783
28282
58026
65858
41379
27547
73336
13529
35500
70922
88246
61378
77875
63569
15761
72124
25601
37629
28068
23686
78033
86813
17103
57855
78105
35667
89131
61102
37011
17915
83386
13251
46106
64498
20599
95835
48468
87018
97693
44480
99778
85172
65564
36499
40633
91235
76203
40379
5550
35117
61569
84663
95523
61032
21550
99742
24009
75624
7558
17648
15234
58327
57140
31754
44444
82144
12660
74763
33994
99232
98459
19980
12570
40619
2243
86420
16252
68602
32109
37842
68241
21442
66447
40614
88977
4748
57500
68475
19474
36839
95790
44176
69095
36807
97158
41613
21077
36031
46508
10917
27972
6619
96712
5420
17470
92808
20527
19851
36312
40590
38241
51286
56834
974
52641
71745
33767
71130
53150
3621
15129
26072
5786
84932
30611
83759
81980
78554
82467
54262
82991
64444
76881
65063
25814
17294
92340
19937
69225
5923
99722
41127
4954
69719
40851
13195
63737
64235
97149
78560
92621
27853
16510
64360
1424
58428
87291
12088
19107
68111
10549
9350
90441
46389
67674
42326
78736
46035
86595
11138
30912
80940
68644
28271
72646
72389
44154
6739
93123
10289
90031
17500
86570
89113
79612
41063
86431
6897
5766
22812
9810
62497
43324
72933
4268
84520
31866
59862
86500
33136
88656
1806
15435
40657
71603
58285
5631
57131
7447
25460
96223
80592
41459
81847
19568
97784
69183
33646
7615
86877
23008
91435
95918
61965
19941
52338
20483
23028
80198
62818
71638
93051
43472
45757
23354
47649
74516
5167
24791
10557
68128
73387
17387
9674
1619
96611
74229
12062
42779
25473
72955
50455
6798
70933
26095
71687
70294
10949
65152
59107
42258
40022
42189
58983
57163
11046
97584
72907
77152
95141
62468
23513
85886
95107
43917
5671
74836
37924
94281
55890
12513
89439
85502
72894
42289
15726
32026
37991
29669
75114
93656
30655
99050
24820
77752
35573
53358
5317
53462
25357
53595
40105
21412
13863
17218
12247
69758
12398
96050
84093
77175
52406
38862
6242
50508
89332
46986
61724
11570
7399
79504
97825
22013
52084
59999
27091
79801
13826
72684
70704
63548
7198
84069
44997
58587
85216
84453
17316
64508
52876
87966
4037
90094
94234
33009
29413
73919
16573
94198
99166
23800
81257
68270
43369
55572
88521
84398
78437
70395
31462
76348
24176
98357
18802
36661
10544
61737
86968
37910
5226
523
13134
74759
93929
99533
11133
97386
5223
99374
8070
68832
60264
55945
60935
98428
98895
93236
31055
8614
90258
92015
53576
95235
65602
54458
28902
69408
85956
13265
73891
67479
99143
20363
66232
2285
55480
11026
59820
79290
96288
42620
92707
25885
25780
8219
86602
18050
94143
82867
52852
10281
59855
43001
88512
17507
17344
96770
82060
89227
4104
71045
56911
88382
8928
82796
99105
75536
59541
90823
39543
98963
47384
95101
90572
49641
6861
6856
97794
87158
50686
34761
93433
83010
84126
95695
38915
63386
18024
18558
51936
76690
6204
61764
72605
35998
67801
88873
40375
55606
52997
96027
42455
45333
5379
54039
21561
73114
48422
52367
63378
53313
4809
31529
85397
94987
2941
46309
8476
89382
20247
62491
84463
85912
94192
20088
9493
22967
38402
66176
39632
93525
27026
90915
39775
29362
29957
9938
98537
65724
6976
37109
29177
15191
79661
25619
34251
540
12306
35143
16439
13169
39533
59066
86832
54810
71035
46404
16327
1640
72891
67587
8360
2874
35347
66459
55624
25032
32365
35691
80729
29520
88858
11806
66073
46806
73464
60210
36482
66648
75584
81397
84467
98653
57999
53748
50621
30924
20026
76549
17176
91292
70994
66531
95155
26853
23864
38433
71395
22355
29513
76484
8493
84964
73151
92962
90997
4631
33381
42135
64612
75080
1029
78011
57159
2655
89340
53239
10749
91882
9432
61732
90959
12779
48696
19809
35591
25911
25674
18481
89807
16317
70832
39283
39215
7173
4518
55727
77306
884
57780
90857
62315
9265
59386
80261
38260
19181
14133
88218
68461
87125
17151
12013
79966
90549
6077
57147
74532
40646
22259
70266
21998
18271
87375
86061
86078
31677
50695
76991
65497
64442
51848
88
45993
52489
70320
78439
73980
25556
39291
21457
79579
56295
30370
77079
85869
78167
68496
66246
79430
71712
72896
11789
12586
93080
98388
50723
22920
31385
11058
16158
69638
65135
41502
89510
17670
21346
26100
68782
64135
20241
47956
39757
34594
42991
3813
16272
172
52454
68993
48701
9838
15626
85461
13627
43475
68212
16659
8019
42669
77579
37634
37846
45495
37418
39006
19817
32392
44653
30204
77467
4689
44728
18242
3855
86172
53635
87035
91824
25782
68491
52588
36040
21945
42745
41196
1965
56826
5481
18187
38746
71779
71496
60915
95445
28363
60415
37530
91790
63735
23919
68591
97480
12023
80149
71101
87287
36112
83825
4484
30916
13152
92804
6604
57408
70221
43177
88082
49063
70859
39974
15007
70553
56620
25836
35669
61673
67368
61796
16914
44780
11926
41147
74028
31225
96328
62718
87399
40329
90588
19526
14745
28720
56278
93119
32878
3620
29652
7555
98572
81195
93239
40086
44195
45663
64459
90984
93016
3646
49195
42508
44047
30173
85133
40073
1624
26294
59980
59416
86869
65541
54053
14379
58027
48543
58177
61157
94045
84367
61956
64524
4459
21226
80663
84910
81171
97884
93675
15848
44540
15503
17823
16921
71439
87862
56749
96137
95434
41224
42717
82643
58678
94394
90649
52548
34937
76305
57293
22242
23107
43650
57747
69046
44543
55974
63213
67071
5657
58521
28696
89289
87566
9610
92656
12542
67285
35588
33257
70356
9910
71027
87135
14707
1454
8114
31703
80122
39728
58377
47687
81591
96948
53186
3751
16157
47125
21424
99568
79086
77952
47391
41843
63076
85736
80526
45749
20006
73154
38506
859
82978
23468
12613
21747
66509
93292
74233
12409
33851
79204
7668
74135
28868
8979
46097
54133
15676
95798
47493
6931
92453
93979
17804
97582
45525
84465
50752
81219
5390
35884
44117
35177
14600
98091
54189
43352
89317
44376
65025
44062
91602
55554
82910
61526
58386
97495
28410
83006
92991
79936
15131
18151
46943
33629
49791
95345
74868
31382
14127
38635
81924
28497
44316
81615
78741
30178
84725
61640
33603
44797
55392
46351
17875
82300
33647
72015
2029
62079
93190
1408
99402
19220
53800
52727
34182
13587
34336
58070
64347
75949
56108
28991
79071
93086
45327
96488
72817
97562
93090
676
87194
59100
44471
63684
33142
42856
49737
59608
39434
97715
18023
66767
14583
26794
57807
8088
61498
5654
31087
68377
86644
6308
43600
8332
75618
29154
30956
66698
68378
78768
71145
5822
84109
64759
8989
48357
27456
21578
15069
72250
92537
30867
33959
61664
40489
70460
17293
70284
45727
82820
87823
86937
30678
41514
22525
58017
91648
7248
49649
9278
19893
22875
98815
19117
68350
80245
9375
48978
46029
36143
24295
54785
65079
46535
81124
6569
67352
79681
13916
46899
65753
22481
53655
16168
35974
7132
17978
40263
74959
48424
9442
54216
32519
73997
51110
20673
63763
41905
67291
48683
99335
39963
8020
11820
7178
90675
30656
98235
29022
17089
7223
13371
46379
54961
63249
25816
59400
46373
82424
43960
61957
4609
1368
44869
74234
43934
20470
71962
51251
10726
44216
22893
68954
70500
31207
59102
89994
29241
62778
30634
73625
7291
27749
12670
14328
64633
14451
97913
55352
51762
92424
38766
99006
55900
60648
21776
49688
59554
3182
14651
36728
17139
14294
20692
5051
70274
2601
46855
51397
77859
67250
78939
12628
54181
70833
80157
38709
16221
66119
59423
29106
77392
77562
83042
58925
44749
32984
57202
4123
70156
28563
3291
55351
11317
189
95891
85413
75397
52732
18295
88275
91452
49103
54567
13054
86951
84972
13075
88496
47022
72833
96835
46098
11032
78988
94745
2935
20698
14586
39114
97623
19010
38875
96520
71990
33101
15008
17832
62661
82045
6119
78245
56086
11165
81468
11375
99260
6886
30048
34270
15598
38798
75560
6115
76614
8589
87206
82952
85419
16675
75883
80264
64491
37389
1782
91552
57299
77804
56508
6215
41582
46408
41487
28888
93557
65531
14324
15802
3821
32708
192
80959
93428
14368
71570
10531
30885
75473
43260
93251
73669
80346
53334
36270
89013
6303
24181
33349
78125
83796
59141
20111
74999
68299
30334
92275
92657
59081
71359
13490
75579
2997
31781
49715
39236
40874
99223
90348
71881
29619
54742
83722
10742
67015
47068
34308
98472
1985
61117
36916
60200
60987
24669
13638
81342
81471
58847
41008
16964
17953
4008
85039
97630
97464
21868
84130
91877
9150
63980
25249
60178
17296
43998
32573
20627
67036
96615
21943
84086
21215
85021
92970
32041
715
16161
2641
81630
99675
979
95653
97637
22392
27708
10184
35274
7690
18150
12644
10655
39047
17570
42328
60418
24571
84310
4155
21608
4875
3562
76950
47016
35950
69532
14535
51933
95668
15557
9134
3693
6487
10593
77398
250
90315
7639
43810
93400
70860
14687
60811
54467
7691
68516
44424
52166
9326
24275
45552
97990
83243
8852
77048
20065
77153
2391
80559
35094
68645
88335
68958
67120
6234
57911
48480
5875
86186
6631
1631
76624
88418
36071
89234
30341
51068
94012
78473
58004
6287
50780
25057
37605
16580
89324
46794
12743
58948
8653
27085
81201
68744
79114
5160
24717
80973
21012
98922
42079
62311
84478
61502
89275
88078
73054
99509
16884
60995
1888
20007
34955
98179
74761
21046
63996
98797
32055
3823
57887
28384
29606
33271
93619
53781
16850
80876
36356
8226
62983
74325
9382
16154
16548
35921
27545
5278
32618
48587
1692
23906
4310
53114
91759
17181
35169
12920
51765
43611
17691
33122
91018
14785
7972
73791
65322
25130
31789
54648
15611
73785
13359
82117
74428
73362
23486
89371
77600
27783
39121
33514
79283
32857
83852
20453
51909
19200
96542
59420
18410
81438
16237
53965
26679
9861
51702
30186
41578
43603
5651
23542
10706
46220
20238
77981
37873
61305
39290
58211
89949
17482
13964
24088
71075
79019
3763
94905
51856
86925
41400
72167
12999
391
57368
6163
33058
25126
48364
63451
80110
86372
77916
91496
61824
27629
6510
90419
51192
50906
85171
96879
14662
35076
94984
57593
84876
71720
58173
34258
43820
59450
73363
23726
896
28176
56265
56033
39323
54665
12114
36812
12355
54484
95636
40239
77906
39989
31914
82451
26470
68682
15404
62501
37059
24328
59664
55445
19781
15559
9376
82469
29214
40233
17629
73549
28639
44106
5745
62634
35666
3885
96456
60083
73803
92519
83697
17687
61338
11371
94751
26612
86142
38136
34473
19063
28102
55452
13896
49727
49419
13757
83879
9855
2196
80817
36620
29399
83761
99970
7074
92230
5734
42275
58753
17759
89548
19854
36570
18603
83056
38062
68695
45679
25828
53324
71510
16706
98176
93818
20614
96671
44947
81252
25362
59377
69536
73
57312
79876
42101
17549
86064
90641
68603
82974
41636
45072
94923
72313
24337
80866
90152
26748
47753
62807
85308
38920
35743
30525
35256
30352
99682
79615
66528
93406
22483
40325
29900
79262
14259
58446
87478
36368
32039
20467
46305
87320
69588
95262
86010
830
58299
3589
10211
38389
98494
57506
64481
83717
15399
5408
51759
79447
71387
29844
96856
26807
89972
17146
37963
62725
47946
29120
71528
13994
70301
22977
57152
29683
47848
78652
853
59396
21410
54833
77978
51826
59021
8655
1783
34016
46041
6593
49996
19821
59235
96646
43973
76492
85871
74469
21545
63747
75989
65391
37297
24948
69686
97378
29180
68085
56965
55733
44186
6209
3910
58405
74397
86908
33720
68053
89421
42396
4624
59941
13967
15928
77869
20003
54856
10569
91417
94421
87417
75468
18994
52114
68737
34072
14726
71127
13514
26469
36649
73900
1337
44781
65605
43627
58454
33312
32801
54842
51535
39460
75425
91930
31146
86840
55148
75429
7487
63208
58195
31236
97404
25528
26566
47153
49653
76903
96739
17527
96391
16982
35290
94605
36824
31800
72885
16962
5266
56469
41012
78456
57663
36392
31066
98155
82290
45796
48418
28313
46423
54174
97327
9576
51954
29261
72876
6674
41599
39750
20251
22957
82309
11781
87042
97274
37309
7195
72728
70466
63778
84819
42511
93151
83982
36628
62183
3653
64270
83893
78869
37898
31539
29019
18277
58094
78755
39589
99671
17948
79438
70207
86440
87603
96561
90757
85332
9062
24121
83552
23575
9193
58473
61445
75271
39968
56741
79994
11067
7229
20497
42132
86732
95450
28872
22865
19339
32899
11000
88781
88502
28572
5726
6019
31922
10828
18555
92353
66276
22518
1453
17490
26530
19190
7049
8444
57902
55883
50029
92561
1738
42591
234
94057
61869
57609
73685
42231
13636
93137
54841
82406
6973
73543
59092
55095
75282
70469
51991
69675
75911
64192
36717
12879
37083
39683
76092
61701
32024
17319
16835
12946
48616
54840
15751
79976
67536
25767
32082
44037
64409
19069
18490
35002
99812
89161
98921
78283
73385
88077
36880
68056
91969
79127
9323
71722
48762
59271
24676
81688
78897
68040
65388
94633
25411
51921
6758
68885
41130
45219
26945
60797
36366
22397
75707
33272
50026
35402
75717
83515
44719
12101
22043
24175
38839
76455
63426
52803
53561
6235
84741
34701
61864
39414
56383
63628
60546
63245
86666
51080
14425
32199
88570
93284
23771
58867
32662
12370
18545
75921
59310
59620
89162
16553
72888
13031
35672
56491
42573
34576
72045
8431
16923
51948
82037
87772
99637
9276
61459
37972
1311
74051
30723
34083
28479
33083
52957
97679
57709
51908
9642
71168
95588
73087
58108
90477
46229
96002
24356
82548
14013
76898
24071
83070
94314
17416
52358
30929
41094
11242
82284
80164
81739
96874
632
69915
89610
56449
98406
73045
74525
13748
83052
6873
78528
37027
82588
79637
9663
81192
20571
81773
22997
21158
42264
77282
98586
11172
24218
55631
84150
52241
77942
55939
20802
21547
45324
87938
3862
11917
9213
76404
46964
50845
88105
58261
8010
11034
86162
58186
31162
35645
45411
99429
99515
10495
34646
81943
60539
36511
5920
51103
49358
91702
40148
39701
1115
1943
48649
27924
57415
59834
96949
39644
97270
44782
23742
59847
64301
64115
97203
95439
18557
79714
30459
55047
168
24970
40206
14837
10345
63707
18553
98774
75158
21017
93153
33420
34582
21375
74662
33567
7040
57080
45380
22359
19551
38738
78531
64599
803
34404
12083
64640
91594
84437
45820
27869
23175
95962
76111
9450
6320
51732
6182
70719
51889
11624
5852
96081
95991
50702
17893
13269
25948
63956
79514
44800
7009
81682
15719
80352
45276
93210
30970
20384
2639
55333
65693
17826
77915
17658
63384
19129
65386
7952
41825
47481
4830
45657
16302
84615
76257
44912
47450
71266
61422
71138
38797
17638
54250
41953
1278
32093
1351
66883
63456
49279
32568
25235
51532
61844
27996
7586
74579
24958
68065
59241
57651
65572
18016
42807
18885
30292
72900
56293
39197
35897
41621
44825
86136
5
81937
84739
31572
86992
37226
44351
9368
7650
52684
37613
38878
57231
10627
23666
90728
20114
31404
71610
14109
97233
675
15110
91604
92144
30775
46523
96271
73910
42992
53912
67824
25789
74577
89301
70219
44302
60214
5246
99925
42371
6790
38411
58198
1481
79258
60603
3212
95535
94001
10656
12722
94332
36055
12432
19689
82081
26905
71337
43964
91257
89399
71180
19531
55335
77017
91997
34993
69436
69201
18369
44287
51510
98973
17635
42254
80105
50054
81841
32383
67869
96377
97427
47907
7237
5519
46747
20117
6502
88962
36804
8084
32406
38728
95019
13957
32319
33537
20675
61363
23410
81259
19557
73629
36477
60001
71401
7527
55582
10707
55374
30175
42723
86330
44832
19559
97177
6128
12835
8631
82526
17749
7157
35038
3005
29944
61506
36049
89699
21710
94114
96956
4112
97594
2043
78601
35788
83863
8617
17239
38415
39033
73812
32865
57016
39646
12871
29930
61886
44096
31684
90986
33150
19058
40529
32821
68880
74186
95596
94545
71766
81828
82444
64475
39610
54935
24369
54368
3579
18127
24483
72197
13390
2166
81249
38865
95920
64093
29436
45957
46834
87195
2168
11492
9027
73108
4172
4401
49963
97214
13266
35308
77197
91946
53198
75708
41764
74293
86699
4928
56035
60259
92506
15025
37887
22551
22961
58131
6425
59080
39243
60765
94219
55390
84928
39745
36687
85522
91968
19533
49166
99184
6409
31304
51339
65320
18260
84838
91809
16583
68059
1507
13562
3515
29258
11793
94548
61891
51435
23258
3418
98992
73218
22282
9717
67329
74
37561
4406
10844
88272
11782
74439
13659
28484
44373
56034
16010
68256
27737
21928
80375
38253
45204
94048
27626
99474
37370
38962
48377
33264
31809
89753
16896
78598
53121
51538
43335
28531
40411
18362
79411
37534
34262
81109
64116
591
56524
41
97689
57580
9748
88485
66440
37932
5114
29730
72678
40057
50689
35218
36981
59137
13720
96097
86620
414
37909
97148
65928
87098
7939
87909
84557
59844
39786
37088
43763
89111
46493
31395
83273
1498
98705
32938
50652
49423
60957
41191
66627
92022
68942
97034
30810
18839
29091
49199
970
82418
19772
6053
11787
89741
29095
19065
98819
88933
38419
39627
71637
19979
92717
85888
63131
55194
61952
31534
43380
11459
97184
28385
14834
4535
4238
42384
31329
99773
41642
78
43592
88675
14072
25333
73762
51271
29934
88952
88802
52594
41649
3221
81743
80340
26896
49900
59158
40793
30310
77256
50784
68280
27218
8389
6899
21919
99119
80607
12830
90123
97315
65680
49017
75802
4581
95398
53415
22194
21142
15606
80465
99096
54923
66281
73110
22434
9998
97660
50335
55420
39484
23716
50042
79473
39588
31083
99854
64608
97354
55405
44438
52965
80741
82689
60039
39776
6193
47539
1741
68442
90067
16911
82448
24357
78281
63773
87299
31564
11229
69627
90883
28698
25407
82343
48121
43428
60525
40049
37602
10084
97331
32162
33261
35380
25587
42002
72625
7867
744
18326
97262
19294
39915
30197
41405
37533
62576
75141
53548
18077
67526
20883
40170
80195
92998
13933
66470
43139
4939
49388
52201
32997
25691
61791
66410
41134
35356
91782
82940
77621
26813
2803
2757
57044
73809
16838
17980
42808
62328
82590
26825
14185
85361
93117
27564
53123
54184
88981
46413
52244
18567
99172
87680
7249
69182
9115
44659
25431
98720
67409
87157
66774
75272
15105
45570
2936
11940
74671
70182
58213
38779
96234
51255
35122
22894
89405
65616
32665
81954
8532
80214
11623
82763
6824
19176
85139
37811
71328
84961
63172
43
31317
74360
65906
93812
64823
85410
75546
90168
32081
31026
8039
1141
50199
96757
28830
64739
80614
76955
16823
82565
47631
13786
88589
28263
95916
27054
64278
32046
12216
95809
10332
46170
23315
58903
73842
36054
53203
28216
69053
41595
64725
8857
14814
91057
80210
86270
85554
52501
61799
80447
71970
75377
68369
30245
71868
35063
53393
11159
96582
32547
60527
9221
54324
9474
97918
93056
55930
61955
8187
43031
74735
81962
50580
4015
9659
57205
10320
82003
72330
18159
34447
45277
79294
87634
72899
72002
16699
332
18577
67245
66425
94228
54229
70662
64842
72052
47931
26591
17787
15453
50928
81713
17491
45056
73767
68912
45161
58536
2801
52350
90653
8047
26086
1724
7896
15197
10777
45887
96867
16532
52414
20473
42263
43430
84306
90293
28379
81675
41591
92213
61068
54534
11155
19837
66827
20991
13522
91490
45647
37651
52361
31847
31314
92334
27592
41991
96627
6505
20886
1393
22441
76292
63538
27238
54973
5296
82889
18296
33135
31598
69038
54664
79317
73956
67732
99725
41819
23453
65363
80992
55337
95024
38109
77309
10186
96752
56777
6565
61454
17803
48672
30763
82804
47232
46713
30193
70911
33745
56592
95173
77264
50818
47044
69358
88444
60187
31098
96811
83448
62184
36497
56247
91668
74778
41860
39363
30708
8958
30131
79371
98397
69335
38572
22200
29686
6837
45152
10378
58447
29255
37074
69385
33992
4157
94778
38119
31567
43668
90092
51603
5435
21232
12918
81410
50461
80630
1457
63315
89727
43534
68907
39140
84809
65294
72413
53914
21407
52923
16008
43670
26345
82155
40746
37745
50273
18115
24048
57751
12799
25092
25020
41311
22467
52649
57213
59122
99377
544
86642
68738
59958
31962
3546
28149
9531
68934
20138
65361
71775
83455
17410
25510
60531
84670
52124
67846
18436
75501
2853
9699
81079
40580
53563
44682
71043
22375
75307
2834
14908
87626
76096
57223
4502
22062
61482
44568
75093
4228
35912
97098
34775
40387
69169
25762
83657
67946
67092
92452
92447
118
70322
64526
26485
27166
70267
91976
376
43124
60184
93813
85872
66317
53805
94370
48345
80241
75033
96029
21901
96824
66186
9243
97359
4159
62046
77014
77223
5279
88062
36090
6748
97102
38396
22175
40706
1836
6416
94553
1781
7599
3069
75509
41010
17105
18495
11224
9797
40980
33649
57976
32371
34782
88881
57752
7651
96995
89430
99499
90079
77873
23316
41675
28159
91322
28107
11479
29354
79549
71219
52424
36644
14176
79675
34580
27576
74980
72790
39118
7954
7048
81852
48741
97558
72176
81415
22884
84104
20405
88574
75571
78558
42696
24762
73272
81317
34401
7382
38369
31771
67519
19291
81213
55797
35330
65832
43114
29395
46692
42901
32159
88735
91711
70586
87642
85154
46820
96503
72395
73010
11608
26524
57890
44112
16300
85636
82401
61216
67756
65208
20942
16587
26025
46934
17224
60029
75161
56173
23281
84614
17141
96909
99903
2912
62015
52864
17451
26036
61018
33548
47790
83627
92745
41722
49536
83775
49846
31126
18746
61308
19835
23872
21367
50138
13468
37122
26425
3088
2319
13566
33223
12214
173
6369
80839
62000
43312
62617
96924
71378
50516
72707
58156
28624
14510
39244
9021
76684
89653
75842
43578
31315
22235
6108
23
73716
54859
64937
15434
47115
67662
1722
88662
3308
81605
36077
69597
4666
6480
54939
83860
67972
17442
92101
67617
25486
2121
46647
17462
29763
77323
50634
17950
90080
6821
6255
70414
38604
56298
11079
3916
48568
37029
45652
98645
52450
14145
73753
16968
14310
95908
54167
49663
17133
51692
64708
48817
71465
63698
57946
35823
53776
74888
53253
47947
25877
18307
9506
70176
36000
58183
77972
36592
92396
84817
80417
26375
51729
53105
40475
68200
59732
40042
76927
57449
55757
15449
71122
30538
77356
81093
46019
50616
70242
38876
55191
92266
3077
21496
29604
91184
84297
3161
81809
36756
6114
76191
8517
72968
47778
33870
16016
54292
84600
46789
60456
21093
19399
42953
6020
68647
68117
58041
87268
66958
73317
57174
81302
81816
22178
70657
27212
29516
99115
57072
5019
32593
38931
70282
58500
42080
47366
77102
10763
88632
21360
74894
23622
73349
37141
41534
88718
97909
91985
8158
77427
9991
70361
41999
49493
46010
41781
25029
16725
59684
26473
97674
90732
75204
98230
10469
75844
89561
37577
79183
34320
40145
49975
56281
7276
56547
8865
72996
3424
18607
77094
81173
86631
8894
83636
63588
17456
5280
80146
29351
66861
13093
93229
72290
82289
21441
68725
52174
32222
40393
51173
89828
19634
54540
67588
22538
52610
87354
94328
77019
27493
97084
15306
82633
96401
47958
94974
9757
84299
49198
37563
98445
28593
90050
14431
36698
22234
28113
81345
15855
74402
19857
17000
17464
98404
6427
68206
55895
6402
61285
15066
75269
91651
69986
36852
79844
60000
2315
76374
34013
24248
94806
1537
46621
92604
12783
74828
90961
35910
47752
13891
51327
41386
92866
80056
49379
23417
99312
8030
81183
56750
9025
96051
46333
80844
8714
95584
46990
16785
31985
43894
28487
36467
22946
48826
75961
6747
53676
53318
11146
86506
49410
22555
90107
76613
86471
82860
43997
54334
42187
96968
45545
44030
72783
65119
43876
5058
51075
58655
58633
89775
10967
65615
92990
63572
35404
45838
62948
73242
52247
64511
65110
39842
36875
87607
16727
27767
67532
55029
10674
15585
84373
28520
72138
27498
80108
12699
28361
9930
75173
27153
30762
52698
616
1312
72225
59079
38372
64140
64984
46159
13467
83886
99853
48074
33656
96957
73864
19554
87389
43844
69809
29544
95072
21237
63092
21208
13595
12809
97791
89541
92838
79292
49597
90785
20651
50564
74508
78912
84254
30849
24695
38511
95486
53746
47636
85493
49985
91524
97800
8189
657
69270
81698
16644
3410
71103
61536
4443
45477
52572
73066
85061
63552
83895
68464
76522
92900
56564
78762
626
93734
1132
41118
11278
19326
32689
59962
32278
93864
85639
41982
71413
32943
75767
96733
35242
50565
33504
93035
61339
27719
12341
60756
76781
39741
37701
25611
23972
63632
88134
34662
37293
12633
60010
78023
197
24041
99654
11554
98596
3634
31042
99012
59903
89885
69316
48554
82807
51722
54307
83391
10755
24363
34252
17848
78285
78356
69165
24753
47930
64201
95297
51756
31551
5950
17054
92262
36890
38660
30425
67273
68127
5028
5573
47627
18596
19019
90597
49683
7490
11773
42381
11085
88963
54213
60428
76074
98474
27891
21623
19460
72596
44276
19832
20432
68672
71480
48927
26767
6270
37288
88455
13171
99814
71978
55501
80572
23193
51104
2160
92287
32752
86598
63660
32714
30494
17098
88391
86769
31228
65560
2911
6087
63301
8512
33216
75599
93970
308
92366
31281
5558
64386
68485
79598
42154
46008
68573
49407
1970
86549
30905
7908
19070
43043
58835
33287
95044
60893
47838
30016
48886
24263
44726
58625
27409
15058
41835
36643
34966
91491
60595
18464
39077
7850
56455
56248
33310
58907
94277
16868
73062
53404
25436
13996
60946
86476
40829
82936
4545
11014
39922
30322
22633
52747
15724
19139
46835
70798
11611
6097
24797
13282
70480
39679
32498
43838
87519
29849
92335
13452
73212
56541
21152
61758
81128
76036
86991
71111
69931
42082
44873
28242
48745
56113
82512
76972
74678
81161
21992
75711
57343
83037
93310
29703
76440
70881
8566
65945
30572
77003
27936
86262
63255
36710
82132
2058
32451
96766
80035
42317
54015
42977
87511
67703
41017
84596
38457
44483
39941
65943
14187
83757
89427
25890
5931
30880
69304
8289
88393
83684
15015
42615
10736
38167
46346
72407
49134
61165
94964
88791
94838
58197
56868
58071
29483
6644
89951
37358
28413
4026
73974
20706
58282
96536
85027
73597
86747
16492
867
62957
30813
58669
8874
18179
86746
18748
52402
60720
30652
65407
8766
7476
73647
32677
98871
69603
85348
77861
91091
55600
34077
60465
75694
82245
28302
15377
86835
11569
45456
27289
39149
72350
59500
88798
80019
13044
35715
25860
43609
93713
53174
85854
27489
5737
68257
33443
24736
37511
37875
97226
72762
17113
88987
73182
99753
20235
36638
76231
54018
31325
47423
24267
37711
41355
35862
72599
19201
49458
37068
77327
52956
52889
57235
15746
65747
90791
59257
25872
39440
15447
99213
57981
40289
91827
7734
55268
55681
48124
9335
36007
41530
6830
7671
79098
79515
268
37611
47334
68250
98917
2153
6783
87825
94077
70647
77939
75529
52855
18771
27428
96046
8398
42287
97872
74807
86560
48021
59918
9298
82382
22022
95738
76988
4719
17680
57127
21257
89712
69883
18289
72252
37574
65237
83490
87039
53456
7889
94536
98072
12890
44382
58567
95503
75424
1677
52388
48835
59293
44435
89352
2843
61053
77990
17480
73208
35837
56316
67590
44222
45415
32486
1252
56367
86952
47100
81440
12902
37452
20656
60003
86419
14163
4393
74886
45849
14078
27680
27389
57703
72680
36437
10298
20087
9961
79074
54398
57750
55734
6934
76692
28088
68269
97382
54949
42291
98442
17013
81110
50162
62766
72603
19547
47696
66817
60036
86365
78910
65108
80057
89032
80145
40070
93774
11512
72905
77345
90643
23138
87380
2585
35959
46362
44720
1000
51122
22223
9106
55221
28362
18687
39630
98965
26467
94348
78595
15003
77310
83618
44524
46235
50869
54214
10417
80406
8930
86979
92104
50719
59052
69946
13760
50358
48698
5256
98662
37444
16991
39254
9056
91861
83039
91626
99117
71713
1475
60288
67956
97077
66034
9113
61888
92818
33105
58942
97341
1706
2768
82885
68009
25433
90637
58560
71270
93522
10851
84929
50412
94866
26895
98137
98753
94823
94157
1539
40025
52563
46430
22647
23587
51620
66164
977
8317
62567
98500
38713
76063
8248
30277
5277
64843
4777
91949
793
81462
43358
77479
1630
67488
51610
39534
27724
64034
46743
89484
27227
33431
79094
25865
75999
1740
16688
22837
78887
69040
79341
66457
61171
50924
29210
10489
93892
26421
95348
10241
55433
42503
440
57009
64538
44927
19277
99536
41665
48993
49753
94347
7311
92682
97970
3076
84541
21418
95510
44214
67075
90770
14197
61224
86073
38454
9643
99416
97425
97926
93646
24467
13611
75773
60803
42660
71448
88684
53025
41388
51715
78058
57547
23184
13749
39107
84050
69916
9251
78313
20842
61014
24475
3216
32441
3725
67316
76942
35991
16842
86441
13792
81412
87534
33078
73074
37154
9
21369
84639
34664
20815
43903
27643
76663
6865
36921
98825
21114
29696
68451
94725
99422
71124
20289
34554
27611
59248
86603
32297
17704
71992
76567
49249
81187
11830
8858
16029
94258
7640
93941
48611
47345
15342
799
40462
48033
47967
86685
47312
47087
52703
83412
19382
41895
25437
27846
7340
94700
6587
53292
52120
89706
99602
89652
22966
70286
94664
31548
98739
94767
47217
10975
81245
58725
40503
42960
6462
75779
16513
20032
93588
68105
67421
48770
29830
42767
4870
73665
61476
77683
12970
86082
79442
79179
57541
94405
87286
91318
2594
24250
88679
11986
89716
98865
40226
15703
59341
69538
27282
84633
2053
26498
29860
44184
64903
46545
43749
71572
64665
58592
75813
72640
71811
86681
24453
91280
12348
69845
97974
94307
55555
78368
96549
2687
81594
65883
53077
51222
17435
54023
54073
84106
80636
48227
50720
397
18291
88261
37085
24197
40164
63544
26833
85776
71343
71577
73316
54490
8205
41146
35360
74224
68474
64121
62285
59019
21058
67626
21419
30829
11951
49849
17925
433
28320
81670
25519
87171
61653
14758
92192
77168
26482
68066
71691
67763
62906
5593
7989
88430
50096
88709
4688
76382
63281
19890
21350
7703
35174
47431
33875
46154
37568
47303
8018
59468
39318
44305
39465
8231
9616
48216
32034
41033
49802
55769
89187
75651
35178
48964
38973
44714
42819
97
94665
17121
50929
65326
33411
11052
5830
56055
15670
16148
2135
29466
69914
51026
89257
17226
65812
88623
42879
21390
68692
98695
26880
6331
27250
64615
3476
32567
66475
24268
1371
61594
79454
95139
2534
85997
74328
95485
68336
19497
46131
63944
67883
29804
8779
35647
91427
79571
38142
40685
13038
45829
44911
74526
92584
74698
52071
39037
32674
19114
60215
92065
25738
2931
14827
85224
43904
79916
66327
53971
7532
78298
55024
22286
52294
95522
20877
72405
58693
1924
60473
21389
35198
88537
28636
99185
13858
81060
55978
1926
32581
18753
48298
53771
47806
47438
50417
87453
62072
7727
37262
90156
44798
98012
6132
78038
63720
8784
67056
8610
3386
21225
17190
27604
9808
60514
24943
41615
72440
36192
1387
90431
49744
78217
66096
80500
17160
83965
9070
42437
32213
43479
1438
99154
91012
77418
43845
17488
88193
12305
61665
41395
34906
25758
85610
51778
14650
25084
79590
88636
599
57286
67777
47447
27347
28183
82078
20554
46219
80731
67712
20326
26339
23460
67898
25146
85072
15833
1326
85168
66647
96844
32860
26017
78903
67434
51880
14925
42416
94385
33834
1210
99395
67812
961
97071
69466
69655
71459
84761
48987
11795
47380
39769
22715
40463
59351
60301
15826
62750
88874
26885
56658
88921
52559
53892
43074
70225
16618
67200
8328
60910
51747
33866
87133
70251
84846
34684
26112
61234
25916
65068
12556
6313
9171
53046
23076
19522
24789
50410
10431
41501
92395
11094
67765
73424
79559
63508
70129
65779
74452
8949
41247
64495
98727
55735
55124
88530
90259
93676
34515
19584
20472
88559
25637
23793
25147
24418
42892
93650
23744
35101
45767
71671
10694
7825
98161
51512
29846
89480
98327
71374
16849
99356
51115
15608
52892
24877
55304
16067
47976
98323
87422
87617
11565
55309
89857
27931
99695
39784
78865
79448
61418
2189
2550
63619
85065
93719
18427
40630
34080
68632
47154
97554
86461
225
83418
83469
7994
70069
26959
34969
93732
55
68534
79271
6006
237
19907
47368
85440
95685
11322
58774
72164
95822
19414
7870
7968
36350
62792
36623
43209
14577
4070
27845
82282
75511
99407
94550
16395
69555
86139
81897
14588
42646
571
42087
93543
82527
22637
63507
35824
51130
28603
13487
61436
16561
50622
33320
21509
54557
81377
98182
80038
85156
11253
64205
58769
86989
33633
92488
84393
44371
59545
75274
57367
53286
17881
31679
22734
40029
59287
67557
23697
91705
70331
82332
99244
334
1189
83050
91178
17252
38052
94139
40414
5856
96382
70524
18356
75432
76619
97781
784
68308
31579
92551
63194
67860
89263
90488
5561
23830
70641
36922
26881
56929
1134
83477
99599
14289
44094
19370
77549
84777
5047
3296
54161
66635
20524
19317
35486
79342
77037
90294
89528
8633
64350
56030
47231
1995
28788
4190
41076
26864
45322
20781
32661
67306
57061
70092
4765
40356
18651
50377
75771
69412
93070
74717
73648
30900
9834
93790
48685
92468
36194
9907
97345
9405
16080
7111
20643
68560
74420
75367
42606
79751
8732
31874
75796
15450
43721
99813
84673
25585
59072
91190
63532
86132
91984
66215
70150
14823
70510
64618
16791
54148
99917
68095
55361
93477
1102
81749
39726
19713
35753
3323
72887
90562
72201
4002
64760
58859
30285
56454
62758
13821
86192
35482
70061
3740
49273
77312
86201
37513
53814
48761
60477
20278
11702
82478
58989
8276
41878
69688
77185
21820
89729
2926
80860
56659
11645
7776
69496
17131
93378
13895
84901
48626
29922
71404
10621
30961
21105
32797
28914
22082
27142
72947
97802
83589
83930
46842
87296
876
15791
20913
34574
77099
4799
16382
74113
2807
79577
50706
92498
17844
91200
44231
40428
27593
87595
64805
83658
55508
21812
88249
7052
58283
48108
62339
98006
84206
77267
16780
54474
59236
12238
41471
56484
14679
45700
70955
5342
94054
63000
35534
60945
61428
62844
7927
25748
55185
38079
71636
42870
81494
60578
2668
31316
82558
54812
48018
51029
32955
57725
40575
48466
33717
16369
16311
71009
3945
59957
41335
6058
24718
47657
75839
46718
95713
57986
33680
66295
15607
97739
40333
75922
758
21668
22839
29018
98665
43214
94059
61801
42633
4471
6433
97744
95428
93148
7752
98355
50842
93113
45285
49303
19365
993
90654
14935
91864
88042
38740
68866
26264
204
19930
68222
5378
2654
49966
57726
25593
46164
10563
68627
28810
5925
77297
55378
73661
5483
29149
16643
43289
43738
40235
22708
32558
88154
89458
92987
81549
17459
26624
95114
49119
28185
3584
19430
83404
62744
39189
34736
48628
24659
12392
49692
5516
85412
51507
38352
47325
14015
11582
84561
61093
43654
38302
42603
48989
58889
76886
84057
89913
22911
13129
44509
7396
26213
36189
67397
4165
9028
30514
75859
13014
74401
90933
80013
9385
92908
70259
80785
30073
37440
4553
59705
51776
67395
9942
69228
42466
19237
63988
83396
48338
82559
10012
35083
55937
20606
4391
17815
33534
7336
6145
94853
85643
7169
4344
81122
71382
82706
89252
51244
3716
1444
73007
38559
80798
41344
74687
94065
24373
39856
13968
59547
94619
30456
95214
32856
16649
10789
22785
7120
61125
64056
57882
37496
93149
9044
66044
47252
75278
3549
55840
62951
90895
19180
46018
83871
69089
14640
18786
76630
70501
38983
3033
54507
11868
26965
99549
49827
55477
40466
53939
44727
80333
29836
24098
35417
10875
98781
28453
7469
64152
20430
50135
49577
98087
32694
56677
80202
53626
12265
54984
97021
50396
69763
81656
46036
37740
67066
2434
70909
22510
11661
3206
58106
59900
55317
27208
312
2991
33526
86099
24749
43437
68896
32208
19618
1149
4995
66720
77694
54829
97461
26898
61258
73505
85681
11456
6567
19022
1456
95241
80166
52550
96654
95031
39756
95527
36464
13170
45474
156
71028
98349
48263
44290
47226
55822
49660
29713
96489
62598
87412
79199
69406
92705
56307
50774
63866
54510
9395
49513
90943
71487
58220
16797
65860
83290
96982
40736
68888
2785
7980
67511
69111
53117
75394
62427
6594
63366
36927
89823
26461
68236
53465
77853
8805
98389
50288
68740
18336
36945
14135
8875
1089
50992
63648
18229
26084
65494
92668
91414
21705
52384
35711
38342
30021
13262
76602
79859
61685
53839
91528
6730
96773
93560
5789
58535
8678
48903
26675
10890
49374
94095
82119
53363
25715
1289
4267
66685
60562
49640
47502
52072
48444
80655
63724
36575
43674
63433
7971
42902
67679
76446
84829
65405
63833
6015
16599
36846
94052
69553
96239
87467
28198
14337
18918
39703
19031
88766
34963
15696
92371
49579
20871
30189
21575
71461
80020
67297
88210
71952
49602
79956
89557
65227
16534
64393
32719
45870
74167
54650
42835
82722
74441
66727
98763
94358
84248
14229
11601
17310
12929
71594
69656
83213
81702
48646
65694
93857
94220
56629
43176
46976
94989
46560
58020
97428
91958
90137
90231
21480
42224
3688
8238
17748
48136
69922
11589
76596
44906
9628
4284
95983
41362
87096
45585
70321
1324
89636
40368
42957
5006
89041
25442
30023
15004
20295
32156
79704
74326
40030
6029
89497
89765
67437
63434
83120
44469
62895
94184
65958
90239
79070
47056
48875
95088
97733
47455
54801
80478
2363
38041
2301
36252
7658
21720
98018
44577
47820
5509
32545
78824
57825
45733
89264
93349
16346
69399
55579
36733
90367
63500
70770
14655
88130
53183
24716
68112
44347
21815
27415
76566
99171
39996
35975
13462
43075
73689
89137
84328
50483
70693
91559
31215
95092
4481
45246
38551
39949
58494
81920
21941
96048
93958
31213
69026
35253
28204
50931
39944
32616
44573
30545
59797
1561
33979
99337
3959
18266
87008
60962
7598
3201
66837
77195
78543
53470
39411
28462
89728
66669
57444
42432
62522
46003
88136
94572
23022
81758
47289
61913
97199
9383
44609
42269
67224
79037
35040
94908
72598
65489
30445
81023
10126
6392
63138
35071
90466
77385
98360
17601
45292
96259
58617
60079
90116
36942
88214
27822
87744
30355
10935
76218
89321
530
91340
50865
58158
36490
4586
20128
53132
58162
76144
74190
10283
26134
13077
20352
88747
84923
55373
65140
30385
85008
46513
68021
82434
21382
3547
66835
89607
41443
72814
67623
22142
37939
76176
60555
25116
31635
86815
73403
50375
77792
44860
33220
27570
68526
28578
93281
65543
14155
90704
65293
61329
71786
68310
50880
92477
38813
64302
8418
48663
60544
34149
64144
13741
88149
84983
79456
92691
4508
95989
92631
24500
69828
94134
30994
81364
15613
90473
49914
74820
3334
90527
76252
45758
33661
86311
79316
16557
29977
68099
16493
26733
72577
67446
98779
63044
4124
49293
82085
75743
57523
34781
35878
1510
47024
12089
9562
96629
25022
33425
54372
26710
36894
48736
51098
57187
94083
2886
37809
81940
78071
24492
34128
7221
94864
26381
64352
29984
95910
2538
73249
27645
43006
81223
62304
46941
12704
45223
53137
92029
62235
54337
48957
37462
63530
43142
86512
69027
74244
79437
70281
51815
26020
68688
31900
84450
29656
10702
84430
99320
43186
77183
78701
69818
73815
88605
39790
70226
105
47134
46750
50814
28207
84627
20600
14130
43490
59456
45966
67068
67686
82829
81616
77139
16423
40088
99330
55430
77355
90634
92727
8724
95655
49928
17370
40060
5245
61733
70416
30766
55369
88132
78993
77109
69544
97643
64286
80553
59290
25379
53348
39887
5148
2783
70132
12822
5456
61214
67806
35935
76848
74487
65931
12919
7874
23796
35212
20840
22744
26486
94493
4432
49751
83643
15793
69715
34959
50052
1864
48954
50682
14794
51977
53765
63232
18301
8936
5315
14939
17022
7643
82751
34164
975
61318
99026
90403
27197
49552
89378
41696
99924
939
98857
13277
62206
12407
16737
17723
31560
38385
19247
4817
31031
78114
26631
78066
49157
7368
19295
95639
93840
31852
94440
94450
56391
14215
26431
15861
48393
98209
13843
43837
72141
42739
43945
23189
90657
96384
46945
58739
35162
94828
24064
61947
16393
41083
67574
54889
38335
63117
22822
10932
80224
81795
12601
38989
36466
93047
99562
63893
8050
85273
2791
94839
17112
33814
84253
43097
4033
81362
34400
56617
39026
62259
77483
17898
8695
98001
69339
20999
70964
66198
1749
8856
28202
38499
18364
87533
12691
9173
72011
50063
36207
63798
97645
79500
50411
90215
79036
49911
5890
39867
28926
88932
116
62638
16996
60421
81378
26215
86895
356
64730
17380
32773
70346
98545
52333
92611
94177
33330
57537
22032
29514
48889
78335
9026
4116
13056
46060
11240
41018
53152
92222
45289
65040
99426
79409
62590
70627
76398
21468
62101
15739
58233
33276
81250
67774
33886
86197
2557
73128
88737
50602
63299
53607
51133
54462
8803
35303
28405
79415
29141
20076
69887
58305
15638
90057
96492
72506
38584
85631
98635
57851
69066
26194
89787
22458
15030
48388
76503
37959
90542
1934
67908
76560
92321
74323
91627
99557
19914
64898
92264
97704
25740
9421
21828
76620
48805
94608
43927
49311
69858
46209
14591
16829
45794
25904
15753
26941
60830
89805
86580
98022
92223
99136
55152
57994
71407
2429
49534
43022
86805
26226
62390
9192
59688
72544
4933
21662
18381
96747
12342
98259
98287
15925
70779
61644
64882
96102
79221
79085
29743
85815
69803
88327
66630
91740
81386
74442
73731
72911
3708
69348
73263
82563
69447
84090
25161
73721
66732
56778
51013
16989
95613
89078
55438
59333
69880
80482
14442
78626
58854
2995
17618
9847
14501
3097
48190
76343
41817
75587
69596
3949
31937
4767
37876
96706
86537
19840
6237
15790
36677
88884
96342
33478
33008
51541
65822
22464
88259
23314
73219
62013
71029
27296
94500
61702
76948
28819
3686
10578
56238
8209
71304
20150
63272
5975
97624
60493
32735
10396
77674
13914
40315
473
88758
98869
34618
21991
59347
19540
11785
21526
85019
49944
53326
25294
56197
31908
95680
13290
75091
41252
82956
65007
44616
22663
9161
98169
43233
66813
5030
21724
75701
95415
31967
95104
96169
14052
18026
83845
44569
83861
41608
23768
81069
27717
89953
50540
82422
38598
16776
97957
72962
65749
50954
77766
27640
188
91688
545
21308
14843
48080
80009
22050
61530
91172
95012
91988
30004
94736
47816
15720
89413
23124
49294
89606
46409
63001
24852
40337
68125
64492
18735
82333
48120
5612
98944
41858
93845
38594
41874
93214
32269
47202
2971
43127
69781
30287
13354
30968
7788
96621
76208
92125
98514
16225
89353
91043
37589
10520
95861
10310
69770
90951
485
75889
34967
97086
73366
2758
39144
8347
95384
87792
79785
79864
67789
43259
64874
45203
95729
23407
9465
87411
80556
36972
74844
55307
91666
5094
35664
26090
31224
68883
85716
53740
95807
63906
59169
62665
29524
83127
5585
38884
68634
6183
11452
2771
5924
67853
65861
80117
25728
62699
70615
61903
71368
21234
13859
25346
47130
71054
31879
31766
64233
49763
33379
48561
64087
31547
92961
24476
50566
84319
77530
68991
24558
38914
86915
71670
1813
90249
76698
57926
15365
50941
97513
47686
35447
87874
86135
11934
28549
76355
65664
65687
42239
77504
75568
17037
76730
23355
39059
33978
69441
93420
95526
49366
84503
10524
58602
4168
25177
89592
13494
68923
77573
69420
15741
51898
73718
88181
6920
76321
7950
5355
38215
60494
85057
50028
97807
30520
73118
8851
34857
16078
82995
92509
8543
34313
15874
26799
31861
66853
64929
40690
94293
98852
94680
52611
31891
54514
98358
78686
21833
96260
97332
56892
5804
88887
6986
71901
79946
82342
46248
74342
71732
61908
60970
82350
60772
46838
30663
26891
26042
21218
26165
1544
49637
38905
58086
74954
49604
43818
50339
51809
57085
1193
94038
51657
48059
66941
15745
77215
47288
21546
55115
25707
16163
15971
69301
47297
82850
82971
25059
27121
30480
45728
76082
93098
79054
53237
83102
46144
19905
79710
72209
44212
78279
92073
16978
32743
92848
26126
53423
72153
20526
25463
26476
43699
87790
54291
43398
85280
56331
39552
19579
59926
6946
24903
56773
34650
41016
17788
27905
63399
22002
18456
70726
98228
48489
72824
83462
39166
12234
61529
53638
97405
7451
24419
68935
80499
27908
46650
80685
63923
25804
85499
9130
57688
79921
43825
13089
78518
80094
29026
86442
21894
8492
20617
50280
34141
19790
50399
70506
95433
75200
54200
51723
24589
52270
27373
89
23572
16611
74120
7566
99710
83178
49330
34437
2492
60532
44979
8488
41569
60373
25125
11775
29548
58915
31419
88736
93033
75489
22540
78638
25795
79550
43131
83026
98328
91265
64025
51202
4614
22896
85170
22255
73094
49426
50939
79839
50858
9535
93914
26369
32404
91188
74386
62824
80867
46480
23613
92359
47558
65463
18917
11563
50517
82891
11207
45374
36236
65170
70541
15723
26702
20610
1562
33693
59580
75252
66304
98880
95669
99160
69037
91654
96469
80084
62555
63636
24647
26527
46428
37333
21893
74260
60929
91328
16202
76362
18211
44581
48348
68905
39958
47613
51934
5953
73783
35355
18831
50479
55539
25418
45183
38718
73770
47114
54486
66681
9511
72903
58248
30097
48331
13576
62872
39423
96620
99205
59772
21582
25978
75716
64375
80076
89493
91938
95026
40284
77455
31857
49693
45350
15139
84333
8993
78041
40937
16361
90049
14786
95418
44158
80539
6470
92173
29288
79130
8016
90151
5696
32514
82325
35313
1370
60608
18119
95888
13510
22198
78320
86390
80334
67783
27970
69631
37600
52416
66696
92585
29411
89565
89109
89734
29907
98668
44694
54093
43693
28780
47245
80888
31003
60267
87669
83788
83229
92950
55998
43513
44497
19620
75765
13841
86606
28938
77634
49916
58817
76975
49057
21016
30490
46149
42742
93020
4592
77581
28797
31629
50349
87024
47333
80364
23619
40722
75973
71875
95401
84173
44321
73112
32124
80311
61306
399
8255
46438
16482
81722
3932
49307
12117
26666
5427
98639
72746
95693
42944
58437
11767
22422
32791
79940
84362
75426
84006
55166
5624
42810
19035
30887
38390
80678
40166
15526
53600
12760
37372
10232
76453
94843
80425
65675
2560
21671
37338
41466
82519
10091
57595
35995
98894
11384
63392
76843
2642
11348
37833
74095
12336
62947
74897
72713
66862
28765
57284
30458
99007
42093
84576
595
57555
54915
17976
53458
16808
3702
83467
27057
10413
36188
81588
8128
19536
32433
87895
710
30641
75517
43752
4671
46065
17119
72349
96581
48960
35795
1130
84856
22081
39524
41212
35598
70327
84898
65801
29115
41628
79808
90773
43462
30840
31268
20382
95517
46440
52697
84890
40694
46322
89396
19334
92242
5376
48753
89777
85466
41531
43992
17556
57124
22890
92541
28909
34520
93838
13128
7360
56343
39843
97387
68416
60024
79004
18227
99295
92269
34157
91439
66717
77935
69114
68154
97019
20879
32005
68168
22613
98170
97648
53825
57765
72487
73897
3556
77995
36696
71997
69416
29401
49829
52340
83536
78427
94616
84753
43687
27188
2825
83556
38858
30321
84390
14260
58978
69049
25992
29313
19455
48383
49424
18015
4414
98587
85542
4303
97775
1208
74177
36323
18906
97285
38775
49499
48336
95147
25731
87795
50236
23627
43768
66278
68292
96803
64838
17715
32475
7420
74182
33912
50773
46255
11946
130
90240
55198
81927
40232
46245
15536
68179
469
369
5863
26655
44746
35520
3220
48174
76068
65035
17497
72985
31826
12123
29695
16453
91115
78220
29142
36795
92547
36020
23102
78927
47664
68498
90744
57788
15046
7247
21323
61263
93225
11616
80695
19619
74483
14649
59881
62211
50987
54144
7827
49668
55012
64434
73103
8090
60642
1839
72362
42770
63790
98931
88875
76295
82098
64002
30246
93392
23639
8883
16724
56441
56614
85868
88868
20052
64922
28745
58809
46268
49587
32312
2774
55140
67862
35239
57194
13806
18070
34133
35866
10112
65545
56944
39874
91883
25543
36848
67271
21954
13775
96304
43441
90309
52973
10964
4390
86117
49498
87309
23876
40035
93116
5918
62276
31764
72743
12889
34910
94740
39674
81265
47730
77439
55071
38755
36140
36468
32453
68638
35889
94497
45732
21973
38952
49396
50763
58977
86927
48995
6629
86235
62876
51585
17196
65232
20832
60254
31523
63168
94892
4299
87086
66384
98564
45940
10124
8892
86248
95034
33292
50215
61853
3603
56256
6691
8565
50550
82127
60749
36486
6157
60026
93573
16806
54606
3660
2267
87821
63492
90898
13386
78323
92233
22871
38932
39528
62135
30061
20787
31005
77508
58435
40533
15540
13851
42519
8905
15019
80827
72498
77279
50286
42038
757
89457
65837
85651
63189
18488
84565
20800
41647
60677
48323
14619
4489
49223
62178
94859
87793
67694
93369
50624
10182
84179
12842
92888
72373
18666
67265
27658
67919
15002
74027
90209
10540
35152
68398
47902
58209
68390
71820
84274
87011
31376
30938
65133
14803
58553
51078
94287
59499
90710
4025
43783
72514
15529
66003
92554
8287
88090
30485
57806
46326
80646
35176
65104
35141
39245
72893
59804
32897
69470
43678
3311
86752
68777
29224
95455
62436
13804
56873
98714
313
62887
54805
95039
83679
35748
60328
36782
11875
42181
35260
66067
8542
97372
9379
68160
71523
94522
95677
51495
97076
83517
77265
60404
64223
94961
32630
63271
42445
27879
99702
41511
57330
27915
59600
42558
20243
66184
51681
71326
52476
28239
68863
27979
98912
73778
81879
92428
23342
65683
48699
49292
71529
92712
26510
31714
47540
82626
48250
61487
45047
45574
54064
98376
28106
47663
17910
87462
19933
31610
15037
21929
45968
70582
79692
6925
3788
3398
60838
96282
71283
82133
19189
43873
37775
910
77671
54733
15808
50261
74457
63842
26586
55217
24450
46296
7067
8074
30340
81659
38134
33781
32924
83349
54590
68258
24630
55021
40378
29377
36772
35375
64353
68190
26371
45929
72593
19507
94909
91371
13771
13681
24767
13662
7134
31768
79825
61203
22721
66738
90188
24252
84340
25680
90128
41528
65540
68104
41323
47321
28686
80736
99787
93672
56268
26451
89802
98038
38673
68490
10852
58482
27942
2689
77049
31155
99959
70152
48143
2406
62043
46680
27480
34119
93184
9567
47641
37385
77547
70440
95029
8547
93651
10847
18130
80025
28232
89511
13938
99481
60814
9882
81312
29008
11527
58842
21409
34457
71530
17764
938
85970
72273
10135
14313
53769
35084
8920
88681
49586
55468
31696
63309
64728
57728
21772
78319
63373
13292
72786
80964
142
2111
49472
57527
81358
54386
72435
61269
2986
75513
68171
6064
99430
53433
81489
98033
5057
17081
7512
5538
81077
56199
76437
25532
65248
43821
67147
30807
74448
74213
46839
95472
69850
85421
25099
33699
59943
45015
46854
65692
5628
95580
9754
31803
92980
451
16767
69666
9133
26904
6342
23330
78171
83719
38381
41609
97237
89359
31318
49738
17830
41211
35797
94559
11048
96899
52621
42206
79757
20298
20525
95006
81831
2231
22860
82438
98648
30157
26576
37897
55605
1485
16882
19676
18688
28945
93316
83602
59794
67899
56434
78958
60984
95752
37483
55842
13633
83736
3896
59126
91820
86993
70876
85180
31528
98069
63478
65736
98346
91553
37062
7400
13404
25933
98030
90247
17581
63605
1484
44398
20915
86028
18491
10518
98987
72473
41101
13131
99609
28172
30148
21790
3520
6794
36956
37255
14243
33311
26783
36864
13209
93995
46431
66329
59411
3269
63319
65424
10071
32825
66193
34665
69078
91762
28641
74664
23765
29208
16826
96176
474
72277
86810
87700
87931
56492
92380
71102
72400
2132
5896
41629
44348
80022
30118
1999
84405
69052
15774
76145
91761
88365
89126
50486
18968
40702
42369
57117
69586
17193
73615
14350
88282
54671
67685
35179
9264
65897
17806
81517
81118
29215
29738
31846
13598
78587
16909
74176
61173
59064
80961
98466
8073
87747
88401
27046
81409
45516
52407
33340
53624
70096
2049
74921
58010
99025
15218
67217
42672
48846
85830
80040
65964
32680
26636
92513
11770
4075
33509
71783
79784
68797
88517
12854
7329
18063
33853
53028
18980
51960
4313
32589
49901
81559
79106
61450
17641
79300
76254
64815
15252
18693
44510
98004
7699
5289
83667
51700
29555
16013
61710
6306
58201
13969
20588
85402
34982
54343
12930
32741
38081
55079
58683
12248
54238
53747
19771
69491
97197
57081
24722
49599
80600
20852
54011
58067
71418
55056
28697
36627
80523
2451
79305
98229
77849
7935
40419
67282
84202
96946
47441
59946
42622
19743
76919
46667
50356
4981
21107
1918
71215
39057
76413
17840
33754
42460
89733
17430
45616
84713
31142
1837
7876
21405
25769
43655
23546
39586
31863
73419
3377
93822
97312
4951
45361
22384
51094
15900
27706
84917
33028
99305
94194
51978
76041
15756
93134
85112
84189
28156
41630
37210
80152
83686
41371
44113
56519
45534
31763
6653
10863
92426
84952
99614
40758
23702
20100
8651
58392
98591
71791
50083
98604
82156
75275
44878
61876
60230
18770
69771
36833
58400
54164
73006
63943
69893
33541
41775
2156
46312
79418
68188
34325
55936
63441
37159
33405
40860
49285
84032
78109
2570
61162
51059
82888
65990
21008
95368
78622
21327
83972
70967
43447
52722
43056
14426
500
66217
5268
1932
59502
89776
38513
58964
38229
71450
99581
1074
84945
91542
32740
63486
63990
275
22723
95873
48494
83460
36664
74257
62218
72431
21283
80024
92748
72446
38897
85824
48164
86324
65457
84832
30448
54041
95120
58187
17572
18308
32355
5936
3363
76521
30020
43993
3396
64934
33955
80520
54084
68771
95336
20918
84174
18682
20899
34114
22690
24519
45908
89767
35601
15474
96225
76436
31520
52008
3901
13143
65533
51791
53664
75669
55479
74693
10457
23137
60884
33812
20531
6910
6492
14098
93379
60305
5496
63671
95350
45713
87270
47047
703
53471
64738
44647
31441
42889
25902
54751
87611
41188
7204
8560
17591
58044
11551
91566
75239
61850
31133
56320
84610
13669
54030
46807
83115
10739
28702
70022
94886
73828
63920
52662
97799
74827
22344
3867
31180
86063
11858
21898
32602
87741
14327
62825
22902
53744
22334
20093
3895
88984
70382
83342
50607
29842
34305
66191
441
90694
89908
82023
32326
68564
9267
1467
63884
13483
73801
23982
73918
31936
2096
61704
42251
55772
44985
32781
78744
58754
60821
18284
98133
46328
18851
65672
93289
14335
78150
61723
19
38987
78331
48899
58240
81787
72025
71748
72697
65080
37285
92450
29175
21653
47772
83694
46233
11573
23524
92722
62199
32646
80369
68543
53889
36763
94019
65706
81220
90195
12548
28541
96439
35755
92195
17711
90561
33517
7611
31872
46087
49926
924
52682
22874
61667
64298
71650
38121
78300
21313
66608
95846
16231
41875
5135
21822
36344
14889
48490
98402
38474
39172
12469
35961
52097
19297
17982
77866
89711
45216
41902
52183
90426
21537
85971
1659
12500
34297
60402
30496
79791
67711
20769
69827
33309
90179
84674
45884
56464
89383
41765
42458
34519
32738
57233
85279
78877
12310
56815
23616
88321
64148
60604
83076
38176
75359
96679
86277
42703
82603
18973
97706
53701
13989
93925
76822
25670
99890
83091
21839
17934
61496
76387
55902
98250
65206
15722
71961
82351
72085
55578
73673
78615
15789
60622
37450
67380
20566
24910
10878
98444
84602
41401
76811
65001
51205
82711
57856
91837
23229
34677
1712
43236
93345
82241
20684
37005
66344
21861
90191
26055
67263
81126
10866
38777
97500
67010
89123
84374
64337
50047
66199
23727
97216
40193
84687
10434
70982
34369
83905
54641
24609
26318
51688
59278
2177
43179
71894
81080
56008
98879
96213
81334
4233
46204
24686
78087
9903
69632
99209
11572
81242
61627
64542
58330
72948
52683
17046
71891
32832
11173
30225
49327
57574
24199
75522
35814
50991
63645
86467
64994
54201
22549
54897
49412
77605
49646
53227
7406
97830
22883
44520
20691
3376
44783
16289
37802
61376
49277
66450
9835
54633
27743
47783
47490
62054
68558
71546
78541
84353
48784
61800
69524
34498
16027
85968
43473
79432
27758
59867
73953
57741
57748
48724
71121
33849
11708
25320
52284
2108
97081
87935
52539
15781
56964
14943
95417
98147
60436
50871
52608
14752
15807
28230
27764
60771
12755
79715
51890
50214
24024
53827
6979
47513
37494
95959
13260
69056
13043
34794
84044
17039
71365
77852
81199
54475
61979
77641
7940
16966
51297
71428
8846
62741
57297
67334
70782
76417
75455
61478
41639
54266
40102
11061
42191
10625
4289
83338
35041
87857
64103
14866
66348
71757
55437
56954
28125
10200
78749
97614
4164
20924
2514
89814
67278
41564
36872
43405
64806
14421
75435
76228
77854
31154
29863
2412
29329
69443
46081
50336
45419
40402
76383
34658
55850
73121
74789
39284
13903
54026
97013
2359
50940
13364
83366
56651
24331
8910
90222
3350
86296
5904
17152
37143
1101
15818
54160
25194
65453
59779
53421
22119
6982
26382
62897
19610
48340
4121
5945
86072
17205
38156
26792
24258
76662
68138
50669
21794
82618
12667
92220
18773
6751
31367
30602
38877
6702
91226
5845
52938
9553
63488
75333
86536
88768
49554
25542
38145
99230
90336
67659
61385
42678
22722
91548
69999
79184
65869
89517
81296
23211
59395
96111
68323
18936
96025
67167
2011
43510
32575
65392
47604
24239
2072
18207
67948
27615
56303
5065
42564
59379
93924
85110
90167
45098
4314
75622
88597
60437
1634
75515
98216
8359
72229
91876
86204
23395
64367
54163
27072
96644
96961
69948
93403
21250
73300
96362
37407
20678
28762
19702
78811
51338
55475
23088
95046
72569
59258
44649
8723
13071
27005
1581
57103
72092
60725
72122
86483
31007
41733
45725
11213
3195
96229
66153
75914
43212
17256
71815
54864
5312
36372
39122
17042
55286
47164
66216
24223
31546
54395
71979
25776
72672
62881
73092
5597
92250
4405
1349
16630
57917
14410
6366
62789
54571
23113
50599
40141
4356
73308
79623
51007
59528
34645
15662
67020
96583
27906
2197
5229
75964
62770
23579
16951
89997
75289
40707
29129
32395
2850
87993
61725
542
93039
16585
1622
3656
85510
74388
23981
38280
64169
11803
66508
89887
37162
20500
24343
53355
42201
91558
50246
16526
84170
94138
67876
41149
77802
20229
1534
18837
16802
27614
68437
41415
59995
41286
37415
97501
14016
73073
17214
85875
77904
44962
84346
77758
613
13221
60263
9032
87036
74384
12448
27622
65612
66163
9425
991
83967
14411
47110
78908
98236
58476
29353
91120
29307
51979
37019
77890
70813
86353
15038
94816
27315
31832
9222
95234
54596
3587
29188
82756
4429
24677
65932
34625
69984
57774
89516
93827
62296
60393
65661
20245
27452
63374
43489
94789
88776
10657
52206
9016
63161
60728
49257
51037
68765
97225
18977
74163
87115
85158
7576
75350
12051
642
29118
84532
2959
46375
61663
39275
11930
2222
54453
28286
56875
17431
19075
38892
27299
40415
43500
28832
30630
20428
79299
80469
57342
74550
59037
67302
2402
22569
94742
72098
20340
98563
71626
70033
15924
80002
41673
24651
57721
5156
68514
60569
36572
24535
26890
61872
4795
9895
59947
97377
82328
2118
48763
89637
75698
90904
5499
28792
83924
53341
46451
10459
98454
88464
16341
35596
9340
48939
79797
11794
95362
61409
82883
87162
82931
24456
80637
87364
53140
42138
86996
53552
71178
45002
60536
75387
99871
70899
55603
21858
51253
91599
47579
49028
40346
76266
9078
64839
29745
25554
6970
66074
7427
93853
82943
59848
53660
28646
10691
80549
65924
96486
6663
1789
98935
22292
47486
33631
19995
20394
43494
22704
44068
61775
98408
97849
53432
83266
452
29710
70085
11779
53803
77756
34365
65563
98709
43036
19182
83919
32363
13641
91082
77513
73667
76920
59375
60971
53687
61246
76083
43664
75985
11681
68909
71347
17563
2055
45377
10554
98693
37806
64421
20528
5981
30408
73585
61931
75014
55091
95480
39340
32476
88008
37702
62488
2336
23866
28857
84033
62176
49005
68113
99009
8528
93518
6513
43988
55832
5983
82173
90353
69557
3469
54002
38849
58407
77056
43977
87480
18429
40445
6650
56607
26429
61840
22191
7790
53612
78742
87167
49694
76552
23570
89702
15368
56793
66046
84399
45328
93530
56994
65112
25790
86687
35393
24147
54251
8552
63998
87227
25056
75319
83866
66326
60380
20028
67024
10098
80658
96173
609
55989
54860
86056
23476
10791
82001
12386
71677
68918
59229
16263
67897
90105
95787
6359
46824
49544
17904
36393
32364
83777
74451
70558
39732
91913
44167
11372
58456
31166
24748
4727
68007
88673
97772
55465
2669
58570
68338
86883
75267
67920
80723
47616
16862
71513
37979
80890
4542
76426
43337
86226
75123
88148
53093
62185
93566
69843
99425
51385
86336
45756
12617
26323
72597
87949
43210
92485
22659
56144
86417
28949
36906
50984
35528
62764
73279
51597
60599
52848
74746
37521
21938
26921
29035
76622
87923
91593
88772
99714
16155
62423
29744
13825
68278
9252
2739
6086
51480
7785
84668
60944
76234
69293
88089
53078
63743
99302
77469
50439
75834
64032
37597
17722
73614
46923
60588
33697
27559
38950
53440
80826
63119
66240
69352
7984
11968
40609
69791
66272
86070
69009
80170
98875
2124
31585
37489
82869
94632
401
7852
27124
75981
29512
24865
56774
9384
93777
88939
98788
42480
22688
19896
34626
28881
54553
95583
8924
99066
11347
2343
27451
91900
68470
67333
71245
67466
21135
621
37144
57175
33331
56249
12669
28674
30008
12694
80811
80703
47651
75040
20854
27167
45156
46725
90613
8594
53454
34894
71958
91155
40400
62342
34870
38828
30154
94215
31433
50152
31065
19912
79015
86959
78734
63992
33783
50189
22109
30969
22009
6726
19471
51352
81967
73005
9205
21326
47606
44513
34822
15296
47585
70865
48299
49384
26348
48900
4847
58704
15621
43171
81914
31897
37382
17799
48128
91139
61927
58668
87202
509
87886
69265
89872
51218
2749
72547
49625
60833
40833
81969
66257
13278
24703
14088
64777
53425
42772
60682
59819
74200
46721
55370
13495
85558
46973
84509
74625
42709
51163
60829
68988
46746
18583
35526
83898
46315
82962
38628
74175
93614
41044
39653
93804
4457
43311
98058
3779
47070
18279
88506
62078
85388
89635
27202
72736
35445
45961
98426
8298
82656
47330
51322
71823
91148
79196
2734
18591
81861
88940
90144
56805
85387
69804
61729
63764
30128
23478
52329
42973
83929
77957
47703
62835
74818
58888
66383
62476
94487
20833
85214
62520
57010
49601
9932
99240
64969
53685
97173
21987
27965
29672
41229
10047
87258
44955
31303
13584
71631
23444
66379
83275
56631
18955
65194
89174
41545
7380
53849
90276
32304
21556
17592
2966
5928
78871
64059
92090
24872
62900
60963
43465
72995
62912
80786
89473
33184
85789
29876
63097
29722
55048
98202
24096
61531
53018
17682
66606
69269
10316
77690
20894
1404
91303
28908
16127
40976
55180
96889
34015
77725
79260
2797
80036
55947
35449
10649
61233
58189
7786
61598
41225
50947
38887
8549
14521
46391
89299
42408
12665
90931
41455
89154
47507
80717
79582
10442
81131
45975
17513
8579
69055
62001
57767
81821
42320
16641
30371
57799
84886
46116
62554
62923
3540
81031
47761
19822
13069
1487
79793
72308
12812
26745
39804
6980
55845
26243
79016
10927
46698
31430
26933
6637
29675
92949
3419
96374
80389
13652
81175
74543
51971
10709
14738
41334
31713
62546
5244
79910
71081
13360
41807
57219
4302
84697
541
48267
1693
4463
52599
24012
77934
19132
18405
54884
41797
75480
55834
16260
44457
25719
25735
61362
71232
1430
48717
36446
70944
85689
89700
13647
6496
3536
85177
99283
75276
44765
11818
4519
34564
58656
20797
81513
96882
8718
60751
19587
39022
12720
42930
87406
89643
20104
17754
7837
80744
10850
78649
385
13431
11923
62793
66565
10276
76454
51836
32136
57142
41260
21363
39719
65561
14084
6534
53200
74161
63624
97424
72087
43478
3643
94746
62158
23172
74715
39938
43972
32489
29248
7378
48173
53193
91411
71874
16878
34431
75606
56812
54502
52700
74566
24378
47515
58974
9617
18141
65228
77259
81662
85642
94945
92215
64045
11948
85208
8390
32683
2098
56107
8620
1325
55427
64020
55892
17668
22399
23650
24133
45450
9430
165
80288
68
58008
84922
91948
39820
10007
28590
17892
49059
40715
75295
59998
80275
16412
746
79012
59952
1455
87233
23646
13202
58360
77433
41737
52479
36152
67660
23975
3707
87728
25618
73743
92651
28466
74989
2235
93794
77456
44863
96358
88228
30156
98350
8343
54890
82073
64794
5564
39040
24654
70525
39086
6508
60180
46224
5823
55014
61511
38407
93897
24272
67377
32158
27155
68361
87400
7736
15528
51343
12882
15704
54898
10480
21391
43669
75963
29094
84175
54312
52989
56869
3728
6981
80745
4779
27369
89943
83913
10978
2486
62045
28769
4692
45542
33074
89400
69761
26553
76670
26043
34438
12952
35155
11772
53435
78304
35832
78369
19111
85802
75741
89142
61910
90345
99447
87020
47387
89926
76626
47119
69361
5104
15235
53291
51084
39849
91679
15642
48225
67913
87190
95068
13834
32852
25371
87304
88732
27790
36334
62782
97636
70452
95259
74995
56889
11816
1587
81233
96585
47623
64876
56479
89698
76311
62997
34860
93285
49202
83343
67416
59868
89703
28443
5318
43751
72616
54963
69701
30696
16988
15511
42152
65145
25661
58416
37257
12867
1110
87372
68386
3123
72497
20401
30976
41515
18499
35521
51656
53980
68761
81883
83358
34842
29948
51801
66179
46123
94504
40208
68588
12011
36984
30304
63153
58789
88493
63362
5967
12066
35386
33744
29109
59405
55565
61537
90633
61130
62817
47963
79815
2086
74680
74986
61332
78330
72594
12813
18805
4506
50438
32579
82307
64622
54569
13193
34088
15941
96183
92443
43054
59817
94395
58138
86917
15897
44087
35599
72181
23559
33163
19396
42933
26108
73926
83036
90540
80480
71906
52359
19224
63941
65060
55031
44811
24826
44519
49065
19800
59639
23416
67180
21085
46682
52432
64073
73654
30712
19402
50333
89811
68928
17414
46225
33789
15994
56831
33795
27494
5004
96389
14957
55112
94687
27723
92355
93002
52811
94285
36924
69531
45129
2604
82826
34370
25907
85548
73993
77810
19955
8393
28667
34531
86123
10239
74116
50058
8866
89599
75577
24439
23449
54304
14646
54500
47457
30668
23222
21777
20151
99339
10907
41980
64560
95333
93375
23504
31616
38956
49936
30670
53430
56409
60295
88398
29981
91054
17057
49032
50515
33604
95586
8260
97527
38208
26236
23839
73950
36596
28080
18186
92469
15448
24227
38873
84803
10770
30471
4334
3820
36513
19213
94567
56401
94023
14507
22944
6639
26328
82514
21647
84780
34450
50663
19051
49398
86278
41644
98120
89958
52460
22367
96082
42898
39143
39611
77689
74965
63294
78099
69134
13564
4444
24383
62630
33492
99729
33591
42611
38837
32779
734
50407
45533
87308
67012
84094
96319
86654
76397
67150
31620
56040
3648
29769
30694
52870
72682
60084
87861
96446
90717
99855
21321
54950
48694
64100
17242
99120
51919
78048
56182
61948
18053
84231
5061
82986
5141
46656
89290
99772
70868
22485
92459
62245
10602
46145
36615
60823
97187
78489
32119
25935
44122
68546
14825
93088
64436
18090
78963
7877
23029
21788
93609
74436
17203
4530
65640
5386
37684
11534
27895
31443
51578
75130
56427
4147
28712
52232
65909
19426
40752
4517
5377
32205
91225
52213
19279
5746
37690
15865
37576
97269
57841
82323
28279
97961
90415
57617
42370
87032
88323
33354
90901
59022
43704
76160
61367
3146
19846
26344
76447
19316
67206
98831
13441
57777
25653
54730
29042
91751
94941
83167
985
37244
10095
96267
11707
28438
96371
45774
11441
43793
15491
85792
32620
87716
80772
91796
61069
43052
95420
64245
57055
46935
74324
16538
16100
32540
54957
70032
80856
26011
87540
6216
79875
6074
61806
36917
65164
87026
42052
9490
58270
15660
30492
18335
61430
60164
97487
66584
4588
66242
26087
91336
73026
33156
4423
95158
75388
30977
52982
32834
82058
47081
82879
65154
69311
74014
80611
46942
87674
40112
91108
24567
67393
58168
80803
71314
29065
25162
31
79971
1079
40599
82709
98854
80533
1912
23827
57311
68554
9201
53762
13206
11175
71866
37777
40410
21070
70882
64232
70857
76175
16875
49980
27266
27420
8479
83407
99498
17006
36958
94634
62345
40789
24655
90371
53735
22670
73133
19501
94642
72270
61793
66142
20785
43761
56698
99731
9304
78574
80284
63265
2873
67089
47103
5960
99497
79013
36329
71393
28699
50239
9602
85800
74556
36462
52653
10849
19290
49891
46062
15605
44933
68152
60043
1206
34115
54715
63750
1578
30620
12521
68584
58773
91745
12652
82387
47942
18480
39320
182
88969
77199
98283
64672
56970
66701
93612
14269
12419
83832
62878
85640
11154
11840
37307
89444
92610
74086
63377
62985
55262
57586
68752
741
62984
30623
84873
50473
35086
42989
90338
5034
46014
25922
41237
87705
45965
62566
51913
23219
96743
95279
61716
87381
16847
14449
31032
73989
14480
25175
27814
8235
66753
40435
28257
85003
12217
76342
17634
44042
63951
38063
35270
34590
5102
35620
74690
37357
64017
91568
38762
23198
60334
36549
94260
88639
48873
50007
30618
59877
29759
80712
42778
61477
79912
94934
15842
14512
66911
93024
85575
90737
39749
70977
71753
41911
5488
31917
94557
98743
59525
31795
95000
32684
13114
95607
95308
15269
31719
12416
96124
47424
5940
42402
15592
62805
56703
39997
48711
6154
82822
4333
24192
48999
6822
57481
43432
50921
55314
41757
11008
92964
70669
40083
12069
44983
79834
82034
83756
67399
68445
10319
2906
15549
8464
25155
46195
83130
26550
53770
79925
71159
76957
46791
49728
58462
16222
27572
42769
18404
33728
11308
85048
40684
13870
57665
10897
43313
19012
66751
85778
57466
69640
41968
55931
29420
84840
90100
11352
46420
41922
70946
47184
25947
65314
15026
89794
75347
96161
62963
40724
70463
84062
20049
74462
28528
50169
18214
85100
6626
65725
32230
16475
38687
59936
67475
22889
12901
22188
40296
64404
37443
53401
97288
85629
11248
78676
37804
26436
64304
68691
99963
22120
61963
3616
51746
17779
79640
22066
83192
93760
71519
20074
70200
45222
37881
94420
59717
48613
28441
53512
14515
54579
43279
25775
22677
91031
95001
73115
41291
77457
84587
86504
85696
29205
35505
69669
58619
22012
63770
58528
16380
17621
26552
72792
94092
22748
51325
93185
71774
72718
83108
8793
46661
44786
82330
5756
62684
90782
35321
28525
39526
47385
47990
28879
78956
58653
69313
34216
94178
6696
11895
35653
93886
21576
58937
72145
48118
71688
29310
28791
63623
61025
59997
67566
3336
32051
69867
95656
76564
5199
53577
19811
93325
74896
32274
15501
9372
24919
42433
60361
55863
78017
78289
69297
4547
70678
17047
34445
17477
52988
20164
5233
50419
47128
62639
2314
26589
12535
74507
35729
60508
69506
80945
97912
6083
70265
19985
27171
77567
90028
9547
27253
79898
72925
34839
20021
61698
42715
60049
87698
42976
51683
64310
55710
5947
74973
69254
50803
65449
46858
87578
40771
43393
12130
23069
70546
22116
96872
43497
91
5587
99976
32336
57462
43281
50637
6109
29186
748
55655
71922
93503
33651
40167
40964
13528
49369
3125
81200
32839
3247
94336
7371
25985
10762
27952
27388
31191
83591
32564
92518
35560
35988
11473
68116
28442
70406
7271
37295
27768
987
91426
71388
81204
56007
32807
48721
9597
22442
35585
20208
79468
25410
57258
57222
89337
42766
51179
11300
57706
60202
13705
34974
73732
84940
57931
10115
69950
78253
35064
30700
1118
57705
96208
27727
46873
68003
1073
26990
47845
27075
82948
29496
76487
3478
74141
44065
17253
30607
45283
52044
59809
9462
19664
91652
96825
10900
73368
19423
80291
16577
1719
79743
93081
69013
83555
98136
84360
53274
4494
53652
30293
10019
44756
36619
45874
76544
41604
53759
92025
53169
58110
28723
14527
72590
90696
98568
42108
51077
41866
39030
29185
20168
21883
46339
62589
97608
48544
73773
91858
42323
69575
33373
61774
50078
76767
78831
96366
74093
44308
33038
82895
63424
86120
83938
24523
17076
93336
65499
95187
88234
74266
84402
76250
47478
67749
70420
25375
67484
38383
54956
85987
88990
84802
39575
81084
14012
98420
48913
14996
98713
45588
66323
58310
14011
56170
79332
45783
24256
28401
42775
98320
93234
44877
86436
46769
65077
18288
38182
80737
75916
48442
78530
70739
76707
37744
97767
25524
99176
32343
17143
13941
19670
85720
14138
35937
14910
6633
7393
43702
81480
45522
48990
4894
6118
54086
60979
6290
83650
44502
31397
81170
40119
84121
37722
61542
77623
72211
40866
98878
14457
43549
92201
59028
64941
83011
1423
2568
95518
13238
31436
41685
72524
31169
16606
20648
67104
6877
28534
3124
35930
89368
55886
85754
27257
10838
74172
99049
7753
18551
81405
6540
6385
12959
85298
85489
10150
38166
15387
2990
8325
17347
35559
93752
80720
24078
85483
15005
86066
92871
96394
67743
10061
94647
93679
9877
96760
29921
82142
78775
94973
93445
26322
480
76527
29117
679
68940
67246
55619
26808
55184
99525
45901
29184
90674
16719
27595
98292
38639
19346
5988
77734
35967
25079
60430
2943
36295
11170
51834
23070
26837
64113
93278
66526
12004
66869
9750
49906
12896
64594
91041
71843
6152
77180
10338
30362
61856
83118
23129
91563
86430
15805
79592
49386
39507
57167
81365
48732
44910
9898
4722
91629
99308
42884
8006
63407
29308
12481
30888
25312
72104
44050
44830
69534
87077
43063
59292
54358
35583
88174
49464
26068
4881
38284
30347
22386
86301
3887
65070
17090
98744
58539
71856
13286
45169
66998
18740
53963
8684
41281
76042
1244
42635
47028
94386
9596
67406
96242
76390
49940
93955
51520
2864
79308
74673
50952
30558
67069
57570
64102
36008
45501
31726
22347
98769
91046
40439
61317
26052
18527
69120
18585
96313
12893
20333
86191
7823
12430
87688
60118
25329
94387
88100
98391
43070
70520
29517
18281
98717
32808
38591
75769
27581
98932
3056
33011
52800
93122
52768
93087
87104
59656
34353
27789
70929
39321
30548
57613
42256
60004
19908
78917
70694
75419
64275
62672
41327
49888
6334
99719
83126
41994
97951
20628
21704
70235
25095
17289
31733
68273
5333
62816
24468
94825
48592
18874
16683
25677
91838
41394
6436
85157
53354
35338
54675
87973
34707
70930
85841
93483
22943
17741
52061
76804
84290
34730
38010
34148
59002
77630
81915
82153
60741
43966
60270
15776
46658
35631
31496
82641
32559
9177
2802
12390
78651
37783
38937
94316
64200
38313
97545
55907
22067
47025
10682
59452
34562
75833
11889
18907
53646
51627
17917
14080
97488
22424
50849
50208
33519
40566
9415
18859
8729
50779
58806
31324
12588
34189
29097
57129
27345
5382
29088
88111
81854
66987
5787
78783
70123
41273
14019
47868
80681
56165
6566
70102
16670
76116
41827
96231
81668
92342
33915
21637
64488
84427
55506
44865
38328
55958
96728
58022
75485
69099
25626
75264
10397
63655
73991
14452
31025
2436
60441
98269
94391
50448
22910
67905
83487
83097
71297
97776
30411
38561
64183
80604
33797
65655
69067
93569
94449
54138
54854
49107
46127
44103
1225
62832
68619
44081
81442
83165
82445
79638
18610
7278
26971
63042
4558
12536
2892
98059
34243
92594
99247
69364
80759
75407
13217
73254
85062
52974
35853
21220
41884
21305
58495
85523
16945
29132
79621
51278
13503
10864
65548
50188
67673
62303
66735
52820
58028
34012
2435
58421
34213
63529
49574
58838
47292
10337
44534
46957
51830
28045
62248
19997
82147
14836
90139
55478
58312
89124
46406
91924
91228
82052
77708
66551
11676
10778
41030
70298
62014
3043
59633
78653
5659
50978
38936
85199
64021
91194
66350
59587
25955
70126
52757
1941
69469
97093
55732
80429
6985
75671
69966
68743
75084
69748
98045
48205
5477
36345
769
54058
32913
92919
48127
31569
51421
35302
39105
74041
647
80619
10391
54031
11939
44613
82450
69786
43672
95644
60990
27004
56761
18734
81999
93585
19375
83226
60969
8946
1359
66688
7334
91288
23269
28165
46378
82041
32407
25403
43599
45302
44512
48902
59702
1273
78506
36365
95716
35847
14365
97900
55096
38618
71716
65745
35453
40773
28035
78918
8408
26538
31093
10129
92680
72721
63933
6532
98516
7518
5452
7431
52461
39639
45551
29382
28838
66267
5503
83819
84099
70013
71917
35594
95275
30088
7462
84912
67864
18715
40766
74289
93587
1854
47813
70309
6512
66555
25812
61360
61591
4897
67190
69489
41658
67430
18705
79326
75015
17182
94698
45976
67097
84208
23843
15620
22526
78252
60179
69123
87891
76300
48440
88587
2074
37921
71311
97612
47200
21344
91380
54595
23220
24466
30857
6698
49955
91104
47608
8491
57182
34802
63078
3928
40352
53271
7978
99502
90069
45160
71227
71911
14086
34024
54716
4321
34440
27472
76869
81985
70783
74638
70931
10199
84264
40986
13883
51064
59006
53573
91814
38882
80067
6519
88808
66801
31254
87975
58589
84601
66915
20085
88663
94263
46723
91802
63349
76415
43514
86463
74005
46703
75576
43883
1159
99328
48286
39115
41714
84776
7866
76797
71372
69178
52597
39178
12
96458
24646
69237
6207
25737
30091
22274
60206
12994
16003
56326
48839
73384
26975
2649
87726
13199
41933
58359
70989
89033
94271
42303
88099
51010
12485
73717
70104
12787
44615
65738
75178
89616
76065
222
12724
38552
76819
14806
39578
57053
90021
98515
38532
60955
24043
15321
15024
95581
98550
8104
44665
49220
46888
99980
49740
25218
91312
32930
45168
26094
74437
30864
93096
89597
63821
9248
32143
41760
43518
10614
12866
27676
82814
39170
56028
5205
51647
22226
10156
95293
31752
69739
39516
3992
31453
25283
19048
24401
3612
94844
49465
50997
30108
60044
10277
92687
83849
48614
13101
6093
51573
43448
4524
75075
7678
36626
20146
51853
22129
78698
65302
60501
98982
70785
88048
79109
10661
34061
55626
17437
69998
74109
91229
75580
78585
19862
71667
57285
15072
72316
83257
66012
137
2264
23018
61759
50957
7836
19207
37657
11969
76779
46400
99850
46345
15497
37545
62404
99898
9620
76693
67731
4446
23020
43192
60897
91434
27305
94096
32491
37618
74412
30505
66783
84953
17568
58390
96589
32621
79293
18153
72041
35361
53555
82845
84282
93286
71498
21652
66725
94650
56893
90603
35864
6699
45899
55954
45151
60440
78070
27336
45215
79435
68300
50053
68786
19121
90884
47373
76799
50434
43688
13393
52851
14903
4016
51419
82740
27751
71110
89632
49988
16800
2357
9295
75872
39485
91015
13774
47522
59571
28311
71371
1661
4879
74107
95074
59567
88643
44401
84504
3432
660
89369
27397
8773
75592
7712
18247
60056
27663
27243
70317
12656
34499
1699
94942
88379
8575
59584
73171
93751
91272
65425
1903
93546
10517
74495
66703
64161
59438
62041
71534
58325
38774
81819
66985
166
23146
11888
26284
62462
30137
43013
87636
94247
6090
58484
95483
94514
25468
54660
3055
60371
55823
9451
48845
35564
68441
3194
70353
49814
63229
15846
4861
84474
3256
32400
94381
46525
90555
40116
71974
78387
47192
60186
33510
85353
94460
75809
23053
27516
82799
98316
98866
94570
69090
4271
37177
19839
33462
82890
80054
84865
80448
80165
25091
52742
60081
61993
98959
14198
60624
14906
33302
91590
37391
74394
70985
38656
17532
15740
13397
75112
53601
49696
17124
27050
80263
44521
42196
68857
93394
70831
39913
9311
96829
63861
90558
92041
422
26809
75807
93365
73100
44080
44041
31827
77315
71191
17983
1188
77688
19888
14772
23996
79244
30034
96337
20170
19174
59662
97410
45111
85765
33110
64210
58391
77188
65210
95602
44069
91362
5834
92562
13050
56694
56924
46026
49731
48178
56539
58781
71320
33975
47183
98853
31624
97017
40327
80598
4397
11788
29278
10068
32784
1893
36353
90836
18636
21674
61180
17732
53906
7087
27387
35968
87118
70084
33942
52944
95153
16507
73819
30379
17718
21805
24397
81921
2672
88678
23312
69404
33843
93138
8712
58477
95347
56004
62742
34054
82911
61134
30373
77489
62452
37913
29502
29660
82657
43453
18554
53159
93627
88104
34425
40660
39200
57508
187
58362
43770
48746
22035
5691
92560
21686
373
84448
10088
9310
61252
95165
10476
42674
32956
89481
27002
4052
93283
73004
2252
97443
48664
98582
32335
52714
55460
89998
67417
41270
66464
42464
74150
32071
5572
95727
43644
20129
92914
31140
96936
35634
45919
65114
71149
49919
33335
71221
54725
60504
64664
13892
88595
18708
878
82035
61906
95449
66462
58174
18030
17397
79116
49976
50168
6292
58264
72584
57354
7224
74456
19612
4053
57813
78756
70742
75759
30747
42243
64129
2954
59485
85055
25466
2278
92678
33177
6646
79680
3461
51926
23019
29157
30576
67259
89833
74354
51974
81871
87184
56255
70731
27529
97814
27313
13025
64750
74463
47640
32554
78606
44700
5832
89906
23212
53364
95175
45911
76577
14221
28349
2539
71769
62489
15622
19553
33144
50197
10251
59762
19287
30701
58855
47595
27937
17395
73936
59897
49617
4156
13208
58212
26278
5154
76997
22480
64083
23495
74321
2105
6669
16520
64381
36573
76080
4257
99658
15780
28412
2828
90748
66289
60462
80661
14842
90449
79045
90020
32986
22506
60996
43092
61709
76803
59167
3168
49501
13127
67349
28805
62783
65517
109
32221
19333
7768
27475
12774
48445
52840
29982
23877
89512
90237
765
53891
80433
77013
59255
94066
80215
89679
3784
43925
76309
76149
17091
17158
1006
81241
78032
20375
33350
64709
58732
29643
32826
49585
25243
77617
3636
32709
90432
8825
74534
43709
58820
4092
71730
44708
97771
68448
85315
42949
93450
41496
64106
25847
93064
76645
34268
25248
40155
50118
28210
40742
73034
99489
70605
59667
66371
12562
40173
47728
52287
57404
75506
12211
51624
95272
71313
31219
94169
53958
54109
59267
74108
71319
35150
94214
43680
69834
10179
17624
93762
53268
99751
9166
6277
3600
79850
49375
68482
31176
47665
60474
95737
56842
96024
95448
97687
74727
40626
42142
8310
16552
29636
57281
7901
13563
35378
72612
22285
55503
77118
8108
61474
97411
63999
57671
48947
71457
12944
55698
78144
34267
76445
18085
26951
42358
89319
15013
24273
79443
84238
51876
982
16689
13177
50567
78006
1012
76625
34199
36609
69155
25081
40522
79228
81595
54005
46287
45481
44379
90856
57068
41088
83093
66908
79422
97157
52169
70632
85787
79836
81068
4485
71834
81755
90326
58824
93018
43164
5578
7346
26085
96228
57551
36775
12850
66159
62291
27696
35619
66270
1296
70651
50115
27287
30259
61193
31301
99610
73250
14044
33076
17040
43638
69970
82941
72178
48566
77722
53974
39621
6112
52607
77747
20904
21786
11937
26497
3993
50165
63401
15130
61427
72750
48820
50088
25009
44329
8184
4800
52632
89420
62626
5106
5930
49054
95519
5782
46670
22112
30816
55131
58717
72272
65266
84837
16682
1367
73579
97134
5345
20559
13695
91873
84440
98523
87943
24773
2333
67156
61239
80066
22312
33679
47111
6722
17417
24065
42582
22187
47027
52913
78147
23457
68547
64521
39558
35232
88949
29556
35351
91179
36280
7740
10256
31485
26720
95201
44332
74149
69860
19240
81463
39595
80077
26080
4772
706
95552
90262
54330
10929
81869
96943
43217
42360
24240
97466
73095
65440
30768
78729
28347
92856
99860
87450
39923
52420
71239
30361
79209
28243
38840
9740
29803
89782
88862
51361
16576
69886
89901
69615
25045
24102
43941
6579
76721
36317
78770
16954
66750
32644
92087
26759
85452
53921
30946
46887
69647
5470
4064
92410
22705
46377
74378
92496
37146
33180
12082
38583
92782
12151
28627
63435
26964
52310
80777
23563
82748
68391
39161
55343
27021
18217
57691
49608
11439
65518
47076
2466
29826
77368
16101
41097
62581
44207
25763
17637
39454
74976
21381
13935
66185
93870
94596
62283
48609
74050
76267
25520
7592
92193
15553
13329
92679
49687
58973
24848
74791
70986
48115
36176
95370
99013
9013
32465
93265
78805
90295
68307
28461
29044
85705
42218
97984
21947
25681
93008
23398
71599
75967
47800
19315
14370
50265
51334
83812
11358
44191
97510
31037
2394
56089
35224
39405
16050
64679
68589
94737
89088
14334
84043
19652
56796
26007
62882
67477
41408
47023
14819
81913
67093
72110
26452
13608
59060
31785
36822
68734
22666
38626
38690
33046
60429
12223
62575
64470
99607
72062
58399
73170
7545
80196
1917
76178
46871
10922
83328
21245
24607
75044
34825
30852
44134
11904
67144
51586
8307
56160
70893
42887
92417
15243
41712
99085
59698
16362
71300
53609
70668
11974
41239
29171
92587
23311
58949
41417
88706
91058
36342
84470
39942
85582
84434
1996
43649
98325
10570
98248
95530
40510
27380
91087
5646
65767
90364
64090
50571
80446
45565
92649
28303
19936
93482
15706
67222
23571
97457
36591
34483
52269
13920
85594
94702
25222
44969
37117
10334
54694
1946
6018
73068
81476
34238
1668
94417
28815
21970
83241
56362
48203
73823
94071
461
59967
51445
3345
94262
62505
26711
35059
13527
92246
6222
14764
36553
63579
67782
26744
46809
13857
71533
84205
90183
87867
32056
72147
21317
25180
13620
4900
65241
64190
84822
7759
24590
60961
6253
40778
20207
41150
60094
57722
50658
23775
57268
33617
90615
5758
52249
61510
8168
40897
9256
56643
10485
1143
96256
9780
18483
49259
18160
7020
32887
48785
36503
98339
62857
17129
70820
74859
42691
25121
21330
81736
33145
7794
68460
16890
17955
27649
4832
53201
65576
68696
83427
25850
2697
81751
10782
64900
87369
36849
87586
95276
51667
56641
60583
39160
76722
42624
62847
63620
23080
88629
57692
73627
65947
99905
629
32710
7998
41513
68583
11567
63975
21260
72587
66042
25454
87616
47178
78510
77749
97832
44777
43847
46870
39488
69147
998
41148
35928
5262
85617
59042
11180
88946
82830
92227
21187
32443
82237
6111
22930
46470
27240
39622
99736
90976
9799
4290
32242
10645
94020
94889
74352
63468
58865
79363
66543
28680
12754
1986
97878
67697
86287
19371
20403
63336
61618
892
46227
95381
96841
74803
5150
53821
78497
59909
86627
24184
61696
73020
55354
16234
12154
33399
68631
49252
48116
19719
43128
1590
47161
8859
46762
6523
22995
70878
66053
7017
87209
54326
50994
46655
77718
18505
98723
60058
32648
36821
30165
80773
91828
41325
72412
53333
70938
45425
11219
3236
78932
26944
35052
90839
33533
12800
34866
1313
33731
66897
1747
99074
69163
39337
57089
44698
33475
74518
97768
7857
53396
62094
12578
966
49308
53352
56174
98859
31035
99439
34493
1584
37107
9165
32468
88231
91519
75095
51576
23173
60815
309
35278
60398
64368
25404
18013
25004
80595
86444
36501
86003
59917
95274
64162
99465
80502
58039
6835
80714
74423
14415
66168
5451
2613
52243
52380
45383
58308
25296
25934
88087
97942
34845
3262
96927
71830
57948
59429
5536
32957
48430
47261
67975
70075
55057
64366
15547
10923
90535
16104
3937
91794
93554
33557
42351
30541
13732
44904
12452
70697
36891
49271
78752
87948
20316
86189
16597
94376
62841
3694
5346
6438
88263
45710
18934
54470
9303
1698
4735
7207
35569
3153
73724
50198
31504
14272
32950
33333
86101
84969
47572
97760
79224
19650
61279
51193
9935
60103
2949
26585
78962
25791
34259
93456
81174
83892
99030
75185
6476
14412
14492
66695
95682
10255
78067
67396
40872
73140
83663
98766
35801
41079
9250
53397
2441
14439
40294
61985
18899
17675
52531
39987
14930
98465
97368
24963
93784
32850
20901
24764
66505
79669
60512
60207
8860
80272
1625
36283
42037
57359
13546
63391
51009
27310
49960
63360
32973
24016
74332
2946
46425
10377
34310
21588
19808
26548
71573
5877
55585
74305
5432
49883
53856
29681
67739
84401
51720
63404
72474
30527
28809
24990
6575
24566
6556
76451
35491
39564
915
44643
52500
33818
94516
82549
48634
71339
26353
41100
66433
4460
88724
6656
71235
83629
52207
15346
34127
22372
52812
68230
49813
18049
71706
1701
63064
73931
26156
21362
92415
30124
64197
27921
52437
75056
12497
345
82265
29197
46273
92203
25689
81096
12512
20439
79508
59227
82677
54130
1502
65587
29233
75753
42552
35504
87661
87976
34100
5954
96114
77897
41429
95020
92462
57003
13293
33277
39544
65116
9665
37617
15668
81227
14069
29662
11850
85837
50535
71601
23356
17860
35250
16007
78675
69972
28211
8086
78544
97490
82697
96346
91077
24997
58286
45484
57868
93147
57211
89842
95464
74169
18054
55292
53579
98529
17666
99608
98488
85367
56695
15424
29156
51433
27712
87690
58406
26870
76785
18173
86232
22361
70244
13599
63128
22834
41300
69988
90924
50700
48189
44937
58036
32561
44938
98053
46710
89938
23858
60330
73749
97939
60917
78266
33114
8113
20175
89219
19271
65130
48084
62560
27344
16894
57020
40764
24766
41227
67459
95064
49872
53835
16331
82713
67154
20624
40709
77776
37214
28371
46335
11474
54651
67754
70191
11910
17255
79699
98950
93418
47993
53627
52411
89090
57648
86438
99379
48569
2621
23340
97478
12741
58731
67299
28573
20875
27642
6332
49133
71140
48135
83398
90798
34372
53671
43370
38431
20463
51447
29498
30005
10817
20620
88823
53913
2972
2350
67424
99792
44637
58223
34622
19960
28839
28932
88173
15477
97458
19494
72233
1013
60616
46449
99127
78914
92212
92475
75288
80710
18421
24274
49348
8057
83012
39999
14856
66747
37549
23633
80115
69892
79338
24361
86597
7621
86898
41048
33471
61297
22139
39626
16206
39401
33285
68347
86486
59140
55423
92502
79281
2893
7012
51
97355
8402
53337
94686
61807
47594
8000
12462
8425
90747
88522
94620
61695
58876
82016
2085
77946
3059
91499
93125
26186
94267
26340
1262
21823
48045
21134
47074
95990
71281
90062
3539
71133
57047
32774
27464
84529
10361
3436
82615
44879
61109
43487
46616
47394
25792
97083
82214
52191
16282
70543
48782
42501
48398
98468
30556
52604
99907
80113
65998
85033
80052
25159
55416
9548
93610
23700
73445
81857
41893
23228
96655
8416
63539
33225
94236
55227
49876
82893
39739
76706
67060
87507
10406
70300
28464
78177
84811
19475
99139
9487
61822
47414
10120
41066
68210
39723
35319
18765
53101
38957
48062
57962
53807
19432
18309
83368
34885
42818
96126
86230
90532
74302
87922
6880
30136
60538
40051
98405
27248
41074
26732
96058
3159
50605
73036
73930
99292
83417
38233
6475
85996
80408
5397
75514
61998
393
77119
71539
24191
10562
44603
31006
91583
52713
56670
64255
3607
415
37974
95968
6026
15992
5458
19543
32523
96372
33674
58654
47407
66832
3825
13342
87977
58622
3674
96952
78382
12983
28130
23562
45636
87255
44267
45205
12981
66146
95393
9705
80501
16880
59860
74887
54180
93451
2575
16186
6429
30735
35033
79939
59617
17660
14991
60602
76486
48856
5361
44394
67151
52265
23944
39100
78534
81197
7131
76103
48185
51499
21235
59949
83867
79288
99974
51997
30284
89525
70477
89730
47654
97215
58054
34578
25047
57192
56632
92381
63685
61273
41218
766
27732
14740
11759
55269
41857
55504
81155
86460
69831
47903
77588
86327
43798
23285
78866
52308
53479
708
66963
18933
62125
96898
65791
11637
57069
91458
24321
95872
58724
98678
52912
29126
97208
72242
70590
33579
17625
13765
98813
90202
40814
19193
39476
82158
6013
34076
33205
91244
39582
52748
53651
34800
39237
89451
1627
41356
34597
89303
76106
84701
51450
36244
90792
38023
28752
87087
50156
79584
1165
25614
9599
21773
39029
54147
96326
63218
98626
27184
931
60411
43053
71128
71262
73333
66856
67107
77913
96422
32949
18363
72614
22196
18071
23005
33067
44690
38722
63680
62765
20220
59462
34760
11992
32483
17078
32663
74942
70495
59802
99364
90917
6652
23294
36037
36797
84868
84653
33692
84313
92436
43922
68813
29824
25986
48157
53526
80683
63939
88337
84068
5721
18910
78168
82415
95597
80955
77045
54019
49362
86962
57000
21458
29335
62495
30319
71061
8211
36154
45180
56724
53763
81732
75793
46949
90936
99997
49476
70562
49232
25783
95156
62400
65471
87952
46774
65634
62010
30643
33378
4200
94780
89587
64902
39580
77234
5574
79546
98411
33418
89640
27504
64167
20688
47740
27946
12933
42987
48700
3774
52669
95927
62148
28775
7772
62482
15061
72977
41369
51072
56246
70538
13646
6479
287
82878
92276
87052
4646
92033
99002
28321
26549
58920
66787
75937
22374
52763
58979
11872
98758
743
28820
23086
45510
2370
85105
97997
91212
19716
11318
1192
28377
60375
56717
51501
98425
8863
45659
36762
26400
80700
16374
66154
33295
82968
81825
82274
3994
44702
83015
54750
91048
13876
99149
75762
59402
39038
31017
66484
42866
11684
756
25576
27526
28608
26297
15658
79593
80570
81455
27270
20975
21486
2831
32054
53402
56138
15773
87664
25402
19097
60322
64620
5405
30260
22182
13024
67412
21191
31562
79173
40514
89941
18129
86190
18473
62175
39467
14946
89135
41854
95635
58965
2116
56840
32814
77777
54199
24216
68447
31349
73295
16028
75884
27621
1182
75140
84839
46517
49566
4421
63135
7524
70834
46504
73305
56959
58404
5623
54068
13901
9151
45910
50944
10348
76213
74171
34021
81447
22547
41103
60336
26621
81860
59217
6812
75323
85330
27204
91132
70674
68277
44488
25189
48031
27918
98969
59305
10078
29105
81467
26022
68852
36713
71593
15825
34304
11403
17672
48078
26144
22999
15783
96604
26440
65168
48373
9783
14094
21933
93453
12227
66524
42355
26899
4702
34166
30344
50503
34500
61816
87994
61917
25483
29190
48948
23470
4713
87899
53426
77451
80568
39090
18844
86587
5580
71087
10662
43231
3499
9234
80357
46237
84760
76443
47175
80083
85503
36937
11516
50933
65596
46075
26170
73436
27542
88060
23653
5997
8545
85904
85649
24413
28376
30782
51326
53063
93709
94162
18338
59933
62019
4477
50500
52048
92915
37786
66005
84637
66083
82209
60866
23791
40241
61769
1866
56299
67467
56543
75162
62715
1795
79215
51668
44627
62318
43245
55084
81181
17689
52277
44346
35990
51548
75974
14614
31307
48708
64533
13488
584
58844
53258
26671
55442
1198
71535
42544
29032
85687
15376
98341
45309
74158
637
31084
70690
88579
82076
12003
4561
54004
94101
15059
52115
31138
44961
24117
67889
46742
28924
28741
58709
10555
34727
17626
63716
46611
67212
66467
37599
12517
78170
58551
48525
27860
44699
97546
62740
45249
95736
33070
58531
78851
33840
78302
54987
40806
3065
43178
95462
3079
91133
97821
32075
5645
1819
48887
99460
42022
3443
18401
77373
97958
66391
81338
21396
15698
31875
47953
28351
27244
42614
53371
4211
5096
87535
86041
84902
86306
14112
91020
87546
28511
7216
36068
23367
24408
74102
41749
3642
83437
67126
82632
46614
1489
75990
92088
27226
82187
69121
86426
93457
56950
64416
68598
89268
28403
85017
35182
51458
71486
18450
24849
49990
36757
19566
6782
64500
29571
9364
72012
89242
13885
48184
7684
87628
97638
26330
86289
89586
38571
46355
57335
58324
42862
13516
30375
4657
66282
67866
47315
42915
41559
58517
97887
60492
53045
65866
75712
35850
66055
33855
59759
26031
18108
10297
21264
80638
44077
98193
56769
95363
7353
92060
60030
59887
558
71504
4001
95095
42729
32095
68681
94445
82292
13427
19233
50904
75121
82653
55702
20703
34490
66982
56426
1146
40
27762
64441
84291
11749
5120
88631
9840
13953
96584
92011
85516
33157
57686
10342
60919
23997
1235
78470
23890
89295
20839
47819
48624
9747
43330
41689
54687
28715
2685
49086
83882
52316
90104
23940
26398
70866
71690
13435
76081
41465
63767
85576
14763
18650
21850
34831
49178
57975
40009
49852
96784
71090
77871
37359
82541
33393
31058
38996
35173
27847
94069
10876
95027
55981
65704
43174
762
24834
37587
30731
407
53082
57318
20923
53907
37267
9470
76294
78882
29482
63192
19479
89370
56347
53345
15580
61007
85785
68927
6493
54107
74879
64762
45141
57892
9210
80774
8424
27430
96407
66580
94911
68395
73870
14232
7832
75912
96738
40900
22562
34332
1771
36505
62357
755
54722
74514
5269
39009
98146
59436
99332
81853
38263
49207
53498
45892
41026
57540
28910
37429
40584
23499
66032
463
17307
52723
97564
11217
23440
74278
13541
48249
2647
46488
93006
25440
70703
66390
59506
9925
56549
95258
25074
82174
30387
16233
94583
33047
4185
82661
84289
44973
52373
74571
3989
91869
95170
16242
25612
75262
49043
2015
61576
53438
46323
4066
87479
28031
18864
65590
45199
25134
73544
98628
38622
17267
25353
26573
27108
97328
18323
33376
13726
51860
30052
42839
82281
68757
2136
55816
29580
24891
43167
71699
66960
61431
7395
19388
99158
98696
40291
10839
1480
88113
24294
7539
5955
70171
13939
80666
10958
1950
951
52509
67667
42601
87581
67216
83364
59481
22861
6153
12205
50711
99530
46471
3273
8506
79573
44343
75236
5062
46992
28986
33339
62105
5324
57355
59146
2577
26423
93355
69802
28222
21766
33160
78646
33391
68596
13718
69495
75611
40967
82575
1743
57394
40637
51237
71852
30238
9399
18863
14430
95661
18884
94703
50666
47612
34544
62138
31543
37793
63327
64965
13830
21971
48797
93983
42009
945
90398
84535
67227
31880
26525
79378
22197
44744
22248
24506
20718
75955
17628
65045
57029
30631
56556
8399
82352
41589
75656
35723
88577
80993
77114
19435
39399
80583
22360
31129
98760
29225
90813
86790
4292
38430
6799
69706
60177
29259
99914
58275
57150
90360
91428
78827
37531
26565
44177
83771
40298
70427
62265
51679
70754
62751
1831
19756
24051
67390
54916
7682
22131
36432
42481
17067
61650
86104
71340
33837
23510
20491
55715
71565
52753
12925
23694
59266
85686
50559
954
47781
90332
86494
10581
83704
8645
71195
81274
64731
87880
9753
39126
79195
18069
25970
13232
11990
56718
19448
61751
81918
80807
82743
82093
23331
30675
84137
6795
11056
89931
31813
47463
44170
73434
21498
79942
22237
20079
78297
25179
97902
79039
57746
16733
56512
83580
70058
38602
1222
7094
15907
33297
71966
25558
50754
49979
56365
86187
77670
85976
90244
45515
48434
82123
90868
61023
10443
42459
65146
85645
38190
22731
51859
63759
19981
40441
15431
68984
18154
70980
51529
25518
62573
67112
36560
77261
78784
19748
31484
62366
3010
46532
22330
12585
19875
50628
93173
70976
72115
51793
32032
85733
54545
91941
24045
41574
98422
52645
76531
39655
80692
89345
3574
39736
68315
64408
67613
92147
43595
87281
4914
99077
31409
7275
15663
71013
84588
39240
70791
42163
99641
92935
95793
94993
73494
16960
23949
54573
61711
40828
46868
36895
55973
18909
16937
40612
16208
63908
90246
29369
61805
54761
86785
18921
21469
79239
39880
72219
98003
48114
86046
87936
25377
73761
13047
79243
68149
35011
22922
14253
72353
57784
15487
37658
9010
89211
52672
21924
48850
72949
87794
27763
28587
84531
58797
33481
90381
50219
75869
25429
89231
1389
61015
57568
94584
93208
419
35092
89612
77778
96834
19349
14977
49859
97297
88320
22828
87188
27245
35856
33303
93197
71010
21911
16255
71154
94425
57938
80455
74160
86886
87211
66280
52235
51739
62197
29736
57237
84435
24540
31580
4043
70698
53931
72970
18774
2234
24978
42364
7471
51194
27914
78379
73817
50890
99221
40459
81632
66929
19286
83333
74695
96828
4945
57553
32928
12022
69024
83969
71664
80789
41715
15733
47660
38927
29302
94137
13894
86044
21022
97452
49676
17753
86213
78690
20365
42155
50859
89079
79331
27454
41119
62512
99800
22398
12414
12965
19787
69349
3316
34579
12503
47008
89862
60518
23346
96512
50315
87576
76599
77909
14378
38564
63466
57630
41453
24616
92038
3973
32685
71758
30688
79597
21185
56732
73025
74059
86653
26495
23106
27533
54246
90663
39870
21403
5161
76088
19850
3678
71698
79387
44204
14904
44151
9047
12762
78830
76053
59938
31208
7948
63359
15736
44011
53989
92076
7797
11205
52842
92030
58081
93826
12288
82769
8466
98525
96306
27773
40172
1879
35843
60681
35440
44553
51789
96474
61543
52334
18850
65310
82065
79568
11823
16648
24874
43705
31531
12806
11731
92422
99313
99649
9479
41556
53905
99574
23914
57631
26867
42844
72725
13993
9105
38493
99540
50150
7537
60021
69866
7475
74816
17455
7322
4388
80750
39328
33545
89760
35230
85001
74501
93300
62075
29200
97547
42144
30181
34873
33296
4728
18109
50922
4579
81436
2014
8529
22746
74523
31388
25094
10458
59044
41303
90304
68235
47506
66070
16379
60070
1181
59195
38473
24827
23075
58152
19439
38960
98413
97519
39446
11406
37922
16658
7044
38686
21003
28670
65555
3524
11131
76054
89672
12546
53115
46653
37767
84217
61929
65529
29439
52245
59384
49151
62907
89134
30624
11132
81162
43099
36339
44876
34116
29429
6912
11086
1691
75939
68575
83567
92612
67610
34281
70234
18723
63207
52242
86616
11898
85711
35328
60292
47189
35844
9822
69663
90217
25008
4099
20654
40257
55421
85345
41272
50868
6820
28875
3198
38593
93353
56131
94757
54680
31923
75206
56682
74385
91293
93831
95836
41398
13492
86322
5711
35153
46226
67506
30224
69400
75868
78044
36292
90700
55168
58879
124
22088
3508
66797
41095
81537
82441
3120
38400
62644
39572
79266
57070
99689
49336
89918
81390
69937
29705
14789
46829
62510
64493
13517
99589
79796
43384
16295
75739
1681
23676
28109
84214
63862
89847
3297
38484
46685
43403
72592
45878
68922
3558
57200
76915
7102
25884
91084
2415
64358
58193
32007
39056
12942
92894
72963
64131
81041
34421
36074
56181
9555
79560
22931
81874
20107
22328
1486
39523
89873
7054
24123
49034
61546
21780
28036
17911
80372
42752
44023
41192
36777
28089
47009
93257
42579
28324
13596
30799
96186
46917
37914
81430
55696
40856
38178
57079
41257
53033
17396
40677
36919
14574
55594
44588
22114
24771
73613
93796
22644
52567
99929
26814
44660
26506
3701
95769
23648
95576
15012
54111
3268
63602
27757
10961
89840
42500
49788
50254
22505
77649
59950
3864
90645
53026
21566
61742
41163
82547
97128
62092
97675
17968
99631
40940
49066
9706
91501
60119
91469
45703
47344
41683
49215
133
28648
67058
13125
52824
71440
25516
93515
77815
12387
53806
8093
90939
45427
15236
49592
60852
16190
86048
66288
72779
28540
91021
97078
77903
89924
82843
21801
11432
76170
83896
40222
55712
11766
22141
51405
62922
19948
71644
65965
54487
14336
19714
38808
70292
1136
92179
84550
43507
74329
73501
43085
92535
54696
9048
14728
95062
75385
3163
79520
56814
15229
99454
99297
12784
29417
90556
54849
89664
34773
37174
59030
58003
24726
75171
74407
56674
27032
30096
70777
47659
13294
3303
65173
381
69526
34621
89665
15584
50155
53111
25230
38125
90235
98876
57470
56802
26024
35471
63469
91576
40191
23422
87379
94274
13729
2696
18930
11790
28553
87334
83280
71741
17523
19910
49769
27678
81355
25641
52743
32299
9096
79689
79156
35640
76473
17644
11341
71285
91484
48881
28984
29220
43691
25286
40893
49951
3564
35890
18485
19992
87905
59891
6238
60245
55737
28744
99939
86291
41552
96195
3349
45352
67032
85882
952
52862
17863
80979
94573
76528
38489
89015
35815
82868
82753
83610
8478
91550
53666
30824
22408
47737
69378
89559
44561
36964
24194
78452
92283
98952
67794
32233
33645
75047
92240
57610
77759
7033
88011
83262
26983
71104
55215
92081
73354
53528
69438
15609
20545
37369
92089
34220
90962
92255
32625
39529
14053
36399
55764
15983
13890
55529
48180
1817
15355
83576
10993
37497
11098
46017
85488
4337
63905
58830
16533
8926
81963
66567
37926
10317
83289
69203
41338
7339
80965
78380
55177
48833
94244
43048
83122
83600
140
74335
23649
16107
45832
64721
93295
61763
48942
28548
26781
50091
70600
70280
27618
29087
96077
69070
91197
78516
8095
96119
2356
5870
15952
98446
79093
60842
29193
11311
74554
88609
59585
11719
80471
82388
52759
52692
55490
84449
31257
50432
64818
13419
38436
41004
17436
15158
4978
97101
60222
66910
54893
8823
20029
84848
42867
73124
6599
66666
44153
57932
28617
93736
89555
8421
79357
27776
28759
45049
36426
79154
68768
3938
72836
96684
44304
61047
71157
94888
52751
11195
52816
34983
27844
27755
29077
41391
4202
10539
67708
18673
48316
39289
905
44014
34132
87078
68732
30315
34859
6314
74297
25863
49818
37832
60860
8607
59390
20161
22100
58278
11013
86343
80511
96089
94030
73369
48985
38853
68355
54142
26037
84581
64435
78500
71097
77253
89003
50764
77393
97879
1005
23420
24531
2159
92580
80244
41641
8735
66795
5381
75068
72766
12612
46736
39422
44554
55424
36781
7941
37756
41682
41062
78545
85213
49405
43724
86477
65696
49382
11629
92282
42929
54588
24213
44855
22740
80383
69232
21177
14809
95933
58403
72521
42951
16504
11179
76675
9904
39972
15031
82367
55694
77341
76232
56342
70715
81590
48777
41198
92576
61789
78946
49584
53497
28158
93220
13497
87733
55300
84023
84462
36665
52320
26368
97550
64820
9292
79063
26139
67456
60699
20035
62706
6855
89391
15394
30084
16349
53542
19815
72295
20507
67741
4550
16478
13212
49265
63852
61365
90516
89022
34586
22980
46211
1554
57569
74411
30003
35680
47924
86348
33947
44208
18661
79958
77381
62191
54728
80503
29257
35621
29563
81061
24225
49171
77507
85740
29828
87876
27329
30982
18132
61121
6622
90236
92538
4173
70339
48241
41576
88800
63498
67143
46327
76768
98610
21384
48211
23473
10295
54149
45999
50347
55231
23205
40197
57494
71478
45918
53569
20908
49507
66670
7333
48204
3108
96986
93181
60634
61145
86674
98900
70835
81731
84594
89874
81260
68939
36119
11017
4455
38995
76220
8119
73215
68312
80143
75293
71853
84882
98291
7517
86748
64835
30934
79405
81143
83674
25868
98181
38168
20468
23594
17320
81012
37396
25951
99832
60273
7913
91800
75621
30679
59205
14545
10341
67027
14861
98056
56057
69728
45953
28768
4898
43346
92834
13685
79943
93240
17169
21265
59444
70360
78185
56054
81370
91393
44138
27748
35476
15352
29013
6860
21063
50196
11568
93252
6661
89440
50704
61987
12525
15484
94029
5907
32583
62899
25817
34942
65957
58596
65024
72486
75433
95825
50750
5987
58837
22101
32367
53535
13355
76153
87732
5327
504
47944
52805
94365
70580
52898
20410
21837
47426
68139
49176
37016
74264
96053
84283
70047
66498
70556
18496
90975
71501
75684
76324
95379
95352
17271
11425
63238
36363
92291
13389
48712
57172
50139
32717
69392
10155
99323
90993
47975
67693
74930
99099
1064
18256
44599
32103
62937
36294
30687
81657
22459
12996
70232
60516
81231
22419
75365
5138
77116
94475
73442
1068
9023
73998
81450
67338
89425
4145
83193
12431
98258
27318
28128
41351
76198
11157
85306
97881
55785
79565
43643
55331
29728
18822
98104
942
4617
93246
51020
86034
89192
28962
43309
11893
97593
95131
45809
20325
13072
10716
95121
3880
89543
79047
52196
74546
79575
20429
95277
48714
92164
75688
44456
7495
86451
52141
10913
16218
49909
8380
79510
71511
97227
74368
98757
16965
9792
26685
68049
98194
44108
15600
3141
62614
16440
1704
36540
71749
44397
49295
22490
89970
22888
77760
18196
546
87490
58488
32754
25368
90284
3565
12415
61323
48573
2362
32466
36062
29334
10831
25560
96055
48916
53772
47782
80814
81740
32142
86923
19503
36063
30089
99677
71886
56413
89339
648
98885
96340
2776
54072
56526
49857
39907
56472
91353
93906
26433
40568
24805
65124
97853
2050
77075
57395
16698
42726
73267
4051
14858
7568
66540
91240
96300
36532
89939
57816
61539
2230
61540
3828
5779
13645
19999
8162
47974
39496
83405
95852
24011
92467
38127
6478
30342
19938
7506
53662
94578
21091
52638
5998
8159
33677
22185
49261
45499
18097
62506
59609
26056
33502
7653
56453
87717
375
3439
44418
49809
15146
59250
61402
95291
39559
450
29971
91715
99462
32253
79753
61066
53445
68726
61092
60219
52911
10380
68521
6601
58219
84818
19991
72818
99468
89148
95687
30564
2563
29960
57295
54218
12176
3354
68283
82139
52286
70330
23665
6752
84429
47396
98652
69206
60203
74681
73529
62214
88129
4058
34738
31823
48328
4501
28827
84655
44651
40818
34758
15165
5695
63089
11485
33100
80142
94760
60290
75120
3521
24920
1355
45458
82306
48983
88551
32536
79713
46971
23333
98962
15374
63918
18437
47508
70649
63228
89680
72000
66056
366
3009
21297
36856
29330
62557
86567
27083
4904
93833
59056
16584
94617
79042
40160
8080
19947
17051
85564
52958
55765
75334
84098
18197
73826
83986
74904
47342
77156
47987
61785
439
9273
79027
72068
51928
67723
54947
66504
94002
78771
39605
11074
10198
18223
10358
22646
382
78051
579
3411
42321
90290
4742
34744
75661
39710
75031
96535
63040
3276
65342
61741
57423
22560
66315
81709
93315
59906
78791
50416
49904
7843
20701
74485
40100
49064
46993
96929
7307
12463
97856
84157
70108
18074
16012
95055
53293
54795
22254
35343
74030
88123
11985
33015
69729
16464
85917
44697
88482
43299
19264
68889
46882
19555
54781
13440
87321
58497
42005
81481
85954
43078
87631
33782
9175
89045
21548
67535
19649
89318
25392
82790
41446
85874
95949
32273
29501
14781
53970
13030
15411
79176
6265
99449
83293
12541
82179
41763
20246
29393
8751
33020
74410
50057
98347
78706
69530
35840
97928
90054
19761
1610
67870
29292
35426
15782
42020
10711
85098
52464
40824
62880
76929
83652
31518
8079
22916
9759
23128
99418
99206
87745
59059
9993
17790
12456
51146
395
41709
60887
42383
12747
84820
30164
30308
44843
2558
7128
7200
60706
85518
4270
66557
46648
13557
23006
2485
12065
24166
7770
62085
21683
48137
85821
71655
61050
38199
47794
96883
88088
96905
23030
23533
59681
99899
22087
98906
24527
2272
36218
73378
16339
92281
85286
96501
62388
52788
51298
59050
41404
58507
76702
34895
67214
11846
41307
33518
21571
37821
89841
61313
95395
8229
64522
7933
29495
25507
86038
53392
50225
25119
20686
59619
13323
81389
88351
74426
19560
2922
68893
10438
51106
25839
906
60899
55898
89056
93135
60423
94566
22494
27047
95898
46481
74482
86368
96318
18095
37476
38548
50591
55941
61555
26743
70908
59526
54550
25369
4490
62447
38014
75088
41947
23097
49708
73298
51356
47561
23040
61470
54503
80443
84103
59734
21821
78231
32146
61528
79764
20870
57778
82195
61352
24495
47683
11798
41883
75836
88728
48832
82785
5067
16708
83668
19662
71849
88014
65216
84666
30647
7858
25262
13080
34109
25339
60722
82833
11659
44331
73439
96769
91365
20310
41632
69415
29870
75081
99344
52872
67243
24107
63728
28876
66219
35119
51241
72615
65903
49681
91307
93194
19951
10159
30159
4715
91313
99761
48333
96543
37033
35448
78913
74106
76346
89226
26088
74473
39230
74238
13122
87871
80431
4893
59428
52961
91567
78980
21162
97572
41924
93880
33821
95826
8976
38296
67668
91556
59259
65523
82104
56061
90213
32484
29040
73157
16085
79883
88107
19838
84948
88038
41978
58133
44420
63148
77476
92301
61976
72080
33131
74345
67074
19256
14940
36005
90693
15721
83705
54706
93820
62426
28789
94835
71079
1374
49718
67254
34928
95413
71254
99504
48837
99285
1563
67717
7871
72240
91771
40658
60711
22729
33576
21716
64873
70254
12837
9139
96398
92403
18079
22768
98135
87697
44145
29064
76219
74502
42331
25844
32487
72613
91811
7210
7489
12874
53289
73055
97634
26672
59252
9795
70722
55364
42397
49392
90594
3690
60276
66396
83767
72433
40595
50883
17541
74489
60483
28537
5701
59393
99770
47762
87523
77738
25100
56667
68468
81797
59750
54847
87346
78727
90726
46178
17180
29030
65732
59115
49145
54182
36387
55767
63725
56084
25608
61675
33515
29054
12181
15241
73211
4925
40360
97711
23704
32658
72081
20715
2915
97795
89915
70215
26212
63577
93705
90330
33348
90375
22585
14582
83044
89169
93255
23971
81088
63479
32070
61560
35816
63476
88839
44312
83851
26206
36435
87398
21483
10092
91473
86053
80023
94334
61343
88034
14025
84365
93036
56918
14566
8871
85929
83939
49429
34719
85526
23048
66250
23224
59559
91430
21804
99469
68234
63701
57528
65926
31354
56135
83835
27189
88097
68520
98129
80875
15885
45517
29902
94948
47822
5238
98721
63762
7437
89496
35819
3815
46110
21759
88889
15444
38088
72788
48996
29199
98657
52733
4102
95249
51626
28519
56565
2838
46006
17640
91517
93360
92464
5472
35289
92430
89547
17594
36523
73559
12545
57096
54105
23188
79361
89416
70592
6161
14402
70560
71441
52952
49365
80627
34009
94582
69336
27556
16636
69997
37562
32270
16055
17719
7058
79053
99954
79526
14339
43677
77955
72152
63333
58790
6673
22968
35517
86551
80684
39491
57714
37188
52159
67578
51102
74298
84236
26989
88463
76084
64041
8671
61590
60459
19519
78732
88336
71095
68440
74044
97476
81331
23033
94021
83541
83823
2840
93842
60592
30869
52122
43456
6282
19729
78804
7547
23901
74215
64466
24501
1754
44992
19613
41339
91286
56478
84059
85878
24359
26935
63066
70004
49156
2605
1062
70952
90425
65895
23841
89962
73323
752
16522
99521
1176
77945
58580
49611
25772
69281
17425
15093
74078
31778
29049
83071
93844
43225
35189
32636
28734
2459
69109
33593
47318
89475
88769
5307
72689
44275
96768
1504
30318
89960
66418
76617
2857
75958
23943
89732
19226
91571
14956
95923
600
72758
1964
40673
80213
42513
41542
56833
95624
49204
21719
4741
41987
26298
18385
53723
53513
52295
85178
92512
27589
54874
34551
39638
89224
53777
84024
77320
91059
36138
68694
13961
76350
2859
90889
94317
61609
66679
44888
87269
85411
98841
15228
23910
55591
65174
30654
72879
78597
47415
34656
81693
86102
89417
38188
39826
48870
61277
95049
51955
90003
16474
4596
28231
87735
838
27515
22759
70375
40103
67597
4885
66636
57642
43091
88024
69068
30353
97720
24601
19244
81431
89062
23073
10590
77640
46600
58938
62137
60111
29172
16247
15111
40001
2007
76959
39565
91700
72051
7644
88927
43526
80498
14621
5725
92597
53754
22882
68930
6682
72904
22228
22824
31122
77196
47900
53127
12046
18064
99111
84286
90512
45304
18066
69839
71080
92798
45288
9089
90886
9494
61414
27815
10479
71508
35348
14937
72941
2003
2288
76504
29591
46356
17896
47089
69330
41800
23328
70119
14070
26830
91557
66840
1575
82293
36633
72915
60822
29098
21534
15089
49120
71489
17908
29092
95247
58155
69942
11264
90668
68455
80905
49452
31468
66722
93688
53329
86867
71295
77822
37709
83107
46083
16707
43426
15666
85460
54734
90029
86370
93291
43989
29453
76764
23930
63308
24783
59791
46773
87972
15276
84879
91896
38459
1675
45890
28246
20351
99153
89144
78362
52186
44404
33570
37753
61991
91777
46491
43781
63312
20413
40947
24786
26309
76974
30821
2756
20714
48806
95169
5194
78835
14947
96603
67914
13706
96497
79402
75128
97894
5260
13270
93040
61612
20513
97137
69258
54165
45578
14407
75690
25145
97610
59355
10240
6679
43120
8164
96347
40124
7553
4178
69425
253
29160
66992
99242
48815
94569
21425
91449
89839
53941
44487
79117
10439
8170
77701
25149
34691
20393
71443
22487
87864
62606
93664
69407
42820
83974
74932
91302
62657
58029
17773
68011
82286
28297
67134
64804
76541
62374
52514
49915
43524
69092
40474
75496
94283
74683
52268
52766
20988
45149
68363
43382
44935
47776
52422
19558
47149
90811
65087
81211
11678
99180
27633
92997
32174
22648
89412
89385
60331
15615
1765
21701
35045
77450
59045
53531
29290
23758
24556
10060
31561
17963
58954
53695
64626
26000
55342
86940
42109
99505
34299
84388
13555
99258
93505
94663
65963
64744
30950
6884
68045
36992
26704
91375
23132
10042
94628
82805
31820
4619
77244
59244
92078
74833
67907
59905
97407
15250
27100
42070
70602
99267
41250
13433
89687
90452
37168
80182
66226
86121
88838
73939
83790
30945
96227
86679
18298
35846
37335
73393
21312
67630
49187
96148
3116
3380
73248
70706
77367
82682
85181
84060
25504
12870
76381
96624
43122
97198
96777
75959
86887
82255
80997
66921
61247
24857
5038
85184
62379
48448
16396
1051
6940
4316
14896
55363
17750
31942
12559
78165
51005
6387
69734
13772
30804
19495
66234
46954
71479
51625
26514
49008
14014
79008
17548
69848
61473
52066
76694
17965
94850
33450
62735
80398
98219
8693
59049
27988
73875
6113
81053
72465
83486
62282
30109
40251
98144
78073
6224
94667
20772
19148
37394
13189
7254
58681
35898
77178
89628
39109
91192
41971
97408
57696
97668
69185
80339
55541
60597
65722
79513
91885
7100
36057
30436
67976
95616
22046
34208
71516
22528
90361
93608
76597
12087
31188
51707
20504
29207
33229
67569
14204
3836
41541
38672
2287
5169
53811
83806
60165
68501
64038
36514
85964
78190
58306
14205
13665
39692
87780
49037
99643
80308
94041
87968
11643
21835
54197
82571
84456
52866
47147
80061
1212
2310
19648
14898
41328
97374
62070
16895
7782
46051
49520
23656
9081
4837
19252
80265
84806
56920
52879
61798
86249
72184
38282
61587
64050
4551
9431
51451
74535
45042
40245
16076
61388
80189
91506
54482
65662
75486
16527
76658
44574
936
49987
3319
67121
96075
33611
2005
40496
91420
10954
35266
61254
80576
36159
20081
90988
7796
60382
75126
10351
12490
52745
24578
28092
66756
66117
82339
8838
54537
81042
55718
70403
78941
88968
44837
82361
56669
45583
64499
70633
34778
36165
73786
47017
67448
25754
18280
5197
73603
90404
14466
79104
30603
94367
90393
98580
7670
81094
36548
20736
81622
56987
14537
36328
15918
17706
74855
78966
67601
80949
6325
50040
69813
65511
81587
66609
53204
85192
67021
69485
24553
78967
90459
2726
95473
66500
91403
37135
59389
10550
37145
91156
18368
56956
35136
61218
64663
15760
43421
80615
28972
26571
1546
34427
33864
82729
85703
67830
85853
56912
67856
20145
87525
93920
68571
10075
93396
77176
79169
33116
51231
36982
15738
48657
7564
79879
51972
38790
61605
88176
60781
10647
85258
45687
19575
30925
30010
69953
79110
35873
7403
64512
20912
88436
22202
49511
65252
48109
46321
97985
18124
61694
74504
75616
52013
70049
19138
88821
8395
41655
18587
85796
66069
543
1577
54062
1791
22939
80404
37459
51265
25345
83709
56968
34978
86830
77242
98267
45645
93919
58697
18692
59963
96881
33304
3197
47610
27563
83920
90491
50884
39718
90582
84828
95212
49081
36394
77857
50563
60724
81926
48220
688
79977
7107
97718
43715
98485
94207
22725
29915
23732
7808
94919
98528
3682
96285
32225
52570
85349
90408
8004
82403
45867
64007
22536
97920
32611
82953
42740
53937
36157
79333
50163
96637
47445
98683
15193
55345
50964
48162
48280
54402
8947
59594
50143
16415
47118
98484
97346
58001
38242
18479
47015
41826
24286
40159
74036
62631
25261
75366
10227
21086
76667
65214
16963
42649
72492
1472
19130
83292
38154
96006
31056
93629
32776
75530
97539
553
51233
91922
90359
58650
50279
58522
83584
71490
62355
78971
39231
23551
42353
92277
49349
50530
37774
76762
44984
65703
53737
86002
56063
50534
21630
65618
4598
90498
16054
47157
85993
48026
77613
64702
16175
62453
22078
9635
20036
35785
55871
86328
96701
34886
34347
44056
3105
55164
17962
61105
7953
40096
8097
8497
65185
52137
79314
66420
9064
20670
57823
52093
87676
21292
66479
96011
18879
43563
35554
8185
79477
67917
97308
84764
83695
79561
78667
50782
15094
16684
6321
72535
28518
71017
78154
2751
2746
37099
87122
47390
75680
33323
52208
44683
91400
44674
67452
83793
83844
94345
73775
51639
1128
7453
86054
83593
45258
79451
28760
9868
21241
93094
74039
55897
53411
39984
1169
86743
93
65095
86341
85355
87885
8494
83535
15997
54237
62143
50104
55724
87049
45134
96983
36694
18387
9260
90216
50833
59286
48952
66918
68654
72477
16574
75222
74223
49569
32633
22819
96623
10737
99629
10153
45398
96855
92654
76377
38825
28020
68650
79982
17102
88139
58442
34766
37399
53587
5373
91674
36613
34973
38695
85143
92319
88466
48734
82997
38494
27539
67646
19171
2646
51837
92528
5271
11
92885
35576
22807
88354
53919
32206
5360
34416
60150
89200
10743
68949
27940
10904
6374
80842
68812
81139
25683
16872
90721
50878
43389
22979
4276
82069
86358
43404
77596
45572
866
91710
77636
64860
81150
28415
56166
39356
69591
30943
52967
23392
70249
88142
4191
45559
9680
88486
9299
8982
88983
78485
70503
12953
98379
61573
79599
41472
4167
2982
50642
55235
90745
44592
70844
48879
35132
38968
68531
18694
37126
24802
86498
30882
44986
39312
40282
24788
60666
77625
56349
71810
93446
43795
57324
83946
52211
36884
82251
63193
21248
42610
45214
32566
33561
13096
85911
43193
10221
77961
69876
1626
40246
18316
54191
49010
81320
32920
19869
26282
66581
1199
82168
52108
56015
98522
86523
65824
43618
8625
91535
81830
48098
19502
76529
22080
86410
68690
994
14193
68749
64942
76701
6613
56905
75623
84612
39760
58986
69979
74541
80424
68254
17850
42438
35394
57224
82491
97144
38442
80768
63499
42057
65991
66202
81149
15523
32967
54711
57590
82674
78102
89152
77087
77121
18670
10738
60181
67258
5163
46436
24702
35686
39681
34806
39097
5919
15086
89208
50191
45410
87439
70045
52939
95254
83352
39117
17127
54028
84279
22164
18494
48575
87465
63338
87257
31555
76463
87084
88538
51208
17878
13438
48396
37250
99880
83651
44597
10815
236
97223
58480
60784
70845
58670
9949
99555
86816
43151
20917
98706
66931
75928
55046
83212
79759
29392
39962
87262
62594
15316
83072
9670
92439
12271
50489
53910
29639
5070
4747
63217
33761
11025
10840
83447
74631
56624
37537
52579
74812
88598
81083
778
42718
84688
53956
65516
75042
24575
83833
28592
28669
30363
38219
38741
76275
29805
56156
77514
25878
40018
64940
14675
12528
86958
7544
64850
91856
76644
64817
42356
56783
5511
11364
6471
51283
45593
68062
46455
30509
72358
63012
49717
80858
30698
13086
78409
25135
91185
97621
64770
67764
73283
69456
4804
83276
84075
72850
74479
14120
53834
20762
59787
72642
34977
49197
81660
22831
97396
96040
62272
21694
25570
99699
84481
4408
12780
17428
23259
59548
17924
27591
39904
94331
9207
49568
29693
3509
6645
94297
38456
80642
8197
40670
84037
89469
11960
29034
6571
21643
96072
87801
69644
44162
75919
47871
75583
24819
15655
50993
76633
39500
4504
35423
71787
42662
62700
44956
95122
32045
99620
74427
13689
1620
44550
26579
68348
77940
72493
1422
20181
15811
35245
55417
71056
50898
84267
87179
12655
30237
23227
82902
76805
91377
16344
96245
51521
13889
38037
64430
94432
73123
76078
41364
8282
69690
348
31400
61480
74729
63597
69117
66107
50852
6463
57869
35506
9684
56018
1224
38733
36436
57252
5251
14970
55670
53878
10688
84906
37569
54563
76635
12744
20121
28816
12464
52349
93613
27040
71089
71038
460
40922
74780
17362
23952
88389
58955
8063
75898
1596
42792
90351
47530
23414
38585
21477
25208
13287
49732
70297
56960
70494
40418
80208
24925
53065
39451
4589
63332
53790
59243
46526
12638
75705
89030
2676
52593
46574
23001
48647
22550
58194
93075
258
8230
85336
36481
50829
76357
79347
61140
69329
82800
1010
94008
53080
22277
32751
71020
83286
93367
51389
21347
7649
83644
81432
97823
39771
60480
98893
8461
85182
69533
32853
25110
97581
24346
39868
67650
79927
32961
42086
50128
52631
10859
28262
6956
5742
53904
41022
94515
49149
94614
80800
34307
18889
74251
11928
25118
73156
73822
22567
62760
15576
49310
45939
3465
94415
42938
71615
14000
84345
9128
96741
64995
66895
91636
26379
97559
7116
94913
45857
23698
68185
9332
50836
7677
37351
52059
7563
45487
84078
21808
96008
25013
28317
21467
11126
93424
76072
84084
60484
60133
8971
65439
50743
18539
56681
48520
61485
34433
13242
22507
37484
77064
81870
86572
33252
83497
92796
47094
67813
91354
24756
62928
49214
91521
3329
39698
70435
8577
30502
4525
93146
92926
42083
26907
99940
23687
39853
94649
3361
72924
83547
5178
70193
16239
14931
4487
24165
41359
19924
64309
13585
94081
52695
58850
26234
46187
72480
20950
73929
70682
78576
61484
30568
11958
24973
11368
48010
78774
18972
76833
12382
8541
29802
89354
57025
88687
24898
37139
67091
31577
62553
6315
81678
11442
16645
84194
56079
73048
24912
33760
28793
73406
25685
53097
8273
24536
60776
54738
62909
73681
86853
23157
95045
44833
29917
69759
31702
54370
47397
44285
83298
61078
17557
26634
95633
26503
87508
74392
6553
80453
66977
48970
99164
90725
24141
19424
88006
66100
2755
76262
33904
95446
57524
73590
63318
74913
58609
72749
71975
58749
87848
24682
58777
14607
17514
54831
56381
20625
13612
36420
3173
72455
66389
35633
19140
3977
77488
39129
71857
32571
82735
70487
61410
46042
25695
23963
65756
59760
61651
99591
81851
1236
22168
71070
90208
81353
67523
24640
99520
21168
851
80378
11614
67086
79491
15291
64285
35262
55281
60298
43694
19122
51864
13995
43354
7562
87080
93449
91070
24639
71217
49462
78292
97014
30569
28615
70764
98843
37222
36457
96467
91196
12768
43901
42559
55766
39884
58976
28436
14162
87687
85035
52850
52301
82762
90914
84131
15224
38998
77828
66894
60496
37799
3517
290
36337
85586
74459
75736
26376
29632
94056
69929
26306
75908
56376
49150
46676
570
26223
80812
21154
8178
75478
4055
64006
46994
52073
13934
61652
43283
86085
39386
22063
85005
49144
27799
62134
24462
3878
54348
33701
46751
17478
45181
4478
38783
72010
55550
24980
79112
31328
92368
85437
69221
97954
71648
53167
4568
15265
8067
36529
627
20004
14665
11507
85420
55133
27791
8471
30531
97020
74776
78998
28813
1209
81394
71473
34443
60391
7964
9989
96778
70079
13168
81514
94173
63286
75982
47405
45142
55010
6061
98835
54747
88311
45715
87999
87215
7383
68715
13330
7695
38165
99104
96107
28420
1204
35543
48183
91251
93029
54065
71156
73679
48455
74081
24809
37221
42684
85897
91505
10985
21285
12643
285
1844
85672
17024
2316
28330
49413
27506
36273
86019
44074
1059
66404
60997
75018
14228
70167
26198
10597
79731
66192
42990
71197
67580
50462
23481
12515
25374
20283
14685
61259
50045
70444
31253
62438
50853
25713
93798
46498
10683
89611
62395
21456
35531
39067
99885
50527
29618
37076
85967
10021
41231
63304
45301
10257
72687
68331
54846
89347
99882
96955
28505
83314
84158
70120
81238
86379
48081
30295
15277
10898
76102
90035
30122
18044
3806
37265
93004
36169
5540
52372
76112
72940
71236
19023
46817
62062
16172
75251
54389
70014
86079
44584
86763
67772
52985
66690
52078
12740
94518
48636
85622
32705
74242
43290
81583
97798
44300
61779
97869
3889
11092
19284
35768
75071
60453
42329
3213
66887
63345
73701
57086
70146
27613
79967
32480
44018
99173
89605
7183
89905
34489
67690
8842
20983
79820
83820
95123
75848
14165
86146
38807
30967
94022
13962
86538
76366
96466
41317
67077
8557
13781
66093
80894
37072
35557
1731
96656
42894
33190
63782
69832
31368
14388
58929
51383
9206
44175
18347
87360
27025
14477
29626
61655
86507
77503
4439
24625
69226
72305
10920
22230
92389
73338
74697
78389
664
49698
66123
76313
83422
80824
47035
78134
97442
92879
30581
5303
53138
92188
56104
19016
92693
81135
56742
40138
57601
84855
85175
41222
71571
85456
72189
73253
28000
26575
79849
69371
58923
4024
92406
67054
17632
90646
71987
41572
18441
9020
88941
57410
46004
79424
32502
84241
83620
26216
20844
50625
7798
18366
28104
79334
41509
9269
87058
17194
15699
57126
26378
29767
43264
38856
13367
75335
30518
78859
67547
79168
41517
25011
26006
427
45526
56545
42267
94441
72588
24698
51229
82084
69624
57448
15244
24312
51581
2141
16088
11792
91440
94907
21619
96910
29454
14151
51775
57054
11378
52321
1260
79095
77430
69930
35661
60204
73903
59540
10195
79270
35763
72114
63177
79945
90880
95109
14082
84038
91996
50946
75462
75653
17073
97834
89742
44723
49381
77458
43223
83506
8571
28501
25033
79459
48129
89540
70709
16288
89708
72989
47005
65819
91169
42159
67545
72125
34378
11445
97953
41322
17738
12960
1915
41983
9423
93178
87548
77089
41451
5447
31232
44375
51708
92080
80250
65242
30067
43625
89646
9965
4412
3886
73925
53860
35401
85495
81506
33243
45697
35562
37086
72157
82068
27718
6606
45081
46271
92272
30278
16454
61989
62195
78618
8369
23926
77076
55429
31525
16873
77565
74435
35770
97015
70903
65065
86206
76831
21590
33908
35206
14495
25941
7600
11241
78717
14736
324
15955
2393
92185
25370
38560
47324
42948
88642
7551
84754
74764
96103
97329
4982
18374
59932
33493
64374
72079
40946
90894
33029
510
23375
94810
53997
89667
24674
97370
88448
61325
39449
89869
87192
28357
64191
27129
19436
63289
56738
90399
60523
43577
52021
82681
64385
95801
79745
67328
71649
19219
77765
38446
78162
94474
5123
27403
14585
38893
84354
83538
21087
11880
80760
11376
42151
88188
5773
55620
38387
78953
9872
12858
84046
1046
22672
7494
36495
47199
79192
36522
8500
9088
93710
56432
36396
38809
36322
2280
3188
23031
34484
39448
25279
51845
44215
7261
34218
33730
41548
99216
95534
24099
93280
42890
15964
30911
26207
11161
47599
63809
53484
34792
3687
74635
48353
31557
39894
48504
17446
11194
15838
7697
19074
97092
91904
97088
97239
48776
46033
30621
29447
75720
29394
11728
55824
92862
72846
79762
35424
53373
62861
38450
48229
84782
96434
11069
25946
99072
83073
6906
57713
94457
9492
11862
79282
33489
31829
83504
5738
20372
50730
40493
10426
54609
63533
84311
13276
63555
73091
67008
54564
54045
36526
38027
44839
5274
59497
42874
23002
70786
98547
72997
28306
94837
53967
78414
90738
47857
73275
92202
95307
62708
98041
23496
72757
38393
8106
52884
31639
66945
38003
47898
64291
61041
81750
46460
38221
91271
22749
6943
69468
65669
89651
8379
13544
72142
44143
4936
78040
11494
4263
90324
14471
85113
4866
51215
96942
77042
76018
42006
65972
73520
33630
39156
51109
37069
5515
9630
72314
81010
89267
77386
86697
18667
8564
30685
80374
54960
2530
27311
62346
14576
36473
62934
45560
75588
31650
49983
37867
20644
26607
87516
28046
18941
14250
89973
54052
71500
43975
2580
80351
249
95694
17993
7159
5675
61292
20465
50945
89837
80485
86086
88047
61011
6266
55350
85122
14360
15762
3227
99851
42530
26511
57366
56811
23660
5119
12349
20752
40482
59915
28776
16430
80095
94955
35311
77257
95312
6233
55709
60819
40972
45671
71107
16738
24599
97873
88211
22719
43090
80936
18292
77971
10712
34052
52148
32452
76000
86852
37066
79108
83682
61369
80716
99485
30644
4919
51302
69691
14076
30330
26445
28976
84609
59697
38216
19380
24934
16419
21372
65910
9631
68856
36276
69236
96677
68150
96254
67491
89166
47301
26952
52885
4419
36983
72286
24005
63817
34657
93519
77803
2899
17869
19057
2395
35362
45584
56731
45101
56277
69610
23528
2627
58541
67262
70961
35414
10285
48458
61658
65014
32672
22779
12394
74863
76019
37654
85644
87222
42941
48877
52532
92619
20989
72839
92830
57382
3048
95130
55377
69153
16940
21925
36362
32723
30549
74118
46150
68933
28855
590
1250
78101
11142
55760
64584
22976
41180
47403
84013
88426
24406
65444
37474
54666
56127
26561
4880
62641
71694
81329
39725
87865
6316
16433
67110
24780
4738
68618
58918
14211
88334
93014
38377
33792
51771
59653
18562
28681
40544
81184
81919
60476
49391
34384
88936
75934
36100
4239
20534
50821
82600
41159
87131
11602
26984
40731
99512
58807
29384
86313
65839
69047
83233
35766
44428
77291
76462
72990
15985
2337
42183
66024
52261
32954
86569
77746
29426
67980
62456
25994
1744
11043
90358
45212
39294
64690
59858
69346
56334
59607
55763
99248
63311
23632
56986
2900
41144
70808
90177
86704
88005
82354
82594
63273
52457
84881
59134
99748
64657
21931
68974
90241
94364
15690
66530
32068
80560
70169
2110
48497
93615
9874
47997
8559
90952
49972
64
10029
38627
44067
18679
20739
63013
64970
23534
3326
84708
89603
58840
56818
15320
36155
12405
58164
55584
85995
9300
18637
8596
95080
72886
10872
40879
43857
21798
10131
70390
5501
61222
11851
72582
71600
75034
25745
56829
6805
65328
75324
54333
99039
5220
13956
82244
98612
95386
73067
31979
51258
70007
70016
68216
65113
55190
26454
57119
54102
2463
75814
56159
5553
42756
23439
11234
85004
91667
50670
59283
73059
61874
18460
65851
21417
76569
54586
76837
94940
62190
55985
4458
14131
29003
77233
18382
71260
64312
93114
63668
2056
26657
85333
7038
93847
38971
46578
57270
52513
88192
54087
32173
93481
92508
29063
727
93282
76129
91113
55976
58945
31242
72952
14568
40757
83925
22982
22907
23156
88879
16070
25340
26364
56223
55707
90828
60851
11613
98014
38814
581
6232
251
54657
23842
8056
79858
22515
80762
83062
111
22107
31338
24405
42089
73482
57668
3869
91480
60283
84454
11546
25306
59291
88207
583
2358
78758
67797
13429
76806
96198
81363
49767
15969
29564
81349
62344
17135
51471
94268
55411
63279
4690
42794
85469
71537
38000
20516
50863
97251
8454
39777
3683
64402
31233
40168
63200
64586
96150
40810
16893
30393
454
47841
60816
6844
22165
30769
15919
42219
47050
62336
1427
74336
1473
74114
82659
83300
78355
48344
29750
64329
32604
66207
67270
24976
89852
97523
50414
17324
78954
69927
5613
60669
77631
71384
13536
31772
1512
23344
32556
55397
3068
81148
84489
61344
10430
87817
61301
25408
27300
52189
14050
5743
74208
73570
26075
69987
44646
7143
38033
84683
7824
89228
93443
97000
15440
87831
82263
12146
8378
89932
15556
90530
61557
45830
13759
64800
3566
40437
10771
77842
17590
28291
44099
38629
53298
79533
93605
1259
20565
69135
32289
40748
82141
82746
93858
21506
80475
63415
99116
95108
9595
65354
97493
54217
36196
59592
15651
94709
91670
55367
28994
99326
70778
68887
24178
23458
94915
37766
17631
32634
98469
27055
8345
31978
46693
76971
33835
7385
65855
59919
91350
11083
79065
37865
751
75766
82693
42041
17183
74576
23482
76788
53784
35791
75542
97402
47346
72595
44570
72647
32638
83315
84593
19309
74409
78781
96963
11530
3981
54089
58785
37992
74600
62608
46534
47453
9117
5283
49233
60874
74206
61038
55563
49631
25123
8052
83047
98345
92753
81663
35869
18678
32983
18034
41045
82474
58489
17905
62619
18213
11965
33614
56038
32942
26342
67815
2920
82100
76505
35800
54126
55298
82175
54804
21644
72163
73554
85924
36707
56883
98747
61197
50459
49009
49739
6173
18535
72378
76931
14572
98675
67181
20089
36450
20274
14288
45801
47270
67785
57742
11519
20573
66177
85086
90
68843
99535
97002
82872
19626
46325
13000
40048
68038
77628
69797
20634
26777
59893
20051
66564
45370
95189
99947
10547
20857
92045
41108
58614
61821
90059
17257
12365
94290
20112
9823
91645
75596
70366
49239
23635
60252
23011
33412
21238
23693
38555
29897
40002
78896
69442
61437
15850
11305
57246
21066
10299
39288
214
30573
44848
67599
64938
77380
97995
88412
38615
45576
64033
57040
31210
5635
35006
7079
10672
97089
39765
12629
37301
41385
74100
38287
6767
55471
42053
117
46139
11822
52558
22645
79058
65942
14392
262
40187
99097
11140
51045
54315
25317
1994
31046
47855
14482
30837
50129
13699
15047
13039
36500
79343
84455
88373
58825
21656
78802
84066
2561
28565
53156
88242
15400
29349
93868
87065
82137
96595
89084
89241
25139
36146
80528
56210
43446
76318
17742
55983
24484
96017
79524
5583
81426
93745
33129
68454
1294
69947
62910
65507
91514
76405
63882
22620
28070
90835
56269
15140
84985
19324
18059
32647
79556
7583
92109
1633
94761
53859
77107
20604
47875
69766
45469
64757
74333
55635
6137
4623
35123
41152
54669
55686
81720
14085
49622
4287
21583
8304
63413
64650
88069
78705
23187
51030
71492
40467
74432
50262
19643
39492
33793
79165
1055
1723
86824
54128
67781
47874
84409
70936
75414
12444
43994
33307
7233
64388
83698
94477
61682
81949
4710
78561
64513
24815
24706
75085
11892
44484
61333
36184
48588
41677
61884
11106
88167
69900
57120
3958
67431
30382
64765
779
2500
55130
91539
19975
63994
94794
20754
38899
82455
53589
61902
85724
28764
42426
3375
8217
16309
38539
5111
5035
64215
51895
49600
7585
65985
63293
39793
75110
60650
81556
71493
3684
66346
55683
40481
40169
12844
49548
9509
70335
96420
73175
55365
91748
24156
1361
11921
19537
14225
49795
20589
14780
56275
87773
80838
51386
61029
42290
41489
80792
46516
37717
62564
7572
88371
46095
6151
59148
58491
85544
80963
25425
59155
64222
77891
20676
98594
77616
22830
90158
13028
7391
54232
80031
3865
51032
46282
32506
40583
11869
62396
40589
28863
89538
85780
1345
53386
71263
25316
32139
54905
49461
11549
46706
35749
5993
9560
40336
55879
62709
80107
29347
29425
53361
68153
44508
66335
14460
14592
86387
58412
48703
60723
33434
41668
99906
94325
89835
81909
19466
64457
45303
89911
64005
24360
15114
48615
70467
53673
50300
36663
33543
96665
50717
51963
477
13249
10785
16765
13196
99901
11687
36537
62938
55066
15595
64852
84284
23403
22258
83139
28105
85727
71046
3570
67562
7084
98989
28601
66444
34134
45282
15587
33505
23812
6399
41437
42204
69746
55647
96871
65920
52535
55812
22843
48798
85902
12895
91961
85587
12379
12102
21717
61781
31844
40040
35452
2142
49691
55564
35353
42836
24901
15117
9971
94326
10963
73754
17643
81308
92936
30409
65190
90941
72228
44501
97045
30398
13008
14500
22179
11420
41808
36257
22970
15939
27805
97253
16075
49561
73523
27488
51223
9713
11657
8300
73202
60951
93558
41848
8296
51465
62023
87498
39008
60228
13191
65429
97126
94681
68741
74395
40405
42686
33627
24339
23334
87240
54656
56292
56470
67654
15028
39360
83858
27288
54603
15245
98822
25082
1121
68659
69268
84300
80682
12099
57847
22466
20377
79670
42817
74228
68453
12233
71777
42728
34681
54535
15225
63018
86103
91239
6281
27037
50345
29231
25192
17260
33440
23206
33982
6354
61099
34511
82442
49036
31720
89722
41799
39592
74862
60291
53882
59477
56140
67400
47592
52216
71116
21332
75938
27432
15735
80983
49842
14047
6999
20834
41382
2816
64536
59626
26205
60064
58109
24253
84269
57141
18509
21080
40203
85546
22858
40014
42474
55546
85673
90162
52642
52524
50597
98787
7482
44116
85822
40880
41692
14175
71142
77128
52975
78005
30690
5230
35615
5122
41264
13750
77667
94212
48582
90800
93603
45300
27180
36744
68616
92937
46199
72798
20956
93788
49570
3544
23525
62602
28500
10808
48915
20720
70073
73246
5443
88671
46912
81264
6021
1647
71444
87906
79750
20809
35137
60072
69449
59009
76947
79903
87846
39235
81974
59408
82750
41660
5009
76836
93487
72883
54966
5744
77703
74808
75775
31676
94298
27201
34524
84967
28493
88922
97050
34807
79421
36458
16116
33852
85665
14441
89424
95562
23521
34060
39407
83431
31270
51881
94675
39608
59940
23766
73125
32744
65246
47692
45619
53143
61006
57979
26980
74287
76740
16385
21763
84617
83544
40624
30394
24602
65648
1405
65808
34882
60584
69422
49225
68492
34464
23279
17700
8885
80764
5505
86015
85138
40973
18414
72159
65710
59388
16057
15259
64048
92153
67953
17277
1714
73946
27787
30526
52756
50638
83962
74414
37355
2659
55067
23014
47798
94607
84400
40037
21174
39813
92540
15684
56497
7310
86184
31014
67666
60074
67760
4040
97979
56450
75613
44795
98085
22711
72385
43708
64258
88358
76358
29741
6839
2036
83209
8394
23892
86768
11076
66796
81780
73471
32891
77272
33222
71621
3672
83279
56776
72327
43344
44015
52836
56039
34496
35704
28459
36228
52252
90346
15219
36835
82347
75672
37007
295
60645
91852
43633
44602
88120
51803
93131
78565
6134
49840
30160
97277
10483
59795
13866
38262
95745
7327
37933
18376
48283
47213
92637
93717
72188
16735
69142
63665
6448
19706
90635
38332
56125
29775
88705
75013
59708
75082
63101
74728
53094
31297
21007
64726
24168
30150
61255
75050
1559
59505
9116
19831
98190
44136
18155
95330
41151
50355
32515
86845
37330
23998
37196
76425
949
17136
39092
74277
95761
67084
30350
60278
20368
37237
59498
36185
126
63369
13797
11891
650
60695
27993
6052
49042
57529
94540
43897
23671
70264
40526
50556
70959
33369
94939
71658
43639
37522
22983
58849
80701
84589
94718
31405
43682
35213
62935
32985
38521
72659
62869
67622
95747
52185
10472
19198
24775
18020
35395
32730
47006
71527
14222
18749
29159
81539
72837
15693
79693
32111
9551
82733
9448
87803
22937
83424
75170
72227
33467
12727
61192
82004
70513
88456
12434
23406
38908
4597
73734
83312
41943
95928
34961
75298
29908
20680
87050
46539
24488
56791
68458
81599
90660
1979
86017
7962
32517
81374
53228
30560
30614
50067
86933
7473
21803
94392
44713
28767
25200
54352
44902
80588
63460
14081
51289
42118
47922
6611
96600
41497
42318
93644
22501
26202
16371
71587
94830
2552
15809
75010
33752
72741
52356
75193
96464
45295
13937
35899
50965
92228
79140
38666
96751
19797
85377
79475
66807
31960
90640
82572
35050
77698
45298
10719
68535
55720
46073
68955
65604
82518
73072
18440
55261
98462
36182
14427
64550
27698
13350
39286
51980
44960
71800
63954
46782
70491
20932
74243
77672
22008
96557
58661
90275
29633
45196
15389
73604
69116
72988
95282
23098
24228
91728
15283
26638
28143
91135
55590
76071
90716
86982
61835
97299
37479
53947
28934
71468
71850
2965
88834
57584
70285
42634
42055
98057
95264
13121
45985
203
43250
88170
91611
68994
96976
47672
6404
74612
90174
96311
61648
20976
59279
44478
65876
39048
40106
94706
91040
68919
83907
23909
50140
6624
97342
88646
18408
90733
79606
19119
45689
96322
85202
92603
847
49488
20446
29958
45962
99993
79676
91462
35942
90566
56465
11574
72609
29298
97389
32220
31536
34043
95994
78136
3234
36636
26415
54673
19920
15288
31687
89461
69814
39220
31894
22130
49111
86401
67385
10515
19881
68802
61617
97859
68488
25441
4214
60810
78921
14499
28093
89789
100
15253
66062
84384
48156
40816
58443
47236
9689
59231
72258
99551
83388
42588
40798
51493
14700
36834
87377
37398
754
75243
37266
80708
85141
4018
54575
21289
96981
37673
44546
92643
26927
78584
47479
27206
59454
14536
85187
380
75465
7570
31402
85933
95850
83200
32387
14902
63219
64218
75957
4109
52580
21343
44953
34131
96815
65044
52557
36041
25517
3301
72469
87499
13098
23954
12240
47093
97051
47186
54044
22243
65247
63689
5204
90435
93402
59790
33025
98801
74199
66984
47834
84325
85123
56262
26395
46464
65418
33273
69817
91026
16357
39032
92841
97406
45983
83195
73195
70374
3245
70978
95690
35252
91522
58658
85950
33530
45567
28003
15616
46840
3244
59888
15195
42677
22010
99355
98918
99177
26869
76783
16299
57571
29345
58208
13241
16856
5570
44917
25699
70870
76534
25260
3447
10375
51069
99279
96977
37762
66359
44362
42071
17438
16692
74549
98680
83153
81887
81569
61207
34659
86540
63932
94132
87243
71863
16388
59326
63430
42237
92754
13872
6437
53715
17745
75035
76048
75725
97080
2845
49263
99175
3012
6957
80843
4620
1384
58759
6666
74772
78081
49350
70341
21685
8998
93616
15393
40615
93686
69996
21355
97117
96383
86822
69209
67841
75376
96247
4663
44787
22336
78401
51052
71555
77334
65653
40678
36383
7105
73146
95594
18162
12648
46573
13869
57067
4500
40075
16563
16720
69952
66480
84312
95657
57687
22052
12190
11045
18685
22509
93737
21444
45155
99278
14504
35949
96117
19384
66805
89791
95976
31445
16473
56743
27144
1157
96896
19267
33907
88774
65066
809
80439
29300
22876
19080
57674
11152
74088
86513
73303
99878
31483
20749
61784
50442
82487
36491
9711
42877
91706
31737
83540
72472
12872
52880
12975
64101
51703
49806
8872
16416
78730
36202
20814
98203
16957
67829
70424
54998
7241
3390
24866
67534
34790
60107
96125
25048
67833
13540
61060
46937
7511
68794
92098
47876
45225
34355
80253
63418
1726
81000
67987
10928
67500
71910
27164
9441
14216
3152
31396
46599
46728
23555
44299
23056
59948
77482
85883
79482
35817
33006
41583
67237
52177
24097
90157
94342
31137
49127
5690
99884
76941
30033
34302
636
76340
17801
43617
69356
13874
85845
49237
94355
89861
34888
43203
71460
50370
29396
18674
32789
85899
63554
15127
21563
22428
89007
70421
18194
19397
7208
45317
16703
1509
64939
89463
16451
17702
56973
38640
75856
67098
69993
8487
75925
82649
83204
93935
63683
46381
93716
82983
3577
78815
96675
70652
93059
61550
58249
17108
62002
98031
29661
21555
78345
40605
13512
52351
81666
12093
68661
75405
85406
79995
33714
85807
67594
24402
87598
14377
48966
38850
44406
17849
88155
43630
31510
48619
57970
52941
60092
52335
37752
33230
57353
49
77816
24530
46037
69726
25365
73782
30198
24148
50435
30972
50950
24945
88374
11117
37594
713
18318
77460
79734
89156
46236
57990
97103
65656
60357
89168
83601
29232
94266
90821
57653
60412
43905
80209
22542
96309
91836
79861
5557
51188
39682
65105
53058
54941
95805
98255
27231
40209
87604
84414
71179
64042
81140
28959
87344
5248
4110
71890
59173
94379
63505
1119
22610
88841
95207
77954
8261
54530
46189
39841
91767
17616
20640
91690
24835
86729
92791
72058
83688
95703
77496
36327
24094
34263
96426
30432
82497
8868
48682
16446
24554
27907
46380
31549
17175
17227
15442
45833
37795
7119
24393
11712
86672
42034
98518
57339
40565
50116
68024
11863
11289
91952
49713
9202
43302
12366
30794
42227
47747
8446
77304
24293
12024
15315
42499
23576
40404
99873
58492
96658
37747
29281
817
72263
51716
17781
36546
37818
60529
32745
6632
54319
29673
30174
10931
72123
38462
27685
28122
58814
52784
74476
52397
87333
39706
87023
43323
65818
77335
39184
28491
94087
74105
32147
55176
2773
51945
90005
46049
75564
79627
26120
33850
45412
71310
64991
53867
12212
33547
90581
2299
58839
42720
33117
89824
21300
25232
37743
74642
21718
80537
78092
38684
44463
2027
58787
46962
92983
52734
82584
81551
61438
79585
76118
99068
8460
70250
24641
35611
7344
53675
94156
99687
23357
29523
36274
95355
47485
40887
470
51345
38428
58205
29221
83569
1284
2178
96490
64446
1057
77864
65195
66576
57099
64315
90957
63949
1177
68151
39716
68822
8887
46906
26913
46958
54740
24667
94937
8061
8592
66517
84620
27125
62484
75338
30272
41499
74902
42341
6323
4158
20460
30667
91467
54320
48791
27888
83451
36979
67867
91646
25064
15631
6024
34241
89057
66322
31641
32344
63452
88386
43637
40826
20921
7177
22667
42747
94320
77880
18665
33185
72944
67244
44079
56072
99604
75591
71731
85069
38612
65934
68838
37413
21449
91725
20131
25247
66354
78195
90888
62549
41202
49283
45722
65198
17979
70683
20740
13218
9447
54532
37501
12563
53441
73600
96925
72216
40426
30717
39480
63524
28153
32066
76140
70268
70462
52006
4078
37087
40970
32760
6903
14945
45263
57543
16502
14419
59543
48273
82006
52439
14236
18337
7034
21318
1543
30208
48361
32337
33012
40163
3341
51050
98624
52658
32089
75043
45720
88557
36010
21035
94414
86303
36123
75235
29729
85203
76850
98734
57662
8085
57424
82972
40194
50701
42487
64105
51184
45360
19993
43014
88792
2311
84675
59087
80668
38769
33867
4119
22089
75284
43243
45310
4440
83931
38384
10822
55721
9322
46463
23710
13666
97780
30773
8353
94930
18592
7030
26435
79645
84719
15392
22076
99299
76814
34958
93551
45547
79636
10242
23886
57452
85161
76422
12712
90187
98527
50260
49347
7053
78629
31200
89813
99625
37571
5865
59596
12262
50765
3655
76035
12908
58597
2092
46618
40443
80176
80080
50002
73084
97607
63340
65475
48325
91255
6150
22962
57388
13888
77889
9571
2147
3051
73915
19892
80917
2736
16721
66596
25540
2426
60287
17503
49986
65399
26713
98475
15667
5247
74515
426
41390
52858
10006
50923
9065
33062
83947
26993
92889
1383
20708
66689
93960
69032
27246
32578
89515
34776
53533
96691
3996
16378
95791
71421
13366
15126
58801
2331
62885
94344
26177
30897
49091
82520
3487
91578
40431
30833
83622
69505
13377
48681
79340
2695
30384
95547
23822
46068
86016
92021
64354
41570
83258
24634
7780
42727
68657
20134
3645
72484
23105
49074
6175
26077
33622
12144
6442
14331
77105
26432
84067
63916
2766
67937
59977
81215
53004
36064
98891
26029
20664
42922
41232
92299
93166
98298
83372
36324
44675
2547
13255
72056
81718
86582
33936
92143
18174
76700
20094
76585
32543
86759
96232
39474
48783
22559
70947
5424
50151
53064
32584
96959
40186
43407
43999
86071
40666
78225
86059
22126
16852
65580
97756
49970
14349
91107
79566
73270
37978
80062
72004
19847
80000
17710
23549
54838
93478
76637
40348
85025
26558
24825
63609
65092
32785
43853
4495
54498
60999
31204
52556
91848
77764
41372
63382
33736
1567
20570
82772
2870
16181
54816
46285
22014
1908
66563
58483
37108
55782
69641
15987
2525
35654
84836
55520
8840
7713
24705
28400
75585
44315
21602
78349
27423
60600
26418
10564
90015
18517
5025
34841
12732
20296
92211
62561
9435
86629
14550
6549
2028
31591
60798
86332
61672
1894
50244
58805
63871
51965
99268
98789
96502
31275
5577
16837
78121
14876
74898
54286
86613
66245
29025
87316
94967
41002
76856
90430
39406
79128
14570
13104
94210
83132
86765
51342
18431
89801
94819
79972
29979
71926
62009
80190
62467
31700
44916
47251
55426
63021
74092
71292
31890
3114
96010
44333
75308
53359
59298
22431
55482
99701
78386
74143
2478
42645
53506
32150
75357
46158
54577
89856
61988
45272
63104
10916
11185
36857
10243
38249
9545
38333
59013
98926
16600
31469
27810
92048
31751
75
13601
49115
85843
21181
8407
231
16173
72341
8921
65912
7519
9983
84127
44269
70998
98020
5215
9721
20437
58034
63166
60734
92822
50502
28856
33173
50973
81570
77039
57062
85715
68204
35124
80530
89284
12715
85271
69377
1491
43503
37347
59685
23411
25358
36778
17598
49192
26180
80674
58716
42032
67369
91386
49486
97016
76033
65792
31110
38422
77858
68613
34295
60212
27156
82227
28189
87647
84788
3471
45768
93606
50334
87205
17583
57848
57835
9005
95558
70352
43733
13868
51295
36645
9734
80121
75918
33928
10753
86360
14829
45489
60370
60813
74012
15459
73943
63894
64548
6692
98620
62998
56646
33332
29277
27255
99627
84984
39472
56590
3283
51888
32171
85101
15710
38148
7934
71132
90604
55058
29616
16000
36109
25687
44854
7240
67426
82816
53986
97871
45696
64438
92466
58487
44735
49858
90544
56897
27065
77494
6080
39409
15210
63305
57386
94004
84296
62668
70685
848
57445
82505
64266
23004
17642
46107
15040
11334
36172
24944
49326
70222
70273
92723
34254
14913
45952
27730
61746
95256
28288
97977
16413
24538
16469
40488
20023
2984
19760
96009
51172
97168
96206
63185
23912
96026
29690
66771
41830
43488
24964
10505
78377
54903
34387
40507
61039
76795
97104
52819
85094
10376
74017
91867
5433
13434
30597
94060
60170
50341
83578
26502
91262
83207
45860
93273
22482
61593
62407
43130
15507
39424
50632
27714
56147
8100
4252
22578
36802
33763
83964
77466
59534
8519
39005
70181
5137
2100
23959
78527
60914
95834
29740
67973
94354
95461
41219
35668
51387
48222
24631
28517
17411
80602
12122
53070
64624
6993
97855
60
4288
74272
91374
2430
80952
70965
16287
32116
48085
94694
36727
24416
72870
74928
34264
41283
74610
59269
81398
18008
17029
93298
3848
84021
11536
66072
15798
80984
57064
72543
15864
42919
52519
58218
74090
36539
90083
60121
8704
12179
68169
79929
45944
64627
11828
13871
56942
66238
23602
79831
31910
89455
60346
71039
12221
67798
76668
32247
77270
37750
90967
30930
79009
34709
36151
74216
10650
99020
14208
28873
92792
12709
23847
70461
75322
79133
37546
35507
77011
49512
97778
58885
14722
54836
91544
930
15742
68518
2061
42590
52529
13478
76651
86386
52480
50791
55414
19363
52396
31002
8733
78113
80670
57758
82621
67926
50737
54436
23130
61466
27703
86182
12596
38128
48898
90118
94226
1732
88979
8853
65921
70837
56902
82623
96139
39952
22770
14298
3604
32458
1043
19873
93277
41073
62678
78930
32880
95389
4638
1591
32176
26016
50105
87530
17673
54249
76474
96622
76536
33189
32987
45082
78640
31214
832
10888
81051
19894
45278
38277
6717
7926
97189
86242
98208
86281
68184
7488
86718
90927
49095
38842
47984
72921
72794
50908
27070
16934
4724
67595
25675
82578
62814
24428
35493
58063
71324
84026
10073
66686
99634
96659
27332
73096
33683
45907
88795
20141
27052
95734
2401
3126
15770
42434
51168
14739
7194
90325
31738
1147
63962
76876
1696
93025
12690
11107
93866
29539
76821
47647
87124
91098
75697
13574
6099
40732
41952
81959
59046
2513
60911
91912
55216
92891
52219
65919
53372
87043
66926
83098
42550
27148
45548
98099
71619
9366
39625
71327
25725
49318
28678
4118
33903
56239
18511
52055
45428
5838
39285
74676
35024
99334
91029
4703
34793
90719
99571
67576
62140
80546
43429
56209
91106
60790
20540
76930
68990
11273
132
37365
69757
23908
42322
59956
39753
99829
40977
75877
31267
5264
64580
18915
26183
46717
4294
61110
80631
48420
49639
66579
14553
70515
41154
7205
86676
31024
96465
88492
7459
78810
95556
72780
36996
93638
74361
75466
42581
20575
85781
37317
62424
52031
92716
28691
91146
16690
85732
59492
56092
12374
71174
95096
23287
40603
6975
81623
25819
4868
82825
36281
41104
55776
72410
20962
69332
43659
6859
62632
37760
22665
27483
28096
47106
93258
28073
23434
9688
18274
94368
23197
5459
22113
40767
43168
64985
53308
31193
59340
9856
13099
54303
93682
6252
24989
14156
56673
39535
13317
71426
75434
97883
69140
45819
28899
35379
80280
60676
8204
57405
6869
40301
94755
34620
68977
48704
29998
72299
17961
31801
75340
94111
93269
18500
97437
19517
73942
95879
24906
36186
80483
18702
96531
54461
43846
37700
3024
13926
10456
52156
1451
98305
64067
96240
99528
54293
51413
16176
69091
21206
46417
52849
30936
16096
81297
38677
22892
15174
14817
46652
21950
6129
15956
96246
1759
1095
17167
16326
63267
58169
14386
76998
63979
52963
32780
13190
11750
48740
61135
54054
90998
3776
97816
23669
62919
84669
17420
62904
6370
91258
80047
17853
78616
23739
71224
50102
50785
27011
84742
8997
4126
11780
94543
30027
22636
14434
49834
70318
201
1070
90261
4196
34411
86831
20416
66598
36222
80087
65719
8377
37203
21783
21568
63045
48302
83452
94577
88897
57026
20438
73859
2201
73191
66
21670
50692
83805
26736
80497
66124
42693
131
75858
49690
85701
20512
21159
97595
74941
17086
47378
55100
34075
89048
91634
35032
87476
23461
85275
54387
17929
50788
24776
42457
12209
82856
29265
93500
59748
30180
66736
32659
44225
72020
19335
47722
89070
88360
13253
41343
80829
68915
17357
63991
99563
97700
95868
75692
63481
28316
80517
47287
86464
84122
51704
48542
81288
64658
36521
40939
254
36930
20263
10090
73563
56680
74006
26383
20683
65750
56917
7477
26160
36098
5857
97561
72754
38667
50457
58758
7016
40390
797
96099
18040
24603
98335
40098
98421
40269
65885
77104
34468
25597
90489
92899
44247
20070
41594
32923
51995
38646
79989
33606
75497
17811
4669
98623
76359
15420
74726
23958
71574
72851
34486
25237
32959
56980
70981
85328
52947
13020
94901
3664
2020
52538
95215
88166
67792
66507
48862
30729
25281
70482
80459
15886
46972
75258
16859
93115
20730
80230
25086
80232
79446
84692
97343
79906
34795
89274
10461
50245
35345
18093
71213
35693
88614
14141
19765
73414
72842
75641
26730
83803
38966
27881
24810
93996
24130
54820
66260
28547
15313
57214
75936
6675
24375
68364
39551
27140
77638
89091
97738
7899
9843
32629
74810
14887
24498
8738
1818
9154
83843
53120
86584
28145
77186
50231
34854
82808
1885
94466
37254
51439
45764
78723
74117
8839
99065
60847
71884
35397
73542
57156
30793
15350
26924
68351
75228
78205
70765
64173
1867
55182
31258
89880
96023
10669
8290
20291
36170
10444
10445
92625
56910
88938
46594
42330
73380
64193
28402
85584
59003
11931
17842
96136
36278
89059
76025
38246
35371
6169
25598
73332
44053
65995
8831
82319
37023
47124
97993
16066
98439
55250
4264
6146
90614
31613
92217
71789
4509
49236
16959
36178
35944
28811
58574
62731
85369
15418
17728
25701
3755
92615
30586
65558
75947
96263
66810
36632
28369
96602
90713
2481
80322
70512
91164
51232
28452
39671
30752
717
26030
76168
67379
45306
26625
98035
3082
6050
74563
20750
429
6304
90569
83983
3429
59937
42140
30171
36018
82032
56016
75890
68385
4307
26356
75625
36731
4203
28530
73799
66981
26709
81610
36535
74935
30270
62477
55487
56457
54863
78515
24034
51164
30110
12200
35387
52195
86947
56444
38065
1283
96065
50134
82658
9956
22686
15567
77137
80392
45061
89464
97574
47889
52526
78093
13011
39860
92810
59612
29597
23322
64372
96568
41723
94887
36111
63320
63419
24711
52106
67255
84221
18758
75703
2806
45925
73418
47470
68971
40711
78148
30276
28755
64297
7947
8877
11338
22276
70389
82823
34010
80628
61861
24760
20746
56782
92170
54106
94034
15810
40358
52651
40479
33473
14194
71797
14702
60174
65948
43539
55687
67997
85731
21229
96162
1009
76253
66292
18697
64208
71642
49917
94571
54396
79303
82647
14988
60801
77893
17017
95167
17278
26632
97252
23709
11641
57582
91348
4424
31147
75590
82864
8861
97347
11550
38316
72398
10930
80733
33153
7618
89343
61930
63715
23299
27445
65448
79414
97120
58445
56227
64769
36928
39647
47600
12266
21463
28161
19488
68397
12914
53151
90945
80696
38211
55160
95631
82376
11100
96790
6430
90832
37228
24329
54287
93721
39142
59846
74606
22776
14311
75797
71357
73256
39537
52324
15495
96930
98204
64576
13135
17766
9169
91928
13664
42531
79163
63717
64907
91363
49954
4234
42192
93329
39802
18390
48648
64651
90518
39554
7354
78578
67504
19725
64418
9328
56171
29546
59913
86194
58975
34242
60808
6434
92358
1674
88119
38642
97930
90463
6868
79857
95460
2273
62809
80235
89806
28974
33039
93887
84432
44982
67094
7468
33367
36679
76834
78353
12632
94324
83409
98066
75782
88084
17254
79697
52017
80841
45980
18005
37321
54776
99245
77526
86745
80003
2002
46709
86773
50495
73037
41233
26231
29716
80059
79237
10104
13840
48477
88511
73021
85783
34453
72017
39560
83216
38748
3187
869
56653
3933
14832
88190
52821
5010
77800
61894
69124
61932
93413
30826
66341
3781
80090
41743
27256
7507
80473
32144
37492
58463
86453
49098
43229
15867
81395
63375
69118
27956
58953
5270
24354
7887
3514
58134
60807
46753
69665
69694
59065
70748
17363
90859
80990
97575
29953
9291
34941
21698
40074
64741
28893
15671
18782
48218
97999
92963
57704
31019
67755
99759
98887
37380
96170
97028
40647
28064
33739
18423
8213
63581
90928
46300
64068
79614
41077
40831
28782
95757
14097
27471
82258
90407
32500
26588
50615
79595
14159
3925
75783
87010
30662
81910
67493
8767
12375
77761
39000
91072
22169
73447
63879
7356
63854
54661
57370
28808
45514
87073
51784
33010
61735
83945
8262
93722
68555
86795
71088
50144
25352
52639
20273
7538
84986
33255
41783
74365
63137
29558
64935
78786
26444
8692
54253
75929
84682
50172
33776
37791
56471
30584
16329
36681
47648
37227
14637
1881
38068
43455
93565
73291
83068
12094
90875
83539
15398
37092
86402
60509
19950
2778
22084
66255
93376
45116
10940
39854
88258
40343
18361
17406
75167
19024
23131
57512
57572
95863
41967
51935
49541
53873
85735
85115
72774
67370
68595
80711
18273
47174
92762
49705
31260
9556
72126
66262
63260
42688
76736
33109
46366
87995
8382
28701
59876
84903
7942
92801
96021
42392
25462
69626
12356
40799
81446
48743
61464
96950
3106
72139
82710
58375
73653
60865
57578
12581
6778
43219
49274
14391
95689
33487
95267
28887
26089
96030
22267
99615
17604
42294
6775
8531
52030
76209
81984
49785
85825
99656
37490
23370
79503
82680
48202
17213
41407
1018
24047
64581
73276
69522
2250
70802
35822
11562
52033
45680
28008
5002
78769
46755
50170
10405
85371
90818
79594
8899
72509
60163
68434
24929
54202
61922
60820
10416
87536
18299
49027
56184
36035
86735
58427
46031
15336
34538
65530
58803
99841
62196
51023
14329
40815
91468
63302
3062
21328
1277
48002
58767
42115
96385
28971
77863
95626
41767
5581
20949
44928
59212
68668
52647
20936
77329
5074
32203
48019
50617
11907
81802
92270
79467
51629
82742
43593
43743
70829
97161
92686
73222
5596
6784
15426
22854
3904
66836
45371
5916
18341
5313
84900
66036
37567
79064
30228
73238
20319
77059
87088
19158
91296
38345
10819
2270
65336
73426
38871
21549
97110
34603
66148
25387
17694
16281
12828
90825
38076
91758
879
30984
18082
62320
6210
95575
39098
35783
84730
12745
80266
42172
22404
37134
67858
89965
80609
40638
77214
28772
25630
704
75950
23387
71353
3905
46991
7130
60802
39354
40700
80103
21171
78280
91850
35363
46286
76090
74838
67313
57043
25917
30534
44313
23566
11385
80032
58641
40281
61413
563
56344
46437
96813
99624
9006
92086
42336
1889
81636
95229
2318
53567
98002
34705
28399
13244
38654
57820
95658
99137
71325
68956
95710
60691
21741
23474
10604
780
529
78375
31729
21082
2717
8269
59007
21011
17346
35660
92790
46117
46387
47242
64716
48733
22148
12483
41529
19199
68294
29046
17137
14096
81606
74565
49789
51821
49746
709
18985
83109
13060
32792
91299
95319
58262
56705
55348
73659
68804
97003
71898
42932
87069
70643
61632
67057
64181
88693
28985
65086
15301
18547
76226
11666
63033
19229
54489
215
24002
99984
38255
8
62627
14394
28418
67988
6915
55860
49345
46551
14981
92892
55327
84359
20157
54538
80816
53509
13990
58577
96264
72732
95651
7505
42854
89402
96822
17077
53262
86849
49609
50721
75887
26176
91274
80872
38980
85236
80904
69323
65057
67625
18605
35893
23149
71472
81307
44517
61860
26115
41573
6688
70008
82669
36811
90335
87761
61086
58637
70519
29712
49051
65899
43024
27211
94512
52896
20805
74551
35333
75895
8432
33799
45446
46251
63368
4301
67849
25583
80010
77598
91234
34829
3016
43912
79821
30205
66175
6037
10766
77661
35231
56260
59655
73173
8828
36141
31930
92688
14666
97536
90714
24052
30730
75738
8841
2352
74191
85152
33862
29806
23047
79055
85201
13283
55060
66512
16017
87283
34309
66167
98419
26071
22335
6275
7425
66912
17509
13849
7135
14673
94870
46965
81774
618
96508
11325
96509
5497
67606
37482
15637
33366
8816
87472
46122
8686
51321
2283
6536
90612
9046
68941
55786
34593
46405
3727
21254
16511
35678
45851
69452
15725
1585
70428
53842
20960
8515
41724
90553
75233
78131
28554
66575
10588
53700
85468
82566
37572
36094
80747
73255
23706
61170
27400
48072
34049
65487
71951
82980
39213
61962
8201
54176
27233
45409
43571
90153
59801
98930
40838
13673
79996
64638
99998
34901
9693
55418
5837
19651
12487
16686
16071
11047
82555
34536
69760
97485
54049
35034
99193
27882
26626
48367
3826
1114
11627
61100
86913
73937
52005
67482
28993
97966
19027
38706
26563
29365
64958
34382
44722
29071
31887
83981
14895
41123
51783
69811
76634
5958
37314
18996
49401
66296
62780
68678
5661
47179
73470
24390
39585
33918
37958
7864
43943
69864
8131
4873
64699
8903
28921
85453
14901
43165
33827
40364
87691
23479
18897
72014
22825
62448
62097
65223
77515
75988
70847
3451
81496
97829
52028
3940
88345
44921
63915
38999
41637
97806
56231
24060
29825
32623
97540
9820
7629
55401
40769
93592
87140
18755
77732
95814
54108
35917
64313
86308
98773
77682
50166
32590
92904
14395
41029
85428
29999
74985
84638
39353
88309
45312
29821
52505
55273
13715
3814
20807
59090
23127
89046
94121
11844
77829
63438
86255
71999
36712
25849
17789
89786
18589
20184
90942
47398
35172
74710
30997
82730
91279
42927
14863
65528
99933
78219
17107
40841
43012
74781
86593
61289
32305
73504
89778
14918
93741
16635
53434
32308
36923
86042
73314
66022
81479
35544
22295
21473
74544
76660
66052
28121
86381
28515
87856
51409
56841
3738
11873
67963
68593
32301
17421
92204
45362
59307
31424
37891
8083
27217
48670
36993
18704
71183
7633
93015
81350
22437
47039
8513
71897
27286
19506
84794
12433
40154
19747
4072
64966
79605
93052
8015
22728
95149
55922
87689
54419
10756
4661
27880
47689
32132
48565
47185
43454
47986
64601
46619
6189
52199
17371
38204
49654
21111
97426
76774
2094
93825
98775
79970
57960
75774
74334
15119
61858
52283
97846
82553
31723
83855
37504
27043
93109
89785
79874
13049
98630
37676
94826
85541
67600
67288
33351
40878
91384
87839
92660
88331
18976
86571
55272
47630
88771
57916
96740
62521
11526
95271
97441
93661
73568
56242
5703
7983
54667
75111
73097
90552
48276
3810
59020
6701
10399
78960
91780
2348
61990
2596
18041
60112
31418
84566
93248
30722
44265
62142
70555
47545
80640
86814
21193
85023
92777
73655
23288
45187
66256
18778
27958
35062
36179
11537
95974
47045
31109
69585
45036
72028
98478
19131
33259
46585
54113
87061
56494
14244
37741
95679
83701
71385
62354
46672
36692
79311
90573
92330
68966
54132
47750
1174
53015
3839
53394
85120
96369
15603
69649
88967
88533
96335
17795
67481
97793
13900
99645
27560
99376
69448
15909
79941
93878
59209
11427
95392
4296
35625
88739
67652
90445
95488
55385
83936
68231
78457
30800
99093
35214
57520
17684
95103
12198
10026
94704
19944
69021
50778
96034
23780
46354
71100
72775
85450
5464
85562
16443
48546
51211
39183
48392
62559
16223
41027
52887
33648
12313
91774
91787
60318
65180
44499
80060
23016
55326
93926
21640
31540
37640
44076
58663
74467
88877
82599
5560
3226
70518
59153
79622
93049
27664
93952
66957
4780
42226
29997
36256
15946
52798
91497
55592
72131
14796
9950
25028
63926
13805
16550
85011
4097
88617
15482
25665
60515
15839
11011
77303
33695
73223
94728
91622
20037
61152
95242
8232
92386
34478
47223
26601
74936
52829
63030
23560
43485
18128
26209
85595
42104
87383
24029
49148
41847
79203
44439
81726
47030
53551
73698
98510
57516
38901
98806
37515
4670
74770
8952
47421
54119
17377
18743
41432
43086
47534
76691
19945
11040
4599
91360
5371
28779
17156
98359
98089
83613
34142
34900
478
840
57260
63950
87111
23166
23718
95018
25679
67025
2322
3837
62084
8132
63211
46879
87974
13504
29012
19746
93389
38735
72688
56032
98664
51355
69473
73898
6223
33490
99001
12270
50708
80231
31421
74219
10146
11090
57915
24259
66828
9873
1144
91686
98689
7153
77500
18904
85149
80874
57879
4367
3409
98539
39011
60216
96918
20818
75352
83135
66009
64318
32049
14893
84875
83259
40384
67589
35600
95137
29676
36678
65031
49762
58047
36569
86601
86527
92829
55882
34615
39475
65504
84335
43397
3780
98827
94670
26642
48151
24949
6333
69343
14847
57137
67404
10128
8727
86531
9953
78796
86749
87277
66964
89250
58317
75191
85015
60854
38022
13296
48464
43875
2083
50801
79313
56540
13406
63173
64407
3352
29653
35184
31619
33990
36183
43220
60151
55393
43505
86105
87898
30817
94854
27440
38465
64009
59907
38408
69745
85960
44622
73619
57739
7463
57865
34317
53678
8847
15871
86999
65346
19926
67692
55839
12730
93781
5347
10883
90507
41454
80632
94900
16297
9242
23962
6700
59297
51177
66427
95372
70628
9270
24463
43173
2686
63412
16691
13623
17300
57614
18333
57389
93590
19314
97009
18056
98984
52994
83294
21915
82670
3827
13081
22269
36245
65027
96135
25702
2865
77096
62173
36303
57419
94093
26102
41305
86607
45206
92112
78779
3689
35408
27922
67140
68711
40655
25897
93288
90401
59728
73921
82614
54225
32842
30162
87585
92572
95598
94657
20764
8801
35104
88281
63669
34434
28287
47981
38225
20741
96265
90955
31949
10304
16368
6102
59544
20674
92759
71375
3675
33800
97338
85767
50494
66438
71780
31245
36805
60296
43071
96944
96534
92341
64276
81279
80509
13693
95193
37368
50402
53728
36951
3627
18676
72782
20506
65814
95335
78546
40754
91915
98128
7657
93684
40312
31309
41477
67040
91981
38336
16307
98804
68629
9544
96207
89529
97526
19525
66031
56252
83411
68894
16191
80470
53932
52828
96555
31837
32582
14017
255
81196
14865
86000
12079
94744
17045
19018
32350
78767
70619
23984
54219
76498
96633
49317
75757
56634
78181
34042
669
60243
3571
44578
20542
85514
25798
77757
18360
30212
69133
6547
13357
84800
51511
3279
21888
17270
43971
19754
66248
85848
57490
34471
27169
97747
51961
61607
30354
62375
31173
63678
65817
22446
25495
73858
77892
98559
76759
28326
26519
9188
17939
99134
81633
80183
36206
82362
44098
9100
40963
91792
53128
86214
59201
1218
62588
91145
30247
11230
76600
51766
70288
50647
59522
5776
62781
77609
67168
97247
43640
71299
20212
27460
14006
2452
23896
46319
77353
64793
8591
37619
99697
51154
40598
71023
76669
25821
49118
99274
7995
20679
27766
93078
29753
23405
32862
27010
25447
12499
88305
14564
34729
66745
89937
42741
33138
20288
58958
13674
27335
31175
73289
3435
24217
38757
40089
73888
70797
92343
16728
70817
9867
1103
44496
59928
96933
11690
98336
41053
19779
56196
45873
98318
78259
32042
37037
97330
15672
59558
3526
11575
62771
97289
5417
20406
819
39847
63474
78097
89453
13400
4318
93726
69581
70625
48515
7949
58733
61949
14872
41223
5043
20152
95803
55517
64326
16517
10166
72578
1886
8966
97891
30252
49324
1605
27518
68090
26753
67361
53100
39252
23705
10217
9952
9275
19311
50293
57413
84781
3441
74751
37166
35905
71044
55494
45113
6917
96230
42349
19156
66200
31120
14616
16625
77699
73224
26023
62579
91515
77841
79846
92702
45224
38911
14041
16888
67289
58395
94890
34403
77525
65317
28309
40276
60015
93733
95339
8139
70192
59557
85447
96617
92984
50112
16924
10335
18367
4673
26132
26879
51981
31840
86468
78557
5389
19360
71602
27750
93630
20808
56404
12861
69171
36296
85191
46486
36760
32632
12583
14387
38930
89724
74246
92902
11199
49372
37001
29592
13697
97682
76586
81988
55089
66934
96307
35142
9051
59325
14321
39822
62188
108
19785
72566
46119
5868
43631
31336
82340
58314
52897
20338
12698
97694
66996
9308
3799
84218
76064
63596
60467
97039
53908
26523
42137
85958
91364
33775
82516
80468
91252
9373
17916
35767
86470
92568
39110
8752
14234
31899
69204
83413
75728
21586
10167
21055
80939
48742
77964
44628
46048
6597
83731
76290
5818
47948
69126
42047
41633
76044
77557
85921
61361
37436
60653
42618
2827
25446
53698
51031
67284
5177
11791
76895
71394
25185
90972
65175
98440
19092
11307
4883
90890
88540
93435
59053
89221
22780
22339
13224
56437
2551
72733
97565
99415
615
90206
20668
89598
11933
32761
34491
21258
58411
57458
31625
26187
19586
14706
86137
36150
59754
43253
19225
27759
83239
6543
39547
17281
1828
31125
35582
73410
39261
54608
5962
55099
72804
92053
19726
95664
4911
78261
8297
22
70470
88332
98383
23323
64723
82562
55006
87981
41981
25969
86406
37742
70730
45970
82121
47960
3179
73458
199
84497
39702
56220
85511
52793
74851
87224
85311
46579
40288
18484
50126
88672
78163
56991
96818
26246
53250
94849
62936
74621
51721
31843
42548
54940
57647
33893
94248
98818
85317
10786
90850
72381
7124
24890
37938
81895
34386
87325
69695
35097
30783
23880
89752
36289
53208
70392
97750
70818
31423
28228
52002
58326
80303
94798
53380
58970
49894
16515
623
4278
81369
53251
68861
98513
15293
27630
58242
96596
13033
40861
84326
43427
48802
21693
11711
14467
80412
50733
94788
31369
12019
81882
40989
35744
80053
81504
96864
1679
85710
10229
35293
46902
5860
28269
11451
2101
68844
76680
8046
30507
61124
25682
28796
81502
88156
56630
65917
44188
46662
93050
13311
88601
9577
46674
26331
16180
69396
43851
14680
92196
1478
13844
64078
37773
69720
90483
24367
24302
40592
45096
85662
45815
97219
7704
18662
55511
60086
27883
9195
22305
43731
32750
86777
44538
74616
18987
64864
6819
13297
33949
16743
9851
23303
25276
48674
36227
57071
87774
68947
56335
43831
74765
94306
77271
77878
19147
75850
65695
81815
37896
120
89474
99217
53409
8040
57360
93854
60903
24407
16079
7250
73050
93142
81014
77848
78318
32140
59182
11971
51147
5867
69435
15700
37082
2251
88253
32263
66829
63746
93200
89063
39810
10419
89564
58319
33386
39673
94488
17868
45267
33091
5258
59879
99490
47697
93763
78504
97122
11632
29397
16389
26693
20391
19168
16463
40261
87562
11887
39247
15343
27358
88302
23210
99262
69949
34987
92295
41488
4496
89545
64231
56977
93801
56161
58470
87759
1753
22696
33281
88596
55616
83464
8127
39266
74531
51024
48347
12527
62643
90296
24083
572
2815
71682
64108
65301
43621
33902
31683
21103
55722
63587
96928
43608
82500
52188
69943
10853
92800
41414
14530
6580
28074
40408
77918
18524
3021
6257
75137
80938
58315
34201
98429
90422
12753
43254
55986
96522
50354
27199
86863
77414
91493
13331
99211
7737
39577
54703
94510
50557
47712
75225
41421
54809
79091
16048
98243
28853
33762
13074
24377
96947
78788
33665
20940
85291
92944
93930
26987
93828
88273
69034
20060
92559
84560
7362
10037
16110
57190
66313
74601
10586
37735
40721
64893
154
29043
37278
36538
52654
83659
3277
33413
36354
25016
17019
49820
23960
50715
11848
26167
49545
37315
82317
25810
26403
71036
30275
70877
8721
51489
81387
57732
30778
38321
22900
57291
60875
99392
22348
10631
36246
1682
13686
96039
2366
34037
64330
48176
50049
63257
3252
68245
23067
33191
38234
73341
21335
9110
52342
12335
14124
58810
11310
16609
6284
86861
84020
20689
83813
29839
1887
32982
76201
57522
99978
82301
22563
58216
29050
23824
74877
44272
94128
51412
34458
1175
89181
80903
51113
48452
77543
33054
22173
11606
36608
86045
79830
86459
67065
73583
20457
71115
69139
57797
58366
47033
86844
84590
37302
5989
44761
29617
42335
48908
45741
6283
60630
71067
54871
24687
77088
49867
23263
96714
18796
90492
96494
23599
33390
70544
8409
24871
74189
71708
33066
20951
36605
93440
92397
4188
82167
55228
78657
84842
43009
17030
21261
24729
77677
59833
12988
51924
16216
73016
2217
79018
16081
14144
19354
34029
37453
80178
33293
57276
42791
28807
60793
11398
10328
15554
34553
41003
69589
74417
33352
25714
23119
74521
55544
69616
98381
22394
54450
45564
39207
61443
41607
83116
97094
90362
74542
32446
69648
86556
27033
54763
19307
86222
39004
76584
14146
46740
86160
57248
81134
12883
7474
89589
91144
23160
47177
15348
71119
46895
97983
49238
66878
86756
31251
23951
73587
3912
68443
59863
6095
45557
5498
49289
16997
54853
81533
84425
56862
48953
50823
91368
95496
99692
9413
80579
45672
52914
36406
39845
14762
41593
60384
932
7631
280
99580
70159
86879
45470
41997
8175
10420
38916
77036
97381
34577
69875
20784
59156
43806
61580
19062
68276
33941
96888
7745
53879
56801
60563
49230
79194
46556
96332
38833
1044
36452
28227
23099
84579
72878
83660
80295
97133
18751
62454
84002
51588
74512
11756
59309
20379
79465
71861
27327
54297
43681
88880
13179
10848
2398
897
88324
51315
46813
26313
25574
40733
96607
90848
6765
86862
6085
67903
50506
4381
60341
16900
91644
45103
54616
60191
93001
94893
57683
81427
77338
5640
8280
27974
697
50545
64579
2615
12447
13703
54356
19812
3890
73398
11181
76296
72657
31915
14718
86859
87216
81676
96444
11284
57265
85147
61615
90090
46715
1757
94028
70849
72934
88788
20461
84845
18275
73855
87025
47744
42245
42139
7834
92548
31944
29371
47580
53927
93463
37114
73204
17342
29837
76258
9457
91833
37520
64141
57198
73548
22049
87843
88581
21331
32477
21137
53935
17776
6088
16479
89175
92783
20642
96196
20356
60972
31127
27196
66793
70174
79957
36517
9318
17617
98111
88378
75328
99781
95002
51423
58696
46654
68422
55459
7904
4029
51333
77192
96672
1233
39182
16990
12364
80725
61227
76363
21167
82736
95600
33946
67881
22435
65389
54930
98856
89044
63048
38256
4445
11470
4083
83959
98544
70805
20132
14284
92004
35736
54882
78036
27804
77769
66264
21310
55859
35540
78945
58738
61818
91033
39194
36516
85533
34960
52584
62267
2475
52620
92419
42066
40059
69968
60552
91581
56616
79848
5559
51079
21150
77709
88241
59358
2416
11276
86374
55188
16570
10775
26819
52065
31179
93314
5512
94604
92726
97238
70296
25143
23529
61010
5884
53055
69888
9380
47719
78455
37987
38006
42823
28470
27520
40044
44292
60670
95628
95841
98520
31565
49651
80407
22913
51065
58516
71265
60479
31974
29274
63353
68317
63062
33363
24318
69025
41521
79703
46416
14907
13782
54123
8556
59959
84630
77948
20964
86851
10608
95956
4027
92392
51058
95032
36108
22685
15504
14755
6721
30486
18294
58160
64691
16879
75401
71883
26700
53586
24436
44828
73781
88972
10945
72895
53584
72158
8667
28432
86392
66932
26305
12569
92956
5520
6415
21513
85481
13444
45179
18221
44058
11696
4891
85876
57600
81339
48429
87356
26690
38337
13905
65798
29276
68287
99559
16342
68409
20765
85609
86156
35746
16183
65421
65873
5943
66694
75108
52083
24614
13852
60128
3975
50811
25212
66373
37665
64178
96191
66331
87438
81007
84263
42129
71272
9409
98957
66604
72284
24000
47929
89930
12554
16848
7958
11814
86912
25709
63568
23537
8935
26608
25469
13556
68642
49913
9216
25354
48650
70018
28613
60788
6162
54009
47787
35958
66078
30070
65793
3368
83642
28354
52098
83029
25148
35197
67260
42286
64964
40438
42182
60309
84559
76188
1305
5684
64224
61951
82784
68795
79171
75491
65288
38851
39873
66545
47307
8602
18953
65182
18143
77210
46172
93912
22516
80151
49759
65200
45185
89626
99488
1960
15573
66020
81901
43807
53113
2313
2377
78772
21448
73415
18406
6327
30913
7981
87421
81862
4193
99056
21047
54314
66811
47460
14554
43388
81315
52179
72200
78716
63184
13026
85540
82764
33702
33161
10750
79021
27147
1017
44898
89656
46399
22111
46482
23049
90169
37831
6834
26190
78745
80370
87786
90481
14873
2300
42018
76578
19717
64610
24652
89957
68517
39208
88308
74731
46869
45964
18832
92646
19597
302
65325
21600
81801
18768
63496
76303
32197
93527
78080
54001
29794
93691
92544
83626
11418
62099
38441
84833
49024
22030
56906
49787
7516
53210
53951
47329
56356
55061
48834
91523
45739
5017
29906
63023
71315
75326
75090
737
83402
2883
88029
55964
4626
81933
97364
65904
28244
62943
54625
48449
35235
25332
56445
34245
29879
25875
889
97035
88917
1529
28163
2855
64319
6709
48680
88369
6405
49811
60565
13921
55106
28653
93910
20163
80318
24732
56385
23838
37310
6246
78797
38546
65380
9329
30211
15996
52910
22444
99342
85251
52456
77950
46823
30862
13002
58887
72681
30646
88523
35281
29350
30580
12922
4639
13751
62830
37183
53175
67800
56459
6620
23703
14108
87529
69283
263
26459
51596
36809
69102
50447
20767
82036
45394
11093
33284
34723
87234
8140
22453
35796
57517
48054
47887
82596
79277
22421
21569
37835
10001
75828
1470
73159
23060
36297
72693
11545
34300
56358
37283
24610
43811
28248
37264
40797
70057
18660
74721
69619
32416
40038
4576
96079
6195
84370
57418
29647
38698
71724
43230
72562
3734
43797
86708
59419
34071
83741
98850
47273
5191
90708
76367
47573
81020
72063
5764
63695
42372
34350
76519
24493
48549
46564
79122
68115
37962
76963
82181
30053
69513
90685
45681
68288
88546
24502
97604
19708
86557
17841
22296
39939
97131
971
42985
729
91337
98649
53300
62812
96416
97862
31855
71727
27898
44121
61045
79404
1301
66380
81018
26919
69458
46040
38784
27608
30884
54969
16150
28011
73344
95456
74524
29963
83201
8145
75972
42683
24224
89614
12997
13733
40095
79416
17276
80489
81275
6827
37096
60586
79033
42427
44284
51866
9445
2268
8918
4813
99078
85307
17714
18353
32728
24320
22774
27061
416
20279
90996
9785
19406
18324
6372
1
55450
95570
59031
2246
16166
70995
82048
49325
1514
37089
63570
88304
74640
13794
7345
50070
77313
53335
44954
58207
50018
96876
29303
17358
62914
99601
79915
73391
25535
19329
74569
48851
62645
42085
90337
10587
4921
72557
48017
96158
79744
35578
75396
75861
43519
44298
55730
28191
96177
29481
85292
44967
28566
46864
3991
81290
19897
28629
98356
42964
66886
89356
21567
40788
17958
42975
68882
80727
12623
68924
38131
97150
93623
27502
48284
79496
88950
62417
14040
54429
99678
31628
1872
42496
96354
56575
83196
14376
58679
26816
9945
60707
23873
83724
54384
23379
90774
69841
11721
34203
5894
99235
27597
52499
93495
16036
48505
3285
17041
16528
37421
99472
37289
53040
80079
54447
29532
3158
94976
25430
66663
83677
97899
11247
89238
59648
59954
34006
94612
88046
30939
72376
76206
48436
20850
17582
18447
57929
65243
84372
85189
80191
24727
7918
97041
90651
66537
22094
42111
6435
5944
5211
70001
2093
82384
56518
63780
88645
80017
41071
60192
96861
51247
68131
28990
63705
6623
89243
81518
29898
12488
96846
58707
87550
99944
76327
944
79748
27824
10873
7343
98541
55237
43635
15397
11391
46914
62335
85310
81979
90667
5241
73892
98509
3699
77552
51808
74567
67747
46683
58702
41177
53145
33599
56134
81189
92925
71998
86055
83828
70381
79618
85817
27165
27838
43757
28170
39301
6488
88041
38144
45080
97921
57256
56250
97591
86147
17774
51525
58368
25968
10885
54561
8587
24364
8637
64440
15032
93404
44846
53549
93021
42346
13136
47536
39506
85066
79410
87704
11072
87892
98242
4725
53707
13924
80269
17760
56628
25841
84159
80207
44109
16213
32742
50679
46171
79771
9521
83482
62612
76319
2188
54381
78948
9829
59524
5957
11097
2586
33832
93066
29204
48181
88458
24742
9002
29634
25451
65759
14021
23432
93294
23601
33090
79852
35025
38483
26826
21228
93681
86312
16545
70853
91907
45692
99198
52032
23980
1213
22473
58659
66656
12193
22603
99840
67164
32215
57627
13095
74196
23083
6636
12723
65968
47786
9030
42670
610
57296
70465
85856
77796
60369
77387
58555
57566
79028
88550
15239
668
12060
83745
23891
90356
99451
10787
94031
19578
7003
62719
72776
20776
75589
90288
48306
25424
62822
70334
12164
14248
9140
60672
63753
42568
5729
97678
13413
39130
89058
85498
64260
28877
48934
74736
65550
55123
12182
78316
46015
64546
29016
60141
7882
84974
83332
43066
12619
32294
68296
62203
5340
41539
14267
5770
19595
820
60998
37681
50290
42176
15882
16310
89220
56330
41703
55396
51040
50066
80840
94968
28581
74988
34678
79484
69193
24947
37623
79973
28356
9624
68854
98552
98008
23723
72103
68615
90780
80
61647
38655
24769
1054
98266
5606
21432
75160
24244
98314
59417
10294
93097
39116
96911
14949
79102
31648
86932
20335
89766
27566
20721
46152
78446
36357
16387
24591
31989
89927
29414
59096
42475
37705
53890
77243
16749
39666
57727
54495
5775
67247
47673
5001
59496
32892
95202
59035
37123
64058
43082
88715
97333
97517
75207
69278
93916
35121
54116
5174
42968
25178
75899
79756
91937
99558
47685
79887
9410
12208
95250
32607
8743
62254
30861
57982
40563
42117
11894
4577
29263
16140
77505
3050
91007
36669
74994
84899
21690
28622
80573
79687
25007
51492
39450
72724
24433
1877
39222
93235
98151
93419
66673
81839
86228
16525
49445
69713
6891
5325
11621
83968
96900
31786
52154
94684
82002
73189
90788
11878
99691
16373
82271
50287
39486
58196
21677
69018
75096
8504
45265
89494
60571
3353
70344
48366
95349
82699
1909
13204
4884
97730
73808
65660
24287
49933
58369
53632
75524
57201
24774
67892
46162
97676
1580
73400
35835
16376
74468
98650
24935
51116
94994
54953
55119
89631
93637
56532
70496
96454
97822
3204
55728
55101
80301
41966
89560
18345
71214
53944
25669
14274
62538
48259
29595
53365
51785
46181
25021
97181
83101
92438
98710
81946
63599
13533
47311
75504
26109
26688
94151
67035
70571
39912
94978
61873
57644
33857
50036
25479
45684
86833
54192
97836
87614
62241
82022
77937
68477
30435
34923
11753
39695
11091
18482
86208
82431
84314
80495
85591
14915
24644
93829
53887
47348
1557
62166
84096
44034
26347
82226
56056
82126
40243
60195
91719
28514
47464
57561
21505
37540
68122
42755
4826
58271
20426
57122
58648
22159
86649
78155
19416
96258
79529
35480
91483
48935
32419
82501
96237
52741
72325
21753
27247
48623
11538
4999
92079
44794
8121
32224
24255
94196
27532
53712
1065
81856
49229
76180
6538
9496
21830
17623
90189
51279
93388
47694
21771
26253
25348
63813
51443
98074
18340
7097
48166
26956
14351
39073
5201
25823
75346
8212
17943
76576
65996
15505
65171
23413
42997
77226
70283
68301
70233
8638
90378
2693
46787
88674
98530
12031
14362
67855
16961
1607
67742
2589
94072
27904
81021
64252
54732
26365
65074
62052
90252
74529
50974
26536
72999
97929
27325
78204
74615
90844
20925
1992
36118
73913
58963
75548
60137
80258
22497
71117
48511
84147
13146
24282
4169
88878
10801
43366
75329
92446
75901
37341
17504
23109
35409
5037
10925
94043
56142
47524
36659
48774
15520
5522
19549
80882
54385
78479
9353
63819
77707
85937
41485
97284
47181
33435
5611
56071
17636
84015
19468
28689
98048
41174
47267
4682
50097
43459
32448
80014
76801
32736
33364
91124
61271
84813
61969
48871
80705
2021
50065
34354
60424
19828
79105
25605
67153
62545
36724
37960
72821
80883
11564
11918
4262
47872
74757
13579
17646
62419
26803
69992
27863
95560
15345
14774
34600
57369
19318
53282
99864
84562
63268
3431
63037
24362
11434
42943
31202
18681
23644
15216
74491
38711
91910
45363
93599
23818
6769
77237
71014
12475
16946
15792
3015
17134
88901
34089
31266
45513
18572
79930
69328
70447
65127
27864
5227
64932
16068
77475
94611
33682
54407
67933
91893
16841
3458
94377
2212
59799
72383
29815
18208
22895
89647
98044
42595
94801
31828
42171
14101
8635
19927
97475
42010
85794
56919
16953
23374
72715
68357
79535
37837
68055
63643
27333
25097
30007
23382
88437
9807
96418
90026
83822
31647
80078
98955
65579
33774
66610
3467
6048
38254
3364
22886
74540
44712
7297
30510
742
75311
34288
85131
30734
55956
70569
57051
10952
26772
3619
34319
22775
98755
71464
58252
95697
36351
97555
27878
45731
26804
15933
57576
62777
27003
81523
481
92607
42851
59321
85961
89478
84731
15905
43891
42882
50796
52240
35670
85884
42521
51460
59443
57239
67911
95511
60394
14367
72401
89707
22730
30380
38139
52549
87638
27172
44326
42758
22212
85567
55018
85314
39684
11212
71668
83870
52260
2199
45854
69895
43241
72981
80707
65698
58425
89648
35760
5674
27205
44181
96109
28133
29366
94946
29588
54837
46741
57983
25444
1366
81004
50553
64264
7154
80561
77962
37247
73630
89743
11552
28477
46786
42361
92028
92385
70636
56544
59426
28555
17457
8072
62485
69019
13943
34883
52771
75556
29327
33219
87419
81029
89306
2038
93193
136
23939
44784
77438
61304
63077
4587
38490
40886
39330
38662
33663
63742
72426
80492
14693
78710
4824
28099
88478
85497
81147
63170
53265
10758
6803
11429
81747
56849
53283
17366
51711
34591
95487
36970
59586
80096
3974
66515
92187
48580
5602
67555
87683
90008
22272
38443
30103
76884
64163
48012
58606
47877
86424
84111
20228
84035
23057
63517
19109
41977
45201
44036
34364
42430
43385
58396
28524
37923
42447
95033
37477
51041
91410
57148
18737
46011
17375
12059
85678
75477
28030
49664
51396
60846
99024
41333
21447
26605
24927
9660
92165
89053
18430
60861
93401
97429
1279
41194
51340
57371
59091
17038
84939
27232
5634
19877
42284
73703
96157
23879
49836
79811
57685
47570
62220
89896
5647
16283
44666
1939
63387
2556
77958
82507
34362
90873
84866
41279
10187
36367
6802
52574
97766
34589
19032
89864
39794
30680
23520
74267
99475
17945
36454
78712
39988
62990
91269
53945
25578
60766
96634
3677
59392
87060
75337
87017
38874
10800
42285
24185
23450
97141
35508
91308
10534
58015
34036
95251
29668
52511
41126
81408
42382
25600
66631
40983
76501
75706
59479
93011
68969
77731
73266
70237
89638
78907
70788
77521
52274
96059
5676
46201
69723
24431
67951
17243
10966
3590
89375
28254
77135
87582
76276
48079
79362
69704
12971
79842
59239
61310
3743
31160
84681
63423
34328
10616
79141
83186
48304
36978
7239
81805
71333
7970
93213
73838
3484
92141
83284
59776
53343
76117
75022
9507
10780
59371
91504
66357
20774
16541
23090
20557
98443
20612
77678
80358
39028
64552
98673
4088
68606
61832
25385
33207
5401
48075
2181
29880
13356
60080
18954
83611
67450
74416
5292
69628
16089
56907
62820
747
53822
89846
89735
54344
37132
75373
8970
46061
19520
27771
37395
77154
43591
10999
66990
6075
74910
54399
22006
3811
30720
81472
93354
90145
16779
48268
95283
87860
19477
63445
75673
30866
59678
16026
17083
93473
98608
7029
46177
45416
92960
51402
53197
84623
90342
28738
22134
57965
62066
84292
74755
16903
95921
86454
63175
94259
38286
15011
75437
18501
49770
82573
45778
43226
41882
11596
66085
73407
47060
83426
19617
98196
49993
12645
67776
81542
76818
88815
32755
89798
41627
14158
44949
83420
19215
34929
4960
75750
83373
16617
54340
72787
27110
2761
19154
43110
10574
70593
90271
8748
52616
49886
72890
41725
43244
47049
34292
14224
65816
55488
21871
1004
9060
36904
350
42858
17443
1281
60982
59421
57822
50422
92404
70499
75218
91134
30055
20963
36044
76444
76545
84114
31327
80652
73427
27705
35894
98642
70037
20641
85611
67851
66027
28148
55241
75409
10108
57538
2656
4730
92858
41500
5490
48931
9316
98368
93702
29135
45555
10724
99487
33382
62977
13831
57052
78045
91298
27899
78077
81383
92819
79137
75030
73395
17249
39965
66749
15959
94589
98905
40365
10174
40835
45343
64485
12110
40919
94595
14056
83059
41852
63677
82316
13657
27419
21609
12706
83150
31167
51017
30120
90946
19759
9554
76678
8003
92099
88780
2419
96325
79729
35984
10418
92701
39709
22879
67645
88003
48630
5556
84880
65809
77982
59875
29657
88126
14835
22190
15334
87456
29437
44988
6330
96851
33298
61433
57625
40839
16601
46635
5064
50683
54527
92725
77544
20845
61660
67257
26040
6916
95987
99385
36646
61424
45132
53691
93992
84894
81677
66094
74311
17746
82394
21139
48823
98919
24878
47896
63081
65631
52926
86251
70397
42060
48255
89172
85809
91881
83563
33498
69094
81642
10903
30452
88626
65026
53181
34934
56582
80386
67661
16562
42937
97482
21262
79683
17805
9592
98
8897
1713
13744
43334
6990
60410
24704
53133
75888
64803
81073
75751
71181
30718
76331
63506
68713
4154
58051
93807
84317
30547
11336
69736
91025
70277
57207
84676
32979
26768
31669
48485
69568
63580
38177
11784
75845
3463
92123
78593
5457
92545
52552
85296
90644
94877
13721
36935
20083
61842
35336
54418
72930
91736
11835
87183
79931
49580
75997
60172
17573
72339
20813
69810
8581
73288
15232
54056
10612
7710
4259
77898
81090
27528
99948
42570
75004
77656
97964
52942
37885
84534
30035
55219
73244
24824
27632
68709
50441
82880
11198
54349
31773
30619
17069
90095
11415
90414
50680
72074
19967
82695
34771
85295
67004
97774
75395
71099
22118
21666
45690
55502
70483
24092
19014
73854
76418
71605
76156
47699
31457
32069
30442
44224
33400
50575
94446
19934
74979
23717
52618
78085
10858
28933
79080
87219
5000
6922
47399
37901
96184
83703
18276
35307
35515
26940
61996
18253
30232
23477
19084
97667
50927
52520
79005
29336
7226
19039
67721
65746
61245
78127
46398
13036
32083
10835
36561
75428
90611
63562
6522
89120
55793
3794
27874
15125
23487
45395
61549
33457
55758
11209
26876
16294
36597
42916
97352
95950
98398
29326
69569
9650
37336
318
5768
38512
10477
24082
19283
71950
63806
48882
80971
75915
17219
19611
88061
59549
88778
37294
58518
57018
72843
89153
6062
53215
20292
95023
64795
64609
89012
46836
36829
69462
48290
48526
31095
28482
10408
40293
40399
44433
63019
75795
47131
59579
45076
52612
25380
29706
90925
23239
49734
64490
45281
90121
85581
98794
40264
44261
69558
34856
62221
41183
5079
53605
54835
76964
33944
23615
65437
29973
82197
20219
60211
15499
56096
2753
7508
49610
81741
27031
27414
97363
43218
29163
82124
42207
23359
23394
35221
64482
90223
75569
23266
61706
25522
32467
93068
49234
16488
49480
34952
24951
10282
99995
22949
7321
20978
92786
36398
29867
42567
68981
66066
86677
66625
59238
43010
98409
82157
60841
90320
76838
81667
98990
74830
58170
40108
85007
22760
58448
82432
20225
29269
39503
99238
87514
67276
63330
42842
4852
357
69731
52685
33966
43038
24366
88930
49521
89429
99318
29726
71634
10909
59197
86871
95637
46275
54024
52635
52327
7464
41907
58878
35407
22974
94117
65982
93645
71806
53048
26569
3676
79863
25269
11012
53008
51414
52664
39594
25197
40150
50798
92516
24031
16491
44612
93275
10594
58217
43422
8944
87549
74666
84991
9761
3340
45967
37090
63857
53229
88296
18698
61626
44142
42554
79151
17655
3903
92210
77266
35344
26540
19794
13029
41931
82970
30544
27568
32279
20056
10113
84495
41955
43542
41179
23360
22566
8165
33451
20563
3768
95325
75098
45954
38126
62017
57756
60367
32508
7739
75179
77487
88825
27486
35638
38556
15194
82087
95441
99957
48719
96144
61276
81603
49880
71445
91138
36419
92470
4953
80041
42852
34183
70689
52969
16913
548
16025
20576
64556
6116
12496
2794
89498
64507
66728
57138
82664
31767
23786
3606
55223
19774
19055
89103
8465
31078
71763
36412
72259
97351
293
782
26104
74914
74996
84797
73518
59124
2149
73690
91741
94050
16265
91366
46977
25103
45320
56176
96868
36571
92121
59246
85136
23203
4374
61024
77426
27586
94541
61836
51034
84936
59127
73190
20118
7520
67893
23820
93126
34277
98901
96994
60138
98125
83245
22038
23969
5257
20856
90864
15414
6883
28430
64070
10264
31262
91282
66000
71024
65043
58572
72994
34610
88864
60610
20523
55658
34535
36965
21045
47760
35188
88131
38238
60638
57441
22948
29809
36814
1991
33415
84563
48830
85329
22570
90903
35196
97436
72342
74555
81347
55574
32609
29975
30482
68407
9009
22553
89404
18726
31131
54739
38907
17072
1161
20535
77575
43767
4256
97147
93490
44157
74367
92934
31372
46311
90912
5571
74235
69192
93511
23286
56359
52075
58276
42162
3044
51378
33175
18181
90521
41186
4768
74884
92312
61892
4210
77127
87624
68870
71018
22387
70665
62068
72873
50167
23651
37100
44010
88929
80919
86246
89645
90423
82528
77462
22167
35000
15895
85383
47749
98994
10868
96197
62018
86950
15872
59157
93865
59517
52266
90610
1459
99411
50250
54786
56625
57432
79377
56052
17596
35626
9883
32981
82268
33315
90125
16332
42409
71160
69975
54190
86106
60014
3362
98256
16468
16033
47059
71253
84222
94538
20290
17543
88168
45321
17004
65411
18449
3109
18177
79265
22625
98499
95619
72162
25894
10664
80555
15856
86762
2154
31831
5759
28969
98458
84925
2209
68293
17521
77619
52606
14171
31948
55142
82051
59826
161
60113
52835
1788
10643
6841
89190
48092
74733
47670
4628
24471
95290
74424
92522
18004
96991
75450
9958
85704
22389
91760
30931
58686
71844
91126
55588
13999
11129
85983
30135
19969
23514
69699
61750
77372
410
34065
84844
20158
58982
97001
4729
39665
97838
51082
22840
78759
220
51281
73425
48421
35279
34368
37822
2711
5184
83692
91168
12675
86555
40237
89067
87651
25698
71870
90490
65877
40114
10370
75810
80123
41449
23837
47842
56094
38607
14308
9857
19904
64187
52453
51132
31605
70316
1376
76229
88734
1493
60768
40734
49624
37869
61085
18563
6400
31575
79855
13672
95190
39060
56603
11679
86068
17721
2999
9672
60783
49475
43277
79210
59328
61654
96922
12352
47795
79031
40564
80694
84885
38861
7152
13569
20445
15518
68576
3724
84766
59439
94129
96031
22671
40341
51282
59442
88628
58228
97922
63261
48730
93062
68908
7314
75384
39351
28922
53787
72677
35978
88683
28730
98498
79658
74019
66583
90018
57560
54570
12343
66906
10512
85392
26489
47589
25257
24345
26992
81930
90885
92906
51870
83973
47933
37404
87986
43594
45406
85835
6506
99547
27098
33830
11369
90286
56993
69862
69487
90543
44885
49830
84212
21825
38417
76271
88554
56321
33115
92376
11799
2698
30917
77977
319
60831
7147
33939
48281
35903
75183
88074
92091
75729
2994
55820
1923
27557
19984
64035
63712
28688
28758
45869
35773
5492
83529
47700
70162
96275
97524
36160
93703
64634
94895
34940
21210
84413
94502
83671
68545
52815
73306
99431
12892
27753
31797
15618
31047
88092
50959
46801
71568
13303
28756
83143
67541
34215
59397
87845
70
3750
18634
32627
48595
95177
12973
39803
71616
88618
7035
8681
96074
72600
7656
82616
68133
64133
9152
92261
33455
19153
47163
15324
41107
12631
30563
51411
91186
82122
66045
74153
10585
81695
32080
95720
57158
89865
68372
49760
90171
50253
32370
92598
25331
38669
5780
93469
39782
87132
52451
88054
37240
68630
26164
77006
37727
69022
9765
10349
80735
26438
28675
34396
27116
95298
850
1600
77445
6561
34096
82420
53978
44233
68093
65611
58367
99280
51304
21523
56588
58057
19591
7283
46785
1229
6165
42911
42560
33809
7213
239
30288
41315
86058
44971
7023
794
86033
11280
74254
21192
42405
66803
18169
31642
73137
76958
39334
65308
50346
99503
94076
28217
21122
25919
56467
58049
79436
57226
16442
4512
43535
48050
12544
36732
79246
97728
49884
8239
99922
71751
70638
24423
24921
34572
64555
70988
19160
91783
4207
78670
26559
59690
38312
13911
70885
44086
77448
659
85632
67641
78977
69277
56683
24946
46660
14987
55551
8650
52487
70914
84162
74860
37558
9614
66622
93966
18017
65207
81557
60246
88956
99983
60438
37886
11306
5591
67586
36823
70906
78366
44977
52426
61493
45889
40331
57800
69956
52440
98054
25322
56351
24516
69769
11650
8683
4069
22758
47363
30827
85006
30522
63910
78514
96331
7816
81268
11016
88043
75344
51761
5364
68291
51602
76301
54736
4272
22789
28181
6893
58200
19675
20147
25759
65197
31927
57640
82795
61495
34296
50802
94848
97841
92581
28975
20101
41241
22058
80847
43567
83066
68237
77322
76412
25416
48296
50740
87754
77835
86094
68086
8673
51314
20652
31170
91624
19490
83953
68383
22564
54032
83244
66342
48988
6808
79819
78839
13203
23310
60748
13154
76719
86621
10576
45979
1460
42962
35191
41901
89204
77158
77527
7410
3078
17148
53001
16731
25307
42412
81478
87241
37687
4797
71908
22060
4877
49288
88524
11920
50195
78267
52902
22039
66377
17705
3460
75135
25470
15476
16647
82654
16498
26046
82276
61097
64509
58259
90218
69208
70696
17426
22250
61054
6395
52976
70848
28858
31633
46207
51609
36611
89310
62813
91620
8639
7976
79351
63291
67744
32191
19988
42091
82846
79586
69242
33043
16052
93581
32122
80877
23628
49015
81896
98929
18783
37251
82482
43181
66662
7185
70774
99197
37348
89387
76877
9923
92445
98762
3428
70078
83681
91170
48474
47401
87437
7861
13090
64670
39730
79081
52657
24056
43516
98023
51709
86314
60293
31997
6376
33538
6096
48537
33069
40473
19419
92828
13551
12461
12173
23484
6140
52386
24696
29717
60937
26839
77548
16266
4342
16902
3845
72965
26775
87139
79944
40265
54033
87066
40899
96736
90458
73635
36133
23692
55149
92131
72019
18644
19440
79180
20595
36552
67614
49167
48070
43947
83961
77571
4049
90789
61182
70766
17409
91050
38953
25693
32721
10407
10404
69963
61691
93965
72354
71851
9235
59839
8078
37695
11615
85435
74290
71953
20380
25355
32212
28618
12826
20926
46927
25176
89024
53554
86092
61885
6225
12657
96688
33841
68167
53037
80435
90047
34392
36311
84187
82947
3637
18600
33166
66432
90274
20186
66809
22318
88782
54867
28253
25053
6687
25706
88177
6312
36442
2830
13474
4686
28005
87902
30256
74265
31287
68396
7884
90517
33751
40123
42249
98995
61783
8987
25105
40853
94558
34750
22581
54602
24448
13254
95365
32551
31926
98177
53496
10748
77856
92399
14089
29002
57157
56936
54404
88812
22290
33787
45512
28195
88213
32117
48401
64272
78970
81366
4635
3764
82924
62927
97880
32470
91812
32076
61405
56853
4950
20584
82536
42490
81687
49828
45719
67715
39670
98622
1775
22313
272
17659
51669
398
68198
77138
59094
75740
63874
50391
36447
67341
32048
41932
99594
16356
8483
36333
51942
41213
25326
44791
63254
44057
15995
72099
3019
86049
34865
13425
5187
15702
38198
82996
25581
50056
54832
63925
66406
96083
51324
63794
40369
79625
44965
50893
27984
7959
5330
26942
42491
93607
29250
7645
34481
24697
22283
59885
68435
85380
10058
13548
97371
11897
54280
11490
20650
50537
37013
18433
47823
80118
79536
61465
75113
43871
45244
69830
89448
26121
1449
24555
37565
86333
48813
75566
61697
51216
95453
13559
31661
47335
24580
18246
41782
66744
79655
51967
48272
70620
68252
9787
24247
19972
95678
85714
26082
57615
51307
20846
11900
35681
10022
41320
62120
27237
97996
80290
75124
75026
47797
69132
3151
84266
81674
97362
41938
94685
81116
58957
30738
74097
8945
93164
54589
35430
15852
91538
41864
1645
95097
62481
53087
45824
58607
64501
39763
93254
36210
49494
65115
19001
88849
78233
88567
95425
82279
43938
87572
44245
35140
39216
53391
97515
55713
79980
61532
93555
89133
38592
55145
38547
22470
88439
90956
63408
89320
775
57889
60338
32713
2863
76940
8216
39228
52949
67522
73774
80319
7993
2607
18075
10572
80073
24913
26953
75325
95133
56707
69708
46188
51313
6486
51546
58632
42497
38531
60127
89720
94925
62703
62364
70302
20341
95906
82586
40268
64452
64327
15514
11585
42629
31987
52758
92927
76003
14174
24154
80649
85992
38497
42450
17717
85366
72220
77808
55244
4129
68261
3818
19694
55276
91894
30593
45836
39095
80675
82314
83018
11877
51426
45894
5130
80966
17336
30177
26865
64771
42786
43666
86491
49313
21709
51366
61420
12213
85777
45355
99304
62239
65800
95180
92331
96723
50133
89834
92401
23950
60499
8786
94883
99000
34862
6028
29614
66816
53637
48303
64322
47714
21461
51790
68243
92327
43720
77533
3518
56757
72137
97271
87633
13414
91010
87619
22571
55704
91714
32837
99494
41001
35696
16718
67364
40971
52292
59965
28372
41975
26850
56644
36382
72191
57562
99618
9955
87459
55283
9262
87376
26033
58779
90485
5699
62671
91216
31205
13473
76335
32002
64323
4977
8449
78551
87679
21267
54787
99409
40316
82704
46555
88299
65211
50264
93303
28538
1464
88561
40547
50681
86488
71928
95773
25610
39327
16854
18564
86448
44818
70579
52960
68998
98621
99225
18862
61401
19958
61914
83619
51855
45839
96113
82096
30493
38108
30194
19437
79297
14083
52090
39502
34426
19210
83359
24905
69502
68145
28594
60947
92883
26887
4213
32481
6167
24053
79780
8007
25815
10020
56311
15278
61200
43926
6974
69529
86239
78078
73365
12524
94044
56983
54154
23664
77429
3782
77148
57924
21294
49704
20154
75087
78064
33055
3710
19793
5293
8676
87660
1347
64000
99038
37140
17140
56304
11698
29666
33511
6514
94363
47282
80834
7957
42918
77220
78517
29678
61375
8672
89770
32712
74854
19499
68963
99045
10670
64822
6124
76284
8917
86489
34712
40456
54607
23318
21518
60023
45540
28896
99089
28440
3385
98659
48754
54789
74684
78448
79328
30868
54629
57459
95138
68565
25328
49808
5649
14732
63703
73499
27740
76716
405
37181
7386
68008
61281
80587
78273
37737
35503
786
9871
81401
34118
11291
8811
8419
24828
10905
44144
65306
25638
21887
91232
17855
89505
49958
54932
48507
60926
20330
88965
2381
64814
47771
71782
36691
53793
72441
43661
49535
91659
8764
39457
98284
68161
89122
37554
94954
16061
92325
41367
43954
30261
33065
86604
35716
95815
63025
98872
78743
65841
36933
62202
60895
8674
37040
8415
87991
11099
91963
55957
81423
42978
17268
40174
62831
12309
28710
63239
9875
27126
7066
89535
39669
5835
65370
85909
45392
21840
65667
28327
59178
80304
82257
66129
365
36443
3586
74089
7408
19118
71622
89163
38259
31320
93602
63876
57346
20494
66649
82954
66846
46875
805
67691
98812
31486
92256
85986
59992
26280
82038
69799
31022
41041
69833
78566
27215
58639
69088
99343
4796
38776
30144
40936
17744
69684
47314
45834
84307
43408
57682
5407
23181
7590
33669
64186
22561
90905
27963
9050
30443
72026
96694
49290
6919
50640
24879
22864
98084
31991
90858
97318
15728
46350
97456
48371
37230
52754
79570
19401
25711
57045
50675
96821
38947
76087
56660
27631
11936
22611
48787
69547
57967
59564
89532
95221
46415
66149
74730
55570
33209
86778
48945
85774
81240
87890
40354
44414
41910
70409
52221
71988
69031
93031
73149
98382
23526
51662
55132
62802
25308
99942
65023
38958
95632
68783
44494
47381
32490
57998
22649
48463
86479
30676
73265
92918
86275
89291
69157
80281
90245
98166
81416
29315
51152
19902
34418
26578
86514
95897
77446
21949
56621
79838
16232
8176
82013
76365
74753
84752
86150
4231
97910
48495
77887
6031
76646
17894
32507
59026
86221
79826
43180
83095
23595
67643
29903
17889
27317
51615
72463
3525
11111
95540
89761
88461
32179
81142
69257
27481
40761
36559
2
45971
73511
92543
49018
14494
76944
32731
87594
85470
37870
97553
36370
44822
87517
75552
37430
99662
1583
79613
27655
66639
95084
87978
12810
33087
27146
31112
94546
83152
67706
36134
5576
209
76830
87711
10015
73220
27646
53962
40396
43561
96854
98079
35852
12219
25025
36272
45020
1882
72772
40132
77480
76269
57406
1263
76091
62592
11301
79741
23108
86856
6693
88600
30570
41452
58389
56530
95855
79136
83534
77831
25603
85614
4773
25065
6309
80804
1341
26308
40713
31901
48292
94625
73185
64060
19342
71287
99737
71205
68228
98829
80625
38943
76442
89296
73353
45668
60386
35871
69680
38573
65826
51892
2910
69838
17555
82675
19762
79992
73557
71532
50776
85085
84897
67735
84102
36525
25764
55072
75678
44709
45669
56244
38085
27088
86250
89006
37274
79259
54376
12167
2210
98933
78521
26754
35570
4718
22657
26897
37077
32168
64606
69280
55505
47271
36492
46374
35227
60754
9037
63540
9351
96054
84488
93366
70337
33769
13040
95015
50748
38448
72868
68186
47484
85900
81466
8259
2787
16449
69351
39770
64704
8223
86955
141
85472
8788
52415
98700
97393
12241
67842
26739
25271
82613
22698
93743
16118
75020
43136
6829
58073
65573
82537
31493
68191
81647
41580
96409
92465
81776
28937
73179
9127
17157
11689
5632
48547
64487
93757
71929
4993
78450
34698
9933
39751
86657
99493
12188
90373
21617
10162
57116
70962
11832
88295
28952
64229
38817
83248
82966
59880
61147
27780
27370
88141
72420
96516
42607
3138
45509
81529
53529
77382
24596
80234
7813
15489
9735
97348
2559
19691
26592
56930
66655
13105
10746
29285
25113
40061
58163
58772
95777
68522
50418
65820
98970
55319
12258
64230
21564
17575
15362
8502
81107
61399
65790
38466
44915
23682
93852
67513
94697
11481
47230
50213
17820
85166
48607
2574
8730
44063
78397
7892
68156
95278
25525
57303
94465
71432
49702
24908
29792
22769
91675
99768
91972
4219
5243
14595
93474
51008
26390
30390
59889
44950
46183
88726
3597
26012
60545
68246
83598
85129
25809
34475
4250
94972
64128
5817
72023
98116
75505
44557
90948
63899
3112
31114
9893
59920
17065
5261
46093
78063
3102
41669
34726
11529
98448
19036
32699
45871
75804
27396
41919
26065
80603
33741
23400
42942
32379
58711
36738
95172
48992
81991
14597
77285
90805
29940
46254
39430
66873
26546
63841
15604
35494
32166
28016
86995
35861
42179
85855
63760
30604
47256
55323
30188
71547
83669
3628
18311
91570
55809
23850
52390
63807
35031
1395
27779
3392
33954
92067
44168
20733
56706
43969
99109
99923
9530
74035
16004
53897
62139
31379
97082
21124
37213
89240
78680
41000
92670
93907
80542
19142
99229
56076
72438
26413
31931
90753
75378
69096
97502
62774
14202
54543
57185
48642
35549
86437
59401
10271
67455
67515
60082
41482
17553
26708
64809
80653
18272
94606
37983
71433
44100
30309
84499
81929
19658
14520
73693
72838
10292
82229
90754
29627
37810
28127
49469
74585
4011
74310
13034
48715
42811
2376
7977
88658
18055
26124
82747
14046
88101
11514
69917
3859
38351
95429
9692
75820
83377
89459
47959
31289
16496
74079
55556
24017
67514
32447
74003
48197
28509
78322
32110
53194
51930
63093
45606
83985
34742
58241
94310
97394
50008
53557
7202
25873
55086
51051
7350
67570
10286
74607
77541
65321
70053
56164
33716
69045
67740
7219
5134
52598
55202
42704
43261
86715
96044
66437
74221
90736
98064
99539
85382
27616
51817
30075
61620
21764
71414
26769
90053
92313
35111
37977
70497
76288
69314
61520
45883
80174
76375
4046
79724
97570
94221
87822
46454
66640
42157
45898
52809
98333
95941
35527
96461
24638
99492
11493
35008
13353
67197
12664
83302
98898
92974
42849
81535
48924
96447
57188
54082
39892
97022
56891
9504
86432
73904
94383
10388
25712
54335
6945
88114
88892
89990
36579
72475
12350
64529
39024
17724
31288
15755
56474
89398
54585
4749
5461
11053
45646
16257
24537
5207
28023
91419
71903
24549
28773
66947
48400
87873
39613
10023
56456
26596
65459
87293
52935
52014
27800
19825
79233
55097
18683
9178
26450
8790
7531
47331
93201
46929
65455
43116
84185
28446
79706
37929
2851
94017
77459
79344
13988
17234
43983
7714
1526
20475
76686
59494
75451
61645
35972
34830
32130
55070
5802
27943
4991
93100
36465
14831
41342
25464
96970
14529
68853
72287
23078
1925
6345
19876
89020
99670
40200
49376
37113
81388
91936
7661
81742
5132
26427
47688
5917
13133
17698
60171
70082
23493
84700
70838
17574
635
31051
9146
33112
78227
42413
66356
12649
42375
49417
21501
41909
3330
90439
33536
52908
63323
38048
74203
87526
8271
87218
66577
26988
32606
42822
51539
27477
73243
84649
53164
68469
32354
35215
4853
85103
48669
260
86926
91918
80769
30336
43877
40795
93484
56874
93205
34104
22539
58281
91157
95260
56663
99958
31190
16059
98729
39113
90926
76274
85621
38538
63851
40907
13983
42166
63942
75670
6676
60517
69853
49211
62162
44511
86316
90283
90212
15018
38362
36509
38659
75175
57206
78028
23741
60981
91753
95646
74539
59591
29017
65823
57447
39402
11243
360
17654
37187
85739
40422
48656
95944
11484
81661
91285
67187
78592
59329
184
14256
72372
90394
49244
68892
90130
26782
53634
99442
88194
51763
2045
61705
18514
9444
48838
8622
92003
63761
50709
30378
75360
1228
15063
60485
68549
79545
16704
50856
94309
34721
68048
98152
30973
49995
93663
39980
11725
95111
59114
45070
17703
41844
5422
39141
65970
4754
91455
56069
77599
22898
6319
49841
91834
71412
21511
67389
21554
85036
89206
62384
78860
86764
93851
25017
14413
33141
5767
484
90471
36002
4527
30941
84513
64866
7330
86624
80119
75838
28140
25613
93969
45286
5946
72300
91660
67208
33874
89685
22802
19492
9573
82485
88121
15945
35618
83571
15881
59968
54488
61690
7646
39349
43812
56836
64028
28375
97192
31721
76326
30803
71482
56188
99448
56830
71470
74374
55081
77692
45375
95960
13240
67705
32596
26256
77491
57267
99107
31171
31192
64030
28395
23200
62737
13477
88186
82982
39800
18984
12682
73845
29624
74752
60183
73443
9746
37510
97309
88651
19453
42979
62666
81087
67441
65690
16053
63667
45600
20561
26845
32374
89139
91905
23007
34488
83546
66511
32675
47992
76925
80516
72683
97451
96067
14447
87097
63317
96379
64753
52275
4608
7212
36220
47086
88221
20061
48522
69331
35764
4198
24942
55566
8869
93779
46459
43077
24983
56169
80863
36331
3712
74381
30566
48735
38028
85700
13955
44306
50541
26866
677
43560
94205
50238
82812
21731
45280
23831
68917
83814
37245
41969
23249
37402
72047
66773
54637
42967
92491
98253
69482
94524
75617
21026
23115
32315
63574
29004
26229
96865
99765
11566
13113
16717
56901
37063
91773
43566
4111
27887
78488
36796
73531
66362
48053
98661
29456
11457
59665
11625
31348
91821
25201
87808
53761
10798
48237
97952
63026
21866
63607
3038
7306
49525
80958
95901
42059
37949
60664
46250
41611
81521
85347
51142
62540
32533
99298
46997
37275
66112
74968
13274
31286
5195
66307
91128
4039
8058
84262
93177
91004
85978
87494
75176
2710
59828
24974
53864
83123
75900
96837
42403
63870
20307
86980
42494
29621
65373
79289
23870
99876
51605
67348
74269
63890
43787
64767
35026
32994
15555
45136
8001
55934
92440
98597
10566
26789
45717
41462
74103
19428
18233
55332
40891
22919
93215
12571
45772
31302
10652
89477
85524
104
51914
77583
96635
65199
37882
96618
96020
37801
66273
18105
95516
5321
34512
16919
13032
48860
21985
91422
68035
37697
94544
86309
4610
4751
888
56145
80643
30781
33894
85391
87989
85116
12187
82787
70827
86755
35489
5861
62216
4697
53644
2472
22342
53431
35617
55959
40110
79384
8753
90502
21125
49898
59699
54552
4590
78189
4511
34402
96292
48091
88616
37478
7902
37292
9325
56463
27412
3952
53500
10051
62726
52003
50969
36926
55454
3104
17683
12814
94389
85078
57333
54962
75453
71086
58466
24800
39495
60097
92054
39667
91661
70411
34539
36791
69812
50582
93730
52291
74623
78776
85151
39163
44875
57438
36171
1072
46499
61095
27214
47602
48427
37127
51292
79991
65292
94610
65251
56046
54471
46169
62892
42594
32824
7674
60268
85804
99578
58075
26405
21612
51664
9658
99858
85378
53005
76728
3331
18641
66092
2307
96643
21005
30651
57146
89808
7610
79914
56510
48015
11277
19064
12802
92504
96771
53030
25561
26406
37919
82363
35671
93795
75676
8161
28152
69189
46970
59768
1762
20961
31953
32366
44740
5014
90201
69486
56687
82925
27145
45270
58014
15577
78295
45630
69137
99703
35938
51653
15732
47723
55409
7620
44774
15280
7667
90729
55777
63420
36704
10996
1078
80247
47194
18982
99600
13084
62675
33265
36241
61236
921
47169
68858
14
28428
34185
82312
84100
35461
94409
44028
31508
89714
62823
74685
66203
66183
1164
24163
67461
90882
42259
98846
53830
35541
83350
65348
82106
36515
8604
56064
62571
25889
11903
56081
53672
78079
95273
99951
58993
44364
39123
13271
51353
54710
4536
466
67443
35778
72267
96220
61575
16408
85246
72777
10973
56538
23806
43632
94161
44769
92286
44452
22958
34038
59062
49357
93076
66087
98375
43995
65606
16840
54899
81905
5525
31602
79672
23730
2437
77673
51459
10699
97255
93074
35780
21320
87034
94264
44717
27241
90974
18573
99904
95900
5534
34731
60795
88720
48794
88853
13801
3489
55178
27772
70567
74533
83471
17003
49812
54075
4906
71141
79273
17810
89150
21266
60658
19752
6382
85613
78111
49992
86219
70968
41349
30258
55280
68381
58012
52540
58354
26574
69940
74510
61787
44450
47775
83408
1586
97986
72198
56044
61997
67042
1942
77390
89544
15154
24424
94251
84578
77350
80641
99421
37150
61882
34442
94527
77545
33880
57832
3342
36230
9681
35434
5616
79919
35913
55134
34162
88491
35166
76688
13041
5393
92948
41354
39445
55032
42694
60100
55039
74403
88700
54698
95792
15295
13630
666
38197
36039
26254
63659
55248
45831
62840
62432
6804
19345
82938
84552
66644
44743
2122
78157
18797
51048
81960
77905
61240
3857
59473
38319
89205
5980
77540
31854
18961
89054
4430
61096
21927
13886
483
90056
36565
81328
74783
16305
66518
40741
55266
98158
41742
19637
77963
95342
57712
3215
43647
91311
95310
60317
68417
45354
9806
48346
66708
68746
6529
87555
93426
61517
54924
11344
29582
64456
77812
94885
10441
22025
62055
95555
98767
76291
9422
61486
3921
33738
59152
66772
30300
66028
66297
55384
14979
49645
54591
7628
35023
73176
71814
82063
51900
12532
76542
13539
93632
20685
72692
25645
66850
93668
62026
17163
24701
2535
12636
62800
73889
81566
77926
76496
79760
76726
58542
66860
99341
12476
13700
93921
92018
48086
92175
88147
34623
46213
29607
3551
33964
49443
66303
49557
14571
76649
92832
6924
93170
78853
82234
86529
92168
56375
83032
57469
29068
37566
71278
93882
36810
11134
98707
66025
16973
22092
32650
99347
96875
69583
91089
71538
47237
37488
9653
20381
8864
89269
67118
61538
92056
22128
19281
81543
5476
40258
66401
98945
24870
47043
4970
98728
40949
95654
7792
74688
48264
62040
37768
23117
79969
42585
98958
73231
85840
15273
17974
38726
41885
25960
1385
16227
97949
64179
6380
66798
13207
16111
6467
67472
78172
32535
38138
862
67875
70197
40052
32576
60920
72371
63182
9528
23731
21115
14424
87783
79913
84569
71799
11620
90557
82630
48365
61265
79908
78501
73454
33951
69764
73168
84703
33406
22544
10183
97264
62846
46634
52555
14778
56969
5821
53272
15873
81827
51246
43741
92823
52051
20062
89928
20705
37065
38093
77798
64166
43865
29325
41751
51931
31185
20729
78312
93706
4932
45078
46222
98105
66333
22420
22857
84259
81971
21592
33154
6057
13507
57891
18534
33969
46218
84198
55233
29995
51550
62360
68414
78337
68577
58287
47653
76573
95543
72466
64053
65189
24678
78431
51780
72075
29700
84233
22425
23301
56042
49514
63256
68570
10389
49710
28742
59778
4693
44939
4938
47067
5231
87263
98874
67435
96470
13437
74570
2321
73612
32474
12560
18203
92471
32131
12446
67132
57391
56382
95699
65260
38670
74465
76389
18007
72958
51090
32388
70064
76677
52655
58891
26335
93918
25768
72765
21734
4306
97204
44620
73205
76711
51038
31710
23956
64494
8268
69773
28867
16152
99659
88470
20359
40877
84025
34567
41680
76782
20349
18853
37696
54772
14958
10017
19209
84636
44066
53981
43809
42563
42661
38118
34247
36898
7443
3371
28013
69234
38557
79558
25694
90280
2505
99461
97998
22072
27060
67312
26517
32460
51916
89657
11089
72527
5078
19275
80709
38812
85709
20760
10513
96368
24490
99083
18964
72414
6007
99938
51764
44465
81111
48385
83124
67598
18226
702
36013
28332
28444
28370
71803
41114
78898
11088
62956
29590
13950
88685
31912
51503
25567
16209
72460
96990
99964
57282
32654
28387
10527
27084
78406
14830
61319
28928
78572
52790
34224
98372
45500
8719
37171
84779
63079
14611
38045
88392
30819
60106
2077
19603
24572
34667
3383
23674
94035
47105
22055
75909
64480
73766
31079
42939
32795
88271
48030
24965
35127
61926
13144
82149
55982
85285
7289
27850
26416
67130
33746
3207
33408
1197
25906
53051
2508
76452
17802
43111
49778
62478
38992
80968
17198
58078
47553
31009
17184
49523
27503
47353
32165
50394
83161
89010
36585
72845
42300
78672
21127
47583
75553
1676
30036
56415
2018
55138
37012
39447
27427
88180
54720
87391
3907
34613
3454
69559
30942
73375
1811
42626
88417
71216
96510
88995
69002
16867
33465
66058
8737
8218
31073
48402
65297
81567
83303
95542
41597
32141
58231
28799
14795
87877
15138
94629
37951
14976
82366
45893
85414
71047
43224
17919
77877
67210
22115
51424
79274
61887
21908
26384
47949
18051
36279
68242
93302
59816
10769
64387
55673
19218
88264
27872
95004
39886
45730
21482
25043
45994
18861
11282
78841
43833
36395
20934
11622
28663
32524
41098
13346
91816
34892
61942
87068
33750
51431
76559
73040
73994
17096
3519
54473
29720
42763
2918
6745
78658
65078
34521
59275
21667
33582
2468
7523
12873
98189
51273
61290
33355
18518
44039
6527
8387
6761
25173
80912
91960
34561
37553
42443
17533
31671
25167
68859
70229
45922
16631
52560
17441
68313
68755
52282
79509
14115
60089
6236
77231
14054
67179
94403
50103
36306
42345
11288
86819
62179
73601
14885
47544
2107
24198
8059
39282
89858
8490
10636
94519
73019
23992
43100
94408
69874
64504
41561
1344
29409
53050
9301
27802
21502
84635
91060
47222
61275
15050
46302
94869
48446
78334
66402
92549
59886
24514
52930
50465
10772
25640
34583
8648
86619
67492
16712
66995
91609
18892
6741
49897
84216
61079
73589
24710
95780
69989
34945
76654
41199
2754
31517
20342
19351
49242
48343
50251
82898
38163
86
18442
72803
98551
48122
70533
66235
97433
69125
67844
85529
42273
68788
48397
52081
85476
86907
42221
19359
53884
77740
33094
48868
82356
72112
54822
77537
46894
72001
55230
33337
14798
289
17731
1241
27302
46310
99183
96565
38749
7325
4090
46140
49729
367
88265
50108
91815
44831
58172
73261
71752
20275
93839
55491
86691
57805
71383
37426
44182
91266
30167
76471
1852
84756
46137
7182
59973
26926
57923
36792
1616
2781
36878
4975
14748
34774
36434
78238
40616
53959
94962
99833
81321
26465
83362
41068
58511
77318
37997
60812
52427
64792
25361
77618
19608
88509
64149
96653
20914
85620
69488
22897
14922
97135
71146
5383
21352
62568
31011
38924
30461
17356
72236
81089
29993
82905
23169
19085
42078
21761
6608
79001
60758
93981
17340
28006
80203
17879
62654
59198
77436
54124
96106
80127
49016
1331
8544
33671
2501
73069
15263
84301
17247
9285
79564
70536
5100
18042
94920
94346
36886
80989
47832
13451
30705
56276
34565
49962
17588
82668
61494
66983
28687
25908
30834
1953
97420
89601
37904
36217
60548
80249
32769
44897
54265
99368
72155
38212
32877
16642
79450
40032
63793
47156
6718
69413
64593
95124
25905
1899
57718
39128
96667
78084
68712
28445
3455
34019
29987
33770
67090
52502
56763
92448
41815
69912
84196
67839
45658
46932
3666
42222
46402
724
30649
35702
35604
21495
61678
41448
3608
9227
50149
34816
80089
30395
656
16668
49411
79631
98414
68811
88575
77639
72317
75768
13310
25494
5650
30311
75459
93815
88476
91653
68684
62689
57559
29284
842
42112
17460
27677
38700
13300
759
49041
30728
25920
49578
18453
13768
44867
16447
41422
8495
93390
54374
15251
81359
69390
81501
12993
64532
56340
12967
83479
37650
90009
34979
12408
23320
26281
30702
67031
74924
4566
11810
13642
29992
87767
71813
24693
53538
94374
3861
16912
27821
89820
89584
86525
65059
78571
66601
57107
13250
83960
99597
39796
84968
62516
75867
2618
39001
55116
8509
76713
95848
65535
14317
51021
61397
11330
43285
17195
89100
65020
82070
43191
92872
87432
28729
76582
12331
10214
72024
40383
5093
78875
48910
1329
93740
13198
49890
11991
96235
57735
28846
81902
77737
28434
23781
62168
69730
34234
61684
48234
84510
83662
39686
27200
60986
89060
25101
75683
39023
14933
15533
87657
52305
38386
26884
86145
85930
97541
37595
69365
99653
71204
58423
88998
72938
58331
2545
87305
85053
33050
42471
32067
43540
73831
77484
57724
50364
40501
62607
64954
5584
66259
21960
47770
70070
57189
79466
91839
48469
91215
60631
66137
93595
96236
57908
71802
50013
77025
62883
55690
51549
62389
93183
93718
13147
31533
89799
53323
2916
69212
25169
71524
60967
3736
11259
98504
59324
39388
67524
58023
13368
43386
85047
10016
18392
85259
76555
62382
86323
1282
6710
90950
15657
84981
16998
13658
50387
39859
70155
96774
95442
20615
83235
66047
98140
62490
47751
94399
30467
80255
81812
24269
98759
30962
21539
3746
30719
31344
78486
63875
63647
94912
7755
70056
52577
72298
89087
56451
57321
65331
12600
30501
4493
52118
41651
77238
47878
11805
89731
97530
98010
29448
21751
87424
6276
75069
35068
77529
23003
64773
52752
1707
55457
35648
46705
99289
77813
55204
67117
88184
98363
6196
2185
12480
1421
49446
95244
6845
26770
61688
42569
25761
31558
93242
41087
22143
90007
53206
3169
60304
94868
60390
67274
46649
15967
43861
36361
48738
81578
28588
41585
49573
42553
67283
55035
92821
82335
62362
68685
67714
74363
30102
62971
18304
3696
23506
69909
72072
6735
74522
75722
10481
51250
98676
31883
86052
9339
88419
7355
72471
74434
27742
97818
43172
29057
90497
33710
90099
83548
43855
84258
77268
68759
40968
58565
83579
92390
17663
83045
34651
49754
59841
36348
55843
21439
54748
68572
32890
99113
87921
98799
56258
33575
35042
68693
89051
38082
3042
51671
66851
89373
46701
62323
92111
36315
11954
70357
50925
89900
98052
57033
12804
19020
97033
88721
74993
61503
53468
20260
51569
57535
40477
36806
96187
28252
81524
63325
60994
56098
69367
63940
44847
3208
30809
30993
94482
63622
67633
20155
16324
32858
65950
93412
13100
54134
2216
72738
4901
1412
33077
27401
50326
49114
83311
39257
40321
35168
46881
25756
37815
34136
3639
96370
1956
30535
35462
97826
59805
94733
27183
44105
3927
28025
19823
11080
74099
97259
37699
90266
95711
38097
25264
86554
20851
34138
96087
51828
47971
17427
82862
44470
88896
88204
81716
78645
90472
19357
8299
79216
77615
71715
96457
39964
75976
49416
56887
90539
43411
51452
17262
78269
78547
61773
16005
95295
3156
32849
38346
99059
46069
34393
51217
44389
80111
48071
42410
36666
80738
18995
44733
79531
7227
76411
76655
94119
58318
95593
73413
83865
22253
48020
24804
87156
23046
16983
48493
97026
92176
70256
21601
16512
22629
96396
22317
38605
22304
52419
40611
73890
8103
33244
39568
93010
35484
6407
71109
13392
68479
94469
70071
99309
92755
63755
46707
68824
87386
59
66285
20058
18902
64811
46544
57288
96648
23938
60557
96610
23621
79022
4865
52825
80524
11558
29749
49035
58426
63155
98546
86605
9593
56662
51006
65845
53778
81711
33560
82684
25003
6825
77464
54264
76894
19622
12692
20286
1683
4761
56386
15506
39697
74713
4705
10820
24238
77610
43096
70031
35512
82011
51073
14444
94949
33059
33426
42886
64281
99556
78241
25820
17544
65595
98671
92229
80462
37167
50030
23498
82870
38349
22849
3263
60422
93007
3790
7073
83394
40696
82409
32207
69654
61728
94291
98738
35003
53610
12156
81872
72805
62859
92929
85482
66099
33016
1594
2417
44445
94312
84679
34480
35027
96984
81754
71200
63067
30306
45978
40314
75484
22575
35992
96061
13298
65835
73674
64254
28179
10773
14688
50074
72954
68376
20471
13678
64377
41243
28017
42657
98576
98964
70271
99652
93324
46363
98112
27980
49046
77705
72096
49850
17630
99754
96903
44263
7263
14560
95964
70675
11475
9433
43339
42821
22261
29359
66253
10063
53717
87828
56100
44455
34641
43450
74211
8765
15960
46076
89077
33146
53639
58706
89871
67822
24276
68070
31707
7088
39342
58143
13648
63575
46070
10052
61261
98570
65636
79540
1299
30772
32328
7402
79997
71390
36316
51390
17144
23968
75238
88106
42278
29500
26532
51743
99018
88140
3491
91092
17432
47869
75406
777
83735
59731
25962
36934
71317
83478
41898
14696
13622
77814
68402
15044
36126
44819
35154
30115
26716
7449
63198
86528
37383
6035
93005
13052
98390
93528
60740
74042
32114
69393
4836
88473
70269
12353
30932
80970
98098
48274
26856
75854
81863
46748
95025
75535
34210
42566
95763
79369
39186
35077
3709
86279
23508
9764
54886
50433
89000
70246
80169
60489
40458
51827
63241
11724
50276
43748
5388
34250
12778
24615
1246
99598
45895
74880
13415
24315
38638
96524
56267
496
49519
88415
71256
39717
47609
532
77528
68723
37350
38382
86288
10846
67872
33263
71733
86211
67585
25550
53168
28935
74380
70493
49680
63167
68515
58424
51504
44048
77620
66917
16887
11935
36107
98247
23905
35200
12160
49952
12020
98603
46143
88536
63038
42049
93576
43718
340
54354
80618
37803
185
74063
85844
77686
78868
30831
52783
53107
37253
52276
1369
38580
24284
7161
1851
37625
518
30289
54678
64660
26265
9649
22821
46166
60025
63118
87347
39687
70667
84129
34930
96695
39815
4332
52971
98198
17461
10453
41306
38325
95238
81017
88183
36099
19251
557
46479
59894
25546
18264
41440
50745
25751
16762
52661
39596
69060
62746
43802
97491
1258
38710
45759
3917
64791
21
56633
67942
25538
65840
93304
26137
33392
86080
67808
14950
32229
23735
24902
35349
41361
47176
68879
27203
73616
6781
87781
64645
18243
28250
3096
10311
31645
94658
38240
1955
71717
26051
71936
3300
83439
18457
63674
18946
13157
97486
66759
36240
30125
26925
40494
65447
35450
63314
66881
44296
86692
50551
59994
40355
94749
79909
89138
85823
79373
58515
7665
22971
89738
22767
1471
96324
66010
20337
94710
41492
59051
63535
67003
65922
45117
6823
64049
15087
47652
96270
76639
28707
66421
58266
32552
79630
73210
59818
57261
70179
37860
20347
12245
6273
90447
5518
30806
73213
9849
84027
34823
19998
87579
17777
25497
6164
40535
75077
86860
18854
14463
77131
49532
22602
25388
33033
74605
97246
37136
52409
85283
36915
6690
10522
3445
95211
83492
61489
85012
82238
23763
3278
76478
66514
81165
39387
87495
80987
16128
79896
65376
57007
79336
8116
4973
46147
48175
75125
38095
92411
40639
26032
1261
65188
14593
42705
20927
71118
59131
88009
88620
10451
72187
61692
80976
69546
67527
58469
9041
35060
34112
57058
27324
49089
44600
12534
5309
76427
45337
20707
46931
86023
21867
37715
68472
7150
64956
82199
91818
65565
74347
33703
48848
43726
20551
665
9119
43084
75139
61567
94554
74718
1919
3014
73404
10290
74971
74396
58418
42262
36815
12161
38526
62275
90265
23680
77015
62945
2742
35028
86929
77654
21959
34278
6959
69017
5974
95380
77550
78874
92665
85255
36471
43431
90592
15403
76021
64203
62530
29122
14860
59306
94459
42828
45093
28835
51200
38210
97875
59427
43716
18236
12371
38702
12459
50075
98492
21910
87615
36719
84228
4794
77668
46583
39159
35665
56728
74974
43501
29187
93634
82446
35113
29407
29041
20726
9876
35953
27128
48294
64410
48479
12030
93575
83058
48519
12634
96327
70707
65804
87168
2309
47413
66152
12978
1662
40664
28138
3426
31503
96482
22793
47625
40054
69846
68937
86412
23068
62474
97484
17349
7549
95119
53072
26901
26995
47362
64155
5740
66815
45581
78737
8886
61076
10696
99088
43968
51479
46252
9495
15016
90965
54659
27713
5282
72871
21319
16547
57695
68075
12962
50758
32183
38770
8798
22362
39640
84452
20499
92162
6627
14312
1163
37420
17088
67177
27855
23670
59563
46857
62698
92316
55499
19510
19700
34090
27995
2860
75052
95284
8616
62104
35443
36685
61513
25579
36614
2714
70915
71827
97566
48119
59364
50220
39704
90405
39400
83842
12898
57697
72831
98416
20771
53920
65570
94284
96202
48153
29734
72760
89089
74749
37736
36642
96845
73405
76488
45665
68189
92243
5171
57670
16972
79978
1388
48332
26614
63749
19780
31982
70166
29748
21488
87091
11555
2180
58924
95957
3956
24574
75718
25537
9466
66213
2219
67568
29654
41702
31736
46700
18815
64341
66310
76055
39315
51143
18710
30820
85108
39705
7521
29339
15542
67727
20770
86499
15545
64724
85245
7705
35741
87382
33347
21175
3036
25393
45468
29732
5829
65534
81399
35470
94135
62916
47562
36234
82191
96341
51660
85381
28486
3479
15870
34811
23147
98070
40629
27306
7873
12467
26247
61417
92641
84476
24220
68823
92574
49070
30751
41075
91805
90619
63463
42848
82097
66834
37761
67007
58544
99532
34375
94786
857
8824
71683
41908
76820
11769
89899
50661
91532
56091
90826
38704
67213
2208
81498
95892
9534
25741
15823
92346
32100
98736
54014
20231
87059
21246
7637
68353
73949
96460
37880
51903
71466
58610
66755
28901
95954
48800
74661
18540
65474
57884
95404
30742
72827
79580
97940
55808
86800
24636
31240
47280
12608
56021
4363
56542
86717
72343
18149
88836
63591
79097
37463
51453
88804
53979
81234
87932
35044
65986
15636
68339
42628
82963
86084
97683
91903
30683
3384
93628
89422
7317
54624
25509
8124
22782
97048
62359
92596
55358
99971
51429
80980
68686
85870
91248
9518
34417
88297
94295
12494
24039
51160
67887
57008
32977
12236
19104
17546
71129
12958
3381
18671
37448
90681
77908
98542
63321
2407
37486
71821
26063
65815
54497
62163
33338
16591
67236
87128
63015
54060
11163
30650
8357
91085
24517
16285
95546
91959
94496
87449
67296
79495
33344
91325
52904
9324
33137
61311
71098
53677
6004
15036
55526
62801
8657
6731
48709
66161
21203
8595
90111
60731
82691
18690
46352
94815
64848
29478
21733
11927
49882
1799
69370
31390
61871
94042
80430
99168
51632
82216
19528
66938
41551
73638
39498
76482
94146
15583
51446
44654
47675
29853
5582
67835
23110
23728
47598
22306
53875
72222
73909
67928
53464
75927
7614
98556
82224
27524
22205
60646
230
29622
29912
24020
80742
56163
37401
1372
67929
82754
20717
11143
17761
40221
77716
3095
36131
92770
94046
97380
54951
66128
91979
49868
95587
16011
59643
97314
59555
15656
82348
56952
41698
51070
94739
36729
12067
44232
39324
88201
88185
70702
51646
90600
32608
42762
17545
23472
90374
7179
68507
60452
8303
93188
66715
14962
13915
62343
48462
94731
51792
64577
33546
88049
12574
70759
63058
44619
57170
69059
39045
9778
22574
97074
9912
41945
65374
93084
58387
70762
90575
82727
37808
7189
61592
17394
17354
89661
98037
45497
84930
55844
65946
74104
62007
31524
44894
39614
79383
85425
91943
55559
26235
61148
54875
95842
60533
56988
18648
70224
15510
49671
17062
15149
87378
57495
64433
20421
35411
55473
82717
6870
827
7059
2881
24177
61808
93654
6361
77397
33204
16604
84770
54257
27099
83840
5697
46796
11953
75097
80895
53954
56896
15391
55054
64289
12050
26966
99606
43527
19659
81554
86818
9644
68173
29304
18228
81295
49093
47228
39044
63055
79150
18826
50282
67350
59565
99362
60907
60685
29033
28180
61518
54328
17031
32512
71274
64697
7199
92857
69494
25568
69239
84003
6082
66040
65481
30727
94204
57991
62186
30031
44219
7332
78906
3843
60209
30262
62763
10291
38360
65269
8468
82341
1569
75837
41755
25684
70038
33
56189
93872
68612
45686
75211
12044
39617
9549
68628
36052
91394
70725
9738
76744
55543
95435
61980
28212
67223
44387
67567
31748
6220
18144
47701
72100
50084
94722
44097
88859
22135
74595
80679
29114
59413
24728
30427
12687
24988
10704
91898
69011
6862
42833
68973
24126
24509
22543
21589
54649
51420
45529
93724
20194
70307
83693
91166
10568
75562
26041
3403
77236
65010
48760
76312
35465
25297
39106
69474
38080
75099
91846
43965
65234
4160
86364
89929
1008
42000
2479
21816
96729
59934
60005
9148
76364
69141
68750
81125
58258
80063
99226
42478
57544
75439
25592
11710
86237
30046
49686
93797
1628
61467
43300
39866
84053
44919
7571
55695
26484
66126
81272
4908
25750
79525
26972
89554
48829
59613
47734
34244
60297
1812
97481
36980
808
19863
62332
80359
45090
73262
13963
59129
1066
42599
37296
20920
33839
57629
34762
83433
8530
16831
11204
48962
99057
47880
83760
24028
83225
47718
32687
57228
16044
98882
57736
4654
6355
48032
49068
59154
80306
94861
62123
75860
23797
15074
33846
46726
93250
35955
74271
53165
59663
18043
67935
12921
25107
4280
73884
22075
19711
89293
12322
10826
77058
37458
99798
84195
70514
36985
77454
48209
13027
50822
48621
19909
19887
72208
61934
38976
69923
84415
48523
67039
17095
75416
36478
37770
76279
89758
52228
93465
87271
81515
44262
2044
95645
42377
77352
46788
73278
1094
57049
97955
33291
28718
3155
19177
91694
71425
12276
50160
71559
46547
9174
59516
74253
52064
26414
37118
94836
54223
10959
97073
63287
28837
30839
27843
17111
65882
70735
95078
26263
52778
29386
65394
11149
35798
21603
76183
54891
28352
15155
23054
66131
85671
6655
95467
6671
35663
4114
3317
7881
19254
94988
77517
12549
6185
47221
11127
61000
29702
61188
47619
69707
361
12897
55121
38606
92536
79628
99886
22846
36313
93863
86618
28429
47495
60627
46318
27909
60076
80906
32747
97169
56579
83444
78800
99546
27230
73706
53049
7738
65333
74743
18744
76278
37552
99500
48667
70775
9072
33044
49338
16877
87962
23714
89922
3809
95042
4184
87252
85771
57793
8099
46020
99796
22061
96033
74461
20462
99135
20892
89085
97521
4766
30583
57166
1243
66019
84921
74294
40548
56082
60908
73433
42809
91999
60303
5168
38147
53220
64052
61217
64534
24299
49096
45195
76246
89491
44008
53303
43689
66739
72536
55496
38317
28895
3355
78460
90154
52226
53207
52212
5343
43295
20167
59184
69550
39729
48808
66473
72726
59551
43886
83654
36577
54364
73722
13537
49011
62795
80991
18640
16994
47839
27123
92577
560
10385
3100
39978
54892
15237
11646
91317
92700
96576
43536
73014
15464
24111
44626
10038
33926
23436
93559
77825
81965
28539
3228
69000
20716
9087
86960
90311
34867
24200
42816
71819
72540
23813
80813
69136
43896
78857
57400
86841
88002
4107
18781
37325
6122
79543
976
37224
14340
4784
35851
18189
70969
42988
38029
19239
12377
33439
65577
1036
82884
73435
71228
16062
18474
40403
73472
87568
69836
24125
19232
81700
91902
50464
21841
3075
54449
34217
49741
13079
9811
23061
43628
57317
57763
87635
47078
46280
94779
34984
88649
24604
23778
37739
47098
96640
47162
50759
77228
8778
57314
28469
53983
30026
92189
2400
25484
32756
52979
7246
50456
76429
42158
75545
43576
65559
12142
5235
95468
75742
41713
1026
78942
2097
52007
71240
62367
65289
90568
12149
247
44451
18713
31956
65617
9837
48585
4996
58713
47858
69497
13115
78188
95424
19867
75862
3422
34585
62115
52001
23808
72239
65093
53844
58166
21836
59521
67736
28393
69659
41717
96491
7504
79172
53536
495
72516
17263
12474
77742
22959
24068
47982
21982
53782
66269
87988
29964
43511
78229
32157
23787
66595
50866
54224
98423
51706
17609
2792
21153
43698
96189
67203
63938
85628
40084
35229
16193
82726
9782
52534
38110
81159
82761
88928
48950
45946
75953
43597
68318
75318
60198
28208
52368
14456
87606
13660
72235
97525
6511
86533
81016
49542
10134
75573
86664
57402
20519
59630
58866
35428
66445
73593
22500
47097
62866
79824
90843
3605
15113
37698
97947
47393
34716
24707
71509
25834
79981
85860
66008
76935
70214
85528
36648
42986
71208
46664
81035
15124
62534
8323
50329
86984
68828
2257
41596
83313
70315
40671
4230
34079
33920
35455
81271
46651
68176
90636
11502
37142
46604
37965
5563
29045
97010
98897
37656
15095
7990
11119
57974
49528
67287
94107
64382
39379
28331
37639
98126
49140
17323
24386
39601
20935
36768
63343
24055
91572
13639
69521
71832
25102
64888
61472
81208
31807
7778
99866
20082
32622
10011
92749
45653
49621
15098
60201
54179
8055
51395
67468
72067
74299
70287
97218
43939
95054
55456
47739
88855
11057
13358
88240
61524
70901
88851
10178
8109
42793
17664
6785
80458
65674
66794
1848
26028
5153
51749
80808
2143
62348
13067
12808
11745
44350
49296
95245
85479
11419
67499
26325
56949
38742
2963
35332
48087
24396
92044
77150
87046
5864
55833
66165
16755
53249
71002
20579
62640
49560
41486
75363
54146
19640
37061
311
86457
10667
52868
73687
12589
15056
73586
27785
29470
1637
30215
51027
29164
55914
89650
74748
49332
70072
20792
34922
73299
93535
73692
8782
23826
1406
7075
29294
81309
68193
23492
8670
75612
89449
27216
55305
88051
33516
36911
78357
19906
75610
1508
94064
28424
38729
82831
78608
98288
31000
43506
20593
28968
14217
52564
50480
86656
95856
50158
85000
96553
18502
38331
40065
573
68957
139
6295
68279
26004
83625
52034
10487
64249
63887
25449
73199
92896
34056
42675
54472
86159
39505
86195
11760
52015
54701
41661
93945
87121
20667
85
11214
73230
41309
26129
12445
25654
83415
15594
68251
47952
4261
19258
22626
81586
16318
33103
55814
67554
91966
50369
32186
53869
11648
62293
44342
7027
22059
97915
42689
73895
22015
95261
62187
32120
2978
15359
65871
50027
50806
56322
86273
91817
54244
35915
38806
83
64845
56241
19916
61829
19211
93102
6339
90622
44629
1380
37877
36006
11796
46297
96782
7114
84473
79403
78388
77947
28610
11647
34948
4295
83753
54092
10009
21826
87543
72987
28490
63601
43481
25183
75574
2194
41070
94674
34717
93986
89803
7349
85134
42014
71073
62180
70161
40313
593
92169
84750
48739
65966
56493
80969
90451
52566
41266
64993
52239
29237
44166
95226
53446
62969
67627
56201
71957
21738
1280
7127
94217
16092
72113
13106
47980
76742
91807
33802
24355
39151
32187
83645
76904
44945
13561
2448
25039
93384
61820
53320
81474
39088
2495
80552
28032
79190
64989
97229
58224
60007
10741
81373
60540
81322
95093
31164
83763
79431
92589
79648
4281
50999
3698
6138
57011
66160
27578
8850
39832
39344
85257
21851
88508
68072
3066
73273
45480
19134
36430
22096
5155
13707
22642
96141
13167
7840
96441
23999
79752
31494
38600
37649
68192
55798
34120
77989
54110
17725
78726
36321
58627
42502
9666
98862
12312
82554
50314
41946
55196
77554
4095
45625
31568
60140
661
88744
48432
1308
36817
20543
51107
52438
41498
87917
58441
2875
80188
61379
91431
29697
72929
15763
58741
93512
9899
67109
57840
96545
63124
71451
6826
41420
94359
58265
59991
39174
94678
71230
38218
37862
7304
2206
63625
86961
72174
62734
33474
38155
65422
31596
49539
85600
38712
10273
61161
56584
69945
90587
3891
35574
50526
5853
76892
30059
90182
44266
16832
87027
62962
90605
17897
77539
77959
33480
44320
99566
94643
4166
27548
27365
38846
95085
75923
38588
17010
21594
73611
51744
98971
97759
37305
94003
94118
47863
30986
85244
10532
21143
15824
87067
1407
47410
31761
32762
79481
16105
12220
69129
32153
10119
86874
16864
34280
7596
61992
1286
73462
24122
88789
70804
44801
5453
54744
49803
35700
50425
826
4320
27341
61334
54592
38458
24146
63666
92458
76210
46212
90443
6230
10910
74127
38202
46217
61176
45159
53141
69921
86914
72423
99985
91489
927
73765
13319
98332
64881
12566
65337
15569
16296
6705
41299
16384
51962
10054
94397
64807
49816
1606
20354
66035
66461
76553
27007
9426
47895
72773
54294
38236
57493
49487
51519
97063
24398
99718
43756
2497
8455
52462
34889
21770
43909
64758
70429
60463
23423
11639
84255
1948
99329
96609
16087
27674
42423
1521
79345
51139
54574
92764
75133
48632
13076
41304
78294
46190
47058
92971
65343
68282
46247
63730
2306
60458
73430
53029
21472
65911
24606
4850
53374
81753
10164
42532
13552
21081
91300
36703
65209
24909
12098
95463
24288
93124
19535
57699
19405
65717
10994
85117
83023
48198
37519
41704
14768
82738
19387
96546
11911
53630
92061
92988
29708
57808
78976
66988
17796
56370
5484
22513
7299
57860
7125
658
31873
72901
71477
77344
49180
99782
78014
24637
37551
26311
47830
33336
12940
71202
55328
51673
33446
39164
34764
2662
77100
49863
42265
97714
44259
11390
29772
68719
83025
31186
85506
23729
99033
45030
37688
3876
4607
50942
22912
62712
59993
96690
30739
40868
8563
67544
29559
28885
58991
85058
54718
80007
78482
52646
15006
26275
72806
50531
28027
96838
13402
6454
53852
5750
68100
67343
93773
65625
88353
50995
26426
84113
70670
76261
14180
15123
40416
44088
11912
41040
61139
47732
56785
51812
1007
28889
25245
74814
56832
62172
25981
29299
24658
63041
4137
77035
11523
16947
49188
69784
54010
62098
8024
46485
61312
24265
69303
59660
69073
77239
93574
45137
8315
1639
67470
91131
56839
26593
91068
54431
41013
57922
912
41654
91470
2554
13676
70530
13513
65187
83706
2112
18312
59812
18785
36180
84973
50353
24653
10478
58956
55448
1466
40674
96632
83995
73029
28086
90190
33048
14478
58234
7719
15479
2226
63298
56025
19544
85831
13475
99228
45785
46952
18619
81212
56675
20321
52666
64147
31744
41165
19442
66946
88094
43170
62953
65412
90357
81635
52103
70695
44684
19749
30145
86737
64949
99236
21622
87197
28258
67767
29450
60877
29455
59011
40190
48134
29567
38248
50229
61897
91093
33164
86696
21832
80956
8580
85650
19491
3979
34891
183
15231
39168
75863
90969
24787
8285
27343
301
29485
17302
19288
18842
24917
90586
45637
78820
38018
3841
14771
70093
77038
90963
98199
12514
60593
92766
20817
64604
94549
38180
64189
95438
9459
2249
78203
60978
37710
40373
86740
47618
79029
77622
39863
47419
42175
84605
1104
14191
20259
88667
27686
48906
52173
29786
88944
86395
31824
30047
56116
52125
72504
17074
75727
78529
59482
85252
98808
46563
43794
76028
3408
94245
81527
2684
45164
25921
51369
86784
9570
49706
16949
83194
11655
97403
90344
87963
53940
29427
18083
96424
20484
59316
64124
65629
97769
15697
42846
90456
11522
43935
20183
32306
45569
73297
54505
2145
26407
96336
75533
73343
49714
95813
48958
98632
1632
34046
78694
29920
83064
17622
95508
7636
32900
46617
59806
21829
54360
96415
2460
63808
73264
31252
46444
58884
82861
19856
72105
42724
56618
73475
53376
29659
95880
53057
45434
24455
91637
23163
23929
76609
49022
3530
7187
84047
9959
79048
21791
68262
89270
49126
66059
89297
81691
63003
59764
97959
14942
32591
73493
2635
31686
20847
98629
25058
58485
13505
41687
28075
92708
84408
4665
9533
34957
84647
15999
29374
84058
27638
90783
3931
36995
24953
40215
24230
11751
77546
45955
61490
89502
70597
34276
4466
54322
97644
50645
4355
21979
41428
89108
95265
37246
71335
30532
10132
18216
16035
89039
27619
13464
48390
92495
45762
52210
89816
11293
64687
15716
9916
41072
71940
73150
80310
65064
36716
19006
11003
96049
17014
61282
4021
45852
49209
13225
78984
54383
9605
23332
36162
7501
96551
45432
26667
77069
76388
20387
45401
5735
16194
27966
37607
65956
59047
80403
53238
60704
73847
46364
4974
43550
19269
44571
94598
3264
94898
39444
98081
95459
31439
90073
68597
31976
80136
72057
91862
40557
65351
90673
90659
97489
98889
73012
79608
1725
10673
19753
63112
29101
23936
4821
52062
83637
72464
47467
80150
81074
4863
90196
97462
39908
22631
73236
33742
37102
41475
21276
94802
42970
45279
87345
99573
58393
69465
3387
443
5259
7415
53172
3877
53491
90186
69724
6635
83434
11084
63114
51506
44493
186
42873
94233
57567
84598
33088
36971
2708
77359
2723
61512
3756
82463
1967
29251
55663
81727
29943
49340
52551
87313
47272
43823
22862
78496
59260
85769
12777
4227
72061
93579
82569
70195
13912
42542
15922
25827
44987
97577
6120
70743
79096
98985
93493
13183
73290
47726
24547
31480
24735
33718
2517
54255
89185
95878
74536
85913
97867
48038
86868
15230
86317
4647
48716
90520
27048
73440
39211
61848
238
54516
28339
11454
82567
47298
65935
77642
8367
59264
72840
96532
78257
56323
80069
9461
49078
77914
36397
82128
91633
38821
18978
88245
26049
1363
92304
75635
50090
20276
91608
63187
50060
20816
4140
30297
41384
36907
82152
81898
59435
62960
65121
6477
82894
97200
48673
54721
89902
71199
3659
49227
85028
97543
40594
76344
28918
71294
49287
51577
74185
65853
79389
41993
66788
4860
86109
71276
86658
46338
80321
76039
11350
24298
86975
48076
63147
30918
32251
83236
7452
99371
64146
34779
31479
64420
74282
91030
29075
19412
21392
58723
38582
61241
82977
65267
30748
22523
47304
48113
28569
60849
36079
9478
86630
62603
79090
75748
30348
91743
62633
52644
35863
49039
81050
86115
43470
5783
61052
97843
20981
60199
40926
11636
8312
13558
72808
99480
62461
65472
30536
36115
30601
12275
52379
88532
67381
69662
39147
20244
56567
69650
27603
79399
6921
26474
84383
20859
37460
11837
49575
81843
55926
57002
58056
60580
59883
34890
23527
26230
20882
38805
5840
95995
74796
83665
56733
8236
5999
53659
10575
10402
89692
27001
86129
42815
50792
1506
12281
24503
50187
47041
10687
8258
62533
60696
88267
33698
34338
51904
40744
44236
84215
54767
30054
65783
97874
66513
89533
44652
3831
68020
40056
93157
79816
94563
77117
76243
55523
15772
73292
32927
71491
45
69207
23833
35108
81612
69098
12756
4343
1649
77965
94206
99256
87187
26122
80915
76641
72628
3423
25891
52687
41373
88250
10160
92260
71237
67023
82702
82114
37661
65726
1322
29268
35692
52496
52490
26357
32134
46521
75830
5795
83110
27309
74060
64955
79113
85633
78176
55043
79726
48484
52899
70529
16610
68810
81681
67995
93742
65161
38364
64174
52627
39352
90306
64172
91017
95357
32868
24755
22844
47195
1092
84315
31389
91382
24297
20435
33957
45879
85698
59190
81282
92921
1646
94505
93611
45521
76888
65282
61028
56909
91445
10236
41788
65184
78685
82969
18395
65490
40478
45649
96251
87625
88025
59168
5502
77768
46979
87819
42462
21099
15033
41921
5850
44194
91785
94400
88116
8768
79322
26396
98701
16245
59314
74624
20227
93187
27337
83400
46038
90583
14472
53188
49522
60689
42545
76212
84568
96958
7047
65743
15260
16616
88591
31747
7795
3022
19184
42359
58926
60224
17987
80212
65805
85938
90148
63090
68302
68510
63987
94992
15769
4721
57937
53789
62031
94863
51277
32782
57302
43332
41986
85847
95191
20299
28821
23713
39515
85492
83450
98867
50274
5680
78828
72822
44257
33026
92809
75209
97056
55664
64294
37261
69405
82937
29923
64636
98455
72602
12666
7530
93306
45963
65894
35533
61119
84161
94436
34169
681
3147
84798
26193
67053
54978
83008
81262
98115
99188
57004
68219
33045
99746
69849
73449
28944
39906
45397
911
24759
9485
99277
69594
5937
96498
77396
475
56482
75109
9524
73968
49855
30792
28825
4726
50963
25559
33463
4353
75965
90468
62548
69285
59674
96142
20099
71624
78400
9392
94356
30158
75494
92449
54611
74445
67868
35586
67678
16977
63594
76978
20677
91533
46096
32047
86295
941
36051
39025
90547
88494
94933
40205
3035
90979
551
81367
50512
4650
59113
7557
63149
89094
48194
30219
40904
83638
21996
62095
83090
38565
18140
23636
10486
17339
87445
76067
29648
64071
43315
76464
75072
2173
92349
62274
68060
18549
96921
41313
88372
73971
52229
96913
72660
1076
15744
92555
35457
1323
20906
37729
5412
33930
40306
48410
73705
8008
74031
63132
30080
85304
54454
11120
14761
58917
29704
32163
78765
13388
53724
723
25409
75382
67762
40604
22299
64469
27806
72108
12103
7434
12422
17991
70581
54902
96717
87126
54117
87501
31603
97861
48428
86761
97847
86429
22124
53992
18259
90876
85026
69235
62836
92683
92946
55835
50832
94422
95751
83320
35145
92608
41431
26392
10976
45329
20024
16928
62995
69287
74408
37961
70164
71617
92332
39204
26276
64916
27209
26182
52625
20510
18769
73805
7300
72537
27916
74020
29245
95840
64332
60426
60182
12592
1700
5685
71912
38890
76518
82892
10861
13219
55308
68238
91643
5872
27514
32148
55108
36877
81123
54826
22716
98013
98385
96776
24733
43979
72458
65176
23784
72589
47357
15812
61839
79059
55703
67490
16001
89578
34487
17458
64747
67790
46969
9279
74919
29986
70291
30271
74782
89470
92148
67188
44073
85741
70379
22364
51129
76247
84308
68335
14300
63694
64099
10845
13734
74279
91860
35745
65482
93351
17970
73321
19183
74494
94995
10268
60954
46795
52214
27371
95808
48831
58461
91379
96205
54547
87254
74893
33247
66952
77879
52701
29905
46007
19248
9908
17580
10639
69177
82430
15179
92238
29674
3507
85267
57488
57401
25199
86609
92850
82233
80784
40380
18357
64752
53475
8835
47012
94717
65430
70522
31150
99522
33672
15806
80461
92765
46798
80317
98110
18732
32643
51196
97971
26153
68213
79685
81865
50035
84397
78678
79486
69762
1905
79895
34604
9102
52112
61062
82546
68211
7757
91546
78434
83878
34636
93715
61925
74443
29435
47395
58734
93101
56747
53177
45623
10732
91438
55738
55705
49720
43918
74179
4916
25225
11752
46266
70728
8750
75745
38508
32696
29170
50332
23278
31362
88146
49210
403
63797
94729
98009
7374
24310
57247
7838
77033
91555
96438
18790
30454
60312
4887
63664
37807
8138
75719
59342
44970
52585
2752
2138
43651
31102
78376
52111
6853
62169
98638
11705
74975
36506
99103
28897
23695
16815
89562
52086
7
53316
87310
50009
26859
57031
685
83149
60974
26798
63344
82080
77675
503
181
43064
7883
52096
76281
31497
55016
42860
86827
3119
44260
38649
9063
46411
663
21415
33374
22815
94756
11491
88708
94758
37106
84583
82099
49553
31980
66133
733
14518
75876
52671
59034
91527
91211
24546
3778
20001
3274
95469
63708
19824
16065
56407
25459
86012
35109
74227
15246
81781
90339
57759
17201
31909
26038
20893
50318
63010
70060
63543
33072
29570
92895
71471
66434
1760
93701
30085
81071
96402
97854
53246
51039
8144
18448
57638
82189
42950
70012
24152
3239
5638
39374
64683
60791
59179
9218
75563
92747
37003
28851
43634
73226
14438
60445
83502
54012
70211
24304
1755
91998
9118
12888
29974
71858
24933
29000
48744
41512
18601
60936
87151
20189
38017
84482
82471
21895
90639
97932
15951
85430
34706
52794
95171
50525
49848
39453
32073
91463
46984
53161
81488
74582
54599
80868
46138
83910
62697
674
43363
95762
89694
88404
92493
77645
56855
75520
76510
52463
37524
25233
61037
45016
33040
7698
24505
57734
21068
31222
33004
62306
63288
20990
74136
26443
67658
36259
76351
54501
14470
58503
95166
413
93704
39381
96284
60093
27269
20687
64095
94903
82789
62361
12399
97293
15240
92986
29715
82836
300
91518
50797
80487
32409
5854
49745
27947
21758
96537
39541
60938
38935
32339
30041
17498
24799
26262
29541
6708
14610
65848
81063
61776
56775
59412
20075
73712
85274
84064
69951
70107
15749
64621
88937
78505
45554
23883
86050
13977
14125
41115
36858
17977
46210
4300
55243
25964
72621
45347
16097
15624
59507
63280
45614
12688
87083
77187
9790
78074
73995
99459
65042
75104
6657
73512
59119
51487
65829
72508
94852
20404
12472
27278
24327
4013
10676
78955
95676
69223
43234
98293
38380
26650
2345
34748
80547
28516
99915
32396
48334
4844
53135
88555
3023
82383
14891
37723
39146
13526
82071
69214
27552
58981
64849
18329
80147
4526
11652
51787
78426
36460
1133
78924
51257
23681
18716
50384
25523
58409
81997
93397
53558
58916
42113
29297
23970
75527
99738
16435
55238
50323
30613
43028
82811
38205
8153
5166
70158
98275
61905
53858
37918
95475
36737
90830
89466
49756
97304
18997
76911
46456
13454
52878
92616
41652
52303
52861
10908
21633
43161
19751
32537
74372
73539
16082
69295
93104
51680
81631
2951
39740
61475
14569
90022
47733
60161
45026
69036
30249
48335
10991
26929
59171
42695
35510
5765
94969
6049
31319
76107
63921
79153
39253
1087
42681
11041
70758
60173
2360
44196
85568
53244
86229
11677
90055
92361
46244
86842
53340
42731
62649
96221
60018
6396
26494
45841
4274
21515
15588
46429
11187
43197
54155
12328
19385
35481
24971
61603
38909
45418
54554
48883
56594
28836
47499
40046
69737
80907
40697
96938
72494
85242
76273
79865
98508
65807
46846
6852
4115
87446
92356
31223
40652
99755
70138
97119
44900
52336
88248
16162
66605
49224
59899
62440
18334
38993
5772
10253
23204
57731
19921
69679
9690
44421
97616
55568
31972
58432
19367
31559
5666
23092
26544
85786
41664
21364
73083
619
39221
97671
88340
9449
49075
95945
10185
96660
69635
32585
2380
28860
39816
1974
89737
83781
80124
98966
88847
73976
39767
1609
18645
28662
39896
73051
79002
47934
20946
31664
65144
90727
39420
37920
38724
40444
65465
55316
1129
69464
67358
72658
43248
27433
55815
33438
49122
72796
52810
17244
81448
24108
80297
3543
70767
84528
91718
61814
32323
24875
40915
82703
91095
94813
53785
45431
82192
45802
95210
12231
39441
41598
29183
38359
41318
96599
56505
17743
58666
27981
64449
45058
54654
43952
24570
603
80933
95935
98824
20608
4007
20619
47915
59192
84229
48256
86588
42722
89963
78665
91167
35498
19145
37491
54617
49974
2317
95178
88638
28834
45414
61342
50671
61851
72280
41078
10010
21242
79060
53217
71543
58449
97373
63029
84483
86466
47537
68511
61854
87385
442
20293
70299
48456
90902
32127
4476
39311
11553
16402
88518
10475
92431
89788
77743
54318
40228
85188
24270
30274
27911
17020
3924
92941
66114
12482
26248
25625
59606
23597
77246
41976
86263
52382
28596
26258
1269
47666
92851
29596
39761
99271
85744
2967
33889
27376
34476
64151
5882
62244
97586
42004
93048
39768
30431
66712
22938
9794
18466
91163
55005
70712
89822
99686
19007
19965
97765
12417
85994
63969
70880
95753
46490
23145
38368
32478
80464
7718
22308
79312
3099
66351
38929
58011
8634
37138
8182
95388
37229
21745
73609
24316
79596
34492
33249
91565
2770
63853
82488
77932
39017
95402
67751
50110
70954
62542
72734
63422
33863
88894
22532
86376
73274
57435
35357
10005
10482
88483
95528
15948
60902
36947
37034
93631
54388
23418
10825
49506
61757
825
74346
67964
30682
20780
13264
63347
51959
93793
27443
61823
18391
24203
25144
67373
97868
4047
34844
5562
30575
56496
78043
64891
81779
43755
57909
71899
95802
72206
21679
43104
77986
74058
96052
91901
84632
45723
92160
97434
38745
96692
67096
80246
25186
60528
88767
54101
96192
25513
62110
37049
54799
34139
44841
66211
42871
46337
62273
88869
57171
56740
89534
45891
62280
61683
92525
56866
29099
64920
40916
12786
74784
1604
9104
36697
82028
54278
60644
5076
2763
81293
70789
73417
31835
3442
92898
26434
89608
6867
8698
67401
86134
93319
26355
93158
62159
29430
29955
78411
89147
84492
611
57428
12943
70749
3203
47765
72884
65994
78363
95501
82021
82652
28009
35737
62694
87028
66321
49689
20399
16452
65126
94292
83222
63718
31435
1106
47190
34163
99672
36209
44617
85052
40447
70141
625
83632
28475
1715
78498
98461
3466
55386
35075
4560
9436
32548
45877
14179
20896
92132
25982
61904
8706
90402
91349
39293
31704
85683
95723
77894
15654
72623
70484
47899
94153
99657
16113
92672
40735
33060
18371
59063
35539
94229
67322
92932
667
1801
29014
99196
75970
96016
85439
31716
81059
5978
864
27350
97460
40041
75849
17168
31442
4521
83208
31477
78721
26422
22288
89993
59589
19625
6610
51335
72030
56938
12555
10558
23185
19015
30218
47622
54582
26616
45241
56945
97087
62269
93962
37157
97454
80795
70900
68094
37105
31793
61382
41375
24188
73940
58414
44283
7550
45408
66939
58429
76222
40993
47295
82280
16672
51407
59097
60159
76509
64424
22071
48359
52470
86210
64262
80326
2182
90060
802
74538
21280
67111
41346
47434
43559
29273
72183
90479
72146
6582
57910
31821
46953
81091
74306
71209
32195
56186
90723
86062
14667
95048
33765
12141
5069
43204
21494
29216
62972
78191
71350
12222
90666
27391
17957
34508
8401
65091
62270
31660
71871
43673
28499
50677
1785
75464
10360
28708
98748
7662
30141
48447
1191
26863
12789
42100
76816
32008
97701
28391
37883
77823
53325
9361
53463
19523
54393
59180
87571
92514
62811
6203
62933
95926
58038
81141
67428
92357
55507
94721
90014
67123
90238
9401
32333
45818
37694
18887
10792
78508
9647
67480
39403
82205
66866
7965
85405
3117
53532
85850
15053
94719
67624
75544
6792
31410
24882
10122
32356
21160
77558
25295
54576
30598
97916
65621
29540
8288
68029
97588
40135
82447
91151
51436
66080
18018
89386
81706
92887
71755
32248
85729
38799
73678
9367
74817
30345
45433
23435
8265
61123
28794
59984
51966
74142
1394
76150
86081
58277
30818
40480
17903
69696
61355
34248
96005
20609
22121
62292
91277
29770
40729
33269
98370
75214
41957
25718
40320
33049
39977
27413
3427
3018
23885
77855
42744
89747
42912
2404
97669
35296
31298
80802
4005
90386
22991
57766
8932
14630
28523
83749
56155
71793
79214
17186
17308
97803
56433
19735
98096
34786
85826
5739
9728
74110
86665
81269
52770
31099
27267
99375
48725
92031
11738
85951
33483
37507
9158
6073
93770
8570
71234
41491
46293
40585
58095
17538
49387
17233
74181
35406
72980
25077
62463
90505
99698
92383
50025
10906
20014
64082
98839
55818
53328
31161
22653
22592
57715
36304
51958
58930
92268
14283
78010
51758
55027
37046
51964
71411
56566
83780
49567
83935
46602
5085
17472
69296
2139
95423
41125
59057
34728
18089
1958
42398
21520
74562
19330
28069
12695
56421
70727
83166
14598
81323
40708
27381
42240
9804
22181
56502
45372
58379
20264
64514
40790
43531
99635
31643
29378
20536
22239
53711
95387
43747
87844
71222
12391
10247
51234
49804
45933
99063
56027
25138
71933
32835
30365
93244
1666
91224
1469
39772
84907
35107
72555
2192
88356
30757
8302
79810
48918
25499
25344
52339
68687
89779
33704
46960
26918
78552
13443
88460
78339
3089
33618
79177
57221
84168
8806
5041
17867
9481
37716
54895
91114
42604
67029
60735
15220
45811
20125
91921
90134
96440
64234
3819
45083
54866
95881
2896
26099
55469
2566
67874
69327
63656
58684
33878
86268
68652
6494
48524
65748
92241
4648
20911
92197
8612
21591
18031
66618
69541
59588
63649
83181
14461
19261
90308
43863
36954
49002
79143
34346
72512
65619
32271
48933
65443
35282
78520
91324
49231
60353
70595
84426
64321
62743
56080
9704
35403
84014
77561
88257
40687
67073
73663
3286
1232
27038
80889
11407
17440
32503
29312
65888
41793
3968
65165
45602
80754
42044
66113
38451
47587
45025
49217
26854
99383
63736
53112
22727
59139
81120
62170
35305
1853
4364
7817
97537
98017
32459
94983
91655
13272
26283
35834
36402
2068
81885
23251
12661
17611
60639
38283
9355
19680
66190
84553
44022
80521
43955
32541
70821
57790
2335
63236
54445
57304
95886
84357
26658
24025
7648
89136
85195
63513
42483
6570
35283
26737
73473
99921
24679
71506
33796
15562
46057
16651
37823
45460
35056
42202
10209
12561
6030
56271
3971
62500
43280
14285
71646
76027
54230
80621
22753
79899
35159
6729
57118
43815
65707
42195
16119
30206
66095
54724
14509
38671
64574
94655
9455
22147
61488
73453
8980
85386
51121
19422
75398
65387
54013
70814
82645
4305
76893
44146
48341
31668
30078
20933
95144
44408
52569
4279
82803
18300
40350
17739
79659
10626
98941
59410
90413
38744
77023
26259
88160
21654
56948
9418
1944
92058
2609
25697
92034
32992
12125
64338
90701
5059
59284
71193
96268
18158
87882
71914
34768
9369
81154
39712
44530
55975
4438
44796
41728
47248
604
10767
55355
63930
90464
68484
1871
54790
14812
3718
11730
36753
77495
16500
58129
15891
21359
24690
38614
68410
92075
30045
97268
6963
92013
41674
10776
6158
98666
53582
39357
97164
27858
54741
80409
82176
24205
89579
79121
64998
10675
15190
59610
17511
33183
82134
64798
74073
62383
3224
64072
28151
75549
43149
53657
82163
30715
3714
19093
97186
51484
81103
49723
3397
83932
4105
77274
18172
9526
73957
71288
70029
21573
88488
14278
17390
13408
42277
52795
24285
95479
78396
94429
25158
2176
18970
15052
49284
84648
77122
62288
2553
18060
99847
33256
68542
99133
96661
13065
16290
28174
97422
60062
24613
49838
77647
40850
27725
55222
22069
9565
26045
26464
79904
47498
21240
28273
73983
74357
90329
30521
20863
50533
69501
39883
99893
29391
60940
14074
8621
40625
64080
87048
62415
81617
95028
6753
82108
57854
41619
9817
30441
45640
67050
56863
70854
98832
66586
12848
15178
33566
57744
49935
64923
73975
8862
7607
20366
37796
91320
43275
5387
85985
97698
87937
76657
94410
90454
23158
70970
95366
70048
65143
80974
18886
48289
8481
77827
66324
2228
68982
41080
26641
73714
13263
38460
42120
58459
89678
89215
25813
30460
87505
94593
55069
43799
83348
27543
67067
30014
23351
27588
65420
50935
56514
87297
8486
10623
49235
56822
60048
70074
54455
79569
33104
4392
89276
52307
8569
46063
51178
84303
59083
68478
16258
86299
7944
49768
64772
28925
34872
25066
84145
88425
61179
3167
48660
2218
62181
41950
56353
56288
70486
37785
18628
33240
27865
59753
32074
84978
2364
10315
2789
99909
38657
9038
49781
43502
54879
53073
43852
58383
43040
22017
88845
23509
17487
54652
17862
30090
90863
82625
81618
72380
9097
38885
62039
76480
82414
23183
53949
1332
14290
71913
29287
45367
5173
45798
56713
7010
10525
37669
22079
17794
68884
29219
83656
70348
72387
11197
51049
83675
62901
4373
98733
71261
25806
23343
63361
17554
94882
23505
92667
41720
26829
19493
56075
29078
36527
87908
67204
37256
6770
30082
23465
28328
55003
891
79959
14157
39508
6360
89762
18409
72352
69492
79419
40956
28131
47801
20837
40099
16319
64225
50324
66485
88452
38175
95194
98538
85293
60780
43237
25290
77771
37721
91729
64345
76879
67965
10423
36048
80211
22321
28247
58273
37905
28749
57804
63585
49123
52080
37149
74933
73282
90881
96427
83206
61845
83295
85624
16715
21288
38658
66002
52147
92981
69292
18606
78222
86643
73856
80415
690
91597
17408
92460
53791
20115
48417
81680
24853
34783
94775
23419
80140
91683
56611
18920
82345
32237
41296
30201
53003
23699
35391
39210
40756
34053
32910
51911
68043
16043
55515
70953
50361
17791
12229
1153
42880
60482
39852
22514
30185
40214
44587
19473
62974
46515
7619
15092
14547
24144
51497
77917
97639
4691
3406
27575
13337
91755
19715
78535
36463
8968
1780
55653
25646
71405
83897
8252
15509
13417
33732
40938
88576
83485
71991
2409
57344
9289
46859
80331
75002
59237
82419
2351
20777
55535
63947
3922
79220
51518
17740
67019
50210
96560
38758
97029
23933
28426
6716
10105
34160
47352
42774
44211
41131
33148
65283
93311
83821
11612
25829
11949
80610
93118
54211
66588
44729
69537
14476
55274
40536
11332
94478
73792
38071
91039
39080
31491
96164
39603
8901
14455
662
95152
71778
60524
75254
32906
1200
56319
36773
28826
45364
68791
56772
5996
760
70025
3373
12681
92043
60612
33107
21508
38036
50242
7375
17843
24524
59631
24685
35690
48413
18278
90761
28112
42288
19710
73432
15771
60845
94049
56876
77324
26103
86667
34516
50258
59210
86775
46641
22373
60158
82269
20592
61389
88953
57059
68057
60922
79893
9321
85648
1980
43409
89986
81652
25664
36371
42090
8151
33089
87145
74675
7377
49934
35298
42302
76924
94278
27784
72920
96842
91586
75301
176
47435
39397
58747
46915
35563
67248
95969
43328
50631
81357
33900
42033
66208
46608
26261
14820
85895
40506
42994
40283
26609
56204
45345
3893
23846
402
93179
89055
16571
20239
4927
71206
61434
3193
29082
58444
84914
719
87912
36576
93342
56233
9678
4621
32106
32249
27523
11312
59675
95741
85096
73999
45104
59105
925
14879
71364
8334
2878
93176
81899
78785
18432
5906
35630
48090
62669
57563
72422
54727
36029
99417
3995
83017
67581
32334
95406
19376
73853
28417
46520
30975
27609
6871
83057
34342
70663
27027
69525
69756
84493
33650
29881
27260
4769
89536
10637
49632
54965
46260
4857
69446
80361
48177
15917
98588
23347
85653
32840
14398
97734
52744
337
66136
83324
63181
75474
47964
37915
68387
93377
85362
46645
99428
99661
72088
61631
50125
29688
74692
38498
26997
5237
54220
31750
25690
56093
53703
56480
46665
15786
53368
46109
49864
85768
94330
15643
66454
71257
67998
47173
19348
82719
35183
13511
53022
73046
64644
62961
66825
5526
13053
50953
65762
50820
70761
62053
28903
60617
9667
72116
35334
84710
82502
72574
14033
14766
68548
56149
44889
55854
36847
54094
2617
52259
91140
52668
2650
48771
94411
19245
40309
73153
56364
38445
83133
80702
8848
85717
21503
28844
38170
25923
4212
90012
87903
93975
69220
92186
739
44101
55952
42440
17246
96587
98600
8429
21881
53603
62618
24969
14824
39959
67052
75186
31902
9909
48279
458
75864
82083
6732
77326
70023
1654
487
25736
20582
91536
30853
16480
4627
29561
85641
56786
2595
96807
91117
30450
26547
85669
94333
13229
59470
70303
11039
37784
26060
76376
26241
55118
98575
88454
65659
22209
50272
53714
56302
28062
31341
97755
60779
69205
93695
11116
36237
9679
83416
32628
98691
29320
60697
18580
82184
32421
29552
35156
67680
8202
21800
24635
30199
48210
3851
42419
86354
14886
16763
41510
65581
98961
68867
78556
4152
52130
37147
91187
54267
79017
10265
94931
28454
66007
57014
21986
7777
19885
74391
96130
63096
74883
22493
90968
98453
30774
59353
27660
73555
66222
26058
75508
89851
80494
48187
39368
33134
33181
69602
80337
3516
6796
17763
73371
9011
2491
89203
73686
15673
58743
12990
25277
43129
74813
51912
8769
59128
78103
44126
96737
65131
80706
58455
2956
30664
95640
38969
21136
31614
68509
68594
89969
67810
23012
32389
80397
75250
47717
44072
74270
24683
84155
12466
54076
16167
97865
55466
26321
35421
84740
20443
52272
88621
48865
71150
31401
75693
5358
10686
82436
21338
71163
31471
98750
50306
48604
61298
78687
94846
91591
59433
89519
55637
15908
65778
60560
90268
29709
43714
30134
81604
76737
57953
36
86839
43185
48795
25958
3477
48804
86259
38322
43690
91399
89232
69863
43416
10912
78617
5727
49650
12508
79089
98067
46561
11667
53625
92062
31467
37097
63639
78336
30711
29776
44952
98761
33595
55999
91275
55924
88280
87477
93237
66254
27009
24860
21393
2699
33860
99575
57262
5921
9469
88980
87475
53260
42656
87925
86383
13906
68512
65277
69725
1402
50982
69962
9775
22554
69397
9716
98286
37827
9039
72066
74130
11078
68023
20819
99638
79998
50308
92068
32945
57123
67225
8428
58910
78408
24135
56392
31637
42676
78495
2489
38116
61715
45003
80046
2255
49049
14936
34334
23823
84570
78881
91770
58254
33831
56361
4685
17981
88405
31806
21605
91221
76339
12194
18762
56771
19600
27836
63158
53296
91063
44476
7384
39039
17450
65944
8640
71275
45744
63039
93171
82828
336
17392
85550
15564
47127
99616
32281
16807
70531
53524
24675
65498
38743
14286
91803
86294
23202
59725
27360
72379
42188
18599
38293
48955
94014
54850
30760
14292
92795
47079
73319
56087
24093
94149
8810
48936
50926
9777
73271
35877
40211
50951
78000
98776
17765
97234
59542
4340
180
9121
41014
70563
73620
42272
97477
15118
48553
72307
35659
92912
8522
45505
78673
68697
66820
74847
72499
24100
71106
54817
70913
60826
914
66582
79937
83725
27982
61091
45992
75954
43963
9246
48668
54059
274
2510
62738
21132
3400
50598
68304
97053
4022
73538
20866
47916
80460
27476
12558
97542
62739
25802
64883
39255
79866
74383
54712
82964
89159
31153
15065
3897
64023
46281
26512
3358
77437
57984
12770
47927
36175
54038
43333
82532
42234
69687
40185
87213
43159
36168
20980
23884
96403
83577
69742
44799
67616
80978
85816
92890
85680
63335
42616
19299
61164
80994
69796
69636
59644
6213
8094
19081
84371
64677
98117
1896
44479
80911
81454
73827
21660
88286
63567
18926
42652
48370
67026
42106
85862
36986
26985
44853
70528
98844
13679
91929
36231
96794
22284
75910
82881
40556
99019
24829
45797
62217
84711
57460
90618
16592
66068
97180
90682
2897
34192
84036
55226
31461
35708
6377
32531
62677
8013
4042
18322
89773
62087
50174
99124
54520
26315
95963
40101
71248
45294
55697
9858
34871
21921
24234
6555
47338
97267
92259
58493
59276
25887
4618
877
47350
51262
86265
67078
37405
75309
57492
265
24063
10960
97058
15212
68753
64564
37456
34070
73719
43885
21627
9419
13045
5799
68197
95985
86405
68015
73816
10919
99941
52449
38257
70332
72402
65054
54806
78575
43920
62915
38479
22800
1779
76045
6125
31378
71105
20979
37849
94708
35994
80120
86492
68708
52123
60576
80368
26118
82678
26954
88434
5400
38795
11202
25467
14618
60495
15915
16732
72691
22252
87659
48011
72548
62260
70115
13476
23270
55453
85890
79639
10986
29919
25060
2031
17756
92412
51710
76858
24751
81283
38788
15436
9784
45864
91623
91726
21202
70957
97697
17367
46231
72881
28498
16620
51118
9582
60904
898
33573
70349
51697
18102
16830
84514
91309
72340
71768
95116
40519
93212
21333
40472
44336
75007
10365
55383
53474
20454
52317
19982
43769
9732
51534
81009
69402
68240
21157
37499
73143
12302
60757
22122
45781
56604
55913
63136
20456
35732
58898
39898
3963
45503
98239
97529
38455
8251
38303
28695
76420
75894
94098
30462
85638
41182
92231
33318
77993
40381
82959
34815
66499
92861
9346
97632
71702
81664
95947
85593
83385
88364
86611
63277
66896
12769
73233
15644
1242
10867
27636
56006
82217
71549
9707
84960
78352
4886
49543
56537
8959
91079
32
49949
81550
5717
49844
2780
33242
53942
48617
80008
57063
34683
91453
52954
3060
19343
81978
66760
2777
52434
43059
7365
65843
92847
46598
2392
76751
17401
84293
21062
90578
61104
9001
80112
23990
58575
80548
57534
49757
4162
30721
85217
35015
90609
31732
64439
85947
26188
65193
18114
44453
37853
78793
67241
7754
39226
6503
41244
46589
87742
77420
19408
45598
81761
83545
92789
64419
56000
15144
60596
25801
33187
21253
17191
37042
39857
49161
29490
77580
50467
42362
14408
34502
25747
76526
91485
97025
39436
9763
15469
80248
51467
44905
89488
38879
8311
81981
78491
7711
98077
82636
38122
85852
75605
62647
43789
19581
146
34777
89942
22847
99129
39748
71030
24487
11956
52749
56405
25631
4265
37637
38275
84997
97114
73551
80181
2498
48228
75870
35577
56745
87232
6612
93238
92627
60045
23300
16428
20806
43753
87253
46246
7295
3346
58153
33221
24482
46886
65782
90460
33724
14926
23557
9966
44353
39848
21917
95105
73757
58059
35739
59181
66174
46074
73621
11765
37191
86680
565
6996
88773
95127
88423
72478
53002
86954
89118
51536
3497
16196
31607
27044
54476
41554
17912
47983
97994
33085
46783
34064
95882
17946
29727
99576
84105
83787
8583
83764
53938
54203
68617
726
47053
432
26857
59280
11764
52919
52020
88763
3485
5843
67507
56183
9603
31322
36745
14246
46361
21015
53035
55205
69634
13534
87302
70673
69272
50327
74477
8198
67324
38376
22249
46500
69079
62370
91074
24869
11817
3294
87522
30488
20631
24720
90960
35842
50769
67047
51570
14567
10154
57212
1482
32101
74011
84691
73702
80393
91806
88548
32029
18092
84302
74637
75971
2923
14276
2902
41424
11037
62234
49432
45566
72714
43419
17269
47546
59301
10474
2025
2039
70230
89326
26468
48822
59553
86516
10523
97446
83782
38926
53387
55026
74376
75356
34279
153
65479
5831
6414
15976
8845
63467
73922
15338
34106
81519
4515
64112
38042
72510
35018
42141
82215
32534
84138
57637
77164
33251
18919
22587
52523
63834
7932
47476
38912
88505
35300
70090
3414
68142
84603
52198
20339
45808
1949
33838
90796
82989
9651
6408
37469
26475
25781
47241
34143
81707
6104
88065
60387
78943
11819
50428
29560
63027
78709
11201
22873
41535
35147
4304
38633
75074
56639
95478
1929
70384
92014
43523
18458
78959
3884
81880
81665
79616
2034
61661
61208
4652
36673
45444
28299
10222
12340
93976
75603
18262
85752
60167
3237
78599
98029
78934
79984
74033
50660
79602
40332
11272
36801
8384
29192
21490
54982
87553
49973
10948
592
74217
93746
78559
1207
43269
27455
90851
5086
67904
73240
90537
19929
99793
95567
29239
23483
15914
61403
26014
60894
73411
18199
71795
70716
33124
14429
42905
90750
3134
77299
65013
39700
95551
82585
30470
6930
45524
45031
13312
96123
21223
1205
18212
61131
89819
5385
81611
85193
89768
63525
14633
21256
91326
57878
94127
69403
15561
63339
31601
97132
86647
45339
2584
41345
71878
14352
10997
44461
90243
35131
6174
17423
88277
39943
42054
50988
21984
5753
23345
72288
12519
14709
81027
22271
49730
78590
32457
95053
97162
24090
86707
93808
62529
71332
17906
32463
67279
85647
74082
14105
60511
41691
5437
40643
17552
86090
74712
63098
55098
11150
84321
1907
54347
296
57407
5193
36319
52995
83466
69969
93095
47968
67251
58775
588
56511
38266
29568
36449
85577
85183
74145
91823
16064
53071
59578
84281
73431
58378
79205
62827
32314
98312
97514
42795
21277
3307
66221
83673
1800
34785
73704
81202
3348
76328
83560
60490
15116
92811
75456
23186
45930
85102
80388
90397
71355
65997
3961
64999
21529
61185
6801
78260
54120
84045
96250
21119
7880
82714
32640
63687
46180
61547
34408
47691
77695
35609
87137
27404
92750
82766
18700
52592
16120
11438
29301
85668
3980
51320
38830
84577
54681
74581
35185
65878
44289
97787
46890
88333
97444
97620
37749
88958
74151
24750
10044
33356
39946
80254
30251
78867
18983
51071
2075
99788
22103
3923
82402
17827
99148
88001
5175
67748
25389
4507
96352
15432
61251
9414
51717
82779
63111
25036
65270
80962
95559
19709
22405
7595
871
95183
71971
16337
44040
29535
93570
41254
87169
63697
70550
48170
96012
45909
34904
81064
64588
23920
64694
87108
66821
77251
54610
63237
62240
63403
41370
16897
22766
45694
64081
92842
34739
95709
50076
78024
21455
60785
13194
7235
81256
59636
57809
79155
47528
76992
386
82031
16821
40019
27080
35331
26419
77
89336
26314
86904
42524
25336
58280
62596
84336
69004
23755
85762
11557
87142
83568
1862
26670
60566
63174
66121
60325
79061
93537
37471
320
46434
1617
89537
4498
4182
3951
89793
30209
99795
20345
26790
46202
75825
73556
30426
14911
68284
27482
71652
64710
51148
70932
86260
71456
58042
17033
54241
49559
13059
82896
19185
45388
3569
41090
2384
64244
10450
23977
61588
76004
12202
89630
12677
31600
55265
54135
55988
87071
99130
88594
80399
40966
12886
76263
20300
19108
73509
80981
54413
62473
26749
13176
74218
98436
28308
12254
29167
9388
45476
29370
12491
53743
76885
61231
57242
30281
46267
90328
83438
66905
40858
63880
85549
38320
36060
28621
36962
99824
86517
61190
34027
13449
28245
93516
9854
75180
23638
13816
85766
51415
1856
22702
87879
34286
13980
70855
89771
66496
5090
86622
62493
98463
90620
31952
19246
46396
81748
18942
40871
39562
91573
30349
66169
23856
34337
59110
97445
79872
216
66902
50786
78635
63634
93953
31973
1858
66472
57083
86267
71284
73576
19596
49113
46759
64357
89002
41171
39016
53009
84949
36800
31959
297
13582
59931
4030
68384
26119
338
14103
45558
49533
78447
97419
82220
92457
21411
95999
81995
66884
7104
28828
53075
26787
35093
585
68607
41880
81067
8553
85811
84916
49939
53999
46730
45262
50900
67701
24886
54422
22503
88039
9281
95270
93861
22463
87694
96709
34008
35606
6605
9825
87292
97138
56151
1603
96408
36689
55320
64308
82837
72408
73643
49196
57573
78787
38891
75051
72679
5605
69451
6452
88670
71678
37941
38213
57817
34541
4918
1756
11723
87665
21440
61574
2544
45043
2052
76563
63653
988
69353
89826
61794
45248
39464
52082
1497
34274
88571
93322
34232
62310
7510
38363
32102
86725
65862
30327
2010
39419
35490
99432
1069
63402
89355
26701
75000
43596
3789
93130
98326
76923
18270
23352
79886
2054
41226
33615
92105
16634
21689
66546
95296
9000
467
24657
51612
46298
53166
68359
7256
86456
82039
98294
35808
2447
11281
23785
42654
52202
90775
20973
49155
61307
37797
18192
60316
47004
70188
94170
20580
82025
23153
45316
69455
44009
28840
48852
9890
74123
47557
79267
9809
88235
95069
57319
16484
62888
27797
86562
48532
83428
67038
5507
30661
79634
91738
99476
66729
29938
70823
40045
82437
79460
39410
86592
53032
92347
29578
52814
3130
77691
52799
29404
32948
71825
63704
53243
40985
22146
86382
70434
94187
93988
69069
88697
51120
86203
69884
83987
23894
81055
78262
53047
20474
87589
2784
57698
17280
46027
12851
93626
89500
88268
94723
19688
35020
70622
38397
88826
65867
31052
99243
3749
30332
72318
16621
8438
38981
17161
47355
97606
30235
61563
99564
43107
23677
98820
92694
98005
65022
9776
77375
9203
58997
30933
1452
43819
83476
94433
66651
68614
2469
85261
63618
66469
45404
67716
12798
55113
46948
31756
91682
72723
17448
23661
7515
36340
99728
29935
82793
46558
11471
79547
47614
24801
22739
50524
68921
8365
19356
50146
4872
40366
23337
6130
6941
53721
61583
70971
28567
48089
84790
45340
64411
94829
49302
91574
18210
34936
57526
58512
47957
75053
8814
79814
86615
30302
76401
91249
98593
22183
28583
50037
64355
30871
4672
60775
62959
47240
87440
2438
81392
98451
93204
44545
31168
56309
35323
52640
80049
87488
96064
31888
39133
16370
31371
37377
28166
2444
57264
52425
6066
67099
81531
23100
16325
94447
94434
5209
81138
19820
56729
22216
42952
1097
71007
58675
17055
28022
9880
8245
92455
75290
23037
80594
86427
40363
98011
98569
76727
84926
4805
33527
21476
60068
95142
88619
68005
2638
3680
89663
9941
78951
66424
45599
35203
651
67722
37780
89237
60256
5800
90577
60109
41378
32437
51566
17418
81832
40834
10436
34644
94818
69580
94975
31198
77980
39933
55689
81292
58728
62308
74472
27794
72344
47109
81214
16060
80071
75119
4787
95718
15877
60286
31263
38356
12175
48409
74997
790
57430
18865
71189
79873
95412
2057
28100
71584
17032
58356
64703
53733
13810
54883
28394
94461
13719
81886
56119
39137
6384
11319
49135
37778
25046
84748
86771
32035
87362
39643
85083
80975
20810
29601
15689
73148
56599
41761
76123
46317
55485
62601
19293
77040
6557
62150
96132
95686
52430
61103
2396
82222
12104
13215
44943
97263
85588
11901
74632
97188
84933
21290
55181
17686
32252
8077
67655
11366
76435
89348
67310
6531
59068
31521
78003
68054
55944
34121
959
67637
71976
36902
30677
50348
42153
59979
30588
2832
22805
37663
87580
39995
35339
27042
69282
9774
17264
64884
62667
58068
31431
73545
5609
96448
96272
26154
3231
78631
44075
83151
22804
96129
75016
76753
28967
2440
26982
5542
17290
28612
51261
78472
56602
97870
87883
82182
31994
21030
66951
93372
96481
32817
24388
24457
72357
60702
90465
3744
17053
2861
8546
12437
30765
25026
26615
42017
94130
20178
15715
37542
10874
19457
88893
30635
62978
60448
75201
86803
3190
65327
3829
64865
21684
29066
31984
50319
1515
52966
10605
85527
34439
29460
8115
54605
20919
3271
1267
46690
32819
61859
17561
47913
22680
32532
64885
3335
90628
27653
7270
19011
31975
3498
59277
62215
34413
64273
25080
99797
57733
98946
1751
55310
33574
27436
70279
76598
18916
8746
79732
18507
14459
29037
98993
32309
34318
2353
48068
22732
11421
33300
50813
33950
22021
96975
29901
53751
38025
62076
34179
86544
58895
1320
77371
24470
89933
41268
73546
14271
56289
67218
72091
63355
11177
47313
68729
39746
51987
7268
31250
8582
95436
3599
5771
49752
47911
20511
93856
29629
73495
60444
72978
83755
78660
87164
80809
40845
64306
66585
12887
51089
34412
86008
71161
85625
56414
81086
50050
43000
99583
58990
9969
84226
7963
47254
22366
19635
8536
49551
71696
52521
2281
44838
56753
42825
87953
97497
70114
48677
61500
78317
77944
48407
59361
12537
56448
47150
66737
21079
71525
81528
69184
83773
6651
93480
39382
52690
6642
96800
93665
71342
41503
17206
69744
63968
25078
65379
91327
88794
27807
94250
75609
15064
32129
10077
7914
72633
81625
96338
3185
77735
52405
13836
2490
54780
13808
46357
95008
56114
62369
19451
8978
8021
23531
78605
36607
25220
22929
28576
80387
47465
70419
6539
77516
26412
62877
74330
13976
14251
12748
32619
76137
58905
8338
23517
63106
61328
95827
10284
26169
50799
91942
53619
61358
4101
74794
40933
97298
21497
29497
56296
574
3863
87623
1565
85661
64563
59945
70473
5982
95764
4878
14725
32875
88698
98362
14306
89891
66533
43002
63917
58112
19017
36860
68097
1403
61101
59372
94666
81701
76539
35472
92586
96517
3950
66314
65896
20133
56613
30142
82399
39462
64558
65514
30298
85132
23942
31216
29886
43027
97761
34028
2809
8907
26725
79523
91747
29682
37627
68869
52856
86625
32138
25041
27661
8329
51003
66642
42859
50243
55497
70408
2220
25366
74594
45624
40184
69200
41258
89590
49331
70700
44459
7856
39599
30988
87373
79354
83383
32796
84540
85459
92645
3729
75946
48257
5532
22841
50848
18163
11670
60433
92880
96934
74849
39150
17734
53062
73058
8400
67848
16093
86617
17649
4755
60882
82135
64825
76391
41887
16199
16551
82143
69552
59207
13799
55329
19049
50510
99086
45666
75704
87836
80088
89125
42841
75027
69515
12267
27938
88288
13338
47007
17873
4569
62676
2109
39361
59966
37354
82725
4467
64729
77702
68829
8578
33919
18045
80294
55752
66051
5491
55020
84270
91355
92532
91142
81881
92425
53960
44504
69238
11617
47862
84705
82724
73530
7081
62651
28927
83847
64707
10223
3758
55530
31141
29679
49251
65880
43754
52255
1219
32417
57518
45102
2237
84280
81532
6972
85374
99916
61973
46638
36225
23247
24451
7080
89129
15701
28912
80171
63829
89844
79388
16425
98073
75525
19268
64486
43913
67817
88895
92110
54526
82841
44381
42173
85969
29623
87714
89004
56864
5973
73595
12033
39268
44427
68420
12568
62551
77129
79786
54646
38270
14993
5569
66502
45133
95232
44635
67391
66006
45443
33111
9972
18339
97512
37248
86614
65062
67256
9471
34809
83187
75155
34954
4146
77366
48557
48179
68874
94075
83789
67922
41623
74076
73312
6670
78891
22756
33168
48247
3957
42260
77294
7894
42246
63028
77780
19524
24511
21535
40945
69150
50366
96098
92456
16792
45523
29972
14955
30632
19961
15409
21272
20992
92095
55679
22423
29001
7890
44395
2837
82854
46099
69565
65739
5097
34566
63443
68604
9760
77207
20440
81326
58464
25856
57530
85014
31201
84331
31306
92743
46432
12197
52140
13756
82607
51053
83252
1028
19434
23688
39821
30025
55699
23577
23805
28272
59939
35467
62757
76748
85494
61747
29375
79888
63676
550
20533
61619
68944
72297
2248
73031
63388
90319
35151
33031
33329
95016
83336
47369
59382
9069
77155
67230
31537
62412
198
10394
87327
10493
92345
52755
26158
48355
41255
19476
22520
41035
18876
95915
13668
51897
20702
70904
83060
83891
34767
86847
95585
7846
45311
28192
74125
70363
36472
81873
26172
26779
86112
67429
85018
1239
81777
93639
63812
57791
65784
93714
74984
20616
85962
1343
59073
29406
74732
71032
13616
72032
55484
73183
90930
65409
82782
20556
8726
76855
55291
34190
31516
1523
54137
85272
51842
85806
23657
68992
42374
47317
4125
93442
15982
56029
88830
78108
23268
60934
88244
16603
74500
99966
95444
42488
52354
12294
27573
98599
61113
19723
51248
4643
39199
74453
93517
4181
83915
46757
95010
33075
79985
25757
70624
19000
59116
80138
42056
73670
51272
46987
20350
35593
70002
82183
63542
77974
65340
93243
10169
40909
31075
40726
81500
75312
57583
51824
58880
25164
88416
92870
10781
81289
89684
11400
34409
49474
80851
45323
60661
2593
98061
62451
37039
15372
89717
75058
24737
18438
87811
33670
16869
10099
58203
21516
60510
40785
12489
97156
18348
61372
52832
48315
47257
77665
15841
58091
45413
63367
23767
11833
76738
4798
79301
80659
28526
93604
29130
35468
44695
36940
6832
7288
6560
88330
26757
57678
72120
56120
48687
92647
75980
66171
64836
99889
67884
54171
84694
85694
67609
72070
54524
41917
31968
85659
84631
44753
22460
19843
4249
14864
50205
22236
31745
13998
90906
46699
20142
33469
39054
12186
33013
45319
91841
98502
39937
8412
84773
63589
54016
5915
58752
51047
46360
86320
18134
78076
24858
88387
73359
51463
56443
89689
10692
78039
24283
95550
38371
90349
94116
22998
15931
82299
99786
58834
87605
52203
8336
40538
46365
36939
87152
8284
54048
87492
7526
91554
34868
81627
351
1202
56586
92930
27113
84244
45448
261
11261
2919
79020
244
1501
9580
27840
64097
18011
65000
19391
35170
40808
61206
14846
35365
98606
72084
12551
9886
29434
24763
80154
49755
22353
53903
17520
28255
13862
1522
28561
18937
6724
9618
55545
39636
53079
22622
85877
50321
20479
76921
18680
99572
43683
7103
32901
88657
45122
71137
49540
15150
51731
3434
46433
48047
70872
886
5117
74422
88865
29295
99619
24301
87710
3700
67415
94803
39838
95565
344
34151
29774
46918
91391
30163
91471
28847
26059
6482
19038
50744
16432
58788
1025
22909
45532
64478
18653
73107
17429
36776
1030
40204
26683
46639
18991
48266
40569
33317
53517
98261
8333
95912
53899
25972
79804
55800
39036
56009
11735
2748
74970
11685
20336
18125
33910
61351
45128
80314
17587
64847
65264
10843
92177
32946
48326
29318
35841
84847
46559
48260
34225
8181
74351
53450
40755
13181
92008
62605
507
22377
28931
16629
33865
51872
23305
38760
72185
93037
8022
19274
65713
72859
83351
6469
58939
70247
52761
47107
93589
42543
69894
80564
69710
47720
8105
48574
98274
57320
96734
53317
7171
21875
65460
34548
82611
15623
27377
18986
42824
36300
5250
1255
88212
9420
56506
33690
59763
12625
56623
74370
27220
13201
46348
63909
56162
67365
28264
67638
3063
88909
75219
47677
14345
55547
9671
79472
80313
10950
35926
63202
20309
64180
61846
7392
83458
16399
36136
77347
2772
27913
22329
8626
64974
36739
45274
93468
41007
32202
19260
91223
79489
32385
44693
13897
84125
41588
22085
4142
40280
23776
33953
62875
90070
29358
81576
28649
9416
968
51019
36730
12362
55064
81070
42495
21940
32757
49716
73708
94648
92704
95524
12056
22736
20633
2930
37345
48778
6814
90172
18931
90722
80916
80578
62349
67719
81493
33815
70319
43016
15270
23895
71945
42515
20744
46324
94302
55303
95975
61391
8815
22597
73741
11517
38918
87248
78610
2674
86171
33829
70772
70209
2454
25853
46566
92978
85557
62425
2718
17857
52846
56312
78975
63583
27695
32550
51800
27917
71381
79476
51500
42697
59160
62600
88338
41914
12395
74399
5311
1613
60680
37322
90011
86854
34832
39680
64303
4791
31033
47978
93180
33705
69879
71773
22954
76157
26751
8896
81738
56792
22011
25090
56500
68826
49707
42198
11075
11881
1414
82601
90690
71170
55917
83739
75819
91314
17972
31730
66823
88427
43888
56955
30896
81
54597
94011
60718
25015
61918
3711
98732
93000
68450
86742
6849
4468
72525
9397
8294
21112
32411
95977
18022
79954
2509
88611
45902
24261
22691
26811
93471
12045
8354
66103
47769
25988
90347
15406
4559
57057
64405
77041
36386
22003
3511
86964
41504
32772
78648
53507
33743
92245
80566
41295
79023
65398
96430
11304
10324
66879
72862
53862
96479
30506
60329
5514
71423
84424
49672
43940
55899
11885
15599
73664
83901
62609
96013
33785
27577
27017
7956
17166
82510
79674
77538
23610
3875
74320
4387
84029
43364
12396
5669
63442
22891
80620
90982
74593
50296
74876
60012
96349
56981
50985
27811
16401
97194
26240
21712
9607
11827
96168
23140
36352
4966
79643
63642
5131
73865
27034
32707
16898
41845
49394
37845
3987
99161
90771
83334
16363
59604
59628
69868
52128
20611
78854
6329
34122
78206
3327
59040
5084
65677
7228
30754
22618
35190
78483
75675
52366
68825
63699
4630
56523
61016
83765
58660
4783
1342
89615
94824
37119
73850
87813
31383
64868
384
8263
20590
7554
87837
76329
24370
44951
87418
45209
9225
94270
12539
63598
27143
88994
15187
45004
24689
83564
97969
50606
23134
24611
33286
36021
46896
98847
59925
50882
64422
21585
6554
48530
96289
62073
68419
88497
40578
56553
40882
5565
69727
52300
81318
93685
38737
21279
24587
88222
67427
35284
39641
15478
57507
84004
78309
298
97518
55674
93421
70248
16677
46173
24387
41695
82014
67207
4293
51976
8467
15248
74080
55915
50240
78152
6465
84177
48140
34351
48324
87129
57041
35652
74245
25541
37632
9737
40118
58776
99412
56408
72388
86963
78964
26140
99131
95942
28200
41846
19411
67634
76134
2573
18445
97044
40737
30140
51658
39806
35713
25216
9197
56388
14255
51814
52400
16426
52650
23494
8192
90366
59249
90763
43153
94485
21048
13479
42576
66101
5103
51373
36019
36589
310
73834
90510
64415
27507
72257
24101
19427
17986
61720
50699
4359
40146
49977
51105
98310
60966
29928
29107
36604
48327
78250
66180
71173
8758
83306
14383
77941
2418
97641
2067
47461
90072
66762
85044
50185
62991
18424
65102
62794
68959
3527
1669
99592
54279
8677
38620
9523
80585
84864
67133
58802
91730
45825
4684
44942
73830
22628
73488
6453
63816
6184
90536
85309
7110
59531
2342
21572
98150
97432
67275
96091
24859
38143
48360
89325
3795
98923
91665
79817
58941
30146
57652
11232
75421
52377
38290
61183
53302
52962
66904
36445
62136
87155
57749
4523
81485
69755
62074
91347
77415
36158
48106
35896
50317
59744
55755
37514
1787
87753
58365
80279
26785
83559
93849
10269
80848
10793
49810
48380
655
1240
73023
15294
70157
72166
7498
13632
92881
14750
92010
35538
75046
80673
60002
50131
1689
51611
30865
46132
88547
94102
10804
22153
63334
35146
17775
14986
99910
43893
72719
17866
62772
51057
62059
51794
19966
25492
68790
19946
50804
91763
72356
97211
25458
4583
46414
71531
49071
61843
75968
43308
26894
25502
39049
9124
12998
35589
97305
21437
55077
97311
94055
1841
92999
29698
21613
65256
23182
57921
36612
5272
70812
7206
3171
24229
47454
34171
99771
17099
27
31111
22986
48855
26163
48099
30032
45546
32667
74520
38621
34485
93753
49907
85525
45379
9944
43109
66859
45706
13723
64467
98221
85784
25936
9240
46078
30106
3180
49146
45260
21817
77770
50122
93622
67530
21065
70843
3074
15910
38276
82364
24836
10946
58501
44672
43771
88209
1665
70364
50948
58007
71360
57769
92526
88811
2927
54777
22786
86575
67629
5692
53854
50320
55524
60307
20798
2884
45881
95036
51022
16544
2260
71750
14557
99965
37169
86462
25607
23091
78754
80920
28029
7806
63084
74773
43396
66197
7056
54548
8669
37874
82310
74788
92634
13197
92114
277
42324
21778
45603
7912
19707
17173
88103
44441
97665
51622
82088
25720
31446
43020
58430
67647
77501
45479
72221
51267
96279
640
85892
22083
3000
9710
62100
64160
83647
2862
39181
98860
12891
77283
37406
11218
66463
12956
47735
40262
6311
75746
89571
95492
47332
68827
86953
61440
36084
1441
6101
65231
167
3560
93550
91457
61392
68148
12138
30280
57606
36309
86508
7062
29468
47601
45123
52067
93754
31935
26776
66460
68025
34497
18209
95824
96682
30741
7032
7565
92684
17052
55990
66030
7700
15071
31939
97367
37668
29506
30592
39224
46745
83214
30562
27259
4020
98353
91206
27102
36621
61679
50840
16197
2536
20080
56214
68523
82728
68182
31825
49012
73459
37746
20868
38525
97376
18911
94168
27284
79079
93374
90692
80130
70131
27442
51444
21819
50184
24665
98040
68663
90192
51551
46901
57403
9752
77182
67327
5212
65773
32859
82305
20110
37564
32241
38990
28929
4122
5951
62868
90462
35524
54256
15395
91066
720
16041
87929
81285
18759
11528
18426
15968
61186
43025
84712
40330
1397
19347
64654
92199
6848
68345
28289
95708
28381
15921
8447
35916
22773
79158
68834
87983
42909
40423
4171
93875
99218
44548
15862
66157
23946
16660
78254
68325
97835
8785
82236
92734
76914
91756
57434
85534
72253
42015
83384
39372
83078
331
3610
67981
4871
59387
89018
17297
63912
62852
25487
78061
89518
10794
34048
53871
39890
9460
68778
32882
68840
1730
5455
83337
598
32639
38802
51946
7264
2614
11118
87178
47512
12964
41245
84080
50718
36028
87868
85509
83105
31203
25527
43418
6403
74792
86212
10807
81672
1769
34298
89566
3803
93750
13688
87782
26986
60037
11692
98212
2355
90442
32316
36790
85179
38510
26288
61027
42931
98886
75897
45034
51852
75902
2453
59924
63074
94712
89389
86087
15425
1551
10462
40491
15628
44443
91315
59270
93441
80016
7184
701
57323
48577
23111
94621
37580
15814
42161
49315
57334
68423
58117
46492
61154
60753
43221
27077
46458
32810
36533
68328
57254
90101
91475
12131
89726
91028
4418
47456
92692
39689
13745
73049
14645
94713
91657
15467
50421
28798
58290
65598
82531
15147
32885
49383
78624
18380
43882
38348
24883
32872
5495
97365
70052
9091
91407
39925
39931
80557
65061
63864
3054
20216
55768
32418
11006
19898
70642
77651
80236
93700
18932
30254
30213
13615
40587
66802
23309
3854
11162
23059
88108
74587
97712
20197
42001
71321
78088
5015
12053
60054
83730
96397
68268
38043
30743
9019
90384
39489
27292
60988
50228
48073
29812
44552
16020
52660
47277
94660
54504
10415
27225
96705
22572
98907
73641
81255
94089
61867
39743
81182
19163
76640
85773
33980
61505
38811
31392
31739
80662
31988
919
11944
71397
30335
64471
94832
82774
42029
7121
40543
87250
14446
68706
78661
38338
89549
10194
68058
16769
33989
75904
1792
35694
87685
45110
41181
85602
4808
14787
85770
99437
74890
17104
96496
59240
96295
76980
43839
59186
94999
16267
10697
13602
91891
86157
39427
33532
17888
78086
70054
40500
88124
66612
66004
94438
62177
73437
85880
1734
43775
76500
19609
99446
20944
52399
62487
44137
41402
36291
54027
35346
42248
19983
40651
63133
22144
7069
64980
44760
62314
38991
36409
42347
71873
74670
58230
62258
71618
85571
60122
68165
38223
39733
60381
73093
38429
93553
81039
119
21663
46720
22905
70278
77254
4216
86143
57771
48640
58114
32549
12118
9167
73768
56828
97254
59895
85539
17079
92290
15734
29529
49481
70442
49323
55678
91335
23608
80857
20398
57230
69878
25931
56520
26930
16024
69276
3765
85664
94784
92200
26600
37900
8038
92494
10013
81495
99324
94817
35315
57957
73869
27945
3295
38078
26312
6779
91584
92434
90920
42926
94159
29781
56005
88905
36785
81834
13480
43907
43929
75423
46921
26367
44539
92499
23338
38917
98765
60606
43474
2682
18969
72048
61212
9619
71167
78642
59337
93508
11961
38866
73136
91214
4057
55372
58730
1049
5530
77604
1083
15084
14952
80870
13696
24341
16418
13369
85076
288
49403
21216
65614
75339
19684
62674
87946
44356
18418
7693
50072
90762
24182
99436
41684
75597
87560
69774
4065
80862
8036
18100
92253
68567
41762
95766
33159
78042
62889
27733
86026
24968
19744
67710
76743
99587
81327
98677
89774
57943
66641
1303
98792
15979
21200
10080
17942
49657
72439
80449
15836
45691
83612
5406
80488
96345
45793
12406
33064
57903
21952
8017
38398
55167
56422
48994
72231
7414
19899
81169
52699
27817
12338
56795
72919
78750
91204
12839
72694
71739
33371
91476
65731
65476
66298
92135
40436
16803
37720
9280
44936
34598
6816
18388
4410
88883
81973
71040
82074
12846
98716
9601
88610
67918
75920
52525
96724
43146
94884
97511
23190
89690
19665
29620
23825
70568
28591
71705
946
35555
79352
80929
36391
27228
38881
15249
72943
48104
24264
86180
59041
92530
38823
88699
28766
21988
11363
82576
9486
97360
22552
11231
40244
7446
72531
62313
29737
9715
19105
72320
83310
99399
83890
42315
1298
67826
76202
24180
76901
74714
11216
91935
27792
68666
81244
98507
80855
72606
93641
28658
29096
46719
86114
28812
67938
82374
92661
74952
34525
13560
72898
48048
61055
8770
17610
66338
59704
5959
72653
400
68433
57356
14522
6958
94671
19096
28067
41141
93373
76481
50726
95066
41699
87506
31618
62903
77563
77996
33106
1316
47141
23792
82534
48368
47821
28740
87609
16051
9796
45580
28703
15261
19660
87818
85190
46925
64559
58214
94280
23180
9391
39415
70795
78996
47010
47563
94726
48239
10003
74891
19369
29554
14114
75389
1653
4479
90499
87770
70570
83183
76323
79809
75791
82786
93643
3205
78139
3284
36905
36336
91541
74850
46597
64867
3970
56860
7331
76285
27991
44658
14506
54996
66116
38089
78381
55908
76995
30101
91180
67155
20585
45144
10330
94965
90298
5394
79682
80665
3176
45882
81306
42255
45472
2970
6318
43930
62475
71960
85438
25705
83296
16819
16476
5751
15168
95665
79907
5568
9400
44135
48631
9724
31805
88421
35705
98581
14606
50005
17241
94378
76733
2263
97222
42394
75948
60116
90068
6965
89099
61766
15227
83162
73498
9697
39950
57548
13909
2195
32701
4461
10101
62543
63652
33231
68069
20521
64170
51823
49186
9271
73318
88541
64614
21711
65887
39078
81437
88835
773
49132
20885
79812
63784
6937
1052
14631
31269
73894
14695
36275
37968
80830
79772
93259
31849
76789
79983
6166
63448
34504
11316
32454
93855
39338
73694
80072
58508
19661
41610
18302
4076
7442
40862
35925
56619
75341
42761
92174
78153
45307
72800
15563
66935
37009
31145
79761
51245
72102
85763
44575
4522
69160
25268
69826
30539
75362
9997
86807
5158
5007
10288
47893
9864
97344
47354
77090
10829
13248
38111
89366
63766
2640
69718
81176
55464
49048
53184
29579
52605
16626
26618
65
91955
86473
11556
19028
58694
47480
87654
43445
30830
8244
86074
14551
17569
2295
88152
97069
91857
45052
12332
41117
44128
70780
79517
28325
73837
7587
67079
37376
83335
9604
23421
99644
11292
55360
44127
70133
95320
67787
86864
41927
18967
8690
89308
76370
12903
6714
8023
44536
16564
71965
91342
77061
41785
92127
82655
37291
86941
20072
39513
36870
13140
2724
24202
18062
73632
9668
79964
46473
56827
44871
31165
39903
43265
52364
17747
31753
98834
82975
45227
21013
40361
70629
96190
60032
51406
35138
73514
74375
69430
11295
28753
59434
52054
14207
34023
90388
66709
80718
95466
42608
82458
52290
3671
54997
80691
81002
56099
44368
78944
30823
77126
15048
23321
61768
32391
16145
10147
84210
9253
59798
13173
3090
21023
79174
97116
21464
83778
28010
92219
13809
15162
82660
57091
77009
7486
37493
34893
29504
89848
48171
71982
36932
93768
72939
73102
53861
54759
73947
7001
88850
46518
14538
97885
18343
18148
67941
22794
15421
37578
76817
4889
41112
10951
9954
11871
99146
91735
65258
26507
90409
17301
1340
1024
28614
38477
58472
40892
84256
88145
8420
28637
52542
54480
88251
90944
14195
9290
77360
149
71561
53734
9185
66614
77337
93038
11503
28139
20282
8350
77343
86610
99667
5036
89838
86943
9074
82486
81975
41634
77132
52786
22816
35374
47527
45695
457
19690
11561
82240
74140
62119
4482
28948
28266
91721
75539
37967
95188
823
23995
39355
38586
90129
45805
5883
44237
89878
16595
5749
21428
56452
24940
51422
21198
75132
66014
38836
75194
10381
99404
70587
64719
34432
60258
95867
56764
91577
50912
3911
29937
56931
70011
59027
86949
84755
17767
73599
92362
25633
59944
92479
40157
71984
27028
96108
56284
52110
30291
77911
58561
65408
28205
7909
50021
22170
12602
64379
58922
56882
67326
8985
53925
96514
4890
44132
8254
14262
95652
41899
86909
49874
61855
75608
39509
91436
32009
77968
4667
83495
78740
33943
40026
67309
65162
13948
78858
91014
84387
60549
31722
7273
44279
29031
67474
17836
8521
45297
59346
72234
5813
63390
17562
30883
21538
76244
75960
36456
32193
10484
83081
68123
20348
14800
56551
11768
63515
634
57772
58537
79365
75995
52688
17902
55849
20827
86286
50841
69426
51560
11748
5066
75106
52049
83628
40905
51318
5087
10492
15082
38954
1270
71583
99809
85227
29515
60065
56485
43622
96219
55340
49322
51331
75231
19734
2741
87117
51701
1541
13396
70630
23948
55639
72690
90623
75636
36606
18373
58340
6743
6887
6572
36078
20367
28079
47430
65593
66548
17405
16650
47003
64177
55336
40388
37340
11333
16021
64877
98237
84616
93232
13456
7685
19778
86791
60628
3230
9473
41823
62386
2569
93998
96471
91863
85250
79462
86753
30476
76126
61937
43728
30965
93103
39173
17097
37547
59689
36050
81356
79206
84304
42368
6524
20480
918
4717
50020
46727
33449
69159
78212
41092
50269
27885
42698
57876
17282
26062
9540
82849
9344
46216
25726
64348
61044
5781
36235
99084
70476
43061
72031
40961
8417
20880
15692
19417
98605
79974
40311
32827
50604
49088
32886
93917
2041
96552
9569
12442
549
93156
55553
86097
77235
82780
98071
40558
25551
33262
39895
13489
9472
57208
73186
98740
26551
84871
46636
62082
81592
4574
80985
19076
13947
37532
93942
58578
2051
89086
34826
25620
68635
63056
39021
6148
8286
65821
77172
76459
97136
70336
37841
11583
84645
95730
6127
52325
76593
60657
66486
55778
23243
69767
28055
24961
14257
42378
11024
96785
4128
12299
84355
70737
42947
10506
89966
61629
37172
1937
44748
20221
41538
9219
58062
76828
96839
43083
28638
27485
18924
8722
80222
95670
96224
65770
35276
15175
96241
2679
77470
81757
52497
20905
84801
28654
48342
80401
78461
15302
86397
95533
19990
29028
63429
25386
58994
62768
90446
81239
20498
41081
47388
59901
26455
55725
58055
74858
61761
95304
48977
45109
85988
37337
43849
54745
39707
98036
79660
21325
81526
21650
98142
74905
200
97447
50966
54994
28940
58642
68580
62164
39041
36036
1708
82413
67037
22499
85834
45765
7165
7905
43568
76902
56477
57675
26838
10962
80466
65032
46000
52404
79298
76851
96353
41930
66700
47276
64125
3292
84774
29138
33817
62483
70645
30279
78174
32011
19732
63196
56835
19162
51650
62964
72549
17518
85204
85443
47065
55751
72529
60647
84804
55911
73444
28595
13063
42899
87282
5687
54911
42798
26949
20825
7811
2913
96971
21687
78239
16980
77714
29244
70771
11007
75821
79532
64479
76406
72942
8186
55075
5112
59228
38070
42007
40266
77992
41169
57017
64959
49618
96269
17729
56011
18523
49297
13506
35080
64901
83480
28167
20779
89893
71362
15649
39635
2811
14064
25042
26021
13770
28559
31983
63675
17730
52107
83330
34932
21164
61760
73033
45951
27527
20176
9541
58623
79788
79440
71916
48919
806
50
4969
22579
32380
6664
28478
71597
61083
32369
13974
1702
30697
52581
67398
66626
44021
29854
76868
54342
48767
4163
79553
35849
39013
58097
25051
36082
79934
80085
33569
15465
88294
21383
95722
37116
54178
78235
61772
17220
76946
49736
84656
79407
17353
87290
64788
60365
12836
45046
73745
33644
4653
2628
25571
1436
86478
266
38426
98415
99962
56236
64282
56723
37976
17355
75570
80305
18556
3020
60193
12279
630
34552
80332
23427
49099
51877
51362
51305
80159
44589
8913
21995
8027
52326
47882
42436
19737
93472
64506
89143
40981
19833
74647
68599
6103
31108
98271
36662
92274
37903
35451
19852
90314
70116
41740
82026
16931
31587
40925
67845
48912
47615
98535
37733
56877
84549
60769
20173
62926
78308
9901
39517
63627
71854
54252
72293
33458
92569
90799
71442
75488
11027
98991
88381
50298
18571
33422
37730
53219
43986
93993
56305
50738
95203
69427
96381
89825
1976
73330
39657
50477
20
40763
18237
79769
3962
10082
14399
84153
41210
80194
25609
5500
60155
36519
34546
6457
81273
20205
20977
49105
6271
98902
32588
10204
15894
11102
34465
65975
88501
78422
51989
96989
9591
7849
46570
65992
65836
95305
50831
95794
80886
6995
46880
98435
18669
51580
55991
49179
33772
32907
42800
70655
88489
12705
61649
46913
21487
28552
73169
58674
4956
93370
1808
90164
74939
95812
98512
84451
13458
51514
56378
65172
28427
58244
54035
47854
844
42348
31060
22054
90450
75195
69705
36346
92482
59829
58913
96149
76712
18332
82109
9525
67264
84005
76755
63371
77336
36085
79057
46825
72913
589
30440
88568
91791
12989
30908
9791
48959
91433
42429
55846
90751
19777
28059
62266
47429
74589
30591
80960
87110
58908
30637
68552
60352
9869
99766
83087
76438
60567
20830
24873
33973
3200
88831
27135
62455
71190
72132
2175
48538
29463
1474
21524
52945
49194
65039
55443
34605
78218
88703
42470
71760
1869
3321
74112
97043
93780
54539
24472
14291
97127
76689
57168
99816
78973
72013
33409
21166
64778
84071
15297
45032
96036
16115
30838
84330
10432
561
37363
56078
86733
35502
92629
94672
39615
90874
86720
52709
89313
88755
27036
71695
84786
16254
94875
55264
3488
57164
39233
92100
17539
86655
84318
95257
65768
38153
13671
49184
11916
59840
13578
79684
1063
83786
40259
93943
15010
91641
78412
82523
25397
45858
2651
85185
22357
36616
51176
46567
90255
74195
81136
12026
58745
4308
383
61295
13463
3039
42276
15333
69384
19352
33456
34198
3425
30062
12307
10386
59164
40682
86967
11124
14417
58969
68964
46595
60594
12938
785
31775
13092
33932
8279
99585
61597
26903
61943
86024
48404
70199
6898
833
75055
38055
49719
29916
12935
35885
12540
28997
52845
87524
79829
79701
17265
16722
8915
88225
65752
68415
63614
38227
88445
46627
72109
91947
45465
32330
27999
73491
43555
82778
72927
80434
16249
24796
34429
316
97820
57376
63250
78632
58148
39935
39876
21755
62558
14840
13925
20209
52182
66398
13982
90205
75832
408
79024
99369
59634
42928
26410
71967
58333
82395
25323
25341
31514
8977
93814
9841
36453
13878
54078
51236
83904
93053
11113
55708
64740
77202
77221
67957
57680
2921
74719
94294
12815
45660
21356
42506
27777
17901
11381
4224
76870
9446
22917
58384
46124
59566
88310
2582
7860
45358
19098
22984
91669
47046
27150
52782
55532
99390
93488
51567
49255
89914
70438
19242
47551
86435
85281
44931
74488
39773
36841
76826
17439
71380
55836
56997
66919
91158
28988
85977
22309
99628
56194
6170
70180
15153
35030
20334
56461
69608
58533
73401
33976
51691
72610
42920
11890
46157
34494
1710
30303
8646
85761
66768
43961
6040
20567
64311
69439
65446
5046
15209
70034
51509
73172
45138
10591
72332
20203
4080
22461
41412
90327
51156
21854
54236
63470
65600
27650
87070
37615
22332
32497
31440
77956
67157
11841
8508
74805
86256
78586
42035
24435
50967
50237
54753
82270
47309
18245
71564
63188
15137
89031
83640
56200
78594
32381
91112
3997
79845
57950
53027
19792
14020
72375
77850
40951
58676
26370
87834
90211
66970
80274
87458
21416
71505
17819
78240
72461
29102
96853
964
13019
24684
25500
69582
78432
64120
21018
37393
45924
57042
62717
53816
38972
41034
22993
43707
68610
22280
99294
50862
7666
15483
87686
5551
66714
58478
11422
35342
19607
57133
428
34526
76187
24237
14919
82564
15565
63738
80667
58332
17941
78863
91973
47031
75303
45235
73465
87570
77790
55324
10877
17093
55449
61280
39127
6289
41308
59025
78211
46134
78536
2976
11359
94327
62843
55015
20971
96904
45607
50014
53252
52877
45318
43443
81808
76195
32038
12155
80715
14380
42523
28725
92118
56418
28188
75595
88040
25918
48027
91870
41992
32360
49861
44213
31464
55146
89666
68945
42640
20997
92
43854
87483
64568
20793
77882
53633
91404
25324
84368
87189
89594
99075
62527
783
79107
28607
69112
28355
80822
10881
20564
21052
45387
62486
20757
66743
14237
97735
144
30417
95611
11839
19482
22973
35553
91545
4187
74327
50879
85508
43041
35205
7604
13210
87272
59366
52827
73695
64142
33613
87239
66378
48622
19731
84181
28916
14277
15551
70252
91993
99070
42332
76332
95756
94010
74723
82718
67779
31448
20237
80225
37080
43413
99977
43145
96636
34105
11028
39510
66671
78128
14985
36700
59132
18118
48809
57619
22151
85973
5984
91143
12075
93506
64840
71391
55092
59720
2955
32063
45188
24867
42638
25491
14751
97981
80091
7188
95871
22300
34770
3681
44344
49116
32802
55919
86158
15683
64600
40693
53745
65442
39714
83048
72716
17008
80623
53596
52205
54900
82797
78095
29951
40134
26232
35613
43341
75305
11235
66478
24959
74366
69307
62755
52184
52345
25974
88584
68995
32016
16241
28359
79900
57111
18439
14516
90671
58873
62350
19681
39954
72454
31609
73818
36720
49213
39124
90966
49748
71244
11105
86253
26293
1966
54811
24323
65889
50844
21972
29093
6836
29852
55270
28771
82150
38945
49341
25932
81575
39827
66395
65735
84480
36016
60306
44031
97337
47375
79979
9417
75006
66968
11966
64647
55034
44089
92333
17467
74931
9578
14944
37641
41768
41445
25544
90981
54869
73310
41507
17084
54055
53090
69357
49080
64676
17607
14998
94141
44209
88370
28727
6186
58005
19041
83800
93063
25311
33167
36360
93964
89157
37451
34587
14791
2555
77782
39219
73646
62695
61604
76494
39566
29009
46422
39947
96779
79488
24128
81864
55560
93618
88696
91934
16874
70103
62299
86334
35459
39914
90534
29471
72706
95136
58115
60392
89235
8041
24884
2709
54196
26633
96210
66075
81052
10433
12894
92773
44000
10516
53231
34931
56597
56261
61166
9183
61578
65462
79492
53922
66491
52600
88549
42143
82146
17620
10730
80597
58959
88604
80538
48354
92006
9730
43439
54097
92639
47559
45618
11449
46496
98201
98262
48193
72972
7569
42107
48792
9362
5707
23865
62422
94053
36125
54839
43884
90730
1846
77145
41989
62322
39458
99943
5265
2675
48943
73746
58296
78428
49562
88867
65347
43374
95545
28117
34820
61468
46978
44125
53628
94880
82101
70186
31117
23535
54099
54925
73700
51140
16486
69919
30590
31053
90897
6638
91078
53477
93331
38832
39260
54549
63002
53384
65974
30066
2653
89568
88783
83111
81848
25803
44035
70573
87602
28447
77428
96801
96092
14071
5963
97948
68776
76882
95638
46916
64004
71954
51125
68636
61519
21625
41940
86503
56880
55179
67166
38181
67885
60773
88027
15380
11981
91595
1086
88759
4649
35082
3265
6340
14258
60864
96378
81769
57275
34014
68704
48986
79610
73578
55359
66145
54227
29070
9132
14036
55436
62327
63068
88115
89916
2516
62347
47575
66162
74552
70333
97113
96214
19879
42448
97657
57184
67034
82357
62761
10981
59632
50055
78047
47995
8963
31858
79607
45742
2512
66084
59682
23869
34913
8148
32947
31482
82246
95148
18825
56810
43267
25998
98246
97713
97064
9255
27139
13675
91486
81375
39981
96413
9365
56111
23393
21422
53467
83768
34655
61081
59898
3165
63977
37071
27022
25439
45210
682
39271
62289
92826
38623
62670
76113
21981
55821
21037
46176
97183
91642
26611
31105
73876
61515
51599
2876
88219
65345
70883
59539
37847
87231
27355
90198
68010
52465
69934
15366
42787
81218
96218
69409
26067
48665
24006
40820
71518
9079
67497
25338
30418
57919
57794
47263
38123
12235
83210
94062
86318
42257
26694
35855
43662
42557
51522
74819
67325
48790
80924
15498
32544
26054
43899
47669
29946
26285
35532
86271
48567
43589
6955
35110
30314
75495
21737
20621
71948
70613
46892
14498
74248
3982
54185
50413
314
27555
49436
27492
48160
56379
31588
59484
84508
2457
95216
95224
3824
63364
14281
12226
12726
75253
99826
43816
7654
59486
78982
77095
63776
25501
97817
15837
59908
39531
99994
21873
63844
3529
246
7735
32226
66456
12639
85135
93437
86648
1528
41746
66959
46501
46469
39076
18618
15691
90127
12321
82009
43007
74611
23643
90648
43195
46043
36798
73893
78821
8427
35987
99351
53034
39973
14309
53305
63839
13004
31001
3883
99067
75756
95831
62251
73623
90006
36114
15135
18873
68001
3930
8539
72950
92136
15375
11486
20755
328
77010
5113
80571
12168
25236
88498
90453
23932
88989
55107
4959
20743
11335
94827
594
86126
78623
24529
87539
30065
22388
74604
91466
18104
89021
72366
83883
4917
3906
69423
84341
72034
17236
67231
48155
2658
521
6952
19484
74490
64202
18611
53444
5446
96666
44102
10553
41759
8572
11686
37277
94123
46385
38610
34700
14318
12339
71833
86779
11428
21675
23448
30695
40896
24975
66301
71241
98392
80029
8615
56420
81829
59671
33794
77805
43547
14359
43160
80137
41575
68077
28251
49400
66394
76638
36657
26142
94468
49301
23836
20722
33612
15043
71176
2928
32822
47789
49530
86638
45543
91061
24670
78403
79355
34724
33707
43412
16710
28485
37319
45843
62854
80289
96302
25359
34167
2162
14220
67945
66050
86801
88063
30466
13800
59448
62022
1042
80846
32104
82998
13339
87298
42134
59076
75689
98251
3777
58496
11413
43764
84746
96831
53767
64136
69457
22350
6241
32580
18359
8984
83894
59561
42522
56105
4675
80491
80442
14770
15920
21920
74658
26513
53163
46681
93448
6078
64096
77198
92285
30127
91892
98634
29321
25582
81030
68110
14881
33940
3258
57109
64069
96528
29499
34196
40196
96156
94534
60471
10998
99249
64510
46034
65813
93501
25318
90300
35624
76556
60872
90907
95966
8356
62387
46376
49903
85365
77287
50678
79527
81544
95681
93057
46779
77773
48386
24317
22132
6250
26516
33383
46443
37596
25073
65962
50838
27107
58562
6895
11943
27385
66812
36888
1122
44817
55909
92578
64714
31802
14532
84527
84704
59740
38488
23152
77901
20130
40063
10152
38965
72698
31945
39306
17021
72283
33482
43331
64462
11313
92910
96796
50690
85080
20503
34557
57446
7525
69333
23304
79740
76057
47538
67854
86706
30190
99727
25840
47188
83425
48550
35341
53170
40520
95932
89629
94654
74499
93707
36149
84410
34670
40867
7255
95017
64417
97681
81287
44755
90677
8264
43072
63964
31961
21190
60218
83808
99359
72969
40455
5341
99752
1274
66228
1135
70042
95719
53795
51167
99705
77348
41928
56516
52776
88558
71135
48496
12845
35803
29322
89946
70557
10653
63032
12007
54188
12966
11351
82965
36103
10502
81697
52466
13880
89210
87392
83664
89346
59652
87322
52458
89989
55008
49819
90074
18962
23272
7725
60534
21781
42940
70328
53383
17179
97925
17048
33735
7716
16567
45399
4740
74627
18709
98025
22612
69785
85200
56627
52986
12880
88786
59319
88375
24219
61718
26346
7540
22077
92865
34747
81654
94183
65365
58382
14055
65276
24334
722
45071
8135
73144
23799
96663
49248
45014
50194
68700
94058
10411
39165
1838
74953
368
50352
91610
52088
77229
64426
79379
34449
97290
44474
66328
74447
28265
95160
66852
97307
36480
63297
82079
46675
28496
24062
67013
55159
95447
41353
60229
10865
78137
56371
88075
66863
12424
13817
35848
64669
63031
21470
93161
38714
36736
27848
17771
83219
34708
30927
87225
19977
27775
96539
22992
56070
72763
86896
6683
42435
77240
95063
30329
97366
23904
53149
21968
71415
87405
85145
75260
91345
33143
85491
66108
53599
18320
86165
94176
6857
89066
47935
68388
97023
51644
4019
77203
90608
44361
26050
46290
53189
97383
14346
29869
78275
4913
44999
59317
63410
58069
11171
67671
31028
21176
55799
2042
87997
13424
51887
93772
44742
45064
48169
13785
10717
11763
10744
70091
41145
81048
7783
94936
79276
75600
37346
44630
64783
15524
327
68314
82933
46228
59378
16542
725
54658
25129
60684
92742
65450
82475
43776
74885
38272
13139
8091
10911
29689
57599
79041
40395
22936
30444
63748
33037
96967
56428
40870
52060
76636
18240
29885
47555
65295
71927
55649
83211
52689
49711
49344
40113
72265
13649
68275
63141
93977
93263
34315
78813
58082
81990
64236
12685
38664
22316
84101
19922
24795
1794
18389
35106
1053
15883
68321
75375
2612
58672
64251
66675
32125
54922
8096
35933
67543
46537
15463
41964
63658
95746
73973
95403
87365
77724
5673
92905
8330
58870
75642
40628
62418
93299
36093
59649
586
14990
16784
14909
71893
47754
48801
46277
62446
8163
71268
50693
98637
84738
24042
41605
44464
34799
38391
5809
29451
75662
73389
56820
78801
95934
50979
55719
80081
10941
38721
7225
31958
21295
19573
54830
53797
56103
63946
91202
60262
2326
66724
96725
5473
44922
88313
18164
17692
63473
16753
7286
31792
72819
7021
69087
39546
7076
58900
85222
6667
42164
96681
4347
64398
79213
34617
13455
34101
99477
44324
55538
16531
80647
52676
52341
78007
69768
8983
27363
45494
85737
1670
48009
59783
31856
38736
65151
51138
43115
97786
71660
69369
23451
11298
3647
7108
79088
43569
24486
58527
43843
94530
54034
27242
18626
25071
88676
62307
73141
5404
51513
57345
53616
38330
36997
52016
41099
8843
45376
72289
84419
99321
99091
94902
55170
38435
70819
28736
73707
80106
62905
19686
72315
71969
31081
41890
62025
63225
66544
45422
46533
80859
67880
48816
46593
43383
90013
82040
22180
91233
50142
48843
50445
28342
76085
48252
42467
90852
25
70940
28338
97260
96388
78440
52475
56306
31247
42512
61359
58498
88474
12298
48518
92845
26564
55055
98730
3103
31717
31230
92214
13126
62118
75103
38341
55796
63937
68943
55787
94565
56739
75404
62707
40440
9370
31265
14326
62242
22201
31311
5454
38778
41816
3058
18139
1360
27761
98344
22378
51337
51737
48376
17452
87285
7686
25807
2849
4819
6600
44440
86782
60542
20758
95621
68651
74115
89876
20965
69454
51996
57858
32170
89710
57895
19629
51329
33819
9508
83148
90302
36748
60880
29793
46085
303
41234
42592
73052
24307
81684
51488
20538
86760
6042
56117
65916
82858
64335
19868
94319
27665
47122
34454
53460
97401
78303
37812
83848
11309
21214
49923
42996
36211
71949
65433
83661
82481
83188
78118
12145
14711
66978
93464
62577
81894
21814
40328
48102
16063
62691
29472
1774
59780
39731
66660
54797
38939
23226
38563
15290
76508
77590
5302
21074
45990
59696
47582
79120
36072
77733
3846
73720
4994
64844
52037
79651
22057
2571
29445
58744
73849
52009
67684
57456
99011
70992
27901
24881
13853
97647
19102
63007
53499
23751
270
71943
59990
44352
99125
8666
64334
48894
50132
18779
54581
11211
41657
99455
61042
75092
14874
20009
85637
245
19221
33984
82412
27474
85107
76760
31784
10565
23617
65900
63389
88898
82297
89889
24564
74651
81728
58076
54003
38524
59373
19696
68320
4642
53398
2633
16811
81950
23058
96997
86258
14862
8126
38611
58329
74132
40279
9781
38038
64813
64227
25965
52273
28184
74829
90264
56606
86770
18818
23118
77289
34275
57087
53505
49953
42805
73364
33423
36332
45165
94273
53518
24489
1598
77409
26218
33052
82561
30843
82466
27852
7687
26587
37675
3440
13159
8741
80586
19126
37417
53831
97449
23428
30787
73862
55203
89407
59409
91264
14024
19657
38015
9393
96645
39961
5176
21834
96425
70939
64827
51652
95961
67332
54416
63616
55161
82906
40686
14769
47591
83951
55344
43725
12597
73039
50623
45492
86924
71586
78636
19478
92070
93951
87734
19458
23810
32848
98613
34069
30290
36723
6365
1488
11976
44696
19149
82136
81947
33319
99427
12402
53843
19516
48579
13166
61608
34204
51575
58882
96179
90178
14721
85458
21849
3832
37985
63483
98401
55666
57707
64715
36285
40249
29518
25390
74649
33375
78792
45013
65506
80467
39556
13421
36142
16505
34675
86168
47014
53142
14043
66375
4038
91273
64248
71331
54231
16489
41235
68792
62428
12650
3984
58438
69564
15646
78911
36181
30585
80237
42750
24085
90232
11033
74962
94246
48692
32293
76769
58150
54258
38791
46908
73535
64547
8459
45917
3753
77727
97590
60059
73481
40012
14912
24137
54910
65647
43824
38185
60537
51874
74575
19344
99932
21639
56957
21581
13762
52951
98470
50716
23199
76934
52481
75197
66409
56286
68970
86366
63504
25716
69511
15650
64428
53799
3053
83406
22535
79765
6446
57183
92249
62443
9054
13837
85772
2515
71923
36475
82428
46926
58486
48599
80132
51044
29764
53756
28882
21584
63608
41261
16437
6625
75502
32881
83857
34819
90254
7789
17368
21678
56355
83282
101
21723
78522
54906
83838
46609
54193
86711
86878
48722
36380
11463
12803
24214
24583
1375
50937
68806
83113
20957
90242
59838
85335
73412
92183
56097
47940
3541
95993
10275
64261
90250
20086
25098
8999
56719
65838
210
46304
43351
58450
82092
9673
44130
2587
3651
17312
55536
40127
45045
84204
84959
1940
43292
20486
79827
79280
29309
88359
60522
41626
80922
56867
33429
11722
4980
70644
80763
70170
67974
39660
43276
26117
36831
24507
51932
70206
54493
59437
72624
73483
67315
27551
10933
69816
65096
60282
77149
32846
86689
97205
56206
55567
41176
26791
93233
20090
73932
94353
32522
86686
31069
94581
31798
15765
69595
95400
15438
91390
79620
56153
60912
92489
86900
14602
49206
55960
79576
70692
43196
3902
60047
12048
86891
37718
25673
64292
82606
33713
36199
75811
71935
56366
79993
92995
49221
43933
28843
54643
6192
72560
69754
33398
75192
72215
92864
76277
65989
11703
21049
50043
84857
41319
56332
77179
387
59679
79083
48510
82043
71931
10454
7305
6777
66115
80452
57927
2089
41869
68868
30660
10041
87551
51348
28270
25980
72195
7435
99986
91042
51238
75540
97723
97163
75354
66054
22978
67376
76656
30248
74001
92296
97724
90025
90089
89482
14968
88196
66239
98679
15916
89119
24441
9832
63545
37035
84720
66408
29611
32402
36203
41769
61348
31699
45167
50697
96564
24241
14428
24497
45632
84343
88686
96480
65279
52385
39209
36574
42784
71019
17240
46909
94805
98231
37570
58689
70183
30753
59782
45536
17374
26580
46023
34211
21413
31061
62996
86088
85758
29283
26092
72739
62584
66561
95230
89854
43102
38683
32352
70270
59657
78826
94579
44858
2087
89222
83114
8270
85126
4475
54439
32464
50372
53081
90846
72282
11972
82827
70863
96513
12368
58126
69302
11683
49264
77086
13531
3573
97390
67932
92042
27104
20786
35892
60091
46452
12323
71553
41925
43304
45365
519
18025
82545
51998
46257
12438
53288
90740
21475
2104
77108
82927
71796
86772
78838
51046
58040
97740
27297
99582
4361
148
30083
4531
37249
75735
29228
54411
5546
87082
89244
88157
13986
7293
99098
73916
58760
89763
46221
26500
62223
81092
38183
81352
74811
94947
76681
66593
49021
7092
30746
60427
13613
35396
52220
79067
36488
73996
19026
85952
95060
54457
64914
91081
43976
9772
41358
89686
70858
99883
59882
89975
40212
24153
60883
30038
26883
19420
90333
70151
6905
70846
46128
55213
92741
48625
45027
20887
69197
25461
68920
90833
84225
69783
2760
620
21064
36132
78822
27068
76981
43287
9439
85916
70744
35786
31237
50724
69263
75519
5885
75885
3668
79738
87960
67799
14776
78895
80015
34718
53351
47708
50363
32944
69957
1435
68080
92653
6584
70816
24803
45226
96274
2382
35413
32702
44385
89014
45913
29134
26018
59295
29376
99726
73776
93491
15695
82072
50475
24271
2721
57575
29896
38616
83034
18351
92873
63836
24543
81746
59187
13234
66619
29441
14203
36400
51983
81911
88542
64226
40525
56932
67344
58671
39824
46256
21201
39493
9360
65650
82817
83198
24747
92503
84709
42655
41269
95760
70184
49563
91939
19116
47917
68817
58594
79417
87904
96386
48130
83683
57863
97281
12773
68493
30870
44677
6259
98737
42716
96452
27550
24719
38261
78849
25564
31426
44736
63924
84428
13908
76241
8826
39273
74564
41285
50100
54855
24856
80342
81001
52087
37219
23737
44221
47568
39833
13273
63831
63156
33488
20690
54050
95673
93549
17716
63459
97650
33556
42959
79248
91203
2080
17384
54954
30737
52288
59332
58980
46803
44178
64502
9012
72585
20719
42896
97770
15535
75983
45800
32043
42713
21179
33019
62646
26872
38141
53417
8576
36783
99830
11448
65682
22870
38301
90970
24434
30940
98233
5517
95603
43713
26669
76031
29933
70740
3253
26027
15552
76676
91980
30726
13854
17884
74964
66953
82489
86652
52455
65262
5027
23623
29056
94424
50775
84431
22214
71318
16633
96143
98501
68425
68406
42738
72748
25160
30138
10367
74766
48896
17701
85793
71403
37079
6247
73139
14034
43517
87363
41290
20054
89681
27149
97752
21296
90519
51249
67583
17381
71233
80574
60541
38440
45074
97790
17481
82745
69599
60468
62161
22040
58410
50278
78094
490
75747
12765
54992
85500
28090
97618
54069
24426
60190
65006
52702
74907
50270
17322
72117
81158
20782
85764
13088
2060
42885
54079
33991
45604
27151
33708
36725
40668
13124
90058
29787
59086
21907
76100
28136
99272
33542
8035
36818
58116
20681
62464
7581
16406
91708
28224
99287
58227
40644
34039
17100
42781
56809
7533
55682
63714
7546
8503
30856
13702
54464
35474
27553
13
69822
69001
53525
36167
4420
32064
59770
46367
61400
19463
66723
84083
25000
17216
44771
511
43553
88435
29887
42666
97369
57465
81955
63363
72347
26572
68444
94190
3881
35244
90416
97322
47979
97938
41106
12282
51016
96152
99496
49454
15799
10144
73099
35802
36381
64406
93876
59093
16477
58791
83631
2844
17525
72135
97455
24922
55645
25419
90560
23816
86651
90076
7647
22928
27796
61599
65522
86552
68625
36865
36794
12072
33727
50190
99275
90034
83810
24477
57098
36404
11913
39742
63710
95292
62570
72296
24350
4862
60134
72
28966
97549
56638
2339
42777
45007
59866
45217
28841
59670
20900
93268
70471
4108
89052
55774
92350
24158
89028
2081
20311
73756
85079
33673
95301
83443
10446
98302
61108
68674
15439
64562
94773
54931
18717
54452
39618
98174
10181
90711
1827
37800
14629
68050
44223
93580
33768
60789
16885
55575
9543
99354
83826
17923
17508
64516
79988
24573
86596
30265
72443
13447
39246
94804
97129
66334
13930
25658
69823
15143
64706
10790
51854
34240
75526
19259
61571
24621
66556
30018
92107
22903
16445
99
22565
12228
28296
6617
53739
65755
99419
73575
89073
84000
54754
1378
69971
18002
46292
63379
9646
62656
75025
9990
30369
21810
65360
91321
25621
59354
91606
72329
71968
21014
89577
93767
5976
31130
88760
22908
11382
77720
18642
4957
37419
80780
19454
26277
3999
95700
79652
53699
76154
68660
34927
32077
61196
45806
83263
40005
46289
42043
90085
91024
81425
47155
17813
40849
35605
74230
93026
13365
31544
74288
32698
15300
5892
20424
94308
16146
82266
58247
91412
94822
45382
92767
75935
97975
11718
12885
39085
24620
99252
10869
41450
67252
35219
170
42788
31478
1215
37282
29356
63551
53257
45423
47966
1990
80558
25945
23215
83205
2880
81391
65250
3218
47116
67644
79044
48148
98068
98890
76547
71942
88161
99817
4348
89634
7960
21942
10449
1011
64075
69835
50403
44836
902
96167
67061
79777
65368
49956
95601
17454
83287
34575
64846
47500
12293
78986
39837
29079
49047
33610
73877
81651
9503
14875
51191
71264
64037
233
70386
24336
45463
21041
48236
58750
60042
77572
52918
38361
42316
54466
12152
98785
20177
24212
41829
91011
45148
56971
7457
88026
36310
53245
49193
72828
23062
18594
79851
99835
14361
26477
9111
30713
21481
28134
6520
97055
96249
70635
57635
23308
18470
5694
77189
88086
25895
45795
33096
50915
57514
27421
45823
92942
51454
33121
18419
2826
86285
41726
18072
77646
18498
58380
24746
50016
49742
18306
44998
57834
83227
68727
68465
45972
99590
10783
59741
68239
60443
69787
1786
33176
39084
10069
21877
67608
61995
98430
43425
35385
97944
15904
11922
59645
92036
21714
71665
51374
90546
50482
40079
89682
57875
85507
49796
49218
34722
59514
32401
87497
44282
37950
62093
96390
20986
58072
51136
4835
56475
10937
14712
99836
51984
23386
56167
50572
36388
90181
65830
79076
72333
45745
7220
57618
39280
16927
43199
84831
38203
79003
73941
23408
56458
40692
72382
80384
79425
55173
26868
13523
67994
55791
98633
13216
45230
12253
27254
92129
91450
12388
85400
50518
62988
65229
31663
57971
99693
95154
91102
78178
49360
96816
44335
13940
47063
10660
62865
1829
53804
45673
97036
14137
55094
50192
57603
56216
50177
53847
21900
73492
14565
617
11867
73452
23581
72604
66336
15572
30063
60464
23216
31615
61734
51786
14445
32649
24579
64688
74990
35277
73547
86974
1574
75644
40705
40219
74835
12061
48751
53902
86826
74438
57511
55122
22573
33999
15718
43991
85162
34907
42980
69700
87330
95421
27781
77026
4453
27453
2764
60609
75224
3495
91520
70841
70736
34624
30898
6439
82935
12776
11402
86305
96894
51988
94602
59562
92370
35806
72984
82077
57587
90971
55349
29723
88322
31644
72442
85941
59568
60368
10356
54071
60989
22104
56913
36851
2622
33935
95299
2303
3261
33445
93028
26963
68306
20270
63300
80454
45402
71838
47835
67784
82976
78423
58215
33485
79263
48232
52843
46445
53179
90665
52376
42803
46586
60446
54122
74075
99861
77811
83270
41201
79948
98616
42993
4934
89695
97538
60067
41708
54566
83461
95520
50611
82646
69689
75268
40962
43381
33345
37764
26842
84089
78098
98590
14938
43282
15201
21955
59367
49050
74741
74800
46938
19623
74029
48920
36065
42586
32133
84112
96726
53641
33056
22162
57659
83933
93899
45077
5679
39651
73228
12286
1050
5979
41046
33421
69186
24672
37944
60073
54699
52874
48313
85908
91596
23589
62652
48597
95482
74790
74922
41195
39437
81341
75567
62837
29267
51675
43706
74949
83077
70163
77817
464
82210
2379
23654
94442
39656
92907
55395
99633
28268
70446
79678
60717
46215
62212
43044
88572
50082
63233
16858
42969
52095
88467
8740
79394
69535
82538
10355
28619
52893
77729
15958
25166
58182
77376
5421
37789
16836
52161
10157
1535
87332
47367
35225
85431
71277
91995
23961
98658
22529
19331
16795
34671
42428
77447
35960
85998
71025
42380
59650
70066
43480
76399
84079
81228
4810
27000
59014
53696
80217
90755
13496
97400
10202
75063
77943
3091
36224
16178
27854
69224
80092
1318
72704
7605
28344
22530
40883
12204
71839
32988
58334
6872
98123
61865
48572
24421
86093
45254
91201
22927
68728
25913
34537
32020
6703
49524
27565
11508
12742
39287
6755
75212
22737
28186
34630
5124
30517
91663
37899
19886
23261
50887
54290
69389
42097
76862
57437
5508
30639
72650
87807
73835
8392
7068
30638
89300
5005
4987
5620
50521
38554
2024
39830
42123
3640
91752
63846
88073
8567
16948
87384
66693
46981
67850
94873
54308
8548
35199
55684
39020
3305
69985
93509
38608
23089
77346
21796
34505
59641
57093
86067
29584
74659
43842
6041
37957
7500
94026
15304
24351
53820
76099
51589
77225
79725
73307
78990
56439
8819
3369
50092
85728
99887
83747
35771
32004
38504
64256
81157
10671
63342
37190
69944
72377
38800
61827
60804
14546
88920
67209
8953
48593
83792
74155
71474
75246
7028
20425
19986
24167
60299
53952
73684
56195
94696
608
12869
88516
52619
32678
17469
22451
7039
74192
89866
78226
49997
65103
49630
5055
20323
78814
17707
88899
31513
2203
65169
39471
25594
66374
21655
60572
43353
5803
66868
6003
83500
13061
28956
46549
36027
97600
19959
40180
32267
24624
16752
45900
5816
106
76986
87869
93459
81638
11761
1330
54406
85360
8882
41601
82000
57032
99647
53966
84378
54247
96941
54642
77633
79578
53020
80436
91764
38298
41058
42343
17174
97182
60154
45349
98477
34145
15853
56487
47836
46673
11824
22881
8143
27272
26123
40129
33553
27962
77644
93564
24777
63095
50487
88974
87547
97067
70572
60901
22709
75229
60932
60096
45959
31881
47548
54619
51752
52022
71836
89338
13787
3312
11440
39104
20162
39536
49449
27968
72294
10893
58564
52063
72101
23928
53520
5334
62563
74832
56102
60675
84515
38157
94857
41055
63688
2502
21126
76661
65657
95774
59145
73908
20649
152
61739
38903
11087
60507
58388
51879
2730
34818
91733
95512
54492
17150
61534
93984
42936
73735
56781
64016
12603
29599
64919
20103
76392
70098
42414
15318
97207
86375
93811
67413
71192
77923
55651
97235
84123
10302
63838
55780
31139
48246
61411
18541
28848
53039
64889
63205
92057
98954
22314
18905
68164
7018
3351
53840
53924
33195
70610
29628
10598
81613
60958
45158
44020
84718
72971
92158
26697
35267
92874
67362
57622
80391
5423
44862
97395
66355
85093
97276
38536
46135
68174
23378
80316
95361
66205
19750
83815
10059
42974
81814
80699
74148
31584
17792
96920
15363
48876
24999
13486
35055
52418
18068
56051
42268
82511
7561
25457
38661
33171
82824
46800
65775
26333
4942
55394
36507
79207
43436
56203
22489
55889
57357
52582
71887
38252
98821
69673
34563
43137
64212
35717
40776
66569
62826
2170
93526
98814
66654
43316
65417
45162
33018
26168
63450
35831
73726
19170
66458
85563
79490
16941
16246
5189
40451
47281
76069
49222
68248
39302
93890
71526
97743
91734
84852
40894
46696
60055
98143
94520
10368
60139
95557
33662
45886
58936
84664
20529
76960
5644
49938
66971
52736
20218
15712
9741
91067
31519
33637
74268
3745
32968
41903
59511
39469
41113
56232
44624
30978
10666
67573
52541
89216
55509
27770
93980
66231
86004
52012
86783
62480
18372
31993
27136
597
21341
17931
96575
61324
7478
53299
84152
87765
43482
21923
44391
25822
67083
60640
96759
64195
79891
55893
6944
16758
94862
13677
84459
35314
12134
51004
65658
13829
4371
62122
60046
34285
96590
65567
76032
51087
88289
2082
66361
19037
2276
61204
26692
8965
90229
37043
57257
76832
65369
85580
51635
51185
2950
75956
27842
42075
14031
17011
25193
93041
64680
64978
60009
41438
30949
16124
7943
65893
12917
74767
50267
42801
19508
53407
97155
32373
6248
42881
77874
19050
40192
28085
73594
28643
49153
88637
71139
56318
28709
9918
65681
67542
15496
22914
44590
60135
72959
22600
86702
67487
95288
75784
44932
639
19796
86356
6056
52254
92876
31623
98881
45490
42965
16338
12610
695
36912
58950
69097
57954
58294
63984
6106
97202
5425
26127
91283
35971
83513
31571
49636
84001
92294
97385
15410
37441
83307
10725
83146
93077
44785
67923
21807
12092
17352
48472
7979
4976
87175
95255
1983
16215
67280
62779
15913
66194
69028
70051
76866
10779
8834
79284
6734
49615
58624
49589
53053
22210
62050
7915
94626
5486
1656
82589
4324
38959
8111
14623
16185
55700
42407
13243
49902
28656
68166
58350
98663
40890
47811
51346
39494
81705
60147
24494
3523
27875
37202
57374
8340
14106
27657
18003
37502
28806
11412
22028
75255
12412
41396
81299
15287
15813
94960
80823
84854
44131
16471
47145
54531
69244
44895
42621
88886
20059
18235
43076
28580
92824
27704
70178
26462
2541
39433
90303
64369
41442
5533
58826
91343
5287
3251
70561
56648
19764
15062
20261
71723
16147
32690
63129
52693
81066
58191
49260
48300
74842
34155
64051
30633
85677
33314
64132
38169
53044
97503
57564
31040
58061
40033
63108
32382
90037
44345
40837
74929
95641
15490
50592
50380
19082
78493
67115
8711
59515
8933
32513
84406
34168
57770
24245
39198
880
56894
31034
49125
1350
61630
28047
8931
81325
72432
72069
66523
50033
64892
34919
60591
27105
48863
79749
38518
66615
10244
14090
62623
62471
29533
96923
17154
59318
34914
65715
86340
50522
79799
3145
18525
33279
45945
22545
67016
21896
42096
90110
89334
42338
48844
64693
45987
65041
84344
81382
87295
14390
84016
19616
12058
13581
30625
72391
33531
28276
43235
26595
4644
20459
81113
66443
37890
54901
16135
45670
12100
86885
95225
42682
28781
91075
49172
14241
6051
44881
513
44258
67878
90617
86635
96294
30756
56337
71334
69144
65196
51213
60405
90687
23923
17930
99311
18201
18824
17937
68980
56885
59315
97626
6774
82921
25448
84128
3486
52602
34209
30758
7835
98796
88552
55495
89278
8358
88171
11396
43256
34704
11225
48923
19300
23151
78836
17809
3631
17727
37713
8337
41039
24518
27301
50703
23150
64705
20067
91008
4829
43868
43744
14189
73688
87699
20448
2671
54483
30478
62049
5032
98654
40218
55869
18019
80428
95649
71290
71361
11101
67408
58680
52996
28824
22302
26764
52393
81294
34812
28983
30557
94163
66632
53187
85658
74737
10689
94585
9427
52735
31932
93399
2719
83488
29631
69440
70654
90185
40710
36204
81534
18467
53182
87835
13349
97272
29158
14022
21926
20888
58272
21542
62392
72928
50781
20038
57485
95623
58877
25866
69873
14746
80898
66791
44679
29925
6545
18811
16922
63565
41332
54639
80779
54942
62541
11443
44644
169
10768
74955
16638
31163
12859
79433
63578
48235
9398
90036
57269
16268
78591
77723
66872
59058
64465
93873
31119
36653
73011
57928
11845
43307
15413
70752
71093
26724
87766
62262
45040
46232
70948
3626
86018
20775
5641
95620
51097
61945
84749
77555
13625
30841
94506
37148
85050
65700
14201
47658
3760
13375
7751
16136
13046
84348
26717
3561
64575
48253
14609
6998
61090
89850
21101
30176
84621
22527
86673
76029
26947
12178
28368
80927
42425
23724
66961
58827
91793
21287
76255
64886
71612
93317
10571
67444
34322
8632
79902
21577
7642
84369
20315
98108
11410
58590
76223
79498
48473
3935
81939
29055
62973
30561
77524
98417
85144
76878
43665
49305
14932
51868
23777
52921
86532
2473
48381
44281
10577
23213
71452
21306
29605
29859
33201
65493
49006
65927
26848
22947
58118
54468
28220
35612
56758
62442
84240
1891
78548
69051
24429
71552
53344
61939
13918
94126
94929
58018
60774
89508
17918
67410
43273
93140
76864
69483
5599
32062
48641
15312
33791
84619
10615
94218
72503
63159
66166
45633
21855
57287
14002
34611
44307
3438
40596
56656
25255
32657
91500
29965
27303
96668
57056
69478
9517
90842
85959
25774
76059
88230
94256
65554
92867
38001
99163
32725
70413
13432
22238
40242
5757
73924
44850
91056
62920
67496
13138
72467
68639
54702
43881
72744
27348
72703
33594
34732
84273
34850
98830
50471
77791
76750
61407
58053
30691
43645
36587
74878
45699
55136
57833
22965
98160
98396
94269
51440
80410
4696
25530
18584
64027
46893
31505
15023
61274
88738
83575
24982
13640
77144
19045
44403
80479
34581
79406
51195
2733
35079
29731
17952
9978
76192
26722
95197
78425
63518
36767
71718
82075
9723
31437
91603
95181
27747
41310
10596
65359
44941
64211
98536
83952
12678
69394
12653
24952
72564
37857
69340
18838
26555
447
90731
51941
47521
42385
84791
36026
85718
48431
78115
96429
66132
26823
79253
83491
98148
15754
19798
1254
26300
7669
46716
8173
3259
77080
26359
71915
59415
1902
48258
22531
68733
15525
30346
99350
87518
65863
73357
1776
83561
23606
46631
21293
90525
81817
72078
51871
98490
76174
93253
73119
22346
15173
60619
7743
14888
89331
49378
29373
75482
2665
12397
52077
75657
84146
56489
1865
97130
84245
36022
99100
49994
71004
33639
82256
94957
11342
94897
81105
42130
44821
78385
79255
15973
31106
44045
78062
13083
17678
89381
81936
60090
81439
56435
46686
74382
20230
8281
23868
26606
52705
18602
24170
13663
60535
75203
72050
88655
51631
70708
39512
40144
68457
5399
7821
96405
7122
30017
30959
57597
22051
74273
26363
95622
91395
18806
21715
25291
83573
24664
39805
64054
47132
39690
93948
8005
16236
81600
27765
36836
38327
97440
40069
12174
85627
62976
55881
6882
31365
55353
80626
98496
74466
70343
57006
8373
85312
59069
19404
70890
85221
98609
23725
4912
20047
56341
44354
51637
28178
75342
22281
3459
93290
92463
40339
18346
27499
40848
19353
55831
25198
64370
91118
30658
25857
15204
78096
32397
59673
85095
72262
98100
88910
2576
56571
80262
42796
45085
15445
26680
31946
72655
5139
89280
80205
67565
36695
63800
62330
71455
92947
91334
1107
85228
97745
3568
56395
78490
25548
46950
37725
62849
42136
32432
83732
2993
28278
83874
95625
62130
84028
5068
48563
7805
19078
89585
72488
93241
969
56736
16188
77601
40620
16235
3595
49356
65149
67696
27354
49943
64356
35572
88342
40377
37050
78989
68042
47532
7481
97504
53490
21110
52246
65291
87284
39378
66808
24004
99251
43213
143
32198
53722
3017
12393
65215
24324
41891
77715
73972
19332
66057
56436
77653
23431
39801
45299
41853
926
58381
75749
6641
72914
52304
34672
8243
35301
85791
95877
84460
43284
19320
63888
20532
26195
22090
79589
62911
85943
89151
14153
16759
18225
94015
59084
56572
30886
61163
87461
4282
4315
91888
79521
31697
38978
50024
70136
28640
28147
90045
39218
58688
94085
55528
93902
28706
5129
85839
30040
62808
21752
11139
7872
95779
99316
76215
4454
81900
77789
69852
37021
87212
9232
31597
68911
31870
69519
98925
6541
73456
30401
19123
8146
77473
68986
64968
82979
68494
38789
87103
1231
2179
46502
10139
64854
23614
22975
33820
46196
36148
28818
27449
96625
32962
90570
43498
82154
92352
42910
2119
21397
40717
53360
58526
49314
43442
2383
5196
81714
31136
13381
23662
79392
95810
2204
69612
25663
70895
12824
79227
53855
57864
92673
78711
252
99524
85013
10170
47870
74852
15076
89029
6562
8937
99869
96662
26821
22952
10145
83392
24204
61870
60693
16697
81477
15428
63234
81019
27177
5929
77143
50463
40008
36656
68800
69918
42650
644
23023
85342
74636
58345
26337
95367
70148
69499
26712
59569
66376
70050
31177
20945
28343
72759
14400
69890
81637
56671
74901
76741
10936
1963
33778
97649
32023
90808
26691
84376
78307
37392
87645
6391
23565
66300
96817
62752
5365
21902
88013
77082
70926
80852
10089
71707
54331
74823
19336
49182
50204
11042
57676
34330
69274
72403
31495
57489
88232
98646
2157
37457
76538
31271
88030
20012
28977
78542
29645
26279
70387
12781
33370
5524
41172
97705
77159
41444
73315
78780
44621
96580
32086
45084
70912
88346
35548
84490
58255
33278
66178
43629
12346
62152
92558
29039
37286
19631
80913
40591
1067
36660
53023
33322
87294
89309
69387
76565
48941
453
87838
81811
52674
33237
52046
88827
91737
6984
88891
60250
77685
12225
23685
12153
3545
8703
26446
57992
42296
75448
32018
40498
17058
44840
86485
60234
82188
71114
19280
28043
34174
76581
64221
64629
49932
32078
46054
28586
45396
7215
18747
17534
48067
3013
27585
15619
75146
73367
37067
64870
63690
83641
18841
76369
26148
72945
93407
8696
31284
6178
52533
83489
43347
32386
56423
33188
27316
5337
65167
74775
81788
62544
33691
39413
60497
70691
45218
15163
84994
79103
31904
7309
73978
78160
86781
48271
97895
83288
23000
11411
23052
6352
50015
87632
74771
44090
2232
88016
68374
53427
29573
97040
50338
7602
87317
66204
35674
63928
68087
16279
70149
37636
27448
56752
38543
9149
74249
96593
7022
91957
49020
25420
57870
79327
86792
44555
50783
79069
87484
52983
52047
82298
43796
12506
57762
92221
21322
28072
27521
19172
27954
22867
48093
8927
32307
64841
30759
87443
9813
61803
25553
44994
12327
24400
49595
84276
72489
3969
91650
75159
7559
47376
67672
10133
68281
71488
94564
89756
28970
97125
92571
38388
76131
74720
16169
56640
37998
44676
23264
32786
39590
27274
41256
25717
84439
58894
88866
21199
67695
78230
2775
8817
34017
23289
42797
49515
9497
20959
77921
19673
72130
97785
93594
22315
47220
46770
57968
8708
96312
51365
25136
18402
29337
27690
86096
13279
28502
35460
58363
32488
36578
6528
53504
77821
7996
95733
65319
52116
46818
13875
61616
73945
77566
65597
7974
29831
20966
30029
29866
99255
30842
32178
27119
58813
9621
13023
70311
37508
54095
17697
13313
89879
22638
43156
16663
71930
58635
155
51735
56806
44844
14401
29178
47962
90529
12108
60011
16950
11740
85915
44966
96321
19954
7376
61395
82637
52637
10158
12105
11315
63050
63721
28340
16459
81649
75649
76196
84501
48314
38200
12680
72302
91090
19234
36759
36590
5052
46265
93985
47343
14242
61553
33199
40274
44773
30892
45069
97911
25892
79162
76094
25438
70479
42468
20422
13521
16891
53933
18415
61419
4557
62060
48638
50756
90683
68039
64831
10121
98979
73355
8321
1410
28425
90652
71808
24095
32914
61740
73561
17526
81516
76629
14332
25069
35273
52518
62518
60469
58860
76771
77860
34153
29609
8988
26387
56696
90596
10690
61792
23074
28683
92632
7423
73216
63934
93186
14810
7245
51219
69317
18001
90109
19569
86558
5618
86487
30709
94568
53130
50685
87436
92329
34697
29357
85849
41166
11713
62949
31920
78739
28599
93787
7296
62492
99358
59573
77357
68305
10535
67000
70826
40923
95159
23634
92016
5003
41493
21374
90702
81581
9683
73987
94349
79870
80648
25799
76185
51630
56722
95797
41105
94296
355
12443
38160
22102
19500
47674
27925
88583
36957
83024
24332
29962
14853
40465
40195
99178
41961
50960
91970
96544
60688
83508
87695
74010
23242
99424
49549
22265
23142
31995
19083
73981
93305
43928
97061
75723
55852
63262
46477
67108
17026
11691
30094
42802
69108
69044
74450
46816
49583
4206
93862
95696
16015
87352
39102
74387
45442
24311
26490
59625
91784
51476
84251
69621
55729
44907
950
86846
98257
47996
60835
41814
43348
84074
35952
78923
99550
35435
25534
32854
77637
34765
38855
58181
59360
79201
612
62036
98786
86910
23835
23591
14997
34679
91376
38535
46739
81948
62058
89575
70634
81291
70160
12012
14169
89853
11019
28404
81729
63931
74691
2496
59446
99210
74458
99414
19133
56132
65500
77331
85436
20626
78790
78296
66718
44779
36102
6337
33602
47227
72993
98960
35945
93848
9691
49478
23275
40974
98698
13931
60114
95199
63789
77252
62403
84132
70966
52391
55648
57708
72368
52029
89262
59849
15341
76699
98851
20547
76871
72922
29833
85278
93327
73373
84030
54382
76875
70894
35399
33182
56397
5897
80505
6628
22724
53928
44422
52263
17837
91062
15266
13670
66201
1906
45044
91032
42486
78789
2062
49881
25172
78390
6630
31152
7694
23898
37449
56419
49629
32435
99684
30903
2271
47265
56933
14689
50996
65502
18565
26181
75073
70190
84416
61610
33468
16906
32528
85552
50154
17645
16546
75752
46121
36680
19101
42168
61003
79285
46552
23232
30546
6160
93046
77275
77311
53190
17085
39905
13450
13327
25837
84867
96673
38701
4396
18998
29966
39652
22683
7217
9284
39858
28942
59440
11357
11395
90838
14669
65849
75370
63049
91182
14432
8717
85842
90689
16106
58746
3650
56228
74689
81303
90312
82386
17373
91000
44396
3548
77648
32485
97282
4253
55525
47918
49090
15267
20252
44291
24700
3623
63145
3240
92564
6218
71120
74418
88443
25956
81475
59955
64015
54970
96727
21414
80422
47475
53069
30009
81793
61406
10118
45779
23384
20478
93202
84298
37445
72207
67228
83623
64305
86357
69750
78287
98337
87954
93398
4031
8120
77052
83503
20449
60320
28635
78995
99108
50400
86446
1186
17087
63150
9114
9153
2740
95847
91358
84446
61677
15640
15205
47955
96133
84524
97673
63644
73198
81770
98334
89433
6190
46905
73582
8137
25505
7099
77741
19932
5469
84987
63814
18234
72755
31776
43657
90322
53895
34177
80726
69578
78703
44737
77314
91367
89569
76591
81685
6144
48188
54959
46793
66453
39264
83690
46732
62210
11584
87265
52774
46494
45981
86518
46200
42281
45037
14920
78453
5543
5836
37999
65562
81336
74263
89659
18552
30028
68119
31573
18110
58841
16149
50201
31581
37765
2597
33063
75619
4771
97153
89754
55826
59495
3128
44537
19928
41774
10096
14590
91036
89705
26528
81867
1796
24592
52615
94747
74864
9862
83269
39326
15493
49765
43095
94201
82815
66858
55527
1310
45949
55135
91880
27939
33587
47567
95205
9454
73487
50961
64523
65016
71889
3472
38105
47634
12782
74024
35350
98277
33924
2817
2347
91416
87136
65084
10056
22826
97585
99042
31158
96066
84862
10889
41806
18472
66210
24157
23262
21438
95515
26360
53011
57616
76632
82206
97004
61681
13881
80934
39957
75674
83325
31071
77632
59407
47556
55980
44567
82103
11220
93991
63091
73771
17164
71673
34599
91569
5824
5716
48859
20105
35999
98434
73966
83454
53221
53615
65053
57591
15711
79920
37610
19192
29789
21989
45921
26806
51224
26496
43188
96453
21040
8054
46005
66702
22932
60520
93321
4297
39587
87368
38886
92979
59163
96151
19395
23593
64182
82318
76130
92208
50548
52738
29829
83837
32084
20202
98226
53255
64036
64209
1180
83888
27893
57084
49772
57088
7606
10832
30671
5893
5880
26386
50896
53412
18966
18922
16334
49448
92338
13767
89454
91639
70747
37239
83238
8195
89668
24446
21213
45462
5314
7063
45471
36428
44210
15645
18544
70721
55577
56884
22468
72695
82635
74722
65668
30846
333
9639
57925
43158
15326
5403
64296
37878
174
31777
83916
48412
33403
20285
19113
85223
5339
92626
44
18752
51060
23522
58092
44393
95151
67991
99071
16560
45587
39787
33380
11373
90291
98102
89121
83586
75150
26466
59149
4385
47483
31476
20790
9979
62747
46372
67388
19538
86650
84860
12523
16072
70077
21129
16503
19757
81723
58335
67185
88856
83648
14468
95851
57787
74291
2989
55675
56737
10414
44410
23364
53129
44360
54311
98400
34569
28126
82521
66446
79696
68626
60008
80749
31734
25414
10504
62321
48065
47427
84358
76166
90193
31903
47788
70485
89721
14440
44133
82806
50529
70068
36215
36508
21116
30076
11959
78753
77920
96850
33562
45233
64156
36414
35089
56431
20039
40516
69305
12074
76115
45530
76439
25743
63553
53629
89984
8797
91402
58816
78361
57479
74307
19633
70087
1093
23443
99393
66979
22436
11416
20180
58284
41262
91494
2934
98145
7146
36622
29941
30104
74961
7715
94597
43641
68561
38636
91977
7460
85726
99169
93533
48199
17295
9719
55984
34953
20537
42536
32244
4236
2701
7155
11249
73675
52040
77594
41707
22310
50936
64432
8808
7211
7071
49843
15758
31680
85416
17326
75829
51141
53199
73008
81226
66189
1520
39629
76194
77726
38533
55045
52886
39195
14773
20179
44887
52648
28199
35876
24757
28527
11266
39829
52431
10083
72676
40749
95353
13764
48492
13378
47586
33960
19433
81194
2211
54626
42203
16771
93720
90004
63169
4931
87337
72637
66426
72224
16910
91267
94690
42214
11030
88112
34740
1377
38326
27894
73602
65275
90760
56245
40091
59590
46947
80363
29252
78611
68904
67967
51291
62776
15281
26191
86623
860
14723
23544
49163
97801
91911
2961
59646
51693
4842
24551
68499
85755
71049
67384
44340
7946
85128
40198
54851
3522
60300
78207
62147
94335
24892
84607
20120
40844
16381
33162
83551
32836
97727
45826
53798
94679
54394
42498
29714
13345
59111
45115
14767
4375
53493
38569
40953
86903
44891
35924
4132
73285
70751
89223
64437
75481
99118
65352
32641
15458
94180
80910
62628
92521
93625
40679
33495
45562
85836
4834
37794
71994
92064
42401
96299
1125
81512
73131
17854
30890
77020
34389
15957
39823
13003
95470
4192
26656
15068
43908
57073
27505
46679
55531
22639
45840
4922
38278
66716
56368
30367
82228
49243
48796
69567
69978
98560
18303
91127
39927
16681
84849
61975
71218
95071
5056
95821
73057
66343
19678
37855
2732
6466
60615
6578
40929
51838
4997
73515
5662
26291
76502
49393
38370
40372
53437
60311
72661
4806
32697
67268
96499
12218
73009
2648
41836
47745
14032
4541
67890
4658
21207
26044
86700
96437
19136
80698
77570
25800
45018
34255
76794
79999
99233
60787
42
96175
62655
3662
9552
88083
58740
80797
56106
83691
70062
33608
71902
33239
75190
23136
99724
20788
63310
97763
75992
49854
19321
73963
23385
73101
3
94638
36355
17602
47474
67335
96287
64003
1709
71348
9685
78209
99237
43686
11560
52483
6356
46966
19667
32088
46666
52665
89531
8879
14720
82370
22152
43869
96753
76682
56686
20928
23612
48840
78778
48928
86393
42597
78035
62200
57961
3047
83581
20305
81178
23832
9075
34200
35099
41794
7257
60710
33619
7294
95157
15034
35787
1120
75628
67240
76147
80756
56635
96078
47704
11110
91071
79949
30693
12360
4807
97321
79953
80229
65574
94413
3222
66021
96732
87574
13120
73857
75232
69360
32794
92433
33638
47503
38439
55652
56600
1112
54765
78374
54274
10992
76703
29650
19196
22326
61566
44747
7761
2125
91424
39662
81085
35872
66091
82987
76952
23988
5639
69825
50299
6194
78681
92049
41377
69877
77868
69312
82138
74168
31656
99482
46827
93510
86188
77301
1758
11112
78880
72310
95971
98607
50351
62056
4983
23085
46214
69981
12624
16264
51563
61111
18487
45682
29751
47818
12533
49320
35581
63143
77900
95684
11004
81108
28365
44845
57422
82951
68129
95246
89884
5016
31665
64833
67064
58629
23574
14279
61221
43360
76491
40513
93309
64853
38581
63527
91103
29467
89428
27659
59457
86983
23244
52545
6939
20095
72634
40813
80292
8089
20495
59536
47412
35126
71082
95327
56665
47377
60760
24721
51457
49328
99147
52231
99996
81407
31769
32218
35792
36555
86481
15688
55068
22700
63328
13542
34633
89245
91502
19361
26832
84506
1463
31054
15633
29862
46689
97391
45553
18116
34265
67603
91994
50958
30504
26861
4441
31755
77411
16467
17068
41557
81574
17537
14111
98702
79035
4448
70729
60255
5625
10529
84821
58934
43895
9428
87094
45579
82223
69362
63922
45112
11169
455
42363
11233
76849
82024
4575
99741
29949
3041
28193
30358
38503
73376
29168
76791
54159
40449
61061
25258
52934
73691
48591
60238
33655
78049
1571
28913
90417
51861
39747
9793
59451
63711
15860
34595
89944
59724
87452
74903
68101
8477
39455
87403
82303
35762
49490
64988
2308
75283
54313
20123
34327
13017
21749
43045
45068
43900
26604
54668
91487
44462
38355
16133
90768
50059
61138
49497
25356
5710
81634
39571
65094
56593
35318
43098
5794
9634
48914
3332
98273
61080
9977
22616
46108
58636
39232
34981
49969
53103
81983
61337
90478
83453
46388
78523
95717
7149
63490
78747
38752
94140
73397
63139
5521
4896
54362
4958
76173
15984
29798
16320
39364
97917
3172
58180
73078
51012
72223
79794
97619
75721
57250
58171
56059
65137
77000
23795
68194
8335
28422
1295
99174
40613
72436
98272
44582
32953
92863
45229
97107
94453
78478
6300
3420
53764
93045
39082
81922
85545
52601
48159
44639
43338
20044
6047
38870
72337
52069
52998
39604
47945
27928
2131
74180
86236
54074
86916
62853
68585
66265
57145
34606
11203
66318
87342
74429
38373
2242
83887
67394
28259
89011
5026
25778
29007
49612
97840
242
36816
17165
89855
37152
89465
46677
43251
91351
1328
81491
20360
61087
16839
56389
38449
30006
33981
64496
26380
94662
95231
92719
36408
18398
93129
74906
14462
43162
83484
62913
29361
60343
46072
15729
43270
23071
91310
64802
93499
38192
58583
83272
31475
8242
33749
97569
8326
18352
85363
93099
66991
18354
88198
73874
54158
74146
90749
8092
4839
90866
27473
97006
22297
65048
89101
19589
38471
79304
25275
22524
39992
81782
20304
55929
75763
21558
33140
54990
35241
5790
12507
89595
66122
52740
4573
78201
77465
99157
24233
43211
74547
39383
57549
84977
44160
51349
58985
32255
29194
75259
93778
35616
45544
49203
79624
35364
69693
12708
12381
77779
18120
94845
54600
73564
44716
19666
20742
96866
83992
89550
47516
3034
10230
37180
58467
33948
47633
23588
22941
51528
52543
7616
92799
64736
38324
62693
41614
60050
85949
24962
21847
35977
2433
13328
49451
49270
77973
80873
78974
78075
14104
28597
45760
13137
37056
40413
43449
4435
70010
25274
58967
11697
18766
50034
47196
55065
52696
34472
59869
59878
27953
40250
40342
91294
2091
92924
52129
78602
76236
7601
50044
11303
45441
26001
67560
80782
93438
82375
42030
97927
62848
10969
92640
88080
78034
44123
30161
79519
90230
77363
32863
97242
41666
36496
3057
11063
3359
54083
40811
14196
61370
14018
23503
90862
24059
69765
34772
88102
5125
44958
3532
83119
72406
60162
14117
88270
67294
6573
3739
88072
94382
45005
21001
82416
63989
95647
64207
36735
22808
33325
54139
75951
13211
6147
59726
59638
23371
80584
43914
94171
33623
64138
95714
64394
36469
93276
18795
4451
27398
81673
14678
54341
46671
97353
10062
8443
91585
88689
94396
58009
57859
76968
72040
14782
37680
89456
82759
30788
24541
83002
24668
67462
3942
83121
72565
86138
62519
91260
48138
67088
73056
34165
47299
7170
73234
40998
89845
1082
54098
80567
13682
91147
57719
5188
36977
2790
98329
42058
52576
78347
55498
76139
64611
11327
13180
99827
61606
93832
70916
72306
12796
39910
2413
28946
74315
22352
7190
85589
82755
63266
54613
48904
79252
13163
66589
31259
34140
73042
15502
91621
37586
448
87055
86272
69958
5145
65513
11404
69476
46253
54186
92007
31097
46418
62966
82915
49922
84807
22556
89570
64040
28182
68865
19282
78016
48459
9676
15717
72394
50850
19120
32408
83948
61713
3849
94787
79429
21707
66761
24584
44981
48847
54946
38051
41209
37185
26098
47939
74322
2047
20709
94145
80677
48095
28850
56266
10947
82631
98980
54522
77028
96387
7301
67425
51804
4176
19645
82916
89285
92354
12957
80252
23986
56569
56122
50011
39783
40996
82694
25606
83414
43890
73917
14384
29996
11988
34455
43410
16450
67198
50834
49899
83099
90758
13755
55004
42211
17576
23497
40840
92951
43697
46125
65850
71798
95642
31399
15574
32461
85313
95126
19813
25632
40784
98495
52142
76034
75926
97950
72976
84184
12184
88059
85442
54366
83436
57383
32577
29882
75498
87673
79374
76298
73887
57023
65589
80200
18021
31913
21353
28694
52085
79234
58239
95838
34607
58225
94791
88942
91510
47291
37428
63856
34902
83558
36425
88861
10303
95660
749
19053
86335
40955
29773
1790
1525
49588
74430
5286
17028
19304
50770
99973
35986
60709
84285
50415
54433
32557
6357
15330
77298
68901
63576
24003
47574
55994
80819
31774
13848
30876
75223
90977
68809
48150
22186
71125
40636
75313
16308
81790
46012
5031
5814
14119
55151
39091
28094
85797
37834
93058
78481
91038
4965
77664
1396
60755
70850
73598
5172
24226
57935
41495
69029
65973
89904
63046
83301
38485
49743
7186
41603
18123
93061
80323
97980
31045
93108
74455
3613
86628
43648
4148
70426
9200
34896
48000
76037
19515
11842
12143
88153
4447
13401
92318
10640
88727
63017
72570
29932
42327
84783
7582
21281
895
30326
73356
17016
59981
1981
92633
61954
64018
98263
9181
76954
60933
91605
31670
5792
71144
27106
78056
29537
881
1552
82919
50971
13307
25831
90027
7008
2305
85426
92235
53819
33696
60568
19441
82315
61141
70310
67877
13493
16414
51922
45997
13145
84835
66305
30689
43660
3325
50576
77051
23237
11599
13778
22872
53389
19695
95629
81503
61088
5895
40013
14230
34191
34530
79320
77536
31712
62790
78628
98141
12759
96689
69444
13130
48750
69035
57154
8362
55628
70464
6211
16778
58520
16790
72802
32601
82283
8787
60881
26684
86542
46025
23583
89619
49735
38705
73794
71453
1798
41067
88665
43023
97435
95911
10106
96443
671
50870
23523
96860
73951
15258
26938
15748
96826
36845
81263
53180
1593
94150
11980
18847
27774
15803
36758
57135
66781
41606
12359
99214
66525
20853
5932
92784
59872
85301
54276
38404
75400
32778
40165
41970
77750
42274
28508
26738
61731
62586
25087
51145
88292
21559
53838
83264
75764
40287
93620
27511
39648
57934
23429
82140
29363
25076
1511
19308
19403
58881
65259
99790
69484
27808
6962
73065
13691
87355
39752
31366
92721
33151
86633
7579
22019
66539
64431
14603
97431
43777
47370
18446
42492
89746
52238
97007
22678
18757
81643
11996
57480
49483
61374
39119
71369
32527
71788
20821
96890
26505
97691
38730
38883
55380
9638
15730
94799
67219
63526
30241
16695
66109
17360
89804
59143
96355
20745
44193
29011
62257
39461
95140
27090
97796
51555
96550
97143
64109
42484
68815
36676
10141
83331
67076
]]></system-out>
  <system-err><![CDATA[]]></system-err>
</testsuite>
